0.26592447916666667
0.2662109375
0.27890625
0.31223958333333335
0.35041666666666665
0.35065104166666666
0.350703125
0.35153645833333336
0.3524609375
0.35251302083333336
0.35834635416666666
0.358359375
0.35901041666666667
0.3591666666666667
0.35859375
0.3629557291666667
0.36296875
0.363359375
0.36359375
0.364140625
0.3641796875
0.36477864583333336
0.36477864583333336
0.36572916666666666
0.3657942708333333
0.365546875
0.36561197916666666
0.3658203125
0.3662239583333333
0.36623697916666664
0.36638020833333335
0.3661197916666667
0.3664192708333333
0.3664192708333333
0.36701822916666665
0.3682552083333333
0.3682682291666667
0.3689322916666667
0.3683984375
0.36884114583333333
0.36884114583333333
0.36884114583333333
0.371171875
0.371171875
0.3712890625
0.3711067708333333
0.370625
0.3707682291666667
0.37079427083333333
0.370546875
0.3705598958333333
0.37029947916666667
0.3716276041666667
0.3716276041666667
0.37171875
0.37268229166666667
0.3733723958333333
0.3725130208333333
0.37252604166666664
0.3733203125
0.373359375
0.3733723958333333
0.3733723958333333
0.37321614583333335
0.3736067708333333
0.37796875
0.3790104166666667
0.3807291666666667
0.3807421875
0.38114583333333335
0.38138020833333336
0.38138020833333336
0.38131510416666664
0.38158854166666667
0.3820703125
0.38213541666666667
0.38213541666666667
0.3823828125
0.3823828125
0.3823828125
0.382109375
0.3827083333333333
0.3827083333333333
0.3830859375
0.3833984375
0.3833984375
0.3824739583333333
0.38450520833333335
0.38450520833333335
0.3842317708333333
0.3838932291666667
0.38390625
0.38393229166666665
0.38397135416666667
0.383984375
0.38494791666666667
0.38494791666666667
0.38440104166666667
0.38430989583333336
0.3853255208333333
0.38533854166666665
0.38537760416666667
0.38569010416666666
0.3862760416666667
0.38665364583333334
0.386953125
0.38744791666666667
0.38720052083333334
0.38817708333333334
0.3882421875
0.389296875
0.3893229166666667
0.388515625
0.388515625
0.3897265625
0.38984375
0.38959635416666666
0.3943359375
0.3943359375
0.3937890625
0.39384114583333335
0.393671875
0.393671875
0.3936848958333333
0.3937630208333333
0.3937890625
0.393984375
0.3939973958333333
0.39401041666666664
0.39403645833333334
0.39404947916666666
0.3940625
0.39493489583333335
0.3957421875
0.39576822916666665
0.39579427083333335
0.39678385416666667
0.3968229166666667
0.397265625
0.39734375
0.3970703125
0.39819010416666667
0.4001822916666667
0.4003125
0.39977864583333333
0.3995052083333333
0.4002864583333333
0.401875
0.401875
0.40205729166666665
0.4021484375
0.4028776041666667
0.4020703125
0.40208333333333335
0.40154947916666667
0.4020703125
0.4021875
0.40231770833333336
0.40231770833333336
0.4025651041666667
0.4039453125
0.405546875
0.4062109375
0.4058984375
0.40567708333333335
0.40760416666666666
0.4081901041666667
0.4079817708333333
0.40817708333333336
0.40796875
0.40796875
0.407734375
0.40783854166666667
0.4078515625
0.408125
0.40802083333333333
0.40899739583333333
0.409375
0.409375
0.4091015625
0.40912760416666666
0.408828125
0.408828125
0.408828125
0.40920572916666664
0.4089713541666667
0.4089713541666667
0.409140625
0.4090755208333333
0.40880208333333334
0.40881510416666667
0.4090885416666667
0.4091015625
0.4094140625
0.4088671875
0.40888020833333333
0.40947916666666667
0.40947916666666667
0.40920572916666664
0.40899739583333333
0.4092708333333333
0.4092708333333333
0.4092708333333333
0.40891927083333335
0.4086197916666667
0.41001302083333335
0.4100651041666667
0.4100651041666667
0.40946614583333335
0.40946614583333335
0.40946614583333335
0.4091927083333333
0.4091927083333333
0.40921875
0.40924479166666666
0.4095182291666667
0.40936197916666667
0.40936197916666667
0.40936197916666667
0.40963541666666664
0.4096875
0.409140625
0.409140625
0.41095052083333333
0.4112239583333333
0.4112369791666667
0.41098958333333335
0.4110026041666667
0.41108072916666666
0.41110677083333336
0.41110677083333336
0.4109244791666667
0.4103776041666667
0.41158854166666664
0.4116927083333333
0.4116927083333333
0.4135286458333333
0.4132942708333333
0.41346354166666666
0.4137890625
