0
0
3.0291333333333332
45.60000000000001
47.33333333333333
47.4
52.6
52.666666666666664
53.46666666666667
57.400000000000006
61.06666666666666
66.60000000000001
70.93333333333334
71.2
72.73333333333333
70.06666666666666
78.53333333333333
85.46666666666665
89
91.19999999999999
26.8
81.66666666666667
92
88.86666666666667
93.73333333333333
100.66666666666666
91.66666666666666
96.8
100.93333333333334
108.4
106
105.93333333333334
104.66666666666667
112.86666666666666
107.60000000000001
99.26666666666667
102.66666666666667
102.46666666666667
101.8
96.93333333333334
94.26666666666668
101.2
102.06666666666668
89.2
80.19999999999999
61.93333333333334
87.4
86.13333333333334
85
78.06666666666666
78.33333333333334
72.60000000000001
66.4
61.800000000000004
64.86666666666667
62.400000000000006
60.99999999999999
59.46666666666666
58.266666666666666
53.2
49.66666666666667
47.2
52.733333333333334
51.53333333333334
49.60000000000001
51.733333333333334
50.53333333333333
59.13333333333333
73.66666666666667
83.4
87.26666666666665
97.73333333333333
98.00000000000001
96.13333333333333
108.06666666666666
120.8
112.53333333333333
111.6
114.26666666666667
116.46666666666665
117.45874983339998
112.33333333333333
118.33333333333333
123.13333333333333
128.39999999999998
136.79999999999998
142.9303915033551
142.26666666666665
133.6
93.26666666666667
83.06666666666666
71.26666666666668
60.666666666666664
62.53333333333333
54.33333333333334
58.26666666666667
60.46666666666666
56.13333333333334
61.733333333333334
66.86666666666667
67.66666666666667
68.13333333333334
66.33333333333333
71.13333333333334
69.13333333333333
73.19999999999999
73.93333333333334
71.2
69.13333333333333
71.26666666666667
68.86666666666666
71.33333333333333
73.46666666666667
70.66666666666666
68.46666666666667
71.26666666666668
83
70.46666666666667
59.266666666666666
52.8
49.800000000000004
52.53333333333334
48.4
45.26666666666666
48.06666666666666
48.199999999999996
43.86666666666667
41.6
46
46.93333333333334
50.00000000000001
52.13333333333333
57.8
67.80000000000001
77.46666666666667
73.93333333333334
80.06666666666666
80.66666666666667
86.33333333333331
82.86666666666667
90.80000000000001
91.8
75.73333333333333
80.73333333333333
81.53333333333332
88.26666666666667
82.00000000000001
87.53333333333335
81.4
77.53333333333333
79.73333333333332
95.46666666666667
87.33333333333333
17.133333333333333
2.5333333333333337
43.93333333333333
42.46666666666666
50.13333333333333
53.33333333333334
54.2
56.6
56.400000000000006
62.13333333333333
64.6
71.33333333333333
70.46666666666667
66.73333333333333
76.93333333333334
73.8
83.60000000000001
92.19999999999999
92.79999999999998
91.39999999999999
85.8
87.8
88.73333333333333
93.73333333333333
99.6
92.06666666666666
100.6
96.8
102.33333333333333
98.93333333333334
103.93333333333334
108.86666666666667
110.66666666666667
102.2
102.33333333333334
102.06666666666666
102.26666666666667
95.2
95.66666666666666
86.73333333333332
95.66666666666667
100.73333333333333
100.00000000000001
91.4
95
85
86.8
86.13333333333334
81.53333333333333
74.73333333333333
73.66666666666666
72.06666666666668
66.66666666666667
63.06666666666666
65
59.46666666666667
58.400000000000006
56.666666666666664
54.8
50.599999999999994
47.73333333333334
53.733333333333334
51.00000000000001
53
48.46666666666667
50.66666666666667
55.06666666666667
69.8
81.8
84.4
92.60000000000001
96.33333333333334
95.73333333333333
103.73333333333333
113.33333333333333
115.2
113
107.86666666666666
102
120.73333333333335
115.46666666666667
115.60000000000001
125.53333333333333
131.8
117.86666666666667
147.26666666666668
151.06666666666666
