0.05423351455555547
0.030689491777777852
0.07321444055555582
0.2739012023333333
0.19722752011111114
0.14578855999999973
0.1599079122222224
0.14003150233333353
0.11670826166666655
0.067630151111111
0.23845030244444487
0.12794812033333297
0.14520082888888908
0.09414214755555544
0.10205108333333297
0.18147922933333327
0.05368147344444513
0.13611378233333307
0.12235425633333345
0.09838386677777795
0.09432397311111076
0.07065804266666634
0.11314415422222229
0.14065823977777825
0.11844263588888834
0.13104063133333377
0.13533680633333334
0.11535394288888846
0.09521097866666711
0.097158625444444
0.14149970800000017
0.12261502588888916
0.1364224613333336
0.10005053033333333
0.14484024544444432
0.10368550400000014
0.13895143044444402
0.07754089433333336
0.16398448300000013
0.1067816566666669
0.10701561377777738
0.09675796522222256
0.13074383833333375
0.09103314911111068
0.11220438233333299
0.06228787477777726
0.10453916100000053
0.14232670611111095
0.057002406888888885
0.10065264311111201
0.0865227585555554
0.09727769166666653
0.13014648400000006
0.08221758300000047
0.08367467488888755
0.10014914577777903
0.049841716777777385
0.10502137899999929
0.05101635122222269
0.07571137411111156
0.09197985022222117
0.07281509033333419
0.07072721466666583
0.10963829100000075
0.04739372022222218
0.09213703144444374
0.06778055777777879
0.09395711099999933
0.10468586777777805
0.05338947399999939
0.15401499011111103
0.09577614055555571
0.108882247222223
0.0946130105555546
0.12709895344444533
0.1427957828888885
0.09864441644444513
0.10867745377777757
0.1411540178888894
0.1389196157777772
0.0966856722222218
0.15977884344444407
0.10093180300000093
0.11229514044444343
0.16398770533333443
0.1716698249999998
0.1415393071111105
0.14462252111111223
0.13793339177777694
0.056993805111111503
0.15617894255555598
0.049761507444443964
0.10936102177777704
0.0686634388888889
0.0881695318888897
0.11405106744444361
0.037349143111111656
0.1027993747777774
0.06811340277777826
0.10208076755555516
0.07337403477777747
0.10023577277777918
0.1121304056666664
0.05831577411111116
0.14526045177777766
0.0876453971111112
0.07711763955555442
0.09707026000000005
0.1036634065555562
0.10453855733333405
0.09215692399999871
0.11809424000000175
0.06332113799999838
0.10566884666666788
0.07895077655555523
0.10432905722222094
0.12334519555555644
0.1204200999999993
0.044964123111112836
0.1100995158888875
0.08967163377777689
0.09492306133333589
0.06521821433333092
0.05012738922222424
0.0989775691111087
0.10670015500000178
0.07738133455555385
0.07907897144444734
0.08742405577777707
0.07391305222222085
0.056018635888888314
0.06823958688889005
0.10156223500000136
0.0950806942222218
0.09794458388888769
0.10655270400000127
0.08235879799999819
0.11168684988888976
0.09853497788889046
0.10816959777777571
0.07051369533333388
0.12199437555555429
0.11829756277777886
0.07772410255555605
0.11426127122222045
0.10179523166666765
0.09290174033333504
0.13099007255555584
0.12020337944444275
0.0830026866666679
0.05898359111110886
0.13824335500000176
0.10650300222222124
0.06409851300000154
0.03315009822222237
0.06979556533333191
0.08510081599999984
0.06061901622222384
0.046317290222219754
0.09183382111111074
0.09892295866666878
0.06602827355555659
0.09282619777777591
0.1035437464444442
0.08611918977777894
0.09531029033333185
0.06649554933333472
0.0905913793333342
0.11603180822222232
0.08524894666666367
0.0871034040000009
0.15905956833333335
0.10977736066666605
0.06796018811111379
0.12536026522222227
0.11309135444444172
0.0948099145555577
0.1326485343333338
0.06559617722222003
0.16174999888889058
0.06468780877777805
0.1320998218888892
0.1300324744444418
0.08694010011111195
0.16961924977777837
0.11695974499999945
0.09214545488888841
0.1295368101111131
0.1139776759999999
0.12877392122222078
0.11488840355555556
0.10215980566666695
0.11224269611111028
0.07541374200000128
0.11510827088889011
0.11251478077777696
0.12819938099999856
0.10252903166666746
0.11641197477777926
0.06052823166666599
0.14284290522222265
0.05858079311111118
0.09613535922221988
0.12814878533333424
0.09818516300000132
0.09204126177777679
0.07968169488888875
0.04127869122222213
0.13653344033333306
0.08258879488888876
0.06575922944444478
0.0679341210000012
0.06928841377777593
0.08242335355555497
0.08897954466666787
0.08047537577777714
0.07088694022222183
0.09620726622222264
0.07523695822222168
0.040898930111113584
0.13180347888888694
0.10158368477777914
0.061575341111111785
0.12258268999999838
0.09551022555555733
0.12730549744444236
0.12498848544444426
0.08175320733333379
0.14111687088888894
0.14138002955555684
0.051575986111111485
0.16451092644444368
0.13289181955555465
0.1464043028888903
0.0767535776666648
0.12969691866666722
0.14764616877777967
0.10402567677777737
0.167977283888888
0.1250780052222227
