0
0
0.002264285714285714
0.0011896755162241878
0.0017562678062678072
0.0005152777777777778
0.00036859605911329955
0.00025223325062034873
0.00017523255813953572
0.00030483091787439576
0.0005723175965665252
0.000092727272727272
0.00010474383301707918
0.000090494296577944
0.00007055655296229998
0.00019963235294117378
0.00006973244147157311
0.0002693768996960514
0.0000594575799721836
0.00008588652482269401
0.00018220064724918856
0.0002489166666666642
0.00005607734806629634
0.00008089080459770009
0.00019928057553956832
0.00005293333333333187
0.00021678674351584856
0.00010313700384123061
0.0001878486055776902
0.00011422413793103448
0.00013614232209737965
0.0001536662452591647
0.00018034188034188122
0.00009745562130177342
0.00013676654182272297
0.00023113207547169811
0.00014400244798041796
0.00011547169811320663
0.00041507832898172184
0.00013663171690694626
0.0001783592644978789
0.00008471502590673527
0.00013092105263157893
0.0001473013493253373
0.00018800287356322677
0.00026772853185594964
0.00009100145137881093
0.00013841642228739219
0.0001345911949685512
0.00004787414965986642
0.000049914383561646335
0.00005793226381461675
0.00012125748502994012
0.00007243186582809071
0.00006830265848671055
0.00009717741935483286
0.00007828507795100547
0.000030313199105143786
0.00009419953596287366
0.00005393120393119678
0.00003255208333333333
0.00010781710914455135
0.00005251889168765376
0.0000687979539641981
0.00010745257452574919
0.00004427860696518136
0.0001309139784946256
0.00007069767441859957
0.00005476190476190743
0.00007182985553772071
0.00008451127819548982
0.0000872093023255814
0.00013787465940054598
0.0001455110497237549
0.00011836982968370185
0.00016031487513572755
0.00022193287037037036
0.00017212837837837677
0.00013616647127783608
0.00010231376975169466
0.0002479775280898884
0.00024745862884160584
0.00017078774617067678
0.00024261487964989857
0.00023681818181818257
0.0002634842519685082
0.00035669436749769423
0.00038586858685868327
0.00033471189591078877
0.00006793478260869567
0.00006632329635499555
0.00011585365853658536
0.00011501079913606911
0.00007678571428572039
0.00018028846153847028
0.00009533622559653086
0.00004899777282850779
0.00013426150121065552
0.0001665217391304237
0.00006859999999999854
0.00012245508982035639
0.000057254901960778605
0.00015048923679059529
0.00005498188405796838
0.00013548076923077063
0.00012876838235293983
0.00004516407599309404
0.0000957009345794338
0.00010456204379561911
0.00004639556377079214
0.00006597633136094818
0.000043594646271509124
0.000042553191489361704
0.00006941923774954627
0.00018301707779885595
0.00008317580340264651
0.00009331158238173633
0.00026179078014184655
0.00014467120181405733
0.00026051344743276996
0.000049253731343272716
0.00015531645569619886
0.0001394021739130514
0.00006589041095890212
0.00007030812324929564
0.00006301369863013699
0.00013284023668640562
0.0001954545454545478
0.0001783430232558203
0.000020165745856351582
0.00003805774278216178
0.00004406565656564922
0.0000653935185185101
0.000042292870905596074
0.00007219343696027508
0.00003958691910498513
0.00009602272727272373
0.00012426710097720344
0.00007593167701862451
0.00008660714285715232
0.000040236686390539
0.00007698412698411438
0.00016442477876106454
0.00006923076923077166
0.00005950819672131625
0.00008234848484849366
0.00014602803738317756
0.00010709969788519856
0.00006928571428572814
0.0001471169686985101
0.00018977812995245644
0.00009154262516913963
0.00008426883308714274
0.00003802083333334849
0
0.00007142857142854978
0.00003616352201255574
0.00006246612466123477
0.000020365853658533038
0.00006174999999999272
0.0006284543325526728
0.000024763033175348553
0.00014484978540770972
0.00008422680412372334
0.00007063789868669556
0.00011566604127580012
0.00005672897196262771
0.00006261022927689596
0.00012275086505191067
0.00012918006430867932
0.00007654929577464584
0.00009314868804664934
0.00006493506493506494
0.00007537537537538193
0.0001519349845201261
0.00006806358381501628
0.00009237891737891532
0.0005058625336927204
0.0001683982683982642
0.00015436507936507552
0.00013958611481975386
0.00009924812030075735
0.00016846361185983826
0.00008499999999999999
0.00010130952380952207
0.00011533333333333511
0.00015250990752971875
0.0002916352201257843
0.00014660256410256223
0.00011492443324937028
0.0001391643059490085
0.0001012599469496002
0.0001929783950617329
0.00011916890080429149
0.0001177551020408104
0.00006405228758169934
0.0001605782792665706
0.00006566852367689239
0.00014052969502405838
0.00013611940298508115
0.00006111111111111767
0.000053896103896099176
0.00013072072072071287
0.00007319494584838071
0.00003487940630796964
0.00006831395348835799
0.00003828920570265358
0.00005883534136546769
0.00010317982456139393
0.00008573059360731258
0.000038505747126436786
0.000056682577565632457
0.0000429487179487366
0.00003824362606232295
0.0000339598997493625
0.00011922077922078299
0.000040740740740722774
0.00014527777777778586
0.00006263020833332196
0.00015185185185185185
0.0000358778625954254
0.0000364013266998414
0.00007740458015267841
0.0002370044052863351
0.00010669761273209164
0.0000728891820580475
0.00012775000000000544
0.0002338888888888808
0.00009876265466816157
0.00017444051825677952
0.0001562893081761098
0.00019045801526717184
0.00011342794759826282
0.00026469594594594106
0.00022963169642857957
0.0001472310969116081
0.00017855680655066977
0.0002505965292841522
0.0003749773755656095
0.00040962214411246654
