0
0.26666666666666666
18.364406666666664
74.93333333333332
79.73333333333333
80.6
90.46666666666667
88.73333333333333
85.4
101.99999999999999
100.66666666666667
112.73333333333333
119.80000000000001
126.73333333333335
120.14947986129637
119.13333333333333
130.60000000000002
141.93333333333334
139.8
149.6
29.000000000000004
147
150.8
152.0666666666667
166.33333333333337
166.13333333333335
157.13333333333333
155.73333333333332
170.93333333333334
177.6
181.53333333333333
191.40000000000003
175.53333333333336
180.73333333333335
178.0666666666667
179.33333333333334
167.26666666666668
163.53333333333336
177.79999999999998
161.73333333333332
170.5333333333333
163.4
176.4
158.26666666666668
74.18592666666667
136.93333333333334
146.79999999999998
141.06666666666663
141.39999999999998
137.6
130.4666666666667
120.13333333333334
109.26666666666665
104.6
113.06666666666666
100.73333333333333
99.20000000000002
96.93333333333334
94.06666666666668
91
85.00000000000001
81.2
88.2
92.60000000000001
87.53333333333333
82.6
87.06666666666666
109.53333333333332
131.73333333333332
144.53333333333333
151.06666666666666
167.8
167.06666666666666
166.53333333333336
189.66666666666669
200.86666666666667
187.93333333333334
181.86666666666667
196.13333333333333
197.13333333333338
206.52107157137144
198.33333333333334
203.93333333333334
208.93333333333334
214.26666666666665
234.13333333333333
237.46205394836244
231.66666666666669
211.26666666666668
153.13333333333335
136.13333333333333
113.53333333333333
105.20000000000002
103.33333333333334
97.86666666666667
91.53333333333335
98.46666666666665
98.8
105.73333333333333
113.73333333333335
122.26666666666667
112.60000000000001
112.26666666666667
119.20000000000002
120.80000000000001
135.79999999999998
124.86666666666669
116.46666666666667
116.46666666666665
116.93333333333334
120.33333333333334
124
121.06666666666669
114.8
117.4
125.93333333333332
138.99999999999997
108.26666666666668
97.26666666666667
86.53333333333335
83.13333333333334
85.86666666666666
77.93333333333332
77.80000000000001
84.66666666666669
79.39999999999999
73.2
73.06666666666666
78.53333333333333
79.6
86.86666666666666
85.26666666666667
103.26666666666668
115.13333333333334
131.2
125.4
136.73333333333335
128.73333333333335
141.86666666666667
145.73333333333332
160.93333333333334
151.73333333333335
134.13333333333333
137.0666666666667
142.8
146.8
155.40000000000003
140.2
136.66666666666669
131.73333333333335
134.39999999999998
154.93333333333334
129.2
12.600000000000001
12.066666666666666
73.53333333333333
79.2
84
92.26666666666667
92.2
97.06666666666668
99.26666666666667
101.46666666666667
114.2
119.80000000000001
123.06666666666666
112.6
131.6
128.06666666666666
150
154.6
161.86666666666667
152.13333333333333
151.46666666666667
165.73333333333335
144.86666666666665
158.93333333333334
172.73333333333332
169.33333333333334
174.79999999999998
169.8666666666667
166.6
172.60000000000002
177.86666666666667
180.93333333333334
187
179.93333333333334
178.20000000000002
175.53333333333333
166.13333333333335
162.53333333333333
159.8
156.46666666666667
152.73333333333332
172.39999999999998
168.13333333333335
146.33333333333334
158.13333333333333
147.53333333333336
147.53333333333333
144.93333333333334
135.39999999999998
126.66666666666669
123.4
116.8
108.86666666666667
98.93333333333334
109.33333333333334
105.39999999999999
97.13333333333334
101.60000000000002
92.46666666666667
81.33333333333333
83.06666666666668
89.80000000000001
83.73333333333335
88.26666666666668
79.13333333333333
88.53333333333333
100.39999999999999
124.79999999999998
142.20000000000002
145.06666666666666
164.13333333333335
159.86666666666665
159.4
185.60000000000002
187.46666666666667
187.26666666666665
190.06666666666666
201.53333333333336
181.6
200.2
198
189.60000000000002
214.13333333333335
227.66666666666669
205.4
249.39999999999998
259.4666666666667
