0.012129646999999879
0.012259931333333461
0.08425149855555543
0.21695283766666662
0.2039297013333334
0.21460879922222237
0.18487694399999988
0.14109261722222202
0.14071393966666673
0.14832770455555572
0.3147942137777776
0.36413564255555564
0.3054384291111111
0.33398412599999994
0.14581353199999983
0.25789824055555577
0.32414233211111093
0.314873085777778
0.21246839222222272
0.25976894555555513
0
0.4100867946666667
0.17785383600000002
0.3614912447777777
0.2983302288888889
0.32037433344444444
0.29321764422222213
0.22369214422222253
0.19249526299999983
0.45731963711111123
0.5249213766666665
0.47198751533333316
0.31542091733333344
0.46003148400000055
0.3138224990000001
0.20170674366666613
0.4414976201111113
0.49264782188888906
0.2579866956666663
0.46110647411111144
0.349225382333334
0.2727858873333323
0.2538395397777783
0.2911996923333331
0
0.4686851953333333
0.2124256757777778
0.33855818333333343
0.38506316766666654
0.33008631477777783
0.3695775286666668
0.27037328455555554
0.2090512913333333
0.22920647655555568
0.13334489866666666
0.18498596488888888
0.25013791477777764
0.2028556127777775
0.20129175233333363
0.1697853667777775
0.23385352600000034
0.13752100522222183
0.18805530377777777
0.24038430922222256
0.13064405322222208
0.18135981033333337
0.12797651855555534
0.13721658333333328
0.28830989755555614
0.21198216655555532
0.2522931692222225
0.4144720217777776
0.4172344844444448
0.3278269551111114
0.2688821164444432
0.47601109333333447
0.24644491177777658
0.3090985491111111
0.4878506591111113
0.4135155557777779
0.47255864488888877
0.4010522225555554
0.272910759555556
0.43498857744444464
0.3682244025555564
0.4111545939999988
0.26847922177777805
0.5067241701111114
0.3433658771111112
0.43259300155555513
0.337415696
0.27820408088889004
0.1703553837777763
0.18731372311111097
0.21511483122222333
0.1735817231111096
0.27255740411111323
0.15817643055555347
0.19375024222222237
0.2889384486666668
0.2497202425555574
0.25323336966666454
0.17054158400000258
0.26450439355555333
0.12509889211111158
0.33211998800000075
0.3159453565555547
0.21826159699999914
0.2584648216666684
0.2794340169999998
0.27366373133333216
0.3401864474444444
0.2919483401111115
0.2171459793333352
0.3753580971111098
0.3188457547777767
0.3300570972222248
0.20374591777777737
0.27476439855555496
0.08399859622222215
0.2881152346666656
0.2682760467777775
0.1456774413333335
0.1867543793333337
0.1949199965555566
0.19133247366666714
0.21312795177777843
0.08110514077777806
0.1965867921111087
0.16376766288889005
0.2003776092222217
0.19266328044444472
0.16567110322222334
0.17330412766666667
0.28575698066666494
0.3872738053333333
0.1861346032222223
0.2565390011111125
0.3377274571111097
0.32260644488889056
0.40228183688888763
0.30793021677777693
0.3349175894444443
0.21309634155555715
0.2490528693333324
0.4270809688888891
0.2645118476666666
0.2573327108888906
0.2693769508888882
0.2937583155555564
0.22543946177777724
0.32638261855555584
0.25566546566666504
0.18724217222222073
0.020947402111112803
0.10099037900000161
0.18637464800000064
0.1505067366666645
0.2221806991111129
0.22539837533333362
0.17225736399999883
0.21241780455555828
0.2273131919999969
0.1622774748888863
0.3200256741111123
0.12174959777778188
0.2364350472222188
0.20359113388889227
0.3399318221111053
0.2626727337777829
0.3851059057777775
0.3334168177777757
0.4244664319999995
0.2265242232222262
0.34305965288888274
0.31782721333333563
0.26474469777777665
0.23658201544444382
0.484262861333333
0.3564403426666698
0.3600195665555551
0.37099744066666873
0.3175117547777783
0.22837756077777588
0.3651038667777774
0.39644275233333326
0.29473862988888616
0.4365154845555581
0.16668985177777687
0.2579869067777799
0.31538433588888715
0.3136247286666705
0.3809377846666659
0.25084638955555266
0.41386267555555556
0.3266428136666693
0.19756700633333443
0.3443929691111091
0.2398407520000016
0.3622883918888849
0.24711662988889
0.2566038667777788
0.39762853233333495
0.28119910155555145
0.2965723970000025
0.17582342088888936
0.2188221246666634
0.23640206277778159
0.16737186355555247
0.20779305822222544
0.35512363155555077
0.19201189900000298
0.1539371197777781
0.3017209984444473
0.20827300288888434
0.1771000414444441
0.26213302622222223
0.16851796711111117
0.17970426533333414
0.25416905711111015
0.2888943965555579
0.32979827244444476
0.27299151111110914
0.2323998735555569
0.3667210585555583
0.34670266222221674
0.28185183655555573
0.5000286514444446
0.38128259455555735
0.34831787055555374
0.14620674588888963
0.3700515511111146
0.4404752577777787
0.3896725733333331
0.39042902866666257
0.23202278566666718
0.761970012333336
0.2280703069999959
0.5349858634444458
0.4934088238888927
