0.291107177734375
0.2911376953125
0.30572509765625
0.29461669921875
0.302581787109375
0.296630859375
0.296661376953125
0.298980712890625
0.29876708984375
0.300567626953125
0.30535888671875
0.305511474609375
0.306182861328125
0.3050537109375
0.3067626953125
0.30255126953125
0.30267333984375
0.30279541015625
0.3026123046875
0.333984375
0.176727294921875
0.254425048828125
0.26898193359375
0.27264404296875
0.275146484375
0.27862548828125
0.279083251953125
0.28497314453125
0.28814697265625
0.29345703125
0.293701171875
0.293182373046875
0.295166015625
0.295013427734375
0.2938232421875
0.29620361328125
0.294219970703125
0.29425048828125
0.29443359375
0.32513427734375
0.289459228515625
0.286712646484375
0.28497314453125
0.285003662109375
0.01629638671875
0.2786865234375
0.266143798828125
0.27593994140625
0.27825927734375
0.28497314453125
0.281707763671875
0.281585693359375
0.28594970703125
0.31964111328125
0.289306640625
0.2889404296875
0.289947509765625
0.2889404296875
0.28985595703125
0.29180908203125
0.291168212890625
0.291046142578125
0.291290283203125
0.287841796875
0.28887939453125
0.2864990234375
0.285186767578125
0.285369873046875
0.284088134765625
0.2843017578125
0.2861328125
0.28558349609375
0.287078857421875
0.286102294921875
0.2855224609375
0.285797119140625
0.285125732421875
0.285888671875
0.286346435546875
0.288787841796875
0.28814697265625
0.28826904296875
0.286865234375
0.287445068359375
0.2862548828125
0.2890625
0.28948974609375
0.29119873046875
0.298095703125
0.29833984375
0.29931640625
0.29913330078125
0.2994384765625
0.29901123046875
0.30133056640625
0.301544189453125
0.304595947265625
0.302490234375
0.30291748046875
0.303070068359375
0.303985595703125
0.303253173828125
0.300689697265625
0.296905517578125
0.2977294921875
0.298248291015625
0.298095703125
0.29852294921875
0.298065185546875
0.29803466796875
0.29852294921875
0.2989501953125
0.299163818359375
0.298980712890625
0.29766845703125
0.298187255859375
0.298614501953125
0.298553466796875
0.298675537109375
0.298675537109375
0.298431396484375
0.297821044921875
0.29754638671875
0.2977294921875
0.298370361328125
0.298095703125
0.2991943359375
0.29888916015625
0.299713134765625
0.2945556640625
0.293609619140625
0.29400634765625
0.295013427734375
0.29400634765625
0.294036865234375
0.32440185546875
0.29388427734375
0.294219970703125
0.326202392578125
0.2940673828125
0.292572021484375
0.290863037109375
0.290679931640625
0.290557861328125
0.29034423828125
0.2906494140625
0.290771484375
0.29046630859375
0.290496826171875
0.290191650390625
0.290679931640625
0.2899169921875
0.290130615234375
0.2899169921875
0.29022216796875
0.292266845703125
0.291046142578125
0.290802001953125
0.290863037109375
0.290924072265625
0.29278564453125
0.291290283203125
0.291015625
0.291015625
0.2916259765625
0.290924072265625
0.291107177734375
0.29107666015625
0.290924072265625
0.29119873046875
0.29083251953125
0.2911376953125
0.291046142578125
0.290252685546875
0.291473388671875
0.2908935546875
0.291534423828125
0.291412353515625
0.29144287109375
0.291534423828125
0.293182373046875
0.293975830078125
0.2935791015625
0.293670654296875
0.324127197265625
0.29351806640625
0.29376220703125
0.2923583984375
0.291900634765625
0.293548583984375
0.292022705078125
0.293792724609375
0.293853759765625
0.293548583984375
0.293914794921875
0.293701171875
0.293060302734375
0.29327392578125
0.293975830078125
0.293609619140625
0.2955322265625
0.294342041015625
0.29449462890625
0.29376220703125
0.294219970703125
0.293487548828125
0.29449462890625
0.294830322265625
0.2938232421875
0.2939453125
0.29803466796875
0.29339599609375
0.2933349609375
0.293548583984375
0.293609619140625
0.293182373046875
0.29345703125
0.293731689453125
0.2943115234375
0.2967529296875
0.29705810546875
0.296966552734375
0.297271728515625
0.29638671875
0.296051025390625
0.296356201171875
0.328094482421875
0.30242919921875
0.30267333984375
0.303314208984375
0.30328369140625
0.304718017578125
0.30706787109375
0.306304931640625
0.305419921875
0.3062744140625
0.306427001953125
0.3367919921875
0.305511474609375
0.303680419921875
