0
0
0.0011957851380348056
0.000917387387387388
0.0009341739130434794
0.0009882450331125823
0.000904209748892172
0.02340060017197774
0.05143531982010582
0.0010638174807197983
0.0008875166889185465
0.0008944063926940638
0.0009105056179775346
0.0010114197530864135
0.0009391675560298701
0.03174451682953309
0.0009528195488721805
0.024053440150801138
0.06381311239193083
0.021805826086956512
0
0.0010767025089605323
0.03989101769911501
0.01785879828326184
0.0009252553024352485
0.0009619873817034328
0.016891805887032617
0.07268308144416462
0.0016306843267107998
0.0013514806378131412
0.0010465267727930716
0.0016192468619246698
0.058670305514157924
0.0010771491550330824
0.0010938049853372945
0.0013052158273381637
0.05757106499608451
0.043583387755102
0.000955612619222201
0.04198055111821082
0.0010994748687172492
0.0010799999999999272
0.000912409551374888
0.0015952362204722926
0.04846447235422258
0.009185420168067266
0.022809340659340527
0.04103060635226161
0.0010823747680889246
0.0011239278752438468
0.00091631467793036
0.01813219954648521
0.000886706586826458
0.0126229611041407
0.004623549883990666
0.009519626769626826
0.0009744666666666017
0.0009316666666666656
0.0008638966480446918
0.005238155922039121
0.0008760596546310877
0.0010884615384615327
0.0058434952978056445
0.0008933908045978308
0.0010191679049034142
0.010594777265745014
0.0008575663026521127
0.009930943847072935
0.0008916748768472504
0.000862136363636402
0.008687083708370959
0.0010519291338580478
0.001006118472330588
0.013253782505910128
0.05049023581429614
0.0013277260638296625
0.0009347435043305693
0.01279191637630668
0.001306165768193878
0.001315764546684584
0.001456706929434203
0.001451656726308753
0.011089993706733789
0.0014928398058252986
0.015536957868649197
0.0016210972850678764
0.0016772108843538906
0.016424697802197855
0.03865150834403093
0.015280347593582636
0.0009229607250754336
0.0009848321342921192
0.018265671641791277
0.0009014743589742395
0.01712173024523224
0.06781446043165429
0.0009376171352076251
0.0009869455006339496
0.001101742788461645
0.0009301963048495603
0.0009535135135131123
0.0010075941676790014
0.017594431418523068
0.014864196123146985
0.0008545645330531273
0.0010075772200771414
0.018124758324382487
0.0009949200913242043
0.04396583710407231
0.0009190055248617788
0.0009914163090127817
0.0010397667020147537
0.0009346031746032638
0.0010388762769578867
0.020794665153235168
0.00113154574132482
0.00128695246971118
0.023073518284994193
0.0010816733067725412
0.019534820031299475
0.0464077223088925
0.0010845454545449077
0.001061214165261069
0.05254451114922784
0.0011593851132689144
0.0011350793650797902
0.0010669550173011842
0.0010327433628321676
0.0011809931506852505
0.02463819561551386
0.005234782608695512
0.008428744326777602
0.008722574626866013
0.0009316538882807035
0.0010193157894737822
0.03401907484407455
0.00825988593155893
0.0010478456913831447
0.0009201159678858136
0.0009562445030785323
0.0009810766721042527
0.001246465517241374
0.0009620991253645306
0.0010177917068467687
0.0009585205992505929
0.0011343978102193125
0.011180962004850366
0.001092679558010535
0.03341799620132952
0.013371484375000192
0.03528432617187481
0.01342253634895023
0.0010737858719644777
0.0010022727272814584
0.030099999999989656
0.04672050092764428
0.005485774410774735
0.0009764106583067719
0.0009200142450142533
0.0009494978479201818
0.0008702949438197057
0.005288717948717945
0.0007989664082697039
0.0009906531531531499
0.001118590455049741
0.0009400924024636712
0.05823688430698741
0.0010016112789521029
0.011670935960590758
0.0010574027072756487
0.007680191029900342
0.0010776578073089702
0.0009775398824515623
0.010338840830450318
0.0010279060816009405
0.045161287313433364
0.0008768041237116357
0.00149719230769201
0.011325586676760167
0.001216617210682633
0.012926896284830165
0.03656515978176107
0.0010344232182217608
0.01334977941176512
0.01438163481953265
0.0010631302521005818
0.001178617478510158
0.015399126001456804
0.013436008836523756
0.011304892966360568
0.0008561111111109703
0.05043553299492417
0.0010374292643490816
0.06079507772020725
0.0011363741339496128
0.0009603393843728321
0.013751402640264166
0.0009534902597401157
0.0010447300771201842
0.015435249554366858
0.01842691956124348
0.0010503891050581986
0.0009259978991600643
0.0010076761303886691
0.0009909617612984358
0.017095793269230764
0.016402538071065526
0.0009488414634144071
0.0009168108776266961
0.001046070460704607
0.0008545165394401961
0.0010527855153200424
0.0009231304347816265
0.000944065040650416
0.000916666666666147
0.0010205007824723039
0.0009113953488383463
0.0009113868613135965
0.0009326251896813
0.0010977011494252872
0.0009388425443167905
0.0009926388888887162
0.01958060306030589
0.001167656250000141
0.041205493079584286
0.022041759554140575
0.021957583454281563
0.04579855371900775
0.020041271000730308
0.0013155726724715297
0.0010673983214976239
0.04432395382395384
0.0011005298013240137
0.027409659090908846
0.008806725721785147
0.0016385992462310424
0.0020021814006886563
0.04287233567326077
0.0019183957219251306
0.0016231328320804891
