0.015347565333333552
0.009322814833333304
0.03465820499999979
0.16654062500000025
0.13492636099999977
0.21256184116666668
0.18731207033333327
0.2272109915000001
0.24443723650000018
0.25973790316666623
0.18094741200000006
0.22263230716666685
0.23926302966666665
0.3648356776666664
0.3044559185000004
0.31790787983333324
0.1708580763333334
0.36808303299999956
0.3510293073333332
0.33825716066666683
0.21713611150000034
0.2992049386666669
0.3480318793333327
0.44823041516666723
0.21235984466666596
0.4296647651666667
0.32498496033333407
0.4116119088333327
0.32801537566666633
0.41922457083333353
0.35941521233333396
0.5011881408333327
0.3865790518333334
0.4684634251666667
0.2260846451666675
0.3075833146666653
0.44877875783333343
0.45940295
0.48028247399999907
0.45972295600000024
0.3748366198333339
0.2733524645000003
0.45238518283333445
0.37555055916666663
0.13814284116666659
0.15950166983333244
0.450721645500001
0.40436837233333256
0.3183340071666667
0.38372745133333314
0.36558200883333325
0.31822568666666723
0.2371935851666649
0.2601118711666667
0.20526345500000076
0.34706315100000035
0.23175673083333237
0.20472941216666618
0.2605691418333341
0.15526015316666766
0.26751329733333284
0.14625216900000024
0.15327169499999843
0.3061846280000016
0.2138966421666666
0.19349527099999855
0.2258344281666685
0.20497119833333244
0.341270127833333
0.31661059099999983
0.35174000966666574
0.36288279516666927
0.38328302433333283
0.19388484266666714
0.5382624786666668
0.26567855383333
0.5797521705000008
0.44445227250000124
0.4996306261666679
0.43100296166666396
0.19752610183333275
0.6648417421666672
0.2159688201666654
0.7449240240000041
0.3050876864999973
0.5072460586666664
0.6619260968333359
0.43540720299999686
0.7301769516666685
0.28666747433333245
0.4425425785000006
0.1903088386666667
0.2359890896666646
0.29553700183333353
0.2215851076666695
0.1497325229999973
0.211735815000002
0.23602419350000048
0.23632672599999674
0.22493833600000337
0.3225800801666641
0.2554653686666673
0.2847278395000027
0.23882446466666352
0.21142560400000338
0.3665632909999961
0.3291312246666678
0.2929591139999985
0.3489408738333329
0.24064707383333445
0.2834651175000004
0.19544968833333579
0.30026988966666573
0.24636569283333168
0.34858543016666954
0.4586770471666644
0.18704954183333197
0.3070880205000037
0.30652278199999705
0.27981382800000176
0.10827859083333162
0.3526944178333337
0.17896956416666873
0.2219885126666649
0.13281609066666533
0.2969702810000001
0.2592468591666659
0.18234986583333543
0.21891282999999834
0.18812540483333368
0.2080792415000019
0.2024787028333321
0.23855015733333573
0.1701579534999998
0.2969279693333296
0.3654698296666699
0.1271922046666655
0.339407206333334
0.28109903733332925
0.3887777279999985
0.35758892500000644
0.4208340800000011
0.38293504183333005
0.2827275196666695
0.3996275115000003
0.1855970321666594
0.4284115411666676
0.382403867166668
0.2779245248333382
0.31597522566666686
0.3634582844999935
0.3311951505000081
0.3232815669999998
0.11234717233332958
0.01883739099999578
0.16391799950000063
0.21368126400000165
0.2198699938333372
0.21057387549999854
0.18535642566666863
0.2336699073333269
0.23442798816666743
0.2326524450000041
0.23670483600000125
0.3076661521666608
0.25606072433333793
0.35698965683333006
0.13938068566667045
0.3998667895000001
0.3666311286666636
0.4074356868333382
0.4585933663333321
0.23184589783333343
0.35427466699999854
0.38808090466666084
0.36228001983333985
0.4485346383333326
0.33416647483333384
0.531263832166663
0.42009743583333636
0.4991628225000018
0.2092671606666651
0.3626427593333308
0.506039460499996
0.4844917035000075
0.42408173533332655
0.22471890333333513
0.44486221850000146
0.47483095533333614
0.35832566216666345
0.34244863449999724
0.4601035623333397
0.3118511088333283
0.4345128886666695
0.2320085231666648
0.5679203898333374
0.38291572549999836
0.36424429349999815
0.1564119444999979
0.39672645233333503
0.4526382239999975
0.3186870681666676
0.2500948661666674
0.317888866166669
0.20270521833333532
0.2942074131666648
0.2792338648333346
0.3097149129999934
0.30241759216666725
0.215559333666666
0.20388618416667248
0.23607425866666176
0.19428618433334086
0.17291823616666113
0.22668425233333284
0.144922578500001
0.21149984383333728
0.19943614283333014
0.12061510283333139
0.19441639066666502
0.28964264583333943
0.3024013413333269
0.37416713733333984
0.3197089518333295
0.29148090916666547
0.36776441416666705
0.46446346466666455
0.45887787600000246
0.37237483200000077
0.41885496550000306
0.5241975718333265
0.4086066691666682
0.5037106393333393
0.4589098034999968
0.5212870908333305
0.42616261566666935
0.5209332693333313
0.265974173500003
0.6365733783333288
0.5270923118333334
