0.109588623046875
0.109710693359375
0.119140625
0.12615966796875
0.13232421875
0.13873291015625
0.129791259765625
0.133697509765625
0.13214111328125
0.135009765625
0.14410400390625
0.13232421875
0.134552001953125
0.137908935546875
0.14306640625
0.151214599609375
0.14501953125
0.137969970703125
0.14862060546875
0.15179443359375
0.140228271484375
0.146087646484375
0.154571533203125
0.149627685546875
0.14849853515625
0.14898681640625
0.146759033203125
0.144287109375
0.144775390625
0.150634765625
0.149383544921875
0.149200439453125
0.1453857421875
0.147369384765625
0.14678955078125
0.1588134765625
0.152984619140625
0.146148681640625
0.154022216796875
0.148956298828125
0.1541748046875
0.149078369140625
0.14691162109375
0.14532470703125
0.14508056640625
0.16033935546875
0.15185546875
0.160919189453125
0.147857666015625
0.14617919921875
0.157745361328125
0.1470947265625
0.1588134765625
0.14727783203125
0.150634765625
0.146759033203125
0.147216796875
0.14581298828125
0.15252685546875
0.147552490234375
0.150146484375
0.152099609375
0.148712158203125
0.1446533203125
0.148773193359375
0.146209716796875
0.144561767578125
0.1494140625
0.158172607421875
0.1544189453125
0.150421142578125
0.16217041015625
0.154541015625
0.160308837890625
0.156158447265625
0.15606689453125
0.1505126953125
0.153076171875
0.150726318359375
0.15704345703125
0.157257080078125
0.14971923828125
0.165771484375
0.156707763671875
0.150909423828125
0.158050537109375
0.155487060546875
0.164764404296875
0.166900634765625
0.150604248046875
0.14794921875
0.150665283203125
0.154266357421875
0.150360107421875
0.15283203125
0.156982421875
0.150054931640625
0.1502685546875
0.149658203125
0.15179443359375
0.15484619140625
0.150482177734375
0.148590087890625
0.154266357421875
0.152557373046875
0.16168212890625
0.152587890625
0.148590087890625
0.155609130859375
0.15655517578125
0.15277099609375
0.14862060546875
0.147918701171875
0.1640625
0.1536865234375
0.159423828125
0.147979736328125
0.148712158203125
0.14892578125
0.150238037109375
0.1512451171875
0.1536865234375
0.149078369140625
0.149810791015625
0.147613525390625
0.15496826171875
0.14825439453125
0.1485595703125
0.147735595703125
0.15301513671875
0.1502685546875
0.15423583984375
0.149322509765625
0.15655517578125
0.149017333984375
0.152862548828125
0.158843994140625
0.15081787109375
0.151947021484375
0.15887451171875
0.154754638671875
0.160003662109375
0.152801513671875
0.160614013671875
0.15728759765625
0.156494140625
0.1541748046875
0.151641845703125
0.154052734375
0.158294677734375
0.1563720703125
0.150665283203125
0.15576171875
0.15234375
0.152587890625
0.156158447265625
0.15679931640625
0.1529541015625
0.159820556640625
0.15655517578125
0.152923583984375
0.14990234375
0.151611328125
0.153076171875
0.151092529296875
0.166015625
0.152313232421875
0.1513671875
0.17034912109375
0.1544189453125
0.1575927734375
0.1622314453125
0.15423583984375
0.1605224609375
0.1551513671875
0.154693603515625
0.155487060546875
0.15887451171875
0.171630859375
0.163177490234375
0.15521240234375
0.153472900390625
0.161895751953125
0.151336669921875
0.16375732421875
0.16265869140625
0.1585693359375
0.153076171875
0.153076171875
0.15118408203125
0.1527099609375
0.156768798828125
0.15576171875
0.15625
0.159393310546875
0.1563720703125
0.1591796875
0.15411376953125
0.151275634765625
0.1527099609375
0.166168212890625
0.163421630859375
0.15533447265625
0.157867431640625
0.156158447265625
0.156829833984375
0.1536865234375
0.153533935546875
0.15234375
0.15472412109375
0.15167236328125
0.156005859375
0.153289794921875
0.167327880859375
0.151336669921875
0.155426025390625
0.159942626953125
0.165191650390625
0.1539306640625
0.154205322265625
0.166046142578125
0.157012939453125
0.1541748046875
0.161285400390625
0.152099609375
0.155029296875
0.15625
0.15380859375
0.15704345703125
0.157440185546875
0.159088134765625
0.178436279296875
0.164642333984375
0.1676025390625
0.15814208984375
0.15826416015625
0.189910888671875
0.16363525390625
0.160064697265625
0.15679931640625
