0
0
0
0.06419047619047619
0.0465
0.064625
0.04809375
0.07856666666666666
0.047592592592592596
0.05002500000000001
0.0628
0.05325862068965517
0.08622222222222221
0.06164516129032258
0.046232142857142854
0.08645588235294117
0.08654545454545455
0.06256578947368421
0.07105813953488373
0.10534523809523809
0.14176923076923076
0.10559574468085108
0.07965853658536586
0.07083333333333333
0.09093243243243242
0.080625
0.08522857142857143
0.09791
0.10401250000000001
0.08243750000000001
0.09170212765957446
0.09917021276595746
0.09180487804878049
0.09678260869565218
0.07990789473684211
0.12101315789473685
0.08269318181818183
0.09368292682926828
0.1188913043478261
0.12565833333333334
0.1251875
0.0976142857142857
0.09614583333333333
0.09647058823529411
0.09024390243902439
0.12154285714285715
0.07782857142857143
0.08530882352941177
0.07839473684210527
0.07438297872340426
0.06179999999999999
0.07213043478260871
0.17765999999999998
0.09548
0.10625000000000001
0.07934999999999999
0.08169642857142857
0.10198333333333333
0.06271666666666667
0.07147826086956521
0.04115217391304348
0.17235714285714285
0.044519230769230776
0.11478260869565218
0.08783333333333333
0.051666666666666666
0.095675
0.08632608695652175
0.06574358974358974
0.09584146341463413
0.1015625
0.0904375
0.09118571428571427
0.11962962962962963
0.15347435897435896
0.09272448979591835
0.10967272727272727
0.09698888888888887
0.1129622641509434
0.10666981132075472
0.08191025641025641
0.12736458333333334
0.11209649122807018
0.11703636363636365
0.14086111111111108
0.13021311475409836
0.1314710144927536
0.1455
0.09955714285714284
0.08620833333333333
0.07880232558139535
0.07188709677419355
0.08166666666666667
0.06668965517241379
0.16059615384615383
0.071825
0.07226086956521739
0.06760526315789474
0.07008695652173914
0.07787037037037037
0.0866
0.058522727272727275
0.11170588235294117
0.057179999999999995
0.0665
0.08640909090909091
0.04683823529411765
0.21271212121212119
0.08741891891891891
0.07641999999999999
0.05834615384615384
0.08137037037037037
0.08885714285714286
0.06859722222222223
0.12213414634146341
0.06577272727272726
0.0708125
0.071125
0.07264814814814814
0.13192105263157897
0.04641666666666666
0.07167391304347827
0.07265789473684212
0.09073214285714286
0.12431818181818183
0.07952380952380952
0.05542857142857143
0.09012499999999998
0.10216666666666667
0.055075000000000006
0.04761111111111111
0.05081818181818182
0.04788235294117647
0.08095161290322582
0.05859677419354839
0.065765625
0.08613333333333333
0.08056060606060605
0.058696969696969685
0.08588157894736842
0.06705681818181819
0.07680681818181818
0.1452837837837838
0.0625
0.056178571428571425
0.06728378378378377
0.14974324324324323
0.13380232558139535
0.0642125
0.09294736842105263
0.07344444444444444
0.1238918918918919
0.06016176470588235
0.03827777777777778
0.0255
0.060613636363636376
0.13558333333333333
0.09069999999999999
0.04625
0.049342105263157895
0.06426086956521739
0.0519
0.08903225806451615
0.053757575757575754
0.15277272727272728
0.08711111111111111
0.1478918918918919
0.07281081081081081
0.092125
0.0773
0.0611904761904762
0.0811025641025641
0.0655609756097561
0.08327941176470588
0.1395897435897436
0.08295945945945946
0.10011818181818183
0.10360606060606059
0.14854545454545454
0.07941666666666668
0.10131372549019607
0.0717
0.1264242424242424
0.13561403508771933
0.06718181818181819
0.08309090909090909
0.11923469387755102
0.18356999999999998
0.09924468085106382
0.1072638888888889
0.09597222222222222
0.09944999999999998
0.12258333333333335
0.0776808510638298
0.07987777777777778
0.08961764705882352
0.08751351351351351
0.08057142857142857
0.08659459459459458
0.08588709677419355
0.09473684210526316
0.1003888888888889
0.09613793103448276
0.089859375
0.06362162162162162
0.056857142857142856
0.054741379310344826
0.07975
0.057819999999999996
0.11942307692307692
0.058875
0.0435909090909091
0.04509375
0.06513636363636365
0.06511904761904762
0.08378947368421052
0.05809259259259259
0.07173529411764706
0.09776315789473684
0.09233333333333332
0.05512068965517241
0.07492592592592592
0.07940322580645162
0.11797560975609755
0.09551470588235295
0.12745454545454546
0.09714285714285716
0.10775581395348835
0.0796304347826087
0.11580681818181819
0.08111764705882353
0.14093589743589743
0.07094915254237288
0.12524074074074074
0.10629268292682925
0.11484782608695653
0.10594444444444442
0.10409756097560974
0.15554545454545457
0.15356410256410255
