0
0
0
2.8
2.533333333333333
3.2
2.8666666666666667
2.466666666666667
2.6
2.8
2.8
3.7333333333333334
4.066666666666666
4.733333333333334
4.333333333333333
4.333333333333334
4.666666666666667
5.066666666666666
4.933333333333334
6.133333333333334
1.1516533333333334
5.533333333333334
5.333333333333333
6.066666666666666
5.933333333333334
4.666666666666666
5.133333333333334
5.8
5
5
6.6000000000000005
6.8
5.466666666666667
5.466666666666668
4.466666666666667
5.6
6.000000000000001
4.933333333333334
6.400000000000001
7.866666666666667
6.133333333333334
4.533333333333333
7.066666666666667
5.266666666666667
5.533333333333333
4.800000000000001
4.800000000000001
4.8
4.4
6.733333333333334
5.000000000000001
5.666666666666667
2.8
3.4666666666666672
4.6000000000000005
4.133333333333334
3.1333333333333337
3.666666666666667
3.466666666666667
2.9333333333333336
3.466666666666667
1.8666666666666667
3.266666666666667
3.5333333333333337
2.7333333333333334
2.733333333333333
3.2666666666666666
3.4666666666666672
5.133333333333333
5.2
5.3999999999999995
4.866666666666667
4.733333333333333
4.466666666666667
5.8
6.8
7.466666666666666
6.6
7.4
7.133333333333333
5.333013461282155
6.666666666666667
7.933333333333334
7.466666666666667
7.133333333333334
8.4
8.666488912589434
8
8.8
6.066666666666666
5.333333333333334
3.533333333333333
3.3333333333333335
3.533333333333333
3.6000000000000005
3.0000000000000004
3.0666666666666673
3.1333333333333333
3.266666666666667
2.733333333333333
4.733333333333333
3.2
4.666666666666668
3.9333333333333336
3.466666666666667
4.933333333333334
4
4.4
4.466666666666667
3.9333333333333336
4.266666666666667
4
3.4000000000000004
4.6
5.333333333333333
4.6
4.533333333333334
3.1333333333333337
3.1333333333333333
2.5999999999999996
3.3333333333333335
2.6
2.1333333333333333
3.733333333333334
3.2000000000000006
2.933333333333333
2.0666666666666664
2.9333333333333336
2.3333333333333335
2.933333333333333
3.9333333333333336
2.9333333333333336
3
4.2
4.266666666666667
3.933333333333334
4.6
4.266666666666667
4.866666666666667
5.266666666666667
6.133333333333334
5.333333333333334
4.6
4
4.133333333333334
4.6000000000000005
5.6000000000000005
4.466666666666667
4.999999999999999
4.4
3.533333333333333
5.133333333333334
4.133333333333333
0.6
0.13333333333333333
3.0666666666666664
2.4000000000000004
3.6666666666666674
3.4
2.8000000000000003
2.8666666666666663
3.066666666666667
3.733333333333333
4.533333333333333
4.066666666666666
3.9333333333333336
4.533333333333333
5
4.333333333333334
5.333333333333334
5.733333333333333
5.733333333333334
5.133333333333334
5
5.4
4.533333333333334
6.466666666666668
4.866666666666667
7.133333333333334
5.066666666666666
6.4
4.6
5.133333333333333
6.533333333333333
4.733333333333333
6.2
6.133333333333333
7.333333333333332
6.466666666666667
5.133333333333333
4.266666666666667
6.0666666666666655
5.6000000000000005
5.933333333333333
6.133333333333334
6.4
4.866666666666667
4.6000000000000005
4.866666666666667
5.2
5.733333333333333
4.333333333333333
4.2
4.8
4.533333333333334
3.8
4.066666666666667
4.2
3.6
3.2666666666666666
3.666666666666667
3.5333333333333337
2.3333333333333335
1.7333333333333334
2.8666666666666667
2.2666666666666666
3.1333333333333337
2.1999999999999997
2.4
3.2
3.666666666666667
3.7333333333333334
6
6.333333333333334
5.066666666666666
6.466666666666667
6.4
5.9333333333333345
6.066666666666666
6.4
7.266666666666668
6.133333333333333
7.333333333333333
7.066666666666666
6.2
6.733333333333333
8.200000000000001
5.066666666666666
7.666666666666667
10.066666666666668
