0
0.9333333333333333
45.615886666666675
245.79999999999998
253.73333333333335
256.6
286.40000000000003
269.59999999999997
262.6
331.99999999999994
325.1333333333333
367.8
372.2666666666667
393.99999999999994
380.5333333333334
374.4666666666667
413.1333333333333
459.2
454.8
474.6
160.4
450.80000000000007
463
486.73333333333335
513.9333333333334
514.3333333333333
511.93333333333334
497.6
533.8000000000001
572.9333333333333
584.1333333333333
587.2
564.0000000000001
584.4666666666666
580.5333333333334
572.1999999999999
536.9333333333334
526.2666666666667
574.5333333333333
517.9333333333333
521.8
528.5333333333334
550.0666666666666
496.9333333333334
304.79999999999995
447.2666666666667
472.73333333333335
461.3333333333333
422.26666666666665
415.26666666666665
413.33333333333326
354.6
349.4666666666666
329.4
343.6
312.20000000000005
317.6666666666667
331.4
295.00000000000006
291.8666666666667
283.26666666666665
242.53333333333333
271.8666666666667
281.6666666666667
269.26666666666665
268.8666666666667
258
350.33333333333337
408.19999999999993
440.46666666666664
465.7333333333333
529.7333333333333
509.9333333333334
527.8
611
620.4
604.8
587.2666666666667
624.8666666666667
630.8
656.2933226709316
628.5333333333334
631.1333333333333
665
664.3333333333333
734.8
752.9863040483491
728.3333333333335
653.4666666666666
479.2
431
356.20000000000005
347.5333333333333
335.59999999999997
308.73333333333335
285.73333333333335
309.3333333333333
328.4
326.6666666666667
360.8
377.2
349.6666666666667
347.0666666666666
383.46666666666664
399.59999999999997
433.06666666666666
396.73333333333335
366.73333333333335
369.4
379.4
389.2
398.06666666666666
405.06666666666666
351.13333333333327
351.8666666666667
393.3333333333333
441.7333333333333
347.4666666666667
312.8666666666667
282.40000000000003
272.6
271.8666666666667
230.93333333333334
235.4
258.8
254.86666666666667
231.2
226.13333333333335
238.06666666666666
243.4
268
265.66666666666663
326.33333333333337
369.9333333333334
418.53333333333336
413.26666666666665
452.7333333333333
425.40000000000003
451.06666666666666
453.6666666666667
495
473.73333333333335
447.6666666666667
441.00000000000006
459.8666666666667
478.93333333333334
478.53333333333336
462.6666666666667
432.53333333333336
428.40000000000003
437.2
503.8666666666667
425.6666666666666
40.66666666666667
25.199999999999996
224.39999999999998
247.4666666666667
258.5333333333333
288.8666666666667
292.8
317.06666666666666
320.8666666666666
325.9333333333334
360.3333333333333
366.20000000000005
406.0666666666667
337.8666666666667
397.4666666666666
419
455.00000000000006
468.7333333333333
500.66666666666663
501.46666666666664
479.6
501.2
445.2666666666666
506.9333333333334
554.6666666666666
524.6
548.4666666666667
528.8000000000001
524.6666666666666
562.4666666666667
554.4666666666667
581.2666666666667
608.4666666666667
581.1333333333332
531.5333333333334
544.1999999999999
525.9333333333334
503.33333333333337
513.1333333333334
488.20000000000005
482.8666666666667
564.2666666666667
514.8000000000001
439.66666666666663
505.99999999999994
488.1333333333333
466.0666666666667
449.6666666666667
415.26666666666665
406.26666666666665
391.3333333333333
369.40000000000003
361.6666666666667
319.93333333333334
336.73333333333335
332.0666666666667
316.1333333333334
321.73333333333335
295.06666666666666
266.66666666666663
263.4666666666667
291.4
279.6666666666667
275.46666666666664
259.46666666666664
292.93333333333334
314.73333333333335
390.40000000000003
444.93333333333334
436.33333333333337
498.9333333333334
514.3333333333334
490.59999999999997
577.8666666666667
602.8000000000001
592.3333333333334
597.8666666666666
599.2
564.2666666666667
615.7333333333332
609.4666666666667
597.4666666666667
668.3333333333333
739.4
673.2666666666667
802.2666666666667
810.0666666666666
