0
0
0.004816008724257992
0.0007019887519157087
0.00010700368615060528
0.00010744849445324956
0.00010896139705882336
0.0006341143151390317
0.0006540637860082298
0.00045786516853932487
0.0002687347436940606
0.0003146753246753258
0.0003386075949367094
0.0002007418397626113
0.00023088388214904528
0.0008554888507718694
0.00027659670164917723
0.0018316609491137782
0.0017433078955092465
0.0016398843930635833
0.00018082614056720277
0.0005037068239258619
0.0012671563034797485
0.0006666030534351105
0.0004918354430379724
0.0009981149012567325
0.0013680514705882339
0.0010938248602608497
0.0005083827365425672
0.0009103741106265739
0.0003130314870144807
0.0009202015574896971
0.0015482905002294617
0.0007471596136154486
0.0006962669935368855
0.001655189959294433
0.0011958425312729956
0.0018355420157400335
0.0006220135746606347
0.001631879441313409
0.0003983628425903494
0.0004006520669291339
0.0006741180705543596
0.0005676613108900821
0.001584604904632158
0.0004981642894875828
0.001547398030942318
0.002235465622280227
0.0007455269607843031
0.0002937438905180918
0.00032351721938774733
0.0007396861844623083
0.00035880723781385915
0.000806202020202024
0.00048121141975310434
0.0002957437661221034
0.00011909751924722482
0.00015378068091842972
0.00012826586936522553
0.00025276255707761523
0.00008986647591795587
0.0002989713048186242
0.00023708560118752532
0.00011154033041787047
0.00012292929292928082
0.00020804400977993988
0.0003795252999478538
0.0008764143730886672
0.0004468196202531832
0.000263890550239238
0.0004529734411085451
0.00046162291771833575
0.0004066513174724989
0.0006445132743362917
0.0016881662645316957
0.0005585429224693415
0.0008808014228918285
0.0011585426057093696
0.0008143480973175222
0.001457739221871709
0.0010175250357653742
0.0013141400336417132
0.0018095947931975644
0.0010130738332058081
0.0018193022790883556
0.001648790180148366
0.002845418561563063
0.0037687360467113166
0.0014860065803002306
0.00048722617354195647
0.00018285455095253181
0.0005314571948998173
0.0006993862677406965
0.00036390281527193865
0.0005589610389610975
0.0005061471442401112
0.00037235629662128457
0.00028450871632329576
0.0004311037441497569
0.00009996413199424443
0.0005183926645091438
0.0001494863690240733
0.0008607937116564601
0.0005461089494163342
0.00031240151276396065
0.0005305765167521738
0.0010769918973666437
0.00022786327845379629
0.001107905505952355
0.0004182821662642135
0.00016505747126439838
0.00035316582914572887
0.0001504370346390408
0.00012937928408221836
0.0006645136485966927
0.0003209661187521196
0.00036737312572088996
0.001616989715189855
0.0003276475343573258
0.0007345954844779271
0.0007680711154408195
0.00015531865042175546
0.0006966951566951156
0.0007912471395880999
0.0003443074501573977
0.0003250000000000008
0.00017921380090493952
0.0005444749862562235
0.00063880471380466
0.00027810796074152235
0.0002355216284987255
0.00023277171333649602
0.000550299043062219
0.000159043094672556
0.0002155310300703996
0.0008690019193857828
0.0007700028595939441
0.0007107952780366423
0.00040427678317701864
0.00039401102088164395
0.0002602021563342373
0.0003887060158910193
0.000493729665779355
0.00014518619436872682
0.000535235767682597
0.0004282748049052259
0.00062308209959625
0.0005391040135669803
0.0012013161969650055
0.0014899036968002552
0.0017476334036779944
0.0009336685944178793
0.0003248420352510491
0.00011052631578978003
0.00009545454545454546
0.0004042086544161371
0.0001643875395987705
0.000418048128342246
0.0000859105728923863
0.00009251776198929047
0.0001975837219161241
0.00036907356948229794
0.0002472591696896049
0.0004429715950473421
0.00025075438596489617
0.0005486469072165031
0.0008480738681493149
0.00012181023316060693
0.0010964151534126625
0.0004648535564853688
0.0008688517686692864
0.00020011984021304946
0.00039825921219820853
0.0011004202857943142
0.00038289792620522606
0.0013512424242424306
0.00034901741293535217
0.0005227142173288484
0.0005738550578762309
0.0007412295276524763
0.000977919104553548
0.001264066102997689
0.0004254772727272459
0.0017098351001178078
0.0014189964554718552
0.0010758151587130214
0.0009923043095866266
0.001012984165651645
0.003512068566133895
0.0006444543373187369
0.0003469962453066569
0.0026723924800411943
0.0005969845360825086
0.0008101377952755779
0.0006348006644518279
0.0009406424581005474
0.0008638647207409621
0.00031939974457213533
0.0006408283250587786
0.0006554092325120485
0.0008316270301624267
0.00040221210149640556
0.0002863022508038894
0.00025745257452576255
0.0003031284103309961
0.0004223615269460735
0.0009224083563263357
0.000285474860335138
0.0009989426596177492
0.0004925095217943675
0.00016734572784804486
0.00018199364214354887
0.0001548403707517071
0.00011253709198817876
0.00021468484577559234
0.0006359203980099488
0.00021613832853025936
0.0002960992907802072
0.00008586714222019792
0.0007808528784649391
0.00032279986408417137
0.0002068442743597553
0.0009093565525383562
0.0004294789527720141
0.001263183749336116
0.0006156266250649772
0.0018290671217292478
0.0015082197802197903
0.0015842426335175048
0.0004508002560819471
0.0006516731016730812
0.0018487900437889017
0.0011627542189527936
0.001402917306426837
0.00166777730466252
0.0014183186195827026
0.0016967165268150129
0.004167306567920484
0.0038478429112465003
0.003399110639686707
