0.17193603515625
0.17254638671875
0.17913818359375
0.233245849609375
0.27069091796875
0.263671875
0.261444091796875
0.25860595703125
0.260284423828125
0.290191650390625
0.290191650390625
0.299224853515625
0.292877197265625
0.298248291015625
0.299224853515625
0.259796142578125
0.268585205078125
0.2835693359375
0.26263427734375
0.27734375
0.276275634765625
0.298431396484375
0.2664794921875
0.28021240234375
0.267913818359375
0.287078857421875
0.27069091796875
0.264984130859375
0.306427001953125
0.2952880859375
0.282928466796875
0.28302001953125
0.26678466796875
0.287994384765625
0.270599365234375
0.27081298828125
0.2930908203125
0.267486572265625
0.277679443359375
0.280059814453125
0.26611328125
0.278656005859375
0.2738037109375
0.26214599609375
0.2694091796875
0.27020263671875
0.268890380859375
0.282257080078125
0.2701416015625
0.293487548828125
0.287078857421875
0.30841064453125
0.26849365234375
0.270355224609375
0.299957275390625
0.29302978515625
0.274810791015625
0.2828369140625
0.2821044921875
0.2786865234375
0.269439697265625
0.271148681640625
0.2952880859375
0.282073974609375
0.2705078125
0.292266845703125
0.285736083984375
0.2783203125
0.26922607421875
0.270416259765625
0.28045654296875
0.28790283203125
0.27117919921875
0.283050537109375
0.276397705078125
0.27734375
0.315826416015625
0.2913818359375
0.28424072265625
0.282745361328125
0.279510498046875
0.282470703125
0.2891845703125
0.287139892578125
0.273834228515625
0.27593994140625
0.2802734375
0.302947998046875
0.279937744140625
0.290252685546875
0.308197021484375
0.298004150390625
0.29168701171875
0.28570556640625
0.280914306640625
0.277191162109375
0.272308349609375
0.27716064453125
0.27734375
0.291534423828125
0.292449951171875
0.2884521484375
0.290252685546875
0.280029296875
0.273223876953125
0.279571533203125
0.287384033203125
0.28936767578125
0.2967529296875
0.298248291015625
0.272491455078125
0.2777099609375
0.272216796875
0.272186279296875
0.2786865234375
0.28570556640625
0.28961181640625
0.2891845703125
0.28814697265625
0.299346923828125
0.2786865234375
0.274078369140625
0.302520751953125
0.288482666015625
0.27471923828125
0.2642822265625
0.292327880859375
0.28643798828125
0.27886962890625
0.306976318359375
0.2889404296875
0.281005859375
0.265533447265625
0.2698974609375
0.270050048828125
0.2843017578125
0.298828125
0.2724609375
0.26776123046875
0.271240234375
0.2900390625
0.27252197265625
0.268463134765625
0.2686767578125
0.286590576171875
0.275146484375
0.28936767578125
0.2791748046875
0.26995849609375
0.294403076171875
0.277008056640625
0.266571044921875
0.2984619140625
0.298065185546875
0.299102783203125
0.274993896484375
0.26605224609375
0.2926025390625
0.2838134765625
0.284698486328125
0.27398681640625
0.272979736328125
0.2755126953125
0.27459716796875
0.279998779296875
0.273529052734375
0.284576416015625
0.289947509765625
0.297393798828125
0.276580810546875
0.288330078125
0.2962646484375
0.29254150390625
0.2769775390625
0.288482666015625
0.278533935546875
0.3062744140625
0.27972412109375
0.295928955078125
0.289794921875
0.2991943359375
0.289154052734375
0.2886962890625
0.285675048828125
0.280120849609375
0.29669189453125
0.281585693359375
0.30645751953125
0.302001953125
0.3006591796875
0.2916259765625
0.29046630859375
0.292327880859375
0.282562255859375
0.276275634765625
0.292755126953125
0.27398681640625
0.310638427734375
0.27777099609375
0.288848876953125
0.272247314453125
0.268096923828125
0.27203369140625
0.276092529296875
0.28814697265625
0.296142578125
0.295196533203125
0.275146484375
0.299774169921875
0.29931640625
0.29180908203125
0.2890625
0.29119873046875
0.2818603515625
0.275787353515625
0.26947021484375
0.289520263671875
0.2869873046875
0.282806396484375
0.274566650390625
0.28582763671875
0.26885986328125
0.278533935546875
0.2830810546875
0.274139404296875
0.301910400390625
0.291595458984375
0.289306640625
0.31121826171875
0.28851318359375
0.279510498046875
0.2880859375
0.28204345703125
0.307952880859375
0.300872802734375
0.290283203125
0.3084716796875
0.30419921875
0.294708251953125
0.2786865234375
