0.01374262866666657
0.009150475333333427
0.04770757966666661
0.5031244984999999
0.2548915015000001
0.29108104183333333
0.3562584923333333
0.3730426156666668
0.38062517433333315
0.2172793616666665
0.3993658273333332
0.5286081834999999
0.3325780263333335
0.4584851938333335
0.3948938206666662
0.45204716383333354
0.5066871934999995
0.4695473858333336
0.5829318426666662
0.4372359331666674
0.35587519466666606
0.525375547333334
0.5550701009999994
0.4533652276666669
0.5812357088333329
0.5900986163333345
0.5707917041666661
0.6010944011666671
0.6488903186666661
0.3468512258333334
0.7155889093333342
0.731986880333333
0.5893071468333322
0.5654417306666678
0.8967156853333336
0.3770913448333317
0.6880065226666663
0.5962370006666664
0.48345168500000096
0.7660225646666655
0.545389941833335
0.5799562964999982
0.6850638851666702
0.6124898753333288
0.4296637641666668
0.4073863095000026
0.336873066999999
0.5158731198333346
0.5659797434999991
0.6237339701666684
0.34479989316666604
0.48850880033333033
0.4655026043333331
0.3824934763333374
0.3401856183333317
0.3270434973333304
0.28886985000000226
0.48763720499999863
0.3924244115000021
0.3251736773333344
0.327521701666664
0.29137839700000256
0.30210060999999655
0.33639269750000267
0.3155095994999991
0.22108822250000057
0.3155127451666668
0.30976781500000067
0.5820680694999965
0.45195794250000176
0.5008812423333353
0.4850428501666641
0.650385569333333
0.4826231164999986
0.6974598215000042
0.7576113099999967
0.7288828485000018
0.6089998390000014
0.5817027923333313
0.748725363666665
0.81570403966667
0.38029204599999855
0.887271408666668
0.6962567960000001
0.9455057853333291
0.8099798030000045
0.7017028995000013
0.5072655143333312
0.8048435684999996
0.9110730234999949
0.4559170546666659
0.34672812233334105
0.3856899879999957
0.3502600148333386
0.36189893516666416
0.343154156999996
0.33306421983333695
0.43013312633333567
0.406076861833327
0.5055439136666658
0.3933661540000059
0.36545027583333456
0.39657329383333223
0.4346657056666648
0.5196698225000015
0.4255956204999999
0.46510632183333195
0.4622731499999967
0.43268360183333243
0.3803895993333318
0.536813182833337
0.44287946850000515
0.26910327666665995
0.5311637491666658
0.4628360265000045
0.5575361745000009
0.4679400088333333
0.4756415913333285
0.38760150083333156
0.5382842921666697
0.2330433366666682
0.32737830916666627
0.3819604515000018
0.3069831643333316
0.32614163283333636
0.28677767283333344
0.35123976233332616
0.3386409648333408
0.40401363233332666
0.2661949838333347
0.32598054133333676
0.3180828711666663
0.23873410766666817
0.4128014143333303
0.3594082926666715
0.524216123333332
0.4917699953333283
0.5118959505000001
0.6964841566666659
0.41931841783333346
0.6590770576666689
0.5694987169999971
0.3085697136666662
0.4603600321666666
0.5252736325000076
0.6780891844999909
0.5258709310000047
0.6511853333333306
0.3459154800000021
0.538759789499996
0.524924383166668
0.6429641815000006
0.3054158731666708
0.37256450133332913
0.02662851149999786
0.18223343116666987
0.28636736183333744
0.3104741179999924
0.3087322775000037
0.37693211716666986
0.3331407119999975
0.3341440003333294
0.3762984465000064
0.37595673699999566
0.5043071100000038
0.45297232899999545
0.42077994316666906
0.42073793216666405
0.4806400748333317
0.5371149763333373
0.524530571499999
0.5163781585000038
0.4204657161666603
0.5792165413333331
0.58150246883334
0.6215465181666672
0.6521868198333322
0.4863520551666624
0.6195197356666711
0.7150395041666683
0.44517265649998683
0.7273617493333403
0.33402742116667616
0.7166239216666667
0.6330771519999985
0.9065904611666534
0.3024545158333467
0.5880556106666669
0.7518808191666532
0.6773899838333364
0.7203489213333304
0.35674955133333697
0.7702664650000011
0.27447064316667513
0.6422162951666527
0.6106649498333353
0.5471617791666669
0.7556298798333311
0.49984456183333725
0.47733695216667604
0.544963543666654
0.31831694683334416
0.4910175419999897
0.389307418000006
0.4995869156666686
0.4616434060000074
0.36316071433333263
0.5088078153333223
0.3138867133333368
0.41530241949999436
0.37674448716668013
0.3695713264999843
0.40150471283334355
0.3330253813333381
0.32321477433331813
0.27493854883334734
0.26548080516666533
0.3482726744999998
0.3040646188333274
0.3549578910000074
0.5260276931666681
0.24738898866665215
0.8159922821666706
0.4660037709999945
0.5631635516666809
0.66269475016666
0.6370810543333314
0.3749633638333307
0.9770438248333448
0.6053384933333252
0.6487856698333302
0.4254013518333295
0.7625310395000042
0.592451829833332
0.7306765679999974
0.6095940081666715
0.9667280314999971
0.7413819246666737
0.9205295044999957
0.8876267080000085
