0.3306884765625
0.3306884765625
0.33172607421875
0.331329345703125
0.331573486328125
0.331573486328125
0.331817626953125
0.33184814453125
0.3309326171875
0.3309326171875
0.331298828125
0.331451416015625
0.331695556640625
0.33172607421875
0.331756591796875
0.331756591796875
0.33203125
0.3326416015625
0.33270263671875
0.3328857421875
0.3328857421875
0.3328857421875
0.33294677734375
0.33294677734375
0.332733154296875
0.332733154296875
0.332794189453125
0.33306884765625
0.333099365234375
0.333099365234375
0.332672119140625
0.33282470703125
0.332855224609375
0.3328857421875
0.3331298828125
0.3326416015625
0.3326416015625
0.332916259765625
0.33343505859375
0.332977294921875
0.332733154296875
0.332733154296875
0.332000732421875
0.332733154296875
0.333221435546875
0.333343505859375
0.333099365234375
0.34600830078125
0.3333740234375
0.33343505859375
0.33343505859375
0.33343505859375
0.3331298828125
0.3331298828125
0.334136962890625
0.334197998046875
0.33404541015625
0.333831787109375
0.334075927734375
0.334381103515625
0.33441162109375
0.33441162109375
0.33441162109375
0.334442138671875
0.334625244140625
0.334686279296875
0.334716796875
0.334716796875
0.338775634765625
0.334716796875
0.334747314453125
0.33489990234375
0.334716796875
0.3349609375
0.3349609375
0.3349609375
0.33502197265625
0.335052490234375
0.3350830078125
0.335113525390625
0.335113525390625
0.335113525390625
0.335113525390625
0.335113525390625
0.335601806640625
0.335601806640625
0.335662841796875
0.3359375
0.3359375
0.3359375
0.335968017578125
0.33575439453125
0.335784912109375
0.335784912109375
0.335784912109375
0.3360595703125
0.336334228515625
0.33587646484375
0.335296630859375
0.335296630859375
0.335296630859375
0.335296630859375
0.335296630859375
0.335540771484375
0.335418701171875
0.335174560546875
0.335174560546875
0.3353271484375
0.3353271484375
0.3353271484375
0.3358154296875
0.3355712890625
0.33563232421875
0.335845947265625
0.33587646484375
0.3359375
0.33599853515625
0.336334228515625
0.33642578125
0.335723876953125
0.335723876953125
0.3360595703125
0.335968017578125
0.33697509765625
0.33599853515625
0.336029052734375
0.3355712890625
0.335601806640625
0.33514404296875
0.33489990234375
0.335540771484375
0.335784912109375
0.336273193359375
0.3363037109375
0.336090087890625
0.335601806640625
0.335845947265625
0.335845947265625
0.336334228515625
0.33709716796875
0.33721923828125
0.33648681640625
0.33648681640625
0.33624267578125
0.33551025390625
0.33551025390625
0.335784912109375
0.33587646484375
0.335174560546875
0.335693359375
0.335205078125
0.335540771484375
0.335784912109375
0.336090087890625
0.3358154296875
0.336029052734375
0.336029052734375
0.335540771484375
0.336029052734375
0.336517333984375
0.3363037109375
0.3359375
0.3359375
0.336181640625
0.33642578125
0.33642578125
0.33642578125
0.3359375
0.3359375
0.3359375
0.336181640625
0.336181640625
0.33642578125
0.336456298828125
0.336517333984375
0.336639404296875
0.336639404296875
0.33673095703125
0.33673095703125
0.33673095703125
0.33673095703125
0.336822509765625
0.336151123046875
0.336700439453125
0.337066650390625
0.337310791015625
0.33758544921875
0.337249755859375
0.3372802734375
0.33740234375
0.33740234375
0.33740234375
0.337432861328125
0.337677001953125
0.337677001953125
0.33782958984375
0.33856201171875
0.33856201171875
0.3387451171875
0.3380126953125
0.3375244140625
0.3375244140625
0.33758544921875
0.337615966796875
0.337921142578125
0.338897705078125
0.33905029296875
0.33880615234375
0.3380126953125
0.3380126953125
0.338134765625
0.338134765625
0.33837890625
0.33837890625
0.337646484375
0.337646484375
0.33837890625
0.338409423828125
0.338409423828125
0.338653564453125
0.33868408203125
0.338714599609375
0.339447021484375
0.3387451171875
0.3387451171875
0.3392333984375
0.33905029296875
0.339080810546875
0.339202880859375
0.338958740234375
0.3382568359375
0.339080810546875
0.339080810546875
0.338836669921875
0.338592529296875
0.338592529296875
0.338165283203125
0.337188720703125
0.3375244140625
0.33782958984375
