0.03418569633333342
0.029861018166666753
0.03545037383333316
0.03372510450000021
0.02554958099999993
0.04416471250000006
0.03818529216666663
0.058697711333333416
0.033848807000000036
0.04026522566666675
0.03778885799999957
0.04887394166666681
0.02025867133333333
0.04283468650000029
0.05054566933333326
0.04432965449999966
0.0448732525000004
0.05479547533333277
0.04343983583333374
0.04915603750000012
0.02701084199999985
0.04665050666666678
0.04894801833333299
0.04293360183333364
0.05801566616666657
0.046564683999999794
0.04961333800000034
0.04845273766666658
0.05700929566666642
0.023531714666666776
0.059251392833333576
0.06591630833333302
0.057803635000000256
0.02911779649999957
0.06908077566666708
0.05119887966666662
0.032652512999999786
0.05818112816666657
0.04932206000000031
0.062460139500000025
0.05047259966666632
0.024564441000000176
0.06327704199999988
0.04705530566666679
0.047260855166666595
0.039780687999999856
0.038576061499999995
0.05075197249999993
0.04848856933333382
0.050403981166666625
0.04007512199999989
0.060502767333333075
0.041259972000000054
0.02956369483333354
0.043815513333333556
0.05240329149999982
0.04135861133333307
0.03627630783333361
0.04749488083333316
0.04207294566666656
0.027107628833333546
0.05255765366666646
0.041307190833333486
0.034862322833333195
0.036591642000000014
0.06026006300000001
0.04051102100000037
0.016111465999999314
0.05519576566666728
0.06821982166666629
0.016863511833333195
0.05532779350000064
0.05137800633333356
0.06210995166666558
0.04192428933333403
0.06361433549999991
0.04547350833333278
0.05841768899999996
0.055115797666667035
0.05421558133333329
0.0606252240000001
0.0238194991666667
0.0619328819999995
0.0622260376666676
0.06506075616666607
0.06438628583333401
0.05977382883333248
0.05024699049999981
0.06271878333333328
0.05213802416666743
0.043744606666666165
0.04513164233333337
0.044737069833333955
0.04395339300000008
0.040188971166666455
0.031928027499999935
0.033231163166666036
0.05377189500000057
0.041353578333333495
0.04225470449999946
0.04659446933333319
0.0338243991666675
0.04690104033333261
0.034712075666667154
0.058027360999999424
0.0427984891666675
0.04158409050000007
0.04498140283333285
0.04434282716666615
0.0511127266666674
0.049575518166665944
0.042739131166667235
0.03978724750000021
0.05005938933333334
0.033933707666665924
0.05559538400000008
0.05090389900000029
0.044018206000000504
0.04324077066666613
0.04293453400000047
0.03698383816666606
0.05124109100000022
0.04099419450000022
0.04186165950000031
0.022916915333333066
0.05487251916666599
0.049700822333334095
0.030970089666665736
0.04891703583333395
0.041010423500000094
0.04682555333333364
0.027291252833332887
0.044869840333333855
0.0385859868333327
0.049899071666666586
0.04446127699999991
0.05271198683333367
0.024454892000000207
0.057234386333333255
0.06417006249999938
0.02442142433333316
0.061602493000001125
0.05249398049999953
0.03055679483333288
0.06781836683333371
0.04663040766666644
0.03041283949999969
0.05248809016666674
0.03954345466666708
0.046784244000000065
0.04955990016666689
0.0448816618333332
0.056260343499999976
0.03592798249999992
0.03139725816666683
0.044678778499999794
0.03339069816666651
0.040601381666666235
0.039588356166666706
0.04106764950000041
0.04132199249999976
0.04125896266666729
0.02166534566666674
0.07158539249999998
0.021581967666666202
0.059208991833333606
0.0295867404999998
0.0608693451666665
0.041314834833332974
0.04642315166666696
0.046241428500000126
0.05586863866666647
0.057554602500000364
0.0378691859999994
0.06045766466666672
0.05435035016666726
0.037504171833333544
0.04619791750000009
0.0538389764999998
0.042463426
0.05443585349999935
0.05755427566666781
0.049154385833332974
0.06428213216666732
0.04646782849999908
0.041924195
0.05886452366666598
0.05453501133333324
0.04330503100000034
0.04676244616666736
0.04648357933333358
0.04295491399999918
0.046249043333332907
0.060699870166667814
0.05813249466666547
0.05137067600000004
0.049635201000000954
0.03682847549999953
0.06181479766666579
0.04718802083333409
0.04428957916666575
0.030410076666666914
0.05442798033333436
0.03707565916666766
0.05552755866666577
0.048977823833332934
0.03642358316666616
0.050657178333333754
0.05014323216666601
0.022448472000000663
0.05454516466666585
0.04479406683333546
0.024279870166665773
0.04423321950000059
0.03958790633333346
0.040161931000000095
0.04506834483333222
0.04083258200000017
0.03595147866666556
0.043522729000000496
0.04370237033333287
0.028530535333333756
0.06340133433333506
0.040966306833333015
0.05404577433333201
0.042439564000000964
0.05226935499999996
0.05945304233333341
0.04694534250000022
0.05203196250000038
0.06531591233333245
0.04812174633333417
0.03985399049999926
0.07323876933333413
0.055555522666665524
0.0518644375000008
0.06108582799999832
0.0499483385000019
0.06562519766666479
0.056281316000000935
