0
0
0
2.6666666666666665
2.4
3
2.933333333333333
2.533333333333333
2.2666666666666666
2.5999999999999996
2.8666666666666663
4.066666666666666
4.533333333333333
5.066666666666666
4.199999999999999
4.533333333333333
4.533333333333333
5.2
4.666666666666667
6.333333333333334
0.13333333333333333
5.6
5.466666666666667
6.266666666666667
6.266666666666667
4.6
5.333333333333334
6.066666666666666
4.466666666666667
5.066666666666666
6.800000000000001
6.533333333333333
6.199999999999999
5.133333333333333
4.4
5.866666666666666
6.4
4.666666666666667
6.6
7.6
6.6
4.066666666666666
6.733333333333333
4.933333333333334
4
5.133333333333333
5.2
5
4.266666666666667
7.199999999999999
4.666666666666667
5.6
2.8
3.466666666666667
4.4
4.133333333333333
3.6
3.0666666666666664
3.8666666666666667
2.8
3.533333333333333
1.8
2.7333333333333334
3.0666666666666664
3.2
2.8666666666666663
3.1333333333333333
3.2666666666666666
4.933333333333334
5.733333333333333
4.8
4.8
5.066666666666666
4.800000000000001
5.8
6.6
7.4
6.666666666666666
7.266666666666667
7.933333333333334
6.6
7.133333333333333
8.2
7.333333333333334
6.866666666666667
8.6
8.666666666666668
7.531560827169544
8.666666666666666
6.133333333333333
6.133333333333333
3.3333333333333335
3.2
4.133333333333333
3.6
2.6666666666666665
3.466666666666667
3
3.2
2.5999999999999996
4.199999999999999
3.466666666666667
4.533333333333333
3.6
3.7333333333333334
5.466666666666667
4.4
4
4.266666666666667
3.9333333333333336
4
3.9333333333333336
3.466666666666667
4.466666666666667
5.666666666666666
5.133333333333333
4.6
3.3333333333333335
2.6666666666666665
2.8
3.0666666666666664
2.466666666666667
2.1333333333333333
3.7333333333333334
3.3333333333333335
3.0666666666666664
2.333333333333333
3.2
2.2666666666666666
2.8
4.333333333333334
3.2
3.0666666666666664
4.199999999999999
4.199999999999999
4.533333333333333
4.6
4.533333333333333
4.733333333333333
5
6
5.933333333333334
4.866666666666667
4.333333333333334
4.266666666666667
5.133333333333333
5.7333333333333325
4.533333333333333
5.199999999999999
4.4
3.7333333333333334
5.533333333333333
4.199999999999999
0.13333333333333333
0.13333333333333333
2.533333333333333
2.333333333333333
3.4000000000000004
3.2
2.933333333333333
3.0666666666666664
2.7333333333333334
4.199999999999999
4.333333333333334
4.6
4.133333333333333
4.533333333333333
4.933333333333334
5
5.866666666666667
5.666666666666666
5.333333333333333
5.2
5.133333333333333
5.866666666666666
4.466666666666667
5.8
5.333333333333334
6.933333333333334
5.066666666666666
6.666666666666667
4.733333333333333
5.266666666666667
6.6
4.866666666666667
6.533333333333333
6.333333333333334
7.933333333333334
6.133333333333333
4.933333333333334
4.133333333333333
6.199999999999999
5.6
5.666666666666666
6.133333333333333
6.533333333333333
4.933333333333334
4.133333333333334
5
5.2
5.466666666666667
4.666666666666666
4.666666666666667
4.533333333333333
4.466666666666667
3.533333333333333
4
3.8
3.8
3.3333333333333335
3.3333333333333335
3.3333333333333335
2.1333333333333333
1.6
3.0666666666666664
2.1333333333333333
3.0666666666666664
2.466666666666667
2.7333333333333334
3.6
4.066666666666666
4.199999999999999
6.133333333333333
6.266666666666667
4.6
6.666666666666667
5.933333333333334
5.6
6.133333333333333
6.933333333333334
7
6.266666666666667
7.133333333333333
7.333333333333334
6.466666666666667
7.066666666666666
8.8
4.9329956005865885
7.666666666666666
9.933333333333334
