0
0
0
0.0010500000000000002
0.0010499999999999997
0.0029965517241379307
0.0010499999999999995
0.0010500000000000002
0.0010499999999999982
0.0010954545454545466
0.0010899999999999977
0.0011189655172413808
0.001050000000000003
0.0010500000000000017
0.0010500000000000002
0.001049999999999999
0.0011676470588235274
0.0011581081081081027
0.0010500000000000006
0.0012404761904761885
0.0011333333333333258
0.0011138297872340455
0.0010500000000000002
0.0010500000000000019
0.0011552631578947393
0.0010488636363636386
0.0011382352941176417
0.001070833333333335
0.0011231707317073216
0.0010743902439024377
0.001154166666666659
0.0011333333333333351
0.0011231707317073104
0.0010500000000000075
0.0012121621621621597
0.0010763157894736748
0.0011636363636363697
0.0010750000000000002
0.0011351063829787118
0.0011
0.0010500000000000002
0.001133333333333326
0.0011125000000000017
0.001107142857142844
0.0011475609756097494
0.0013961538461538707
0.001079411764705877
0.0011676470588235241
0.001126923076923084
0.0010925531914893598
0.0010500000000000002
0.0010954545454545412
0.0011333333333333258
0.001090000000000018
0.0011269230769230722
0.001082258064516135
0.0010500000000000195
0.0011166666666666666
0.001082258064516135
0.0010499999999999843
0.0010499999999999843
0.001192857142857195
0.0010499999999999796
0.001093478260869589
0.0013277777777777576
0.001097619047619013
0.0011
0.0010899999999999998
0.0010763157894736748
0.0011690476190476062
0.0011125000000000113
0.0010500000000000086
0.001107142857142857
0.0011611111111111245
0.001126923076923049
0.0011125000000000113
0.0011201754385964976
0.0011166666666666666
0.0011611111111111078
0.0011254716981132008
0.001203846153846126
0.0010934782608695494
0.001190350877192989
0.0011611111111111078
0.0014421568627450661
0.001227419354838701
0.001264285714285701
0.0014666666666666665
0.0014123188405797207
0.0010908163265306273
0.0010500000000000002
0.0010500000000000114
0.0011240740740740872
0.001118965517241373
0.0012038461538461957
0.0010499999999999904
0.001093478260869589
0.0011026315789473588
0.0010499999999999843
0.0010870370370370506
0.0010208333333333334
0.0013543478260869405
0.001049999999999974
0.0010500000000000002
0.0010976190476190996
0.0011055555555555354
0.001188888888888919
0.0012924242424242312
0.0011040540540540147
0.0010500000000000002
0.0010500000000000418
0.0010500000000000136
0.0010499999999999462
0.001107142857142857
0.0010976190476190565
0.0010500000000000214
0.0010499999999999889
0.0010500000000000002
0.0010500000000000136
0.001102631578947311
0.0010499999999999544
0.0014666666666666211
0.0010499999999999798
0.0011214285714285584
0.0010916666666666212
0.001097619047619013
0.001050000000000052
0.00117
0.0012166666666667476
0.0012605263157896077
0.0010500000000000136
0.0010916666666666212
0.0010500000000000214
0.0010500000000000002
0.0010812500000000115
0.0010822580645161056
0.0014390624999999773
0.0011409090909090798
0.0010803030303030742
0.0010763157894737225
0.0010500000000000086
0.0010727272727272478
0.0013864864864865651
0.001050000000000025
0.0010500000000000353
0.00105000000000001
0.0010500000000000002
0.0012127906976744525
0.001126923076923049
0.001102631578947407
0.0011653846153846575
0.0012078947368420957
0.0010500000000000214
0.001050000000000052
0.0010500000000010913
0.0010954545454544794
0.001102631578947407
0.0012100000000000726
0.0010500000000000166
0.0010500000000000383
0.0011369565217391147
0.0010500000000000002
0.0010833333333333333
0.0011125000000000113
0.0010785714285714285
0.001126923076923049
0.0010500000000000002
0.0011310810810810908
0.001143750000000068
0.0011152173913043322
0.001097619047619013
0.0011012820512820698
0.0012404761904761558
0.0010500000000000002
0.0010756410256410442
0.0011040540540540637
0.0010863636363636696
0.0010803030303030191
0.0011632075471698046
0.0012999999999999798
0.0011499999999999636
0.001108823529411786
0.0011106060606061046
0.0011571428571428768
0.0010500000000000114
0.0011197674418604567
0.0013302083333333408
0.0011099999999999999
0.0010914893617021122
0.0010770270270269876
0.0010770270270270858
0.0011900000000000363
0.001171951219512266
0.001049999999999969
0.0010722222222222222
0.001050000000000015
0.0011552631578947271
0.001133333333333313
0.0030618421052631675
0.0011467741935483637
0.0010756410256409976
0.0010777777777777576
0.0010500000000000002
0.001108823529411786
0.0010770270270270368
0.0010500000000000136
0.001283333333333394
0.0010500000000000114
0.0010500000000000002
0.0010500000000000418
0.0010500000000000002
0.0010499999999999767
0.0010500000000000682
0.0010500000000002645
0.0010500000000000992
0.0010499999999998468
0.0010500000000000002
0.0010499999999999143
0.0010500000000002296
0.0011452380952378873
0.001049999999999922
0.001050000000000052
0.0010499999999999767
0.0011690476190474978
0.0010500000000000214
0.0011611111111111112
0.0011240740740740872
0.0028279069767442365
0.0011351063829786923
0.0011690476190475846
0.001126923076923049
0.0010763157894736269
0.001084482758620652
0.0010877358490565625
0.001169047619047671
0.0011563829787234507
0.0011593750000000113
0.001175
0.0025212962962963235
0.0015243589743589464
