0
0
0.031100618956728016
0.022396583850931674
0.02078733870967742
0.02149816513761468
0.019800969529085874
0.03012959635161136
0.034876690302832254
0.04749687092568448
0.022002414231257945
0.0228532694475761
0.026496413276231267
0.02460786163522012
0.022325106157112525
0.059848699271592094
0.02503746492048644
0.05590381944444445
0.048039229494614755
0.04557834008097164
0.05322628158036895
0.07847953929539295
0.042253654618473906
0.04065043581616482
0.05046368627450981
0.028472974720528448
0.08741185897435898
0.06198913857677902
0.054039621212121206
0.03299974710982659
0.033444230769230775
0.034971378340365684
0.07481872399445218
0.03387107607950643
0.03340240282685521
0.08237371016691956
0.05637271723122238
0.0488084377302874
0.02955119850187257
0.047698218181818186
0.05773458201892745
0.0295131324404762
0.04099822667694681
0.06563793388429749
0.06397649193548388
0.0337574414715719
0.04122734248788369
0.04151470836855453
0.051071474654377856
0.02555823255813954
0.023295639534883724
0.034691855670103085
0.05883499981440235
0.041759681227863034
0.029504586129753905
0.028492511520737337
0.025159948652118118
0.02586595744680849
0.034667146776406046
0.029793115438108475
0.02283080808080807
0.06122176870748299
0.025604758522727256
0.026201308139534907
0.056874305555555546
0.025836098981077128
0.03766681957186547
0.03481896984924627
0.023974004192872118
0.03042094408799267
0.03529425878320481
0.03108191738113796
0.04761769051321928
0.055579907975460134
0.06606194630872485
0.040210141661300706
0.04226563119629876
0.051643251329787226
0.04412954983922828
0.039467404227212684
0.043246014928252384
0.08419537843268586
0.051479880352644856
0.06464219409282698
0.06378958823529411
0.05501061606160617
0.08668000496132891
0.1251303911477097
0.08549588331515813
0.03773518662519441
0.026407581395348833
0.04085382543103449
0.05626751179245284
0.03332334167709638
0.05554758485639684
0.047637484035759896
0.023096281540504686
0.047402486910994725
0.04863031400966185
0.02774914578587696
0.03899636459430981
0.022147278911564653
0.052637089715536114
0.03325155080213907
0.0443737541528239
0.04658595959595959
0.03514280788177337
0.044838008800880104
0.04969038461538463
0.023110967741935516
0.036714339826839845
0.024951483050847472
0.023505526590198122
0.025989732620320824
0.05348178947368423
0.028405212765957404
0.027162572533849138
0.07080529661016947
0.04578180051813477
0.05750589101620035
0.04597223796034062
0.024263130563797496
0.055085337726523846
0.05441301587301586
0.025326080246913588
0.02642429022081941
0.04516119791666665
0.08721838235294117
0.03001623586429728
0.03163503875968991
0.023589999999999958
0.02907824773413893
0.03301629434954008
0.023925083986562127
0.026576989453499518
0.039146545105566234
0.03713945205479452
0.04726519654841798
0.03158611349957005
0.042312341197822186
0.02530754637436761
0.028071274900398385
0.06811666666666664
0.02611024271844659
0.024746219281663956
0.026183435047951176
0.0739750847457631
0.04948398437500001
0.039603804834377816
0.05420268425841673
0.059034258373205736
0.04021018370607032
0.03007869641294836
0.02282514450867043
0.01774814814814858
0.04221738056013177
0.026000346020761265
0.033306738131699876
0.020306005586592103
0.023608651226158035
0.02371271989174562
0.033711564171123046
0.03396837499999992
0.030601345291479863
0.0297350606394708
0.036039405010438424
0.06208769230769284
0.02653893849206304
0.04682659883720933
0.043150092421441764
0.038699069579288016
0.03245528616852146
0.03313846476510067
0.03655449915110356
0.061642729488220964
0.05362686877076408
0.036803501945525285
0.04843068441064641
0.07279976019184656
0.04997836538461535
0.0537807137433561
0.0461335433654559
0.0748060948081264
0.04520333333333336
0.04449818054583625
0.03780981468771448
0.06630759678597518
0.060900428571428564
0.06661408995080814
0.03897961997019372
0.055599919614147904
0.05350239361702097
0.09132100168350163
0.050282834645669315
0.035075857038657884
0.034567032551097665
0.05339830645161296
0.0371966533864542
0.0930109058927001
0.0397451146983857
0.034738080895008606
0.027906121495327035
0.044343398157625356
0.024033522142121577
0.02232140672782873
0.03470100111234707
0.033779811097992954
0.02687091319052991
0.03703905472636818
0.041909455958549266
0.022747144670050803
0.020951849489795952
0.020584345794392465
0.022417081260364936
0.02142420058139531
0.04084373111782484
0.0227919096209913
0.049320425867507886
0.027183237822349524
0.04306371994342289
0.022483209745762702
0.02615783758262514
0.04398464912280702
0.06321394694533769
0.051095294567712335
0.044033155080213916
0.05731693766937669
0.09200454836643177
0.0448358134920635
0.06537933110367894
0.08188342245989302
0.08251950877192983
0.03756928525434648
0.08038283582089553
0.0571018284574468
0.04794120171673821
0.04971857301499172
0.10771195520581112
0.06920836875664187
0.0825196437407224
