0.002349631083333345
0.001972728791666751
0.008640805999999961
0.23383323899999992
0.22096808716666666
0.25888522975000006
0.2391394461666666
0.2356672195416667
0.23722943762500007
0.2951137128749999
0.3504336729583333
0.3244440164166665
0.3391449139166669
0.2945753562499999
0.370927877125
0.32054573170833356
0.4077939816249998
0.33417519566666665
0.4356444666249998
0.41674162337500004
0.3424229644583336
0.42269063637499976
0.44828761908333375
0.28544167658333297
0.5151895139583333
0.4551545864166666
0.4610136467083335
0.5090248777499999
0.4374748295416664
0.6105165272916672
0.47119606879166676
0.5257247909583329
0.46563653816666667
0.611712971375
0.4433373152916665
0.5212437153749999
0.4535076333333334
0.6510595300833331
0.5321014805833338
0.40107493729166654
0.43905062479166657
0.5055370702083325
0.46979042483333383
0.5152723195416672
0.3657505053749996
0.2854579370833328
0.43055948600000116
0.44185900391666577
0.3724087534583334
0.4139696761249999
0.39359447937499975
0.33300599841666667
0.3402258552916665
0.275264417625
0.31516612908333325
0.3317386993750002
0.3441357097916681
0.2337112032916657
0.31871167258333283
0.18492816845833399
0.3047405584999989
0.2247997422916666
0.24299201900000075
0.2614261640833325
0.25270049616666707
0.20622857174999967
0.2355436157500007
0.2736769598749997
0.3757548707500001
0.40768408920833404
0.41761331937499985
0.4377552367916658
0.5177561154166673
0.4138753426666675
0.5579125118749992
0.5865150243750001
0.4508615784583334
0.5917962367083333
0.5538438141666653
0.5853343025000015
0.6268523673333335
0.525992858624999
0.5762116435416674
0.6299862620833327
0.4490629267500002
0.7617637223749997
0.6709396703333337
0.5066012498749992
0.7685017063749994
0.48898335137500004
0.31155661750000024
0.368743391833334
0.32890620449999963
0.3427935439583317
0.24798114150000097
0.30732552674999997
0.28237055999999916
0.30909568362500056
0.2810972100833358
0.2548600108749982
0.4006975904999995
0.29315570758333226
0.34305728091666765
0.3349473307916663
0.3556773776250009
0.32460745224999954
0.3839603872083342
0.4006802228333323
0.32270130950000103
0.30250746091666747
0.3239765709583319
0.39396752391666706
0.34925908970833436
0.32923725308333235
0.3875455379583338
0.3002715288749987
0.43886721200000045
0.4122367503749989
0.32224843162500133
0.3075811115000005
0.2384621507083331
0.22911578449999698
0.2799175560416671
0.24575444629167012
0.2663230167916642
0.27190992800000063
0.26367145620833315
0.21584753733333525
0.24891063670833208
0.18376490470833318
0.2980509504583336
0.21188233870833287
0.25682875858333526
0.3472055389583323
0.3634732493750015
0.4307421680833296
0.3313768440833335
0.43541180925000106
0.405703132333335
0.44076204775000016
0.4132215977083302
0.4601734509166656
0.3774124182500031
0.40798506674999874
0.4149326828333339
0.49005455599999925
0.40261002508333377
0.4215223560833342
0.39673212741666464
0.41368627933333585
0.3541374294583311
0.47111998354166923
0.4320375654583325
0.19066743562499983
0.012530706416666723
0.1796417342500002
0.2142503130833333
0.22761616941666551
0.2692928653750002
0.17489546308333578
0.2918025738749984
0.3653175651666653
0.28148225279166655
0.34042982445833536
0.3108503599166662
0.3121830060833304
0.3283381924166685
0.3612643147500023
0.4061086767083281
0.49566869212500575
0.43787904774999475
0.33500609562500233
0.4110768736249994
0.44149083837499836
0.4976230624583356
0.4730544653750002
0.5162143147499995
0.40769852337500134
0.44834139245833166
0.5358741102916676
0.4207955493333321
0.6101047678750007
0.41060622550000164
0.5286657330416678
0.5082175239999955
0.5862673788333362
0.4934528269583324
0.5323796625833357
0.5085963397083285
0.455132147208334
0.5633524369166665
0.4512840817083372
0.4200985570416643
0.5416342041666695
0.4110019012916647
0.4806759378333325
0.4597988477083348
0.43852057545833145
0.40968258616666975
0.3901658187083304
0.4568122367916676
0.45400215387500253
0.36454437070832546
0.3600778554166718
0.37433128112499975
0.2766524083333313
0.31718137033333704
0.3016563332083279
0.3332603844166708
0.28579017349999697
0.27489673616666477
0.24995096933333844
0.2511855930833348
0.25572626008333066
0.2488934615416672
0.26790942654166605
0.2687234772083352
0.24771325645833522
0.21795889404166263
0.24312271679166267
0.39134191666667084
0.4404494891666648
0.32345036987499753
0.44486361770833815
0.47076135837499794
0.5268289082083369
0.45026283020833324
0.5684534242083287
0.4783311214166683
0.5711254325833343
0.5204364129166663
0.5975711572916703
0.4665511004583323
0.5732538568333325
0.579505305874998
0.7280886939166678
0.4814266434583346
0.6025111570416636
0.7418856084999964
0.703900461708334
