0.0965728759765625
0.09661102294921875
0.1033782958984375
0.12169647216796875
0.1233673095703125
0.1267547607421875
0.12660980224609375
0.12725830078125
0.129364013671875
0.1310577392578125
0.1311798095703125
0.1304779052734375
0.13150787353515625
0.1340484619140625
0.13260650634765625
0.1337890625
0.13373565673828125
0.13916015625
0.138763427734375
0.14289093017578125
0.1378936767578125
0.138885498046875
0.1420440673828125
0.13893890380859375
0.13968658447265625
0.137542724609375
0.14035797119140625
0.14392852783203125
0.14235687255859375
0.1419219970703125
0.1419830322265625
0.142608642578125
0.14402008056640625
0.14196014404296875
0.14183807373046875
0.14422607421875
0.1426544189453125
0.14472198486328125
0.1440277099609375
0.1429595947265625
0.1440887451171875
0.14340972900390625
0.144775390625
0.1442413330078125
0.14402008056640625
0.14647674560546875
0.14548492431640625
0.1471710205078125
0.14508056640625
0.1438140869140625
0.14391326904296875
0.14664459228515625
0.14463043212890625
0.14589691162109375
0.14636993408203125
0.1450042724609375
0.14467620849609375
0.14615631103515625
0.1446685791015625
0.14638519287109375
0.14572906494140625
0.1442413330078125
0.14530181884765625
0.14522552490234375
0.14543914794921875
0.14699554443359375
0.14492034912109375
0.1441497802734375
0.14574432373046875
0.14447784423828125
0.14527130126953125
0.14519500732421875
0.1451416015625
0.14675140380859375
0.149505615234375
0.14582061767578125
0.1479949951171875
0.1479644775390625
0.148345947265625
0.14859771728515625
0.145538330078125
0.1466827392578125
0.14943695068359375
0.14892578125
0.1484527587890625
0.14795684814453125
0.1532135009765625
0.151153564453125
0.1500701904296875
0.1494903564453125
0.149658203125
0.1482391357421875
0.14987945556640625
0.14775848388671875
0.1494140625
0.14907073974609375
0.148284912109375
0.1475677490234375
0.15090179443359375
0.14861297607421875
0.14947509765625
0.14868927001953125
0.14783477783203125
0.15039825439453125
0.14923858642578125
0.1483612060546875
0.15024566650390625
0.150299072265625
0.15006256103515625
0.14873504638671875
0.14969635009765625
0.1510009765625
0.14884185791015625
0.149993896484375
0.15027618408203125
0.1496124267578125
0.1500701904296875
0.149505615234375
0.14907073974609375
0.150634765625
0.14920806884765625
0.14955902099609375
0.1499481201171875
0.1507415771484375
0.1504058837890625
0.1489105224609375
0.15027618408203125
0.14804840087890625
0.14913177490234375
0.14969635009765625
0.15074920654296875
0.14865875244140625
0.15033721923828125
0.14833831787109375
0.1486968994140625
0.15081787109375
0.14965057373046875
0.149139404296875
0.15033721923828125
0.149688720703125
0.15012359619140625
0.14933013916015625
0.150543212890625
0.15184783935546875
0.1503753662109375
0.149444580078125
0.148895263671875
0.1493377685546875
0.14937591552734375
0.15073394775390625
0.1500396728515625
0.15158843994140625
0.15129852294921875
0.14886474609375
0.1515045166015625
0.150177001953125
0.14890289306640625
0.148529052734375
0.15087127685546875
0.1479949951171875
0.15077972412109375
0.150909423828125
0.15061187744140625
0.15064239501953125
0.149688720703125
0.15001678466796875
0.14971923828125
0.14885711669921875
0.1493377685546875
0.150238037109375
0.14998626708984375
0.14892578125
0.15065765380859375
0.1487579345703125
0.15064239501953125
0.15291595458984375
0.152130126953125
0.151153564453125
0.150115966796875
0.1505584716796875
0.1524810791015625
0.1522369384765625
0.1491546630859375
0.15460968017578125
0.15177154541015625
0.1508636474609375
0.15222930908203125
0.1508331298828125
0.1511993408203125
0.15122222900390625
0.150970458984375
0.1525421142578125
0.15119171142578125
0.15079498291015625
0.1523284912109375
0.14972686767578125
0.151519775390625
0.1501312255859375
0.1506195068359375
0.15277099609375
0.15171051025390625
0.14934539794921875
0.15337371826171875
0.1519012451171875
0.15045166015625
0.14989471435546875
0.15316009521484375
0.150909423828125
0.14846038818359375
0.15004730224609375
0.14817047119140625
0.1482086181640625
0.14885711669921875
0.14894866943359375
0.1498870849609375
0.14987945556640625
0.149871826171875
0.1507415771484375
0.15009307861328125
0.15151214599609375
0.14935302734375
0.15067291259765625
0.14897918701171875
0.1505279541015625
0.1509246826171875
0.1531982421875
0.150787353515625
0.1530914306640625
0.15058135986328125
0.15198516845703125
0.15093994140625
0.15283966064453125
0.15196990966796875
0.1538238525390625
0.15087127685546875
0.15313720703125
0.15416717529296875
0.153045654296875
0.15370941162109375
0.155853271484375
