0
0
3.41412
41.93333333333333
41
42.400000000000006
46.6
45.26666666666667
47.13333333333334
51.06666666666667
52.33333333333333
59.599999999999994
62.93333333333334
64.66666666666667
62.13333333333333
60.4
69.46666666666668
74.26666666666667
75.86666666666666
79.93333333333334
36.3912288888889
73.80000000000001
79.26666666666668
80.26666666666667
83.86666666666666
86.86666666666667
79.73333333333333
83.46666666666668
88.93333333333334
93.13333333333335
94.26666666666668
97.19999999999999
90.93333333333335
95.46666666666668
93.93333333333335
88.00000000000001
86.39999999999999
87.4
91.93333333333332
87.13333333333333
85.79999999999998
88.66666666666666
89.53333333333333
80.86666666666666
79.46666666666667
76.73333333333335
77.60000000000001
73.53333333333333
72.6
70.13333333333333
69.93333333333334
63.66666666666667
56.866666666666674
54.6
57.733333333333334
55.60000000000001
51.800000000000004
54.866666666666674
49.06666666666667
47.06666666666667
46.199999999999996
40.26666666666667
47.199999999999996
46.266666666666666
43.8
44.533333333333324
44.79999999999999
55.20000000000001
67.19999999999999
73.46666666666667
77
86.60000000000001
83.60000000000001
83.66666666666667
97.46666666666667
105
98.60000000000001
97.66666666666667
102.73333333333333
101.06666666666668
102.98667199786753
99.33333333333333
105.19999999999999
110.73333333333335
110.66666666666667
120.2
125.32832066835533
124.93333333333332
115.86666666666667
81.80000000000001
72.26666666666668
60.8
54.13333333333333
53.73333333333334
51.13333333333334
49.00000000000001
51.4
49.93333333333334
54.00000000000001
58.60000000000001
63.400000000000006
57.93333333333334
59.2
61.6
61.13333333333334
67
65.80000000000001
62.26666666666667
61
63.00000000000001
62.60000000000001
64.33333333333334
63.06666666666667
61.33333333333333
60.800000000000004
62.06666666666668
71.86666666666666
59.800000000000004
51.66666666666667
44.400000000000006
44.6
44.86666666666667
40.46666666666667
40.86666666666667
43.93333333333333
42.46666666666667
38.06666666666667
37.53333333333333
39.99999999999999
41.46666666666667
44.53333333333333
43.733333333333334
50.933333333333344
59.40000000000001
68.80000000000001
66.13333333333334
72.73333333333333
69.6
76.99999999999999
73.40000000000002
80.86666666666666
80.73333333333333
69.46666666666667
69.33333333333334
71.46666666666668
76.6
76.53333333333333
74.53333333333333
71.93333333333335
68.66666666666667
67.53333333333335
81.86666666666667
74.33333333333334
11.733333333333333
3.066666666666667
40
39.66666666666667
44.53333333333334
48.86666666666667
48.46666666666666
51.53333333333334
50.53333333333334
53.333333333333336
59.00000000000001
59.99999999999999
64.13333333333334
58.33333333333334
68.06666666666666
65.46666666666667
73.86666666666667
80.93333333333332
83.4
79.33333333333334
77.2
81.2
76.33333333333334
83.93333333333332
88.19999999999999
83.86666666666667
88.6
85.80000000000001
86.53333333333335
85.93333333333334
91.00000000000001
93.33333333333334
96.80000000000001
90.80000000000001
89.06666666666668
91.46666666666667
88
82.60000000000001
82.93333333333334
77.66666666666669
81.06666666666666
90.8
86.26666666666668
76.86666666666667
83.60000000000001
75.66666666666666
77.53333333333333
76.26666666666665
69.60000000000001
64.33333333333333
64.53333333333335
63.20000000000001
58.73333333333334
53.13333333333333
57.6
53.2
51.93333333333334
52.53333333333334
48.666666666666664
42.599999999999994
40.8
46.800000000000004
43.8
44.66666666666667
41.333333333333336
45.13333333333333
47.93333333333333
63.26666666666667
71.53333333333335
73.93333333333334
83.86666666666667
85.26666666666668
85.53333333333335
95.8
99.06666666666668
96.73333333333333
98.46666666666668
99.73333333333333
90.99999999999999
103.26666666666668
102.2
99.26666666666667
108.66666666666667
118.46666666666667
104.13333333333334
129.0666666666667
136.40000000000003
