0
0
0
2.7333333333333334
2.333333333333333
3.0666666666666664
2.6666666666666665
2.4
2.5999999999999996
2.5999999999999996
2.8
4
4.333333333333333
4.8
4.066666666666666
4.466666666666667
4.666666666666667
5.066666666666666
4.666666666666667
6.533333333333333
0.39999999999999997
5.4
5.266666666666667
6.133333333333333
5.866666666666666
4.866666666666667
5.2
5.533333333333333
4.6
5
6.933333333333334
6.199999999999999
5.666666666666666
5.333333333333334
4.466666666666667
5.866666666666666
6.066666666666666
4.733333333333333
6.6
7.666666666666666
6.066666666666666
4.333333333333333
6.800000000000001
5
4.466666666666667
4.933333333333334
5.2
5.066666666666666
4.533333333333333
7
4.6
5.666666666666666
2.5999999999999996
3.2666666666666666
4.733333333333333
3.933333333333333
3.6
3.0666666666666664
3.8
2.933333333333333
3.2666666666666666
1.7997511774637873
3
3.333333333333333
3
2.8
3.1333333333333333
3.0666666666666664
5.199999999999999
5.533333333333333
4.733333333333333
4.8
4.933333333333334
4.066666666666666
5.6
6.666666666666667
7.4
6.733333333333333
7.466666666666667
7.4
6.133333333333333
6.666666666666666
8.133333333333333
7.2
6.6
8.733333333333334
8.600000000000001
7.533333333333333
8.666666666666668
6.533333333333333
6.199999999999999
3.533333333333333
3.2666666666666666
3.933333333333333
3.7333333333333334
2.5999999999999996
3.3333333333333335
2.933333333333333
3.3333333333333335
2.6666666666666665
4.333333333333333
3.4000000000000004
4.733333333333333
3.8
3.6
5.133333333333333
4.533333333333333
4
4.6
3.8
3.8666666666666667
4.066666666666666
3.466666666666667
4.266666666666667
5.6
5.2
4.800000000000001
3.6
2.8666666666666663
2.7333333333333334
2.8666666666666663
2.533333333333333
2.2666666666666666
3.8666666666666667
3.533333333333333
2.8
2.0666666666666664
3.2666666666666666
2.2
2.7333333333333334
4.266666666666667
3.1333333333333333
2.8
4.333333333333334
4.199999999999999
4.2
4.666666666666666
4.733333333333333
4.666666666666667
5.133333333333333
6
5.866666666666666
4.733333333333333
4.133333333333333
4.4
5.066666666666666
5.533333333333333
4.466666666666667
5.133333333333333
4.800000000000001
3.7333333333333334
5.533333333333333
4.266666666666667
0.4
0.13333333333333333
2.8
2.333333333333333
3.2
3.1333333333333333
2.8
2.8
2.7333333333333334
4.199999999999999
4.333333333333334
4.666666666666667
4.199999999999999
4.666666666666667
4.800000000000001
5
5.733333333333333
5.733333333333333
5.4
5.133333333333333
5.2
5.7333333333333325
4.6
6.2
4.800000000000001
6.933333333333334
5.133333333333333
6.4
4.733333333333333
5
6.866666666666667
4.666666666666666
6.333333333333334
6.4
7.466666666666667
6.333333333333333
4.933333333333334
4.199999999999999
6.266666666666667
5.333333333333334
5.7333333333333325
6.266666666666667
6.733333333333333
4.933333333333334
4.4
4.933333333333334
5
5.466666666666667
4.733333333333333
4.666666666666667
4.666666666666667
4.533333333333333
3.8
4
3.7333333333333334
3.7333333333333334
3.4000000000000004
3.2666666666666666
3.6
2.2
1.4666666666666668
3.1333333333333333
2.1333333333333333
2.933333333333333
2.2666666666666666
2.7333333333333334
3.533333333333333
3.8
4.066666666666666
6.066666666666666
6.133333333333333
4.933333333333334
6.6
6.133333333333333
5.333333333333334
6.466666666666667
6.666666666666666
7.2
5.933333333333334
7.333333333333334
7.133333333333333
6.466666666666667
6.933333333333334
8.2
4.933333333333334
7.8
10.333333333333332
