0.0175560383333333
0.00903327083333331
0.015350743499999986
0.022788063333333348
0.02020043116666666
0.023481086499999915
0.029586846000000094
0.009713371166666668
0.032649743000000044
0.023510126166666662
0.01758245616666665
0.023609053666666508
0.02349175899999996
0.03533087983333338
0.029728117500000074
0.02766653999999994
0.027002489500000056
0.02994470199999988
0.03700206783333352
0.023085067499999983
0.018692765333333305
0.025142266666666597
0.02792367300000009
0.030325616166666514
0.02430259350000015
0.03719156383333318
0.02329083666666687
0.04523885500000002
0.022518727833333266
0.03866819883333328
0.0326120146666667
0.02259693100000011
0.04398366866666651
0.029394001833333405
0.03140110166666658
0.02854447766666664
0.029033132333333416
0.025276453333333393
0.028273744666666545
0.0350802580000001
0.03092660949999981
0.03723257783333356
0.026585756166666624
0.03394984583333323
0.008705826666666638
0.021515728833333487
0.033194556499999806
0.02744032200000005
0.03781047483333329
0.026834202999999945
0.02141540733333347
0.024199850999999956
0.028879674833333386
0.016191098666666605
0.022314506833333244
0.02282676416666677
0.022221562833333465
0.021274045499999932
0.013278504166666611
0.027055801666666802
0.014860346999999644
0.026058212333333348
0.023151036666667107
0.013548744333332861
0.03383277700000005
0.013251376500000115
0.015495367166667032
0.028865672999999717
0.022892292499999908
0.03232788199999999
0.01896991483333347
0.02396665616666678
0.026944415999999784
0.028785524666666618
0.018170686000000085
0.035452165333333355
0.023738037333333274
0.034330765166666666
0.027976205666666587
0.03033007550000022
0.017716426166666462
0.028855683833333146
0.029091032000000183
0.042734165333333365
0.036926555333333624
0.025415569999999832
0.031517280166666474
0.03190456283333335
0.03245982533333346
0.02868965333333347
0.02357192133333304
0.023509682833333656
0.01919523299999959
0.01852244900000007
0.02571634100000016
0.020503143333333067
0.02030913166666674
0.019562927500000285
0.02146750733333332
0.021438596666666733
0.014506691499999981
0.0278931568333333
0.025714216499999647
0.02635339266666688
0.008318271000000264
0.022720372666666336
0.03858590550000033
0.017605543999999657
0.021477847666666605
0.03534021183333339
0.008535812166666545
0.028397972499999938
0.023073272333333488
0.030817289000000393
0.010376008999999797
0.04006670449999975
0.025441466833333592
0.02487979966666683
0.009479485833333356
0.020836487833333212
0.02172505866666678
0.028633603833332796
0.0196300891666669
0.02729664750000005
0.00741408383333327
0.028117348166667
0.021784077499999555
0.021395931166666788
0.020874311666666753
0.020575382333333298
0.022943467333333224
0.02067335000000033
0.01881316216666621
0.022565493833333502
0.02901877733333317
0.01732267166666664
0.02215850816666709
0.0228006874999996
0.01594482133333367
0.031568468499999724
0.02645395850000002
0.025864983666666674
0.024004660333333185
0.020913555500000548
0.02409992266666627
0.024320430333333455
0.01808972066666688
0.033280907166666644
0.029418605333333403
0.0107447899999998
0.03073778066666636
0.022557243500000247
0.032968980333333064
0.013122590666666765
0.01365014683333321
0.018321976833333288
0.01828720933333372
0.014713168666666832
0.026071310999999635
0.014505563500000207
0.026731278166666424
0.02029871233333343
0.012917184500000307
0.023401712833332883
0.028309999999999984
0.020958358500000312
0.016223800166666653
0.0311551553333332
0.02542726299999979
0.02738043116666707
0.015005903499999935
0.03644497400000013
0.024018707000000344
0.017191179833332623
0.031400304333333885
0.039150286833333325
0.027972462833332653
0.010093184166667157
0.03418516666666586
0.029022345333333515
0.029936694500000506
0.01752117383333266
0.03448279733333356
0.03557250000000067
0.024736209833333092
0.020839363666667055
0.027270913999998925
0.026359023666666793
0.02766452766666679
0.03055323766666736
0.019034792333332717
0.014266360666667309
0.028753512833333158
0.027341342500000344
0.024406670166666086
0.028663941499999623
0.03145102650000098
0.02631063833333276
0.02268105933333331
0.023294957500000397
0.025556210333333478
0.024673997499998986
0.024622244166666953
0.012546647833333443
0.028862513166667252
0.023798498833333067
0.02656566849999938
0.010546760833333241
0.026859971666667093
0.02897328600000056
0.01633992133333232
0.013188568333333706
0.025151321499999803
0.02065487400000047
0.013372301333332596
0.02499661033333448
0.025313471999999372
0.007662219000000192
0.024079039166666164
0.02109299566666678
0.021041674833333225
0.021927095333333327
0.022243611166666472
0.028567148000000486
0.03193520183333357
0.01964045150000023
0.0186052753333333
0.03518102416666598
0.02544875983333365
0.03195516200000033
0.03069569199999951
0.020420918333333777
0.04396425616666614
0.012991697499999807
0.036084788166667416
0.020275250833332592
0.030720136833333335
0.028891636000000886
0.03608355266666644
0.036367802166666977
