0.169891357421875
0.170196533203125
0.172119140625
0.174346923828125
0.175537109375
0.17681884765625
0.17840576171875
0.179290771484375
0.18212890625
0.182586669921875
0.18408203125
0.185638427734375
0.1866455078125
0.18927001953125
0.192474365234375
0.19427490234375
0.1961669921875
0.198638916015625
0.20098876953125
0.203033447265625
0.203857421875
0.205810546875
0.207794189453125
0.209808349609375
0.211395263671875
0.21435546875
0.216064453125
0.2196044921875
0.221527099609375
0.224700927734375
0.227020263671875
0.22869873046875
0.23199462890625
0.233978271484375
0.2369384765625
0.23944091796875
0.241973876953125
0.243865966796875
0.245880126953125
0.248687744140625
0.25091552734375
0.2528076171875
0.234161376953125
0.2333984375
0.233428955078125
0.2340087890625
0.24884033203125
0.23406982421875
0.234375
0.234039306640625
0.23419189453125
0.234283447265625
0.2344970703125
0.234893798828125
0.2349853515625
0.2359619140625
0.23541259765625
0.235931396484375
0.2362060546875
0.23675537109375
0.23681640625
0.2371826171875
0.238006591796875
0.23828125
0.238616943359375
0.2388916015625
0.239654541015625
0.24029541015625
0.24029541015625
0.24114990234375
0.241607666015625
0.2420654296875
0.244415283203125
0.24420166015625
0.2451171875
0.246429443359375
0.247833251953125
0.248779296875
0.249542236328125
0.2510986328125
0.252227783203125
0.25408935546875
0.255615234375
0.259490966796875
0.261444091796875
0.262786865234375
0.264495849609375
0.26776123046875
0.26971435546875
0.2713623046875
0.27337646484375
0.27508544921875
0.276641845703125
0.2783203125
0.28009033203125
0.2811279296875
0.282501220703125
0.28363037109375
0.2850341796875
0.286163330078125
0.287200927734375
0.288787841796875
0.292205810546875
0.29296875
0.293670654296875
0.29522705078125
0.263275146484375
0.2630615234375
0.262908935546875
0.26312255859375
0.263153076171875
0.263275146484375
0.26287841796875
0.263092041015625
0.26312255859375
0.263458251953125
0.263397216796875
0.262969970703125
0.263092041015625
0.263214111328125
0.2633056640625
0.26348876953125
0.263946533203125
0.2640380859375
0.2640380859375
0.26416015625
0.2646484375
0.265625
0.2647705078125
0.26531982421875
0.2684326171875
0.26605224609375
0.2662353515625
0.266693115234375
0.267578125
0.268218994140625
0.2685546875
0.26953125
0.269195556640625
0.269775390625
0.270111083984375
0.270721435546875
0.271453857421875
0.27197265625
0.272857666015625
0.27362060546875
0.274444580078125
0.27532958984375
0.275390625
0.27569580078125
0.27642822265625
0.2769775390625
0.278076171875
0.2783203125
0.278472900390625
0.278839111328125
0.279571533203125
0.27960205078125
0.279754638671875
0.279998779296875
0.280792236328125
0.282318115234375
0.282989501953125
0.282806396484375
0.283355712890625
0.28338623046875
0.283935546875
0.285797119140625
0.285919189453125
0.2869873046875
0.2874755859375
0.288665771484375
0.289459228515625
0.28961181640625
0.265472412109375
0.2646484375
0.2650146484375
0.265045166015625
0.26446533203125
0.264892578125
0.26568603515625
0.265777587890625
0.266143798828125
0.2667236328125
0.267791748046875
0.267059326171875
0.267303466796875
0.267578125
0.26806640625
0.26824951171875
0.2684326171875
0.2686767578125
0.269805908203125
0.270660400390625
0.271331787109375
0.27239990234375
0.274383544921875
0.274871826171875
0.275421142578125
0.2755126953125
0.27655029296875
0.277069091796875
0.27716064453125
0.277374267578125
0.287078857421875
0.27813720703125
0.2786865234375
0.279022216796875
0.27960205078125
0.2811279296875
0.294403076171875
0.281005859375
0.28155517578125
0.282135009765625
0.282562255859375
0.283416748046875
0.2838134765625
0.28399658203125
0.284332275390625
0.284759521484375
0.284942626953125
0.28533935546875
0.285797119140625
0.28692626953125
0.288177490234375
0.288848876953125
0.289764404296875
0.291900634765625
0.293121337890625
0.26885986328125
0.268463134765625
0.26812744140625
0.26806640625
0.26812744140625
0.268280029296875
0.26837158203125
0.26861572265625
0.268707275390625
0.26904296875
0.269744873046875
