0
0
0
0.001093478260869565
0.0010500000000000002
0.0010500000000000006
0.0010500000000000015
0.0011166666666666684
0.0010500000000000006
0.0011409090909090896
0.0011369565217391295
0.001049999999999999
0.0011571428571428562
0.0010857142857142808
0.0011106060606060563
0.0011106060606060632
0.0011088235294117628
0.0010763157894736837
0.0011197674418604647
0.0011430232558139555
0.0010499999999999958
0.0010922222222222242
0.0010500000000000025
0.0010717391304347816
0.0010763157894736867
0.0010499999999999978
0.0010770270270270246
0.0011863636363636373
0.0011815789473684174
0.0011475609756097605
0.0011112244897959146
0.0012840425531915067
0.0011499999999999885
0.001049999999999994
0.0011888888888888813
0.0011289473684210668
0.0010727272727272584
0.0010750000000000002
0.0010276595744680792
0.0011227272727272813
0.0010756410256410325
0.0010777777777777702
0.001091666666666659
0.0010777777777777827
0.0011782051282051233
0.0010844827586206991
0.001161111111111116
0.001078787878787876
0.0010750000000000098
0.0010071428571428553
0.0010161764705882406
0.0010022727272727251
0.001002272727272715
0.0010899999999999816
0.0009423076923076923
0.000980000000000003
0.0009766666666666576
0.0011166666666666818
0.0010483333333333273
0.0010499999999999904
0.0009586956521739211
0.0010499999999999717
0.0008113636363636529
0.001002173913043447
0.0007760869565217154
0.0008842105263157991
0.000997619047619039
0.0009659999999999853
0.0010202702702702701
0.0009749999999999957
0.0009585714285714076
0.0010975000000000136
0.0008458333333333283
0.0010500000000000002
0.0010459459459459654
0.0011377777777777738
0.0009722222222222222
0.0009632653061224267
0.0009562500000000032
0.0010096153846153846
0.0010487499999999954
0.0010011627906976787
0.0010982758620689623
0.000935454545454542
0.0010061224489795954
0.0010491666666666637
0.0010195652173912966
0.001081967213114739
0.001064393939393953
0.0009239999999999962
0.0008042553191489399
0.0009100000000000061
0.0010096153846153846
0.0010092592592592928
0.0009750000000000065
0.0009264705882352941
0.0006847826086956522
0.0008924999999999726
0.0009239999999999782
0.0008749999999999999
0.0008985714285714492
0.0008568181818181984
0.0008513513513513513
0.0008399999999999998
0.0007159090909090909
0.0009285714285714285
0.0008338235294117755
0.0010765624999999944
0.0009041666666666717
0.0009288461538461398
0.0008166666666666734
0.0007673076923076853
0.0009288461538461747
0.0008099999999999842
0.000978409090909095
0.0010499999999999852
0.0010499999999999904
0.0009515625000000228
0.0010111111111111514
0.0011552631578946794
0.0007636363636363306
0.0008113636363635702
0.001102631578947407
0.0009722222222222222
0.0010499999999999843
0.001102631578947407
0.0010500000000000002
0.001008000000000029
0.0010500000000000214
0.0008289473684210527
0.000637500000000013
0.0010041666666666818
0.0008750000000000001
0.0010161290322580647
0.0008806451612902991
0.0009051724137931034
0.0009848484848484847
0.0010191176470588127
0.0008400000000000243
0.0009671052631578948
0.0008633333333333414
0.0008166666666666667
0.0009351351351350958
0.0007603448275862446
0.0007790322580645045
0.0009423076923076923
0.0009081081081080687
0.0007945945945945848
0.0008276315789473875
0.002169444444444404
0.0007979999999999563
0.0009476190476190304
0.0008647058823529305
0.000899999999999896
0
0.00065625
0.0006416666666666264
0.0008166666666666398
0.0006847826086956522
0.0007000000000000347
0.0006999999999999481
0.0007000000000000453
0.0007277777777777476
0.0009264705882352941
0.0007720588235294118
0.0007673076923076503
0.0008166666666666565
0.0006899999999999896
0.0007720588235294118
0.000951111111111095
0.0007926829268292682
0.0009450000000000274
0.000775000000000026
0.0006708333333333232
0.003133750000000009
0.0009918918918919114
0.000875
0.0008828125000000568
0.000878181818181805
0.0009364864864864766
0.0008571428571428571
0.0008400000000000243
0.0009212121212121101
0.000878181818181805
0.0008203125
0.0008451219512195033
0.0008445652173913123
0.0008509433962263876
0.0008712765957446963
0.0009054054054053562
0.0008513513513513513
0.000650000000000026
0.0008125
0.0007875000000000331
0.0009023255813953318
0.0008820000000000072
0.0007710526315789282
0.00096249999999999
0.0008615384615384241
0.0009264705882352941
0.0008602564102563916
0.0009
0.0009051724137931034
0.0008736111111111313
0.0007874999999999596
0.000816666666666707
0.0006879310344827837
0.0008403225806451379
0.0006461538461538881
0.0007388888888889158
0.0007140000000000145
0.0007218750000000114
0.0006794117647058395
0.0007875000000000606
0.0005250000000000001
0.0008400000000000546
0.0007875000000000606
0.000864705882352984
0.0006631578947367654
0.0009187500000000455
0.0008907407407407811
0.0008250000000000129
0.0006527027027026928
0.0008912500000000364
0.0006485294117646845
0.000981521739130427
0.0008682692307692588
0.0008695121951219424
0.0007979999999999927
0.0008866666666666587
0.0008625000000000195
0.0009368421052631196
0.000918750000000013
0.0009535714285714545
0.000998863636363653
0.000985714285714271
0.0009814516129032316
0.0009671052631578948
0.0011035714285714156
0.001125641025640993
