0.014593559500000039
0.018320137333333413
0.013954950999999955
0.32273635400000006
0.37240588233333316
0.4378486698333335
0.46257974566666665
0.23899917699999987
0.43030931766666686
0.438088281
0.4852165054999998
0.5027636411666668
0.516691608333333
0.5602598804999996
0.5807716780000002
0.5722894926666674
0.618110371833333
0.2825398381666666
0.7898302944999998
0.6118065910000006
0.4273122441666667
0.2860367906666662
1.0607099920000007
0.6079713649999997
0.42577856333333364
0.710145878166666
1.0275869470000007
0.6541017463333317
0.5730065600000008
0.7218975384999998
1.006563224333334
0.8266207606666662
0.5040252814999988
0.9033320235000014
0.8291484454999983
0.36639339516666775
1.1157658803333323
0.8136690115000013
0.44477861350000103
0.9593737203333319
0.5705380453333314
0.5969419691666691
1.0730297303333316
0.3460063761666655
0.7111835143333375
0.2892378939999958
0.7534267433333355
0.7944025893333352
0.6012760571666622
0.39247184700000065
0.6750274185000033
0.6918520145000002
0.43142625183332933
0.4997762406666671
0.4410008536666699
0.5004705554999967
0.3991371070000014
0.5659917513333331
0.4049315381666692
0.41447803016666285
0.4119575806666707
0.14869811916666245
0.4608926661666667
0.43022272466666794
0.33396185866666883
0.4048557935
0.39421809883333003
0.42799360316666935
0.6385753816666645
0.5932375356666691
0.7018929818333295
0.770752744500001
0.6281193921666669
0.6105554325000023
0.8343994596666656
0.8678855526666686
0.9713728691666669
0.4702159084999948
0.7813643515000024
0.8340914794999984
0.922098666333331
1.030090648500002
0.5129029668333374
0.9171074808333325
0.8179269554999943
0.9116196411666712
0.9296608905000028
0.8432200166666632
0.9269591229999983
0.8484964371666687
0.5285469061666673
0.612433330833331
0.5339427546666684
0.4537395326666645
0.37272789950000623
0.43931276866665786
0.49257748916666816
0.41712424050000624
0.41217577449999493
0.6335294091666696
0.3214823925000019
0.566021492666664
0.577683437500004
0.5664170828333301
0.4089940040000026
0.4953005498333311
0.6921726735000012
0.6202456908333336
0.5453108964999936
0.4070260493333345
0.41023033116667307
0.687340742833328
0.676506361666668
0.47674720466667014
0.5204186201666611
0.4848562723333316
0.8220045168333362
0.3664187346666665
0.7266962596666624
0.3935882333333419
0.4402948684999994
0.4859010281666655
0.354115054999994
0.43755043150000006
0.4311977923333358
0.41856038166667037
0.253360562333332
0.3832825553333331
0.41634188083332896
0.4472636115000057
0.39569649083333047
0.37009474166666223
0.4284051395000006
0.5381239261666716
0.49014825499999876
0.6122551998333373
0.47665407849999986
0.7005550246666605
0.706090291999999
0.5062279303333336
0.6946142803333353
0.6966880171666692
0.5398289608333281
0.8233168911666742
0.391958854666664
0.740007639833332
0.7094854371666676
0.3847931134999953
0.8997272575000087
0.49872147916666637
0.7085195876666526
0.5932520658333449
0.7048039059999951
0.20376712883334372
0.028317014166664947
0.24566120866666097
0.267758780500003
0.4640035275000021
0.42239423849999486
0.2759512078333349
0.4704784541666716
0.5683155198333337
0.28188533366665064
0.5711055118333471
0.6651226050000029
0.5470521429999924
0.48547508399999134
0.3516334908333458
0.6002461296666676
0.5006017728333253
0.7450647635000109
0.746986826333322
0.6942064156666751
0.8170749633333305
0.5927824335000006
0.6640462203333376
0.7524998711666626
0.4351808713333298
0.8446393188333254
0.7684939360000081
0.6111371311666668
0.8491302241666668
0.5777591496666711
1.1722667334999908
0.79549687683334
0.35614964483333245
1.218194136666663
0.7495156604999995
0.6852971656666681
0.6380372489999976
0.4408651475000056
0.7601561474999887
0.8161332063333474
0.80030628066667
0.6373637968333318
0.8284505001666578
0.7203083891666703
0.629764428333336
0.6841500744999962
0.5591913318333278
0.5488361153333395
0.5478463643333384
0.7437046971666631
0.5226179703333287
0.5793321896666725
0.32843513599999596
0.4841665115000069
0.5696839719999881
0.404781340833343
0.6069959541666586
0.2863787910000042
0.5302911219999942
0.24995620983332856
0.5169245105000186
0.44572834499998254
0.2198893011666693
0.5199382158333302
0.31716176933334356
0.3721010373333229
0.40596831483334955
0.4817893856666539
0.7880002758333451
0.39211687433332065
0.9376668730000118
0.5864389096666589
0.5953818648333329
0.642536629999995
0.8645734991666812
0.8878388126666626
0.8981643906666553
0.7351526485000098
0.7598108503333378
0.5368902884999897
1.2108887241666744
0.8386927424999915
0.855786286666671
1.0339545026666692
0.4447459895000065
0.8550267728333173
1.15850495666668
