0.113677978515625
0.113677978515625
0.113616943359375
0.114166259765625
0.116912841796875
0.121673583984375
0.1199951171875
0.118927001953125
0.122802734375
0.119720458984375
0.122314453125
0.1243896484375
0.119842529296875
0.123687744140625
0.120330810546875
0.121124267578125
0.123504638671875
0.120849609375
0.125457763671875
0.12518310546875
0.1219482421875
0.126373291015625
0.12933349609375
0.123565673828125
0.12347412109375
0.1239013671875
0.12646484375
0.127349853515625
0.121856689453125
0.12646484375
0.127471923828125
0.132080078125
0.127227783203125
0.122344970703125
0.1295166015625
0.124176025390625
0.123260498046875
0.1343994140625
0.1229248046875
0.128631591796875
0.13006591796875
0.126556396484375
0.130035400390625
0.125244140625
0.1239013671875
0.129241943359375
0.127716064453125
0.12554931640625
0.127105712890625
0.12554931640625
0.126373291015625
0.12750244140625
0.12725830078125
0.12689208984375
0.126373291015625
0.125885009765625
0.12689208984375
0.12347412109375
0.12896728515625
0.12359619140625
0.1268310546875
0.123779296875
0.1273193359375
0.1236572265625
0.1224365234375
0.123779296875
0.127349853515625
0.123077392578125
0.12689208984375
0.12945556640625
0.125152587890625
0.133026123046875
0.12628173828125
0.12982177734375
0.126708984375
0.134918212890625
0.123931884765625
0.126739501953125
0.125274658203125
0.12615966796875
0.13128662109375
0.131683349609375
0.126007080078125
0.130706787109375
0.13299560546875
0.129547119140625
0.134918212890625
0.132171630859375
0.131378173828125
0.124420166015625
0.1280517578125
0.126800537109375
0.128570556640625
0.129364013671875
0.12451171875
0.123565673828125
0.125518798828125
0.123931884765625
0.126983642578125
0.12799072265625
0.131195068359375
0.125152587890625
0.125244140625
0.12725830078125
0.12799072265625
0.12744140625
0.133453369140625
0.131378173828125
0.132476806640625
0.13177490234375
0.130126953125
0.125640869140625
0.128997802734375
0.12860107421875
0.13397216796875
0.13134765625
0.125946044921875
0.131011962890625
0.132171630859375
0.130828857421875
0.126678466796875
0.12530517578125
0.126678466796875
0.125274658203125
0.126983642578125
0.1273193359375
0.126129150390625
0.12890625
0.125762939453125
0.1322021484375
0.125640869140625
0.130035400390625
0.13232421875
0.13092041015625
0.126708984375
0.127044677734375
0.131591796875
0.12811279296875
0.128936767578125
0.125396728515625
0.129791259765625
0.12884521484375
0.129730224609375
0.129241943359375
0.129791259765625
0.1265869140625
0.129150390625
0.127166748046875
0.132476806640625
0.12847900390625
0.12646484375
0.129425048828125
0.128204345703125
0.12994384765625
0.12933349609375
0.12542724609375
0.127838134765625
0.127593994140625
0.127227783203125
0.125396728515625
0.12689208984375
0.1298828125
0.129180908203125
0.126129150390625
0.127685546875
0.12750244140625
0.13543701171875
0.12786865234375
0.128631591796875
0.13299560546875
0.130340576171875
0.1282958984375
0.130859375
0.132568359375
0.12957763671875
0.126190185546875
0.128997802734375
0.12567138671875
0.128692626953125
0.125
0.12530517578125
0.13458251953125
0.13250732421875
0.126861572265625
0.1314697265625
0.1324462890625
0.13067626953125
0.131744384765625
0.1302490234375
0.131500244140625
0.128509521484375
0.1298828125
0.13116455078125
0.131378173828125
0.13446044921875
0.132171630859375
0.12738037109375
0.131561279296875
0.12786865234375
0.131805419921875
0.126678466796875
0.131439208984375
0.133941650390625
0.1259765625
0.127410888671875
0.12957763671875
0.12628173828125
0.12481689453125
0.127227783203125
0.12701416015625
0.12750244140625
0.126861572265625
0.134979248046875
0.125762939453125
0.12408447265625
0.12860107421875
0.128173828125
0.12713623046875
0.131622314453125
0.131439208984375
0.12445068359375
0.12890625
0.12554931640625
0.12890625
0.127349853515625
0.124969482421875
0.129974365234375
0.130767822265625
0.13189697265625
0.129791259765625
0.1278076171875
0.13079833984375
0.126861572265625
0.132049560546875
0.12628173828125
0.13226318359375
0.132659912109375
0.131561279296875
0.13507080078125
0.132110595703125
