0
0
0
0.00005620726054819834
0.00001492559523809524
0.00006864157993061112
0.000012500000000000006
0.00021914864494935665
0.00013093765462642262
0.0006661266747868455
0.0001267750850340137
0.00008267973856209141
0.0006198137765318383
0.0002234600760456276
0.000027836438923395408
0.0007962706146926538
0.00019501416932341483
0.0006136601079575134
0.0002985966735966739
0.0007459856853897631
0.0009220902353966861
0.0010654317998385798
0.0002935689704617148
0.000675538010061487
0.0010526740740740724
0.00037750556792872904
0.00105778787878788
0.0008612593383137695
0.0010172247446083992
0.0006988544649830792
0.0007627844541038088
0.0006427795527156543
0.0005522721629004218
0.0006732931976166838
0.0007695865764961047
0.0008654091700522344
0.0009515956762321452
0.0007370813397129206
0.00027655025436546096
0.0005472812622245399
0.0010629264313260153
0.0003445765740995338
0.0008348450383849861
0.00031324779718658395
0.0011421143199162054
0.0011148706132577033
0.0010051478083588179
0.0006532740808264908
0.0007789132522407104
0.00008411006018916665
0.00015033747779750906
0.00021976255707762174
0.0003367665816326549
0.00023310223509934462
0.00027397217607972343
0.00024722449815649266
0.0002367892976588587
0.0001165580497224312
0.00018501291989663285
0.00014470845106601932
0.0002779284989858126
0.0003097999374804579
0.0006141587048832164
0.0002860192658161971
0.00022457744527570265
0.000010574305933581032
0.0003739351727832827
0.0006327281529895845
0.00014959576515880262
0.0004474172300225376
0.0004496387283236971
0.0004891116077664462
0.0010068379728765185
0.0007136363636363643
0.0006339669421487627
0.0012640769145270648
0.0009108525754884584
0.001302210191082802
0.0007418873968214829
0.000596898125308339
0.0006900394595240945
0.0008154705441837291
0.0009429832503395165
0.001190978964401296
0.0011554977876106162
0.0018004100913621183
0.002593900220243227
0.002199636803874094
0.0023010498306724712
0.0005115349143609993
0.0002156707029407124
0.0005328116160663906
0.0006857021276595436
0.00039866013071894284
0.0006636645962733004
0.00029740732804797785
0.00016905513723586722
0.0008455592105263237
0.0004405494247476136
0.00033632197648933334
0.0002534893708395892
0.0000797395079594897
0.0004125708884688235
0.00019830442408887367
0.00043341790135984664
0.0008111940298507475
0.00011922751859366996
0.00044341873655388375
0.0007101034752049897
0.00014550747137589525
0.00045556119342400045
0.00005741406874501839
0.00018210113005170727
0.00015680711610488294
0.0004648637739656797
0.00032685545067554324
0.0002033943965517287
0.0008265650224215226
0.0004073833902161549
0.0005834682519605032
0.00005522426756546538
0.00004638027048530693
0.00020141523637455793
0.00010719739819005018
0.00003976750861077215
0.0001705908551069108
0.0006311162079510881
0.0006301780212255815
0.0006543725666367102
0.000012532299741600396
0.00010423425900467578
0.00013522152839724703
0.00011363760217982044
0.00020966108700143666
0.0003043730242360319
0.00020272333044234092
0.0005004757050628622
0.0008911808300395165
0.0004715066927848421
0.0009952477591746956
0.00020084772370486444
0.00048630460448641693
0.0009775643349039403
0.00033644959857271646
0.00019477272727273014
0.0003295042515642547
0.0004358927141713361
0.0006335612275904074
0.0002767723434761967
0.0011821286141575418
0.0010090269537209623
0.0005738460435779824
0.0006623342175066386
0.00008188963210704484
0
0.0003819457735247132
0.00006101884381987143
0.0002974247763621531
0.00004242141715503463
0.000026930998970142872
0.00019371822803193945
0.000031438372947825454
0.00013465626413389104
0.0002925010216591827
0.00038132189510626906
0.00035317337461300536
0.0005511368015414282
0.0010720374793312469
0.00036997237569060307
0.0008254869850025968
0.00036758031240791226
0.0006319218726703547
0.0003213814309284451
0.0005700760456273643
0.0007240381632019804
0.0006525609402205694
0.0012121761658031218
0.0013187904360056327
0.0010262552150769658
0.0010009909786768737
0.0007068036399829435
0.00024232997654848664
0.00084617321953268
0.0007724354005168058
0.0010166853373164025
0.001021496152390568
0.0006643385947758219
0.0006900406237714557
0.0009512562483556951
0.0006276940102365591
0.000951521017699104
0.0011017587601078298
0.0008065335191205914
0.0009007816862088317
0.0008065719484882461
0.00046121254355402586
0.0008914016825894985
0.0007490182954038153
0.0010943024580823517
0.0008066862260654813
0.0002491131351869835
0.00025351038873996787
0.00038484502757178056
0.00016823984526113508
0.00013032112786369424
0.0002611719718892125
0.00009953991012194493
0.00020171240161670053
0.0002050699701766246
0.0001522170900692972
0.00007487033835511384
0.00004136601144560789
0.000019640883977910197
0.00013936353211006842
0.00002040000000002704
0.00041723368655880664
0.00008269909274197068
0.00024162943103964298
0.0002632769901853884
0.0002856066720473026
0.00007760056887444365
0.00033297679477882735
0.00017974996018473726
0.0014049207345785577
0.001026497277676927
0.000586239565390225
0.0008242240215924489
0.001109526359633445
0.0011357193859335957
0.0011018647007805752
0.001293151125401917
0.0010209728033472483
0.000989232285747429
0.0014320117302052634
0.0013435609181871849
0.0012333755760368416
0.0016880911062906625
0.0018117577597840822
0.0023815367632943106
0.0026188213611435716
