0
0
27.270704444444444
431.1333333333333
456.4
472.6
516.1333333333333
496.06666666666666
510.6666666666667
543.0666666666666
589.8
647.1999999999999
665.8000000000001
709.8666666666666
668.8
677.1333333333334
767.2
795.2666666666667
849.8666666666668
852.7333333333333
341.6
836.0666666666666
892.9333333333334
890.4666666666666
909.4666666666667
958.4000000000001
861.2
947.8
959.2
1044.6666666666667
1029.6666666666667
1094.1333333333334
1006.2666666666667
1034.9333333333334
1022.0666666666667
929.3333333333334
976.6666666666666
944.4000000000001
998.9999999999999
969.1999999999999
937.4666666666667
973.0666666666665
982.6
874.7333333333335
793.2
643.3999999999999
868.6
822.9333333333334
813.3333333333333
772.7333333333332
745.8
696.4666666666666
625.5333333333334
605.8000000000001
645.5333333333334
608
583.8
612.6666666666667
533.7333333333333
521.4
496.66666666666663
435.6666666666667
512.5333333333333
509.06666666666666
466.06666666666666
479.73333333333335
498.4
568.6666666666666
735.6666666666667
816.3999999999999
831.2666666666665
962.5333333333332
921.8666666666666
892.5333333333333
1037.8000000000002
1179.4666666666667
1094.2
1052
1127.3333333333333
1086.4666666666667
1135.6038917766227
1089.6000000000001
1149.1999999999998
1178.6666666666665
1215.1333333333332
1288.1333333333332
1386.9094254099455
1384
1321.3333333333333
896.2
819.4000000000001
675.9333333333333
606.4666666666667
595.7333333333333
558
567
546.6
541.2666666666668
570.0666666666666
669.6666666666667
658.5333333333333
617.8666666666667
634.2666666666667
678.4
641
708.2
722.6666666666667
680.5333333333334
683.0666666666666
691.2
685
681.8666666666668
704.5333333333333
691.0666666666667
639.2666666666667
702.2666666666668
762.9333333333335
676.2
582.6
502.20000000000005
479.4666666666667
496.1333333333334
442.06666666666666
456.26666666666665
477.46666666666664
446.06666666666666
434.33333333333337
420.9333333333333
441.20000000000005
443.00000000000006
488.1333333333333
452.93333333333334
517.2
659.0666666666667
757.8
725.4666666666668
799.7333333333333
789.8666666666667
841.8666666666668
811.5333333333334
864.1333333333334
892.8000000000001
746.0666666666666
752.8000000000001
765.3333333333333
829.0666666666666
819.0666666666666
823.3333333333333
818.4666666666667
743.5333333333334
751.3333333333333
916.8666666666667
814.0000000000001
162
23.4
420.26666666666665
430.93333333333334
494.6666666666667
515.2666666666667
523.1333333333334
543.3333333333334
551.9333333333334
581.8
651.3333333333334
663.8666666666666
694
656.4666666666667
722.2666666666668
699.2666666666665
782.2666666666665
875.5333333333333
891.4000000000001
855.8666666666667
861.3999999999999
862.8
865.7333333333335
923.1333333333332
943.9333333333334
882.8666666666667
947.8666666666667
915.8000000000001
953.5169999111349
923.6000000000001
994.7333333333335
1031.7333333333333
1040.5999999999997
957.8666666666667
990.6
992.7999999999998
950.0666666666667
931.8666666666668
939.1999999999999
823
895.2666666666667
953.7333333333333
951.8666666666669
874
894.6
811.515894701766
855.0000000000001
826.9999999999999
766.1333333333334
684.7333333333333
690.2666666666667
676.3333333333335
623
588.1999999999999
605.6000000000001
571.2666666666667
576.5333333333334
568.3333333333334
534.1999999999999
461.80000000000007
448.7333333333334
513.7333333333335
472.4
502.2666666666667
443.6666666666667
493.86453791969427
503.33333333333337
697.5999999999999
789.2
815.1333333333333
895.0666666666666
923.4666666666668
975.4
1059
1054.9333333333332
1062.1333333333334
1072.2666666666667
1064.8666666666666
1012.1333333333333
1143.7333333333331
1106.0666666666668
1096.2666666666664
1186.8666666666666
1244.9333333333334
1160.6666666666665
1414.2
1481.5333333333333
