0
0
0.0029166666666666655
0.0033463503649635035
0.0029542528735632193
0.003288131868131869
0.002957615230460926
0.004337152034261248
0.0037265182186234703
0.009377103718199617
0.0038825396825396857
0.0035484
0.0037658631415241014
0.0035263353115726893
0.0033470992366412197
0.01692310664605871
0.00407590604026846
0.012318152866242037
0.005184673366834171
0.012992641737032563
0.02748770161290316
0.020206841432225064
0.007575952380952401
0.013764101057579284
0.015854918981481475
0.0046453713670613446
0.02699578754578753
0.00771624999999992
0.014029977753058968
0.00551616766467067
0.006269304435483895
0.0064410697230181365
0.015440064102564065
0.005662475345167653
0.00867568807339447
0.018979618937644313
0.008095766345123235
0.010950337457817746
0.005556023454157833
0.00917391067538129
0.021652452619843925
0.00532604501607712
0.006243881856540159
0.012410011918951133
0.02629729899497476
0.010783166666666705
0.010820310559006327
0.0070066623544631605
0.013625859872611525
0.003389855072463798
0.003240793201133145
0.007172247023809524
0.00921327731092441
0.008702303754266292
0.0036656752411576305
0.005230683760683682
0.004209595070422412
0.0044723458904109194
0.00468953488372102
0.004404183673469483
0.004795771670190325
0.006414964370546484
0.0039055441478439423
0.003936270491803326
0.005927914798206226
0.0032247816593887987
0.005588168724279787
0.006145555555555513
0.003514425770308188
0.004506384323640725
0.009081115335868186
0.005309203444564048
0.01528515625
0.02463008274231684
0.007802424568965416
0.007543153710247226
0.006779829545454545
0.01014663366336643
0.006909269662921217
0.007396073793755825
0.006437730627306274
0.02130439882697961
0.016408679927667227
0.01946009700176367
0.020319408181026982
0.011942011354419923
0.03181740435108785
0.06556178678678683
0.02070587761674729
0.012157790697674363
0.0037622971285893795
0.009498238897396774
0.01496477272727289
0.004735593220338982
0.012512265917602645
0.003700392927308448
0.0031988571428569652
0.011661776061776152
0.0049449275362320536
0.003374618902439025
0.007257915993537815
0.003806073211314399
0.01679999999999977
0.01043913713405239
0.009835265700483391
0.012173071216617419
0.008901085383502374
0.011569444444444804
0.007046904024767874
0.0036511415525114868
0.004221779141104437
0.004006424148607028
0.003316642120765763
0.00378368740515919
0.010982137161084232
0.004990364963503514
0.004463014608233917
0.022898257575757645
0.01253953900709228
0.01607318376068376
0.004699225663716917
0.0031553719008263507
0.005873684210526955
0.003556470588235294
0.003953923766816561
0.004012918660287415
0.0037683333333337773
0.009718114143920363
0.005182888349514225
0.008501699029126666
0.0034708768267224356
0.0056060439560439565
0.006359127789046275
0.0036291469194312796
0.0032037517053204096
0.007658588064046513
0.006746834625323058
0.010141292875989262
0.004413118811881533
0.0055551810237202915
0.0036965703971120257
0.0045548442906574935
0.013166574585635488
0.004244755244754919
0.004218937329700209
0.005266891891891606
0.019670741222366773
0.012431211372064392
0.009871473951715492
0.01772530864197531
0.01635337001375567
0.01226958705357122
0.00499012578616399
0.003007446808509317
0.0031676470588290076
0.00514468599033794
0.002914928909951724
0.0036810782241022675
0.0029147357723582914
0.0030180638722551176
0.0035120722433461854
0.004219613259668508
0.006161696428571095
0.0051319488817892864
0.00456789638932496
0.004929921874999854
0.013183775351013751
0.0034727272727274067
0.011960073529411901
0.006608989501312092
0.006410149082568167
0.0057587822014051535
0.004764916467780429
0.009716686531584999
0.01375132530120493
0.014290658682634953
0.004721840354767287
0.01065435520362012
0.025109976662776586
0.014662720264317182
0.016102705749718255
0.011973119469026756
0.01747146892655367
0.008061023206751153
0.014780838323353201
0.005773041709053822
0.02372543956043946
0.031804122055674816
0.024375160944205908
0.017882041484715852
0.015137128712871697
0.007305269186712486
0.020286121673003803
0.0086077698695132
0.0069588268156423536
0.005898950276242888
0.018565130023640772
0.005767596810934153
0.017701155327342986
0.01351321770334906
0.01179642401021664
0.006147162162162037
0.012070030120481226
0.003597045454545173
0.0034191833590135807
0.011877677100494234
0.008789858906525738
0.0033481757877283354
0.006478864059591011
0.009159300184162061
0.0031727611940300243
0.0030761859582540928
0.002874272930648353
0.003171330275229785
0.0030403925619830866
0.006466153846154051
0.003075152749490645
0.006571380090497316
0.0038962845010613732
0.006469358178054215
0.0030774289985042572
0.005281479057591989
0.013152676240208511
0.0187478971962619
0.01041939140811478
0.02074283369803084
0.0191317444219066
0.02881776384535015
0.018828884462150655
0.021877166504382237
0.025801627218934545
0.025478740581270184
0.006182007073386465
0.04436113243761978
0.01620460893854749
0.008623300970873951
0.008861284868977493
0.050802171860245514
0.01968016164584878
0.024132952182951924
