0.044216682499999806
0.02466395916666671
0.0677943161666666
0.2751751101666668
0.2669664988333332
0.15044052516666656
0.43158126999999996
0.325168673166667
0.30002115799999984
0.32309777249999994
0.38630201933333314
0.25331755316666654
0.4655789848333332
0.3309680525
0.4885134250000007
0.4297846241666659
0.4540663206666669
0.47682214783333404
0.281139322833333
0.5155574976666664
0.35126446616666723
0.3464063373333334
0.45531095066666555
0.6441881396666673
0.332573818833333
0.5703572218333334
0.7333531946666673
0.5203840146666654
0.5655971328333346
0.6146744853333317
0.45570330516666735
0.7297985050000003
0.48277366933333354
0.6513522379999988
0.6923474743333339
0.29601994216666816
0.652306657666666
0.500094765833334
0.6561948988333317
0.593353642833333
0.5384862068333333
0.4917125808333343
0.5859644944999994
0.4233980360000018
0.5813330851666667
0.04706391799999683
0.7887917110000017
0.24041898533333494
0.7200898161666628
0.32993737633333353
0.45004891666666913
0.4210215398333332
0.35858886733333384
0.3657721334999972
0.4404458749999994
0.307876472833333
0.3389890946666677
0.3872313540000031
0.35641807083333293
0.193667314166665
0.39945077166666465
0.29247072033333643
0.22224553633333244
0.3633119479999986
0.29663416866666614
0.25440230316666634
0.3014930106666706
0.26490051466666387
0.5641563678333341
0.26105821433333176
0.7135975420000021
0.5657179243333321
0.5410062813333335
0.5429807799999983
0.3977811088333378
0.731572530666663
0.7779903898333344
0.5222071026666649
0.6937815753333372
0.6273536154999988
0.7225688161666662
0.5589700101666655
0.7514052240000003
0.6437939465000018
0.6244247898333318
0.6228771703333346
1.0131694024999973
0.6783746154999998
0.8741149010000033
0.5494538609999987
0.49878494383332844
0.1974495220000089
0.550114675333333
0.3286967964999974
0.3230384254999971
0.36307452550000596
0.37622098866665965
0.29495506783333286
0.3366605698333368
0.25045697199999495
0.5547891905000027
0.4052778668333303
0.3520424093333361
0.37757233516667077
0.4503599901666651
0.4324458809999972
0.44496181599999807
0.23791449716667518
0.5539909211666629
0.374304972833329
0.40268450583333976
0.31936447199999896
0.5265536641666604
0.4207957251666698
0.29777477866666874
0.44088135849999804
0.6529514463333327
0.2458499356666645
0.5017796895000023
0.32566159950000423
0.3138432011666623
0.4120813948333364
0.2909451355000006
0.24614570983333312
0.306437766333327
0.32613109583333727
0.31431932783333605
0.28319336399999884
0.3037474541666635
0.26967742016666796
0.3392041208333296
0.19063866833333992
0.41489412383333496
0.21277578733332803
0.5044137690000051
0.41916107449999157
0.47573584216667086
0.5158963616666672
0.2802069266666649
0.5756011198333321
0.6151391526666714
0.4638159898333356
0.401688986166666
0.5087664599999944
0.2935515728333371
0.6164993799999933
0.5251199850000035
0.44091941900000126
0.4736655218333301
0.4666273931666656
0.6224430171666692
0.4193004655000057
0.4116033379999919
0.2811600981666705
0.04789166533332907
0.11338593633333478
0.2976377371666672
0.2992762814999992
0.3174430655000056
0.39859948399999706
0.3511554346666704
0.18348046633333107
0.37090706583333594
0.508351908499994
0.2153201246666659
0.400817779500007
0.4869037016666671
0.49200004499999744
0.4545908211666661
0.2495933974999976
0.6100478076666699
0.49975968916666597
0.5174952126666691
0.5330489586666639
0.6484261351666684
0.28130176183333333
0.7207703211666683
0.5644732296666651
0.3312394239999984
0.6116678396666656
0.6865530464999949
0.4521531581666712
0.6853900418333295
0.6543333845000062
0.3782677443333284
0.6179686870000012
0.5948813623333346
0.7424294809999973
0.49528817983334267
0.527284538833328
0.5454363114999978
0.549450524000008
0.525708275833324
0.6251723321666608
0.4856063860000101
0.5494924583333235
0.6569323861666778
0.5120867230000006
0.4541026233333316
0.5228996844999945
0.4080362583333301
0.4527316395000109
0.4385047441666643
0.40212779699999146
0.3695608238333345
0.402672918833332
0.411185946166673
0.3641467568333307
0.2053190708333356
0.38206698099999886
0.43001814166666463
0.2902367710000059
0.267123682333325
0.29497558216667125
0.24534324683332895
0.29039540133334185
0.3714476069999932
0.16937188566667297
0.2750494131666604
0.3528614433333435
0.40937785500000246
0.3907860484999901
0.5627362668333261
0.6260674445000138
0.31503165433332464
0.6276956966666678
0.5168813383333296
0.7465877430000015
0.5719022776666709
0.5831701303333336
0.7568448478333304
0.45281031283334033
0.669534249499994
0.6460189713333382
0.6915073804999944
0.6603193503333386
0.765884294833332
0.8499466834999982
0.3529815456666749
0.8192157284999931
