0.08966145833333333
0.08966145833333333
0.09167534722222222
0.092109375
0.09251736111111111
0.09236979166666667
0.09259548611111111
0.09286458333333333
0.09298611111111112
0.09387152777777778
0.09388888888888888
0.09388888888888888
0.09388888888888888
0.09389756944444444
0.09390625
0.09411458333333333
0.09414930555555556
0.09434027777777777
0.09435763888888889
0.09475694444444445
0.09520833333333334
0.095
0.09486979166666666
0.09498263888888889
0.09513888888888888
0.09513888888888888
0.09527777777777778
0.09528645833333334
0.09533854166666667
0.09530381944444444
0.09533854166666667
0.09543402777777778
0.09543402777777778
0.09560763888888889
0.095625
0.09567708333333333
0.09571180555555556
0.09571180555555556
0.09571180555555556
0.09576388888888888
0.09572048611111111
0.09572048611111111
0.09572916666666667
0.09566840277777777
0.09553819444444445
0.09553819444444445
0.09557291666666666
0.09558159722222222
0.09578993055555556
0.09578993055555556
0.09592881944444444
0.09966145833333333
0.095859375
0.095859375
0.09578993055555556
0.09563368055555556
0.09563368055555556
0.095703125
0.096015625
0.09603298611111111
0.09606770833333333
0.09621527777777777
0.09588541666666667
0.09569444444444444
0.09584201388888888
0.09591145833333334
0.09605034722222222
0.09627604166666667
0.09634548611111111
0.09620659722222222
0.09620659722222222
0.096171875
0.09584201388888888
0.09585069444444444
0.0959982638888889
0.09605034722222222
0.09605902777777778
0.09609375
0.09609375
0.09609375
0.09604166666666666
0.09609375
0.09611979166666666
0.09611979166666666
0.09635416666666667
0.09643229166666667
0.09638888888888889
0.097109375
0.0975
0.09763888888888889
0.09763888888888889
0.0975
0.0975
0.09751736111111112
0.09758680555555556
0.09758680555555556
0.09756076388888889
0.0975
0.0975
0.09756944444444444
0.09764756944444444
0.09765625
0.09769097222222223
0.09770833333333333
0.09772569444444444
0.09779513888888888
0.09782118055555555
0.09782118055555555
0.09783854166666667
0.09783854166666667
0.09783854166666667
0.09763020833333333
0.09756944444444444
0.09980034722222222
0.09792534722222222
0.09802951388888889
0.09785590277777778
0.09785590277777778
0.09786458333333334
0.09786458333333334
0.0978732638888889
0.09788194444444444
0.09803819444444445
0.09822916666666667
0.09814236111111112
0.09807291666666666
0.09808159722222222
0.09808159722222222
0.09801215277777778
0.09794270833333334
0.09766493055555556
0.09766493055555556
0.09766493055555556
0.09766493055555556
0.09794270833333334
0.09797743055555555
0.0978732638888889
0.097890625
0.09776041666666667
0.09776041666666667
0.09776041666666667
0.09782986111111111
0.09782986111111111
0.09789930555555555
0.09796875
0.09814236111111112
0.09810763888888889
0.09810763888888889
0.09798611111111111
0.09802951388888889
0.09805555555555556
0.10330729166666666
0.09850694444444444
0.09854166666666667
0.09834201388888889
0.09834201388888889
0.09799479166666666
0.09785590277777778
0.09785590277777778
0.09799479166666666
0.09801215277777778
0.09801215277777778
0.09796006944444445
0.09798611111111111
0.09798611111111111
0.09799479166666666
0.097890625
0.097890625
0.0978125
0.09782986111111111
0.09776041666666667
0.09776041666666667
0.09789930555555555
0.09803819444444445
0.0980642361111111
0.09807291666666666
0.09797743055555555
0.09800347222222222
0.09802083333333333
0.09807291666666666
0.09814236111111112
0.09814236111111112
0.09808159722222222
0.09810763888888889
0.09810763888888889
0.09810763888888889
0.09810763888888889
0.09792534722222222
0.09813368055555556
0.0980642361111111
0.09799479166666666
0.0980642361111111
0.0980642361111111
0.09830729166666667
0.09830729166666667
0.09831597222222223
0.09834201388888889
0.098359375
0.098359375
0.09828993055555556
0.09828993055555556
0.09830729166666667
0.09810763888888889
0.09810763888888889
0.09810763888888889
0.09831597222222223
0.09824652777777777
0.09817708333333333
0.09817708333333333
0.09818576388888889
0.09818576388888889
0.09827256944444444
0.09827256944444444
0.09827256944444444
0.09815972222222222
0.09809895833333333
0.09811631944444445
0.09815972222222222
0.09817708333333333
0.09821180555555556
0.09822048611111112
0.09822048611111112
0.09823784722222222
0.09824652777777777
0.09826388888888889
0.09826388888888889
0.09826388888888889
0.09835069444444444
0.0984982638888889
0.09864583333333334
0.09847222222222222
0.10198784722222222
0.09848090277777778
0.09871527777777778
0.09872395833333333
0.09891493055555556
0.09901041666666667
0.09901041666666667
0.09901909722222223
0.09863715277777778
