0
0
3.6925977777777774
54.93333333333332
59.2
59.599999999999994
66.4
63.93333333333334
65.86666666666666
70.66666666666667
74.33333333333333
83.60000000000001
86.79999999999998
91.13333333333334
86.73333333333333
86.80000000000001
98.6
103.26666666666665
105
109.33333333333333
27.4
106
113.13333333333334
112.86666666666667
117.33333333333334
123.80000000000001
110.00000000000001
116.33333333333331
122.8
132.73333333333335
132.13333333333333
140
125.39999999999999
133.53333333333333
131.06666666666666
119.60000000000001
122.86666666666667
118.46666666666667
126
121.4
122.13333333333334
124.00000000000001
127.60000000000001
112.40000000000002
95.2
84.13333333333335
108.2
103.66666666666667
105.13333333333334
100.46666666666667
95.26666666666667
90.8
78.6
77.6
83.13333333333334
78.53333333333333
73.93333333333334
76.06666666666666
67.93333333333332
66.33333333333333
63.53333333333334
57.2
66.33333333333333
66
59.866666666666674
62.4
63.6
74.13333333333333
94.13333333333333
105.33333333333334
109.33333333333333
122.40000000000002
119.73333333333332
116.19999999999999
130.93333333333334
149.73333333333332
140.06666666666666
135.93333333333334
143.46666666666667
138.8
144.65715047314407
138.66666666666666
147.13333333333333
151.13333333333333
156
165.06666666666666
177.72968048704615
175.93333333333334
165
114.73333333333335
103.80000000000001
86.86666666666667
78.26666666666667
75.66666666666667
73.2
69.73333333333333
70.46666666666667
69.4
74.06666666666666
85.66666666666667
85
80.66666666666667
82.2
86.53333333333333
82.66666666666666
91.53333333333333
91.53333333333335
87.33333333333334
87.66666666666666
87.86666666666666
89.00000000000001
87.86666666666666
89.60000000000001
87.6
84.46666666666668
89.73333333333333
100.4
85.60000000000001
74.86666666666666
63.86666666666667
61.00000000000001
63.533333333333324
57.8
59.2
61
56.66666666666667
55.73333333333334
54.26666666666667
56.93333333333334
56.73333333333334
61.800000000000004
60.4
67
84.53333333333333
96.19999999999999
90.53333333333333
102.13333333333334
99.26666666666667
107
106.13333333333333
110.33333333333334
114.13333333333333
94.60000000000001
96.46666666666667
98
105.86666666666666
105.66666666666667
105.66666666666666
103.66666666666666
96.13333333333333
96.53333333333335
117.73333333333332
103
16.6
3.2666666666666666
55.599999999999994
55.66666666666668
63.06666666666668
66.2
66.60000000000001
68.46666666666667
71.46666666666667
73.86666666666667
82.93333333333334
86.13333333333333
86.66666666666667
83.53333333333335
94.8
89.6
102.33333333333334
115.13333333333334
115.60000000000001
109.79999999999998
110.8
111.4
110.53333333333333
119.6
120.13333333333333
115.53333333333333
121.60000000000002
118.93333333333334
122.11699991113481
119.46666666666667
127.4
132.86666666666667
131.6
122.86666666666666
127.13333333333333
126.26666666666667
123.33333333333333
119.86666666666667
117
106.60000000000001
113.86666666666666
120.86666666666667
122.53333333333335
112.06666666666666
115.33333333333333
104.11589470176608
111.26666666666667
106.39999999999999
98.33333333333334
88.86666666666666
89.4
85.86666666666667
79.86666666666666
75.66666666666667
78.60000000000001
73.2
72.26666666666667
72.60000000000001
68.8
59.400000000000006
58.2
65.46666666666667
60.400000000000006
64.33333333333334
57.26666666666667
63.064537919694246
65.4
89.13333333333333
102.66666666666667
104.93333333333332
116.33333333333333
115.33333333333334
121.93333333333334
132.66666666666669
131.79999999999998
135.06666666666666
137.4
138.06666666666666
127.13333333333334
149.1333333333333
139.8
140.53333333333333
151.99999999999997
158.46666666666664
143.53333333333333
181.00000000000003
189.66666666666666
