0
0
0.0000577659434003785
0.000021724137931034477
0
0.000006069364161849711
0.000022074468085106377
0.00005857142857142856
0.0000310650887573964
0.00004097560975609757
0.000010294117647058831
0.000008367346938775512
0.000012256809338521422
0.000014893617021276604
0.000004303278688524579
0.000028599221789883302
0.000021951219512195114
0.00005844370860927154
0.000047058823529411896
0.00008202416918429008
0
0.00008746223564954675
0.00004883333333333335
0.0000765486725663717
0.00006999999999999991
0.000026086956521739145
0.00018823529411764712
0.00004246376811594197
0.00007380281690140849
0.00004247787610619454
0.000021818181818181906
0.00012889447236180915
0.00012320954907161832
0.00005189504373177854
0.00004889502762430929
0.00006788413098236744
0.00011498637602179835
0.0000652037617554861
0.00004227848101265863
0.00010364864864864872
0.000027284595300261358
0.00004106060606060592
0.000041563275434243455
0.0000960055096418735
0.00009077669902912615
0.00007302052785923746
0.00007387096774193468
0.000025609756097560658
0.000028498293515358632
0.00004458204334365283
0.000019589552238805545
0.000056862745098039446
0.000024647887323943928
0.000024881516587677994
0.000027510917030567736
0.000018584070796459373
0.000019339622641509006
0.00003058252427184471
0.000015517241379310793
0.00002270270270270295
0.00001141304347826161
0.000015107913669064095
0.000018750000000000544
0
0.00004940119760479077
0.00001852941176470642
0.000023595505617976822
0.000032300884955752266
0.000025344827586206975
0.00003009554140127367
0.00007659932659932642
0.00005357142857142873
0.000030000000000000065
0.00006382978723404271
0.00010028248587570606
0.00004198113207547146
0.00004527845036319651
0.00006080097087378629
0.000045517241379309706
0.00007788461538461532
0.00008594470046082887
0.00007770270270270269
0.00011564551422319478
0.00015329545454545465
0.0001252403846153844
0.0001241127348643
0.00011442125237191619
0.00020965447154471542
0.00013561797752809047
0.00003620689655172507
0.000021575342465753658
0.00005325581395349069
0.000043750000000000745
0.0000226293103448271
0.00004816513761468046
0.00002346368715083951
0.00001702702702702875
0.000054265402843603734
0.00003295964125560395
0.000028181818181818903
0.000039503816793894074
0.00005340314136125738
0.0000652941176470565
0.00019331896551724048
0.000015107913669065323
0.000034883720930232556
0.000025506072874495127
0.00029846491228070055
0.000029518072289156256
0.000012962962962963339
0.000024901185770750807
0.000011842105263157809
0.000020392156862745277
0.000012650602409638006
0.00004638554216867497
0.00003621908127208561
0.000010937500000000317
0.0001066371681415925
0.00005384615384615501
0.000040384615384616134
0.00004304123711340218
0.00003070175438596558
0.00005286624203821845
0.000037058823529410155
0.000016935483870968232
0.0000330188679245283
0.00006830065359477006
0.00003368983957219409
0.00002579617834395021
0.00001272727272727493
0.000027486910994763205
0.00003705882352941283
0.00004421052631578756
0.00001640624999999929
0.000023234200743496114
0.00004230769230769131
0.00007825342465753315
0.000035526315789473006
0.000010937500000000317
0.000019904458598724663
0.00002406876790830906
0.000041285714285711825
0.000023397435897437208
0.0000159090909090928
0.00006576271186440707
0.000020064724919095465
0.0000792717086834726
0.000060909090909090906
0.00003442622950819672
0.00008320610687022796
0.00006930147058823497
0.000051598837209302335
0.00002499999999999892
0
0
0.00003065693430656802
0.00001228070175438676
0.00003121212121211901
0.00004644670050761237
0.000010880829015543572
0.00003372093023255814
0.000010096153846154501
0.00002430555555555766
0.000012753036437247332
0.00003054393305439216
0.000011977186311786556
0.000040343347639484395
0.00005037174721189489
0.00006846689895470335
0.00002470414201183405
0.00023374999999999915
0.0000403614457831328
0.000018805970149252918
0.00005090909090908939
0.00004115168539325804
0.00005841750841750888
0.000011830985915492447
0.000037465564738292386
0.000036991869918698815
0.00006952247191011109
0.00006511299435028235
0.00007529940119760507
0.00008362944162436502
0.00006578947368421172
0.00005164383561643935
0.0000424744897959186
0.00005932432432432506
0.00003364611260053485
0.00003311345646437803
0.00003761194029850719
0.0000397360703812322
0.000059580838323353575
0.00023498542274052585
0.0000638263665594867
0.000017119565217391177
0.00002097701149425209
0.00006318181818181859
0.000016104294478526908
0.000044126506024097343
0.000037801204819278345
0.00003705673758865266
0.0000356603773584873
0.00005694444444444499
0.00005808270676691917
0.000023230088495574214
0.000030000000000000865
0.00003942307692308042
0.0000868421052631567
0.000018260869565215614
0.00003724489795918228
0.000004625550660789746
0.000028415300546447093
0.000013999999999996363
0.00001944444444444641
0.000010994764397902902
0.000006481481481482604
0.000011731843575421026
0.00004147727272727376
0.00000576923076923052
0.00003509615384615472
0.000007636363636360824
0.00001344262295082012
0.00003633440514469512
0.00004266304347826284
0.00004301587301587359
0.00006793478260869256
0.000057161458333334045
0.00009530026109660634
0.00010303867403314718
0.00005875912408759091
0.00007472647702407122
0.00012919708029197224
0.00003543689320388383
0.0001417499999999973
0.00008466334164588653
0.00009068396226415266
0.0001268218623481788
0.00011507352941176427
0.00011028513238289178
0.00024452423698384165
