0
0
2.5670355555555555
20.800000000000004
20
23.466666666666665
25.933333333333337
23.866666666666664
23.8
26.333333333333332
25.8
32.53333333333333
32.60000000000001
37.13333333333334
33.86666666666667
34.46666666666667
39.86666666666667
37.6
39.26666666666667
43
4.2
40.33333333333333
40.866666666666674
44.73333333333334
47.13333333333334
43.00000000000001
42.93333333333334
44.93333333333332
45.93333333333334
45.46666666666667
52.46666666666666
54.666666666666664
48.6
46.46666666666666
47
50.6
47.26666666666667
42.13333333333333
50.73333333333334
49.199999999999996
49.53333333333333
43.46666666666666
51.666666666666664
46.86666666666667
26.6
38.666666666666664
42.13333333333333
38.266666666666666
37.53333333333333
42.13333333333333
34.2
33.333333333333336
28.466666666666665
28.2
31.866666666666667
30.266666666666666
27.266666666666666
27.933333333333334
26.2
25.066666666666666
25.400000000000002
20.066666666666666
23.06666666666667
26.333333333333332
23.866666666666667
22.866666666666667
23.266666666666666
29.799999999999997
38
41.46666666666667
40
46.00000000000001
44.13333333333333
42.53333333333334
49.26666666666667
55.53333333333333
54.733333333333334
53.73333333333334
58.2
55.53333333333334
57.53064107690257
54.86666666666667
59.800000000000004
57.13333333333333
56.8
64.25152262277604
68.53238234902014
65.13333333333334
60.86666666666667
42.333333333333336
38.13333333333333
29.466666666666665
28.933333333333334
29.133333333333333
28.466666666666665
24.533333333333335
25.800000000000004
28.266666666666666
28.86061575369852
29.599999999999998
34.4
27.599999999999998
32.599999999999994
30.13333333333334
33.866666666666674
39.13333333333333
34.46666666666666
30.599999999999998
32.666666666666664
33.33333333333333
34.93333333333333
34.333333333333336
33.46666666666667
32.53333333333334
33.2
36.46666666666667
37.33333333333333
29.266666666666673
25.533333333333335
23.266666666666666
25.200000000000003
22.666666666666668
19.866666666666667
23.666666666666664
24.000000000000004
23.200000000000003
20.53333333333333
21.13333333333333
21.266666666666666
21.46666666666667
25.733333333333334
21.799999999999997
26.400000000000002
31.933333333333334
34.46666666666667
36.199999999999996
38.8
35.333333333333336
39.53333333333334
41.73333333333333
45.73333333333333
43.93333333333334
38.400000000000006
35.266666666666666
37.46666666666666
39.53333333333333
46.333333333333336
36.800000000000004
39.666666666666664
35.93333333333334
35.2
44.13333333333334
34
3.1333333333333337
1.0666666666666669
19.73333333333333
22.933333333333337
23.733333333333334
26.799999999999997
24.533333333333335
26.933333333333334
27.53333333333333
28.066666666666666
33.4
32.13333333333333
35.93333333333333
32.33333333333333
36.666666666666664
36.53333333333334
42.93333333333333
43.266666666666666
44
42.333333333333336
44.26666666666667
46.599999999999994
39.13333333333333
47.599999999999994
46.73333333333334
47.733333333333334
47.13333333333334
47.53333333333334
44.66666666666667
46.4
50.53333333333333
48.400000000000006
51.13333333333333
48.53333333333333
51.733333333333334
50.4
45.266666666666666
43.06666666666666
44.2
42.333333333333336
41.266666666666666
47.60000000000001
47.06666666666666
41.53333333333334
44.46666666666666
41.599999999999994
44.266666666666666
41.00000000000001
36.8
32.93333333333334
34.53333333333333
31.46666666666667
28.933333333333334
27.133333333333336
29.800000000000004
31.666666666666668
26.666666666666668
30.800000000000004
25.933333333333337
19.866666666666664
21.933333333333334
24.733333333333334
20.733333333333334
23.133333333333333
21.600000000000005
24.46666666666667
26.4
36.733333333333334
39.46666666666666
42.46666666666667
47.73333333333332
42.53333333333333
48.73333333333334
53.2
51.599999999999994
48.400000000000006
53.6
58.20000000000001
53.8
54.199999999999996
54.6
52.2
56.466666666666676
65.2
54.8
66.86666666666667
74.73333333333333
