0.11474609375
0.11383056640625
0.115386962890625
0.11383056640625
0.1177978515625
0.11968994140625
0.1173095703125
0.116424560546875
0.1153564453125
0.118011474609375
0.115997314453125
0.119415283203125
0.119476318359375
0.118499755859375
0.12213134765625
0.118804931640625
0.11962890625
0.119415283203125
0.119140625
0.121246337890625
0.122802734375
0.12176513671875
0.118621826171875
0.11907958984375
0.118804931640625
0.120697021484375
0.119598388671875
0.120758056640625
0.118133544921875
0.119476318359375
0.1243896484375
0.121246337890625
0.121917724609375
0.12091064453125
0.12054443359375
0.12091064453125
0.120269775390625
0.121734619140625
0.123199462890625
0.124908447265625
0.121337890625
0.122650146484375
0.12091064453125
0.1241455078125
0.124176025390625
0.1226806640625
0.12298583984375
0.124847412109375
0.12396240234375
0.12249755859375
0.12274169921875
0.121978759765625
0.1246337890625
0.124603271484375
0.12213134765625
0.122314453125
0.122650146484375
0.122955322265625
0.124053955078125
0.126983642578125
0.125732421875
0.12396240234375
0.125579833984375
0.125823974609375
0.12255859375
0.1239013671875
0.1234130859375
0.123291015625
0.124267578125
0.125213623046875
0.123626708984375
0.126251220703125
0.1220703125
0.12530517578125
0.12451171875
0.12298583984375
0.122406005859375
0.12347412109375
0.122344970703125
0.123626708984375
0.122039794921875
0.123260498046875
0.12432861328125
0.1217041015625
0.124298095703125
0.1239013671875
0.12396240234375
0.12579345703125
0.123809814453125
0.12347412109375
0.125579833984375
0.123504638671875
0.126800537109375
0.126953125
0.12420654296875
0.124114990234375
0.124603271484375
0.12921142578125
0.12652587890625
0.126922607421875
0.123992919921875
0.12371826171875
0.126129150390625
0.12432861328125
0.12457275390625
0.127288818359375
0.127655029296875
0.12646484375
0.125213623046875
0.1278076171875
0.126190185546875
0.130828857421875
0.128265380859375
0.12738037109375
0.12738037109375
0.1279296875
0.126312255859375
0.12615966796875
0.126068115234375
0.126739501953125
0.125518798828125
0.12646484375
0.13348388671875
0.127349853515625
0.124664306640625
0.128570556640625
0.127716064453125
0.126617431640625
0.1279296875
0.127166748046875
0.125732421875
0.125335693359375
0.12835693359375
0.126068115234375
0.125579833984375
0.127288818359375
0.126495361328125
0.128204345703125
0.124847412109375
0.124786376953125
0.12945556640625
0.128692626953125
0.1256103515625
0.12994384765625
0.126708984375
0.126983642578125
0.125640869140625
0.127471923828125
0.12530517578125
0.12774658203125
0.12664794921875
0.129180908203125
0.129608154296875
0.13092041015625
0.127777099609375
0.12799072265625
0.130035400390625
0.127197265625
0.13104248046875
0.127716064453125
0.1278076171875
0.1292724609375
0.1295166015625
0.129730224609375
0.126556396484375
0.128692626953125
0.12689208984375
0.128326416015625
0.128936767578125
0.128997802734375
0.12841796875
0.129974365234375
0.127044677734375
0.1295166015625
0.127532958984375
0.130096435546875
0.12646484375
0.129852294921875
0.130096435546875
0.131683349609375
0.130523681640625
0.12933349609375
0.130584716796875
0.128753662109375
0.128173828125
0.127044677734375
0.128570556640625
0.13238525390625
0.12896728515625
0.127716064453125
0.127349853515625
0.1285400390625
0.128448486328125
0.1287841796875
0.130218505859375
0.1280517578125
0.131988525390625
0.128662109375
0.1285400390625
0.132537841796875
0.12786865234375
0.1295166015625
0.128631591796875
0.131317138671875
0.127716064453125
0.129302978515625
0.131866455078125
0.128631591796875
0.12689208984375
0.12786865234375
0.125823974609375
0.127288818359375
0.12677001953125
0.128662109375
0.12646484375
0.12713623046875
0.126251220703125
0.126953125
0.128509521484375
0.128509521484375
0.130340576171875
0.130279541015625
0.128814697265625
0.130615234375
0.12811279296875
0.1282958984375
0.129425048828125
0.12591552734375
0.128173828125
0.12652587890625
0.126495361328125
0.12603759765625
0.12939453125
0.12744140625
0.12835693359375
0.127197265625
0.128143310546875
0.1285400390625
0.127838134765625
0.12939453125
