0.010599277833333252
0.026684516666666564
0.022142090000000003
0.05137173833333333
0.05780347583333345
0.03406771416666654
0.0635992716666666
0.0499112548333335
0.03927285966666656
0.06606382899999996
0.058580631999999966
0.06240369150000013
0.06168363350000009
0.06422660616666645
0.05895624366666662
0.08225533916666687
0.0319761379999998
0.08490449183333333
0.06440506999999998
0.06908932733333342
0.06746988633333324
0.04354722483333351
0.08037675433333319
0.08948939533333326
0.06673356016666669
0.09849029899999982
0.07974985950000028
0.08253616750000009
0.04458394916666641
0.11877582433333343
0.07961620983333322
0.08164111150000035
0.09283680633333327
0.08105404516666681
0.10576096766666628
0.045985942833333716
0.0904011354999999
0.08954137283333333
0.08706841900000009
0.09839982766666644
0.07829969366666666
0.07419237583333307
0.08377166766666673
0.07501211433333368
0.06896401266666648
0.040473012999999725
0.0859682276666671
0.07597706899999974
0.04867811433333339
0.11041211799999986
0.06733409783333322
0.043035540333333344
0.08865899416666659
0.05103847216666679
0.059590254000000314
0.06449519566666655
0.04247343699999994
0.05497890233333358
0.0729831626666666
0.03559103916666591
0.05289823083333426
0.057383169666666824
0.0527240098333325
0.05840380100000075
0.03247982883333241
0.06682408933333406
0.04114426449999915
0.06753877000000112
0.06630644033333273
0.04954670199999947
0.11501289216666775
0.07503166449999908
0.07606566100000003
0.07943116033333315
0.08029524000000046
0.08773510816666646
0.08517194450000075
0.09946661616666574
0.1115517066666669
0.04808669083333328
0.13126883566666692
0.0762288506666664
0.08747159150000053
0.1173994433333334
0.09670910116666676
0.10550746033333287
0.11093394899999964
0.11360264283333402
0.10687350433333265
0.05514198416666715
0.07451709383333356
0.0662890376666662
0.06190171150000031
0.06867153383333265
0.06111132016666687
0.058839735333333934
0.0527596250000002
0.03465098533333233
0.08460795100000003
0.03338517100000023
0.06575605383333401
0.06306508049999948
0.05700902200000021
0.05715378716666682
0.09844359466666573
0.03535507116666754
0.07097250166666669
0.06510872016666625
0.06728424850000063
0.07541240316666631
0.05070483199999979
0.07969932383333381
0.04561651183333263
0.06462993233333354
0.0914370566666669
0.0476828591666667
0.08459773516666638
0.07016647966666648
0.06872778949999987
0.05753892383333318
0.053189947500000535
0.03987380899999948
0.06427715766666726
0.059307734999999674
0.05670577450000044
0.047472711833332674
0.055009311833333165
0.055178628333333535
0.030398555500000885
0.05726156516666592
0.06991506450000055
0.025671463166666793
0.0637747115000001
0.045877789499999246
0.07561372616666635
0.07612828566666725
0.08149888916666606
0.03974007866666676
0.10455066349999953
0.045640663666667074
0.09111571916666605
0.09178990700000136
0.062302883666665324
0.07891585200000151
0.04206476316666633
0.10299635583333355
0.046370208333333565
0.0960545408333336
0.06789252933333263
0.07201470533333301
0.07009844299999912
0.07540931066666683
0.0761597371666672
0.04582347550000065
0.02521722766666556
0.04201990866666704
0.0275917131666669
0.06742975200000008
0.07135814999999941
0.025223119500000262
0.07896313866666797
0.05265257583333256
0.053937084333332073
0.062258481666667365
0.06459139666666638
0.060860501499999956
0.06046496050000153
0.07264768933333224
0.08055579400000093
0.04403506066666551
0.09751853100000099
0.07022833533333284
0.07539204383333242
0.08330610650000143
0.0871307338333338
0.07074291166666549
0.08340054866666691
0.0829744528333336
0.04824398483333188
0.08821654633333509
0.1118068353333328
0.10845740466666597
0.06807254133333392
0.0808089541666656
0.0859416621666682
0.09781317133333307
0.09251959199999976
0.05386795066666631
0.08846088983333307
0.10046948683333311
0.07271718383333337
0.08639205633333329
0.07203500416666722
0.06544955533333288
0.07999972516666767
0.10215431650000066
0.08449946716666545
0.08193198850000034
0.046731980833333374
0.08140082383333436
0.08114469499999898
0.04570689749999938
0.0801243101666671
0.07470475249999944
0.05699976166666687
0.05555831583333296
0.06498501050000034
0.062034634166667026
0.06896345233333297
0.05412573733333422
0.059567164833332235
0.05259875483333331
0.049506806500000756
0.04202369916666744
0.04326548416666517
0.04770590599999972
0.0738444091666679
0.024908432500000778
0.07626468833333178
0.0554461081666678
0.062334362166666324
0.06943191733333265
0.07059737100000044
0.03985692099999956
0.11859285866666625
0.08038837183333432
0.0742032039999998
0.08089392433333367
0.12547762316666677
0.03828518999999867
0.11280643116666766
0.08655813766666634
0.10149031850000038
0.07708010999999951
0.09726483333333391
0.10639243683333413
0.11828896566666458
0.0861252890000017
0.06391280266666635
0.12840981883333313
