0.11968488522224006
0.09519823044444012
0.11661885485410514
0.14528195246350595
0.06886001822221666
0.17003729733333886
0.06319715588887852
0.13428177377778008
0.10731853633334745
0.1074566472222058
0.11606551600001089
0.06143317488888695
0.12785837122222196
0.10431097411110891
0.10048190466667015
0.13389074155555944
0.09989302277777926
0.10786927911110272
0.09876874533334659
0.10052806922221358
0.058663691888897224
0.15167707388887822
0.06389122411110294
0.10851755411113119
0.09111337855554463
0.09900535800001206
0.1452539806666664
0.10295725755554486
0.11124087788887967
0.055097684333329906
0.09854157011111259
0.14406297200000356
0.10721791044445833
0.04802417488887537
0.11865869499999666
0.12232356955557104
0.130902426555546
0.06927645700001349
0.13019442866665384
0.12771986911111022
0.17204638988889404
0.10084845377777027
0.14073019100000136
0.12024551288888892
0.1762366298888891
0.11774783333334603
0.15460666088887998
0.0811638956666785
0.16511671188888816
0.1762195014444438
0.10942956466664731
0.21735030366668676
0.11807977122220514
0.1846303932222276
0.13662084588888018
0.1446688178888912
0.17126565022224188
0.14616612855555408
0.13571987066666225
0.21568721307466626
0.09830039891549693
0.20025943388888362
0.13655458677777058
0.16554574166667005
0.14221241342531987
0.12237374881932993
0.19210231666668026
0.14814297877776678
0.15311297588889122
0.18114929188888912
0.18398146522223316
0.1241923957777797
0.15575124533332504
0.15332240900001026
0.15323427766664585
0.1696456261111305
0.15334493877776367
0.21120255211111624
0.1647561961111074
0.08497568344445325
0.22072330577776078
0.1482837087777777
0.15881483844446442
0.18075609411110036
0.08383741766667502
0.18612549811109602
0.15634569388890265
0.15620025633332565
0.17169530966667582
0.17691193988887083
0.12494892188889632
0.15360235911111886
0.2028079875555401
0.08709801411113303
0.16115854333333524
0.17008921566664667
0.15468672022221755
0.17247961666667935
0.15838544766666018
0.05691881244443822
0.14833526511112421
0.12027123133333993
0.23682377566665816
0.12600665311111295
0.181139027444437
0.14837557822223366
0.18323087111111314
0.2032912064444443
0.17204514244442887
0.0997670278889018
0.18823839488888755
0.16939383199999408
0.1611998726666823
0.1961865442222006
0.21080567966666627
0.16773738122222112
0.10805175322222263
0.1784501730000001
0.1550151247777952
0.212160964333331
0.12060523800000232
0.15278494299999087
0.16458394655556832
0.18500331899998754
0.20315570400000776
0.10405041433333888
0.22542200355554895
0.10627150277777118
0.17454124688889452
0.17729095844444803
0.14652040455555634
0.17143913722222553
0.16913239988886947
0.1718028056666804
0.1723248527777691
0.1897315525555617
0.11849150533331947
0.18304411522222433
0.20330156846408617
0.09864652863906397
0.1718235617777787
0.17424552899999274
0.16369561877778932
0.22858137722222538
0.1232664123333254
0.20536908255556025
0.09675315677777184
0.1578012069999962
0.22015488211112222
0.06445663533332259
0.23816708288889762
0.10113931633332464
0.16160930455556707
0.15158925522220873
0.14393818200000572
0.15853266388888995
0.1514571021111048
0.17230080344446227
0.17158683700000035
0.14317302344443308
0.13232452411110293
0.21938311444445288
0.15928610477777108
0.13230641777777744
0.18806396322222302
0.07092181733335363
0.19249807266664398
0.19615763444446405
0.15821173499999633
0.13251130955556314
0.16613177011110264
0.1586752726666671
0.10732181655554188
0.14303916144444884
0.2322418712222366
0.09541388122220774
0.14800071744444823
0.09078351311111672
0.18179607177777748
0.14034291577776356
0.12782324933333358
0.18786675110548887
0.18233461597439254
0.07636282311111448
0.1591253685555532
0.17740451688890366
0.15879022955555736
0.1272871352222056
0.1726250128889054
0.1536160756666555
0.22101569422223596
0.13300821755554657
0.1545707967777869
0.1364581671111106
0.15417900422221464
0.1546429728888749
0.1377887741111105
0.1983034523333471
0.10460212555555397
0.2334306234444436
0.14189856855556274
0.08484213799998644
0.18993370433334653
0.13348457911110423
0.3026038766666564
0.1208667862222228
0.0895415992222297
0.06406189622223084
0.0968579266666691
0.09314841955554382
0.04518543922222307
0.10310216222223466
0.10511231511110156
0.09999525122222823
0.05486563599998186
0.19035048344446498
0.1425481664444356
0.08969152266667556
0.15851827711860417
0.1125323278659266
0.1577853997777715
0.13467265477778612
0.144337019222222
0.14796328255556546
0.14635268611111013
0.1471503313112524
0.17914656032623627
0.15773362666666596
0.10158422722222188
0.13439024577777067
0.1602842051111111
0.14622272955554966
0.14432750711113032
0.11891019244444578
0.13672528644444054
0.1995487217777736
0.0684752751111167
0.15289585149877724
0.1381231558770672
0.15400998922220627
0.12470755077778349
0.1862574245555556
0.16027029833334283
0.20030040688887615
0.10405568866667636
0.17699151911109667
0.15328650044446276
0.15849975888889073
0.2143301435555461
0.13134040066665878
0.12297463300001255
0.14630537888888284
0.17190506955555268
0.19263322200001515
0.14010612522222093
0.11337538255555855
0.16065241188888044
0.16575665266666167
0.19524774122222274
0.1474602265555455
0.16491062588890296
0.09839157822221346
0.17053577211112902
0.20147097077776582
0.15224054444444038
0.07394500866666931
0.1669992405555705
0.15400786255554522
0.15804730973489867
0.20889503177991234
0.08656736455554892
0.1349877474444333
0.12453484288890751
0.07125857811110513
0.13082075633332757
0.046046311999993525
0.15576037111112684
0.08418176255554499
0.11754733722222631
0.10751599633332869
0.13868532788887933
0.07525131566666864
0.14225426155556106
0.11303634522222536
0.14267660444445734
0.11978671555554382
0.1097708052222212
0.11273777288890112
0.11363047333331149
0.0984081354444647
0.12562338744444584
0.13412835188887584
0.12863870599999752
0.11497223100001167
0.14413184822221106
0.13561184777778282
0.06451101277778233
0.13296366733331727
0.11791794844445272
0.13406145233332406
0.12966086133335214
0.10899078100000124
0.14882559555553598
0.102258569333344
0.11116973366665661
0.1611957692222303
0.13824485677777273
0.04452849744443989
0.025958871444446332
0.051132214222232304
0.05140500522222485
0.05017860200001047
0.0452822793333275
0.05963800844443135
0.047355976777781604
0.04923284111110762
0.027812886666677313
0.0510491988888791
0.0970862836666634
0.11535010311111668
0.057417817666671714
0.10002873811110173
0.11636942422223405
0.10309582733334031
0.10105369188888996
0.11232267833330904
0.057385921333333395
0.15194742644444484
0.07094661133333426
0.10843063355557409
0.1333041503333132
0.11066396144446522
0.10615368399999171
0.09429906966667861
0.07420673655555118
0.1373839814444485
0.13487823099997817
0.13930207855557658
0.05944850333331589
0.13746590555557406
0.07732339177775631
0.1429094295555539
0.16904886811112696
0.09650492199999564
0.10742609133333442
0.11404468522222387
0.12913625311110385
0.12528094044445323
0.14340206277777018
0.11161682022222723
0.12731829133334335
0.14981295099998232
0.105532077222228
0.12461809833333368
0.13221392811111501
0.10906066133333703
0.11605771288888414
0.17004911699998754
0.12694738861855098
0.07813519445741063
0.18082398188888268
0.13853828766665782
0.10628667166666775
0.15249559233332852
0.12548502866666747
0.1419648397777817
0.08985637377779515
0.13036619188887422
0.11972406900000959
0.19012314066665367
0.11252224544445098
0.15235880533332924
0.12699688944444965
0.12334641446124839
0.14500440262684
0.11611336644445046
0.13208867755555628
0.1319293548889012
0.0681946385555471
0.14244511055555145
0.17470944911110564
0.1286057687777884
0.16657179222223326
0.10733388144442163
0.15625677377779032
0.12912302000000234
0.10629243011109997
0.1267748788888841
0.11957932533333507
0.1403021224444577
0.1385739112222129
0.1559057677777926
0.08696234099999048
0.13084548677776792
0.1744655326666715
0.10492554833333795
0.14237636933333103
0.157225351666663
0.09682594755556945
0.1340218149999954
0.12110085477777628
0.17374982355555504
0.13067669688889003
0.11029748544443566
0.08642490522222741
0.044693033555555914
0.04172889233334192
0.04583308088887053
0.04739240711112164
0.0503194564444382
0.06047259844444853
0.04663419000000128
0.04733502300001015
0.035124966666646495
0.043343327555577266
0.04991539855553937
0.0653322210000119
0.10848851555553866
0.10233683877779894
0.06505234422221899
0.14796409488887244
0.08871117788890438
0.07435654011111284
0.09033288911109594
0.10103104466667093
0.0992971021111215
0.09848165811111662
0.06257994188887198
0.13015303600001163
0.0770075153333336
0.07001800711110365
0.08420599955555494
0.08738609444445603
0.08855745211109126
0.08056489191051969
0.12116605532217599
0.10118083511110854
0.04769449255554214
0.13055563166669043
0.08117674044443549
0.1205865807777779
0.12069571944443347
0.09375670099999904
0.12029420266667835
0.09875639911110233
0.09940020500001387
0.12206794288888684
0.12091986455554131
0.06921551577779106
0.13382406877776196
0.1204377437777819
0.10635774866667211
0.1282088875555524
0.11630961188888655
0.21109109488889366
0.11815962777778723
0.13173894011111364
0.07962591811110543
0.1570455672222124
0.1409963305555569
0.13718198299999232
0.12841584377777812
0.1774323608888911
0.1450315075555611
0.14118049511110561
0.1361475164444528
0.0961078107777919
0.1088111365555354
0.21683835277778798
0.09131116288889038
0.15998695642511657
0.07306853823589932
0.15533236344443443
0.1623908636666632
0.13432086611111219
0.15054310577779184
0.13370385155553777
0.0703117541111169
0.1652033265555575
0.14304821144444052
0.18967932988888
0.13937824922224235
0.12467676511111372
0.1471519685555399
0.11917206200001199
0.07889431088887655
0.12217461844445804
0.15222444366665716
0.09036462422222434
0.13743827744444087
0.17322694844445627
0.13938178322220868
0.11450123444445934
0.11675399433331929
0.13022757277778713
0.11345981411111301
0.132973201333319
0.09731640122223932
0.11376965944444035
0.11553250711110903
0.13105443888889567
0.11531541922221954
0.11739627155553635
0.09298361188888925
0.12233464900001915
0.10668207099999764
0.08082778355555498
0.11362701722221875
0.12452094144444144
0.11618869144444945
0.11424724488887882
0.11920821388889637
0.14835690844443483
0.12124960900001094
0.07336008766666662
0.12033441244443567
0.10334531122223072
0.12650965211110413
0.10799593122222481
0.1539472839999942
0.11994150077778917
0.10178500266665147
0.0999953761111101
0.1835320103333389
0.11108215255555681
0.10865355555557069
0.11463371811110948
0.16741090633331623
0.09837828788888854
0.09405205788890372
0.12308544377778062
0.13826447944443823
0.09140609733332086
0.13529600900000738
0.0942025527777888
0.02943179522220716
0.13408658755555633
0.1222341286666809
0.13328763733332177
0.09670782588889577
0.16229920799999795
0.10821771055556283
0.13094545533332774
0.12273383988887568
0.11287958788890744
0.07387156555554004
0.14971916144445965
0.15441997277775954
0.08994287566666673
0.1335323511111205
0.09358808244443632
0.10342567677778586
0.1094122120000015
0.09166584255555993
0.11657320211111255
0.1082107008888771
0.10631966055555292
0.096867813222237
0.09412515944442627
0.09632419033333564
0.07480744977778563
0.1388748456666791
0.06887268077775843
0.12529147744445862
0.05648826633331636
0.10302365266668151
0.13137125811110512
0.06755110333334516
0.09223652722221232
0.09776188022222718
0.1077962224444491
0.09808037277775838
0.11826648111112566
0.11170135266666471
0.05093267822222616
0.10099500144444089
0.07951892888887516
0.13447022844444392
0.10031723333334716
0.0774987241111123
0.12376933744445119
0.14460162355554632
0.07860514555555811
0.14522448744444066
0.14942384166667783
0.13703997199998716
0.1265525651111198
0.07974270588887421
0.18230652688890184
0.05987305222222657
0.1322304172222175
0.14328528311110253
0.130365461555559
0.10294022755556398
0.12977763388885757
0.1447954305555565
0.08296145144448827
0.13821653488887226
0.06928914655554763
0.12513342133332925
0.11825617877780639
0.11180812344441116
0.1035960758889208
0.13101612488885117
0.12425099911110414
0.12006220866669538
0.10545172344442715
0.15588623255558157
0.15177106555554726
0.12087104988889527
0.07217362399999022
0.12945461066667324
0.1485401827777524
0.11777151444448464
0.13561014599998897
0.13029436488886859
0.11698703744443469
0.1168971690000136
0.11779198500001561
0.09498339655556265
0.10300925499996083
0.053206714444463114
0.12785956633332618
0.09842532155557315
0.07615158455554492
0.10215822955554661
0.09687512822221025
0.09361162777779303
0.12885368655558221
0.10543054255554632
0.09893413288889658
0.12595543433331438
0.06901529599998767
0.10716384422221381
0.10446548655555589
0.11228044611112233
0.12311783522222362
0.11800616422225275
0.14606423577773361
0.11505727288891245
0.0708666816666563
0.11534067066668287
0.12286910799998117
0.1058481980000276
0.1390546102221985
0.16315881066667418
0.07388870455558087
0.12833511199995784
0.15259531655556202
0.12073033777778619
0.14230312633334405
0.07133740088890288
0.12312098366666961
0.13978245122219354
0.12236316822221247
0.13300025333334514
0.14165673377778554
0.10360286833333197
0.1825686439999825
0.12552448877780384
0.13175690188887126
0.12138829499998692
0.06043772500000463
0.20001302022223577
0
0
0
0
0
0
0
0
0
0
0
0
0.5325025197777778
0.6661926727777777
0.34063413044444446
0.2935675463333334
0.2297062343333332
0.2150408962222225
0.3058649089999999
0.25017305988888894
0.1663070719999998
0.16085027055555579
0.15115960722222216
0.15156877055555562
0.1424429434444442
0.2170526424444448
0.08413991077777737
0.1309986933333336
0.13553795855555567
0.1525796779999998
0.12160296088888917
0.13287363388888845
0.15571566077777832
0.14308516177777778
0.1522862939999996
0.09309577033333326
0.19914228844444498
0.05472822344444398
0.15256891766666708
0.1379659163333334
0.1551565404444438
0.08743616888888935
0.15279414866666644
0.14374081788888934
0.11752724777777719
0.10926331400000006
0.1255047837777781
0.12006463711111101
0.1357899403333336
0.1450586858888888
0.10297489422222207
0.10853632066666721
0.14550981799999996
0.1475325727777772
0.0711627507777782
0.12232416066666632
0.11881470844444506
0.11987774666666616
0.1149809584444436
0.0554297791111114
0.0627918239999998
0.043395586888889975
0.04914984344444425
0.044378756222221864
0.05289702044444451
0.027137108333333358
0.06752409755555612
0.03552665255555433
0.03360207566666734
0.08191524522222297
0.09233393933333249
0.05166312888888867
0.12774799011111151
0.057374943333333775
0.11930707955555578
0.07695928677777727
0.11656563800000047
0.08831832611111029
0.05159430344444458
0.10517484066666644
0.09042493311111204
0.08404705933333251
0.12326516333333377
0.0835070075555551
0.10572448655555573
0.06872245311111176
0.11998952599999925
0.13978315999999957
0.12697563377777815
0.13010556344444524
0.09581554688888774
0.15373546388888965
0.12774529611111043
0.11619477577777894
0.12951446611111017
0.12460339966666664
0.13547434011111176
0.14378036300000002
0.17103655944444382
0.135865823
0.16453609800000082
0.11750428488888866
0.1357742935555548
0.14287891444444434
0.1289888128888887
0.14502807477777918
0.12596129877777665
0.13146877077777852
0.145958775888889
0.11253219333333359
0.15876251033333233
0.12987837711111183
0.123945363444444
0.12767352233333262
0.1669109656666671
0.11978000144444441
0.14823163733333428
0.13622432544444507
0.09099481255555336
0.1977860578888908
0.12102896044444203
0.13491198944444704
0.15109344700000016
0.16310676599999852
0.09575974866666571
0.1725633075555556
0.1347209752222227
0.16247074344444615
0.12232984677777697
0.12349753144444423
0.1284810116666664
0.1169913186666665
0.09420232055555605
0.09298229422222133
0.05694547933333323
0.05680981188888899
0.04502997411111349
0.03706231011111072
0.05458406088888839
0.05375038555555357
0.0440484597777792
0.043159260888889626
0.04689759244444266
0.042664849333334594
0.09672014066666496
0.08874117544444479
0.11227932100000101
0.1022774837777768
0.10520752588888944
0.08126572033333446
0.11542581255555559
0.12104266711110907
0.11027224066666957
0.12872052233333245
0.08608973277777764
0.12482733622222339
0.09926780811110802
0.11996928688889046
0.09464512122222067
0.128931101777779
0.07594066244444599
0.10977584111110951
0.1560021513333349
0.06163831611110974
0.14046551688888878
0.11057931066666685
0.14571009200000162
0.06738718877777691
0.1712437838888895
0.06810570311110888
0.14957695333333418
0.10177592522222136
0.14545544200000096
0.12172753044444563
0.07293670544444493
0.12774179300000002
0.13412561722222133
0.0958731186666676
0.16505868655555547
0.09036672411110973
0.10636393411111082
0.13337323977777754
0.12219383788888967
0.15082886922222216
0.11766873255555449
0.09210866166666658
0.12934767911111245
0.06471738166666481
0.14642617411111145
0.07773275133333375
0.1106360940000002
0.09399689388888849
0.09024517855555637
0.12136064855555635
0.08484416944444384
0.10100440277777681
0.11888088944444537
0.10747566255555639
0.07988820577777588
0.11154938333333399
0.07511227877777868
0.08389752466666461
0.09114744655555759
0.09661451122222313
0.08732329588888711
0.0681750379999989
0.14563842900000168
0.059357412555556266
0.08430598577777776
0.06968702377777605
0.06175380044444662
0.07664071255555567
0.07479660577777736
0.08342339355555359
0.09307460177777849
0.08881576811111182
0.10670055633333202
0.11566888877777931
0.14392337199999852
0.07549519488888892
0.10852511988888916
0.13021904144444343
0.14512075088889118
0.14235899966666604
0.10439272577777893
0.06210465166666444
0.13476191322222222
0.11977923988889137
0.1455690622222221
0.09678458577777684
0.13362232177777855
0.1642169017777759
0.11820237111111158
0.08134960722222218
0.12883690977777937
0.14635103133333083
