0.3005598958333333
0.3265885416666667
0.33196614583333334
0.3377604166666667
0.33846354166666665
0.3485546875
0.3566015625
0.35821614583333333
0.3540234375
0.35420572916666665
0.35497395833333334
0.35576822916666667
0.3591536458333333
0.3607421875
0.3622005208333333
0.363203125
0.36401041666666667
0.36299479166666665
0.3632942708333333
0.36526041666666664
0.3643359375
0.36462239583333333
0.364921875
0.36454427083333335
0.36454427083333335
0.3643359375
0.3652213541666667
0.36484375
0.36561197916666666
0.36583333333333334
0.36671875
0.36712239583333334
0.36704427083333335
0.3681640625
0.3681640625
0.3691796875
0.36985677083333335
0.37061197916666666
0.37111979166666664
0.371875
0.3723828125
0.37243489583333333
0.3724609375
0.37390625
0.37470052083333333
0.37427083333333333
0.37432291666666667
0.3741145833333333
0.3827734375
0.3810677083333333
0.3980989583333333
0.3819270833333333
0.3819401041666667
0.3818359375
0.3827213541666667
0.3820572916666667
0.38158854166666667
0.38186197916666664
0.3820703125
0.3820572916666667
0.38233072916666666
0.3826171875
0.382109375
0.382109375
0.3823828125
0.3822786458333333
0.38255208333333335
0.3821744791666667
0.3823828125
0.38430989583333336
0.3846614583333333
0.383984375
0.38415364583333333
0.384765625
0.38546875
0.38622395833333334
0.3874869791666667
0.38721354166666666
0.3877083333333333
0.38809895833333335
0.3881640625
0.3881640625
0.3879036458333333
0.38921875
0.38921875
0.39065104166666664
0.39080729166666667
0.3914973958333333
0.39154947916666666
0.39239583333333333
0.3926822916666667
0.3920442708333333
0.3939973958333333
0.3951171875
0.39513020833333334
0.3948697916666667
0.3948828125
0.3953125
0.3955859375
0.39505208333333336
0.39630208333333333
0.3960416666666667
0.3967057291666667
0.3976692708333333
0.39740885416666666
0.3969921875
0.40109375
0.4021223958333333
0.40296875
0.40272135416666666
0.403671875
0.40411458333333333
0.4038541666666667
0.40356770833333333
0.40384114583333336
0.4040234375
0.4044270833333333
0.4047265625
0.40446614583333335
0.4046875
0.4038802083333333
0.40389322916666665
0.40361979166666667
0.403984375
0.40399739583333333
0.40427083333333336
0.4040234375
0.4045703125
0.40375
0.40369791666666666
0.40479166666666666
0.4037109375
0.4041796875
0.4040885416666667
0.404765625
0.4045182291666667
0.4039713541666667
0.40372395833333335
0.4040234375
0.404296875
0.40403645833333335
0.4043098958333333
0.4043098958333333
0.40403645833333335
0.40403645833333335
0.4042057291666667
0.40447916666666667
0.4045182291666667
0.404765625
0.404765625
0.40411458333333333
0.4045703125
0.4055078125
0.40598958333333335
0.4058203125
0.4067578125
0.40880208333333334
0.4085416666666667
0.409765625
0.40966145833333334
0.40966145833333334
0.4098046875
0.41010416666666666
0.4102734375
0.41067708333333336
0.41263020833333336
0.41328125
0.4137890625
0.41408854166666664
0.4138541666666667
0.4147265625
0.41446614583333335
0.41485677083333333
0.41515625
0.41692708333333334
0.4161067708333333
0.41680989583333333
0.4177734375
0.41739583333333335
0.418125
