0.002505735660849738
0.0026958810068652018
0.0019640176600425052
0.0022932885906042353
0.0020445812807895537
0.002013068181818182
0.0023963840398995525
0.0013889145496533645
0.0013797239915056515
0.0014094882729217047
0.0015068232662198643
0.0014720905172403741
0.0014368171021364399
0.0014974683544309692
0.0014891350210982253
0.0014663917525767434
0.0018500000000001976
0.002137624750498815
0.002138229166666474
0.0020633540372666935
0.001897046843178517
0.0020176470588242567
0.0020095876288657873
0.002079506641366399
0.0019780511811025455
0.002085282258064889
0.002211198428290766
0.0023597137014316812
0.002357519531250183
0.002209811320753662
0.002407654075548201
0.0022972055888230993
0.0020245714285716037
0.0027244140625012746
0.001983333333333158
0.0019767374517376288
0.0022755941499075743
0.0018548589341698626
0.001973829431439372
0.002082707355241107
0.002332689075629
0.001862752721616694
0.0018113432835829232
0.0017274031563838368
0.0018413685847596664
0.0019350000000000046
0.0018269798657715608
0.0018168500687757941
0.0020335113484644964
0.0018690387016230875
0.002050144300144568
0.001584900662251408
0.001858343868520741
0.0016649134487357641
0.0032617135207502887
0.0018031442663385437
0.0018114465408806202
0.001659188846641436
0.0016042963885435438
0.0016933155080215148
0.0017137728459536109
0.0017222982216142271
0.0016575875486381324
0.0016659090909095613
0.0015637717121592708
0.0014998611111109819
0.0015478523489925386
0.001600472334682484
0.0015149402390432062
0.0015696090794465544
0.0014197674418603447
0.0014963797814208921
0.0014888666666665424
0.0015345149253731343
0.0015624999999993908
0.0014886215864753373
0.0014245683930939183
0.0015653446033804086
0.0013796169630642954
0.0014033288948068004
0.0014825484764541645
0.0013937667560321714
0.0014759071117553572
0.001329488950275986
0.0014144866385381882
0.001289145658263566
0.0013485054347826088
0.0015073888091814076
0.0012771370420624152
0.0013673352435528753
0.00125617834394857
0.0013552348993287342
0.0013527061855666503
0.00146918767507068
0.0013681462140992166
0.001285942028986587
0.0013326502732240438
0.0011255371900821827
0
0.0011838832487314373
0.0013452211126968126
0.0012086580086581428
0.0012511138613848706
0.0014454379562042663
0.0012745901639350135
0.0011623655913994768
0.0013001204819278228
0.0012934032059188486
0.0013024970963981292
0.001274559341951084
0.001296446078431829
0.0012823415265194496
0.0012265807962534728
0.0012412269938645735
0.0012725844004660915
0.0013641475211607094
0.0011499413833522172
0.0012584756898825914
0.0011405555555555555
0.001168048469388349
0.001142439644218078
0.0012338842975213207
0.0012188118811885286
0.0012099658314351858
0.0012925187032420114
0.001147924297924184
0.0010888826815635174
0.001107298850575355
0.001181621004565785
0.0011255447941890876
0.001173573200993018
0.0011942887931042513
0.0010456473214289872
0.0010873711340197785
0.0011011428571428572
0.0011189784946240566
0.0011689781021886156
0.0012264547413782063
0.001156263269638769
0.0011635699373692282
0.001238380651945027
0.0011026427061301921
0.0010678774120315706
0.001156407185628854
0.0009306912991663395
0.0010162297128589264
0.0010242730720603295
0.0010941214470285442
0.0010442204301074015
0.0010900129701684913
0.00119448767834006
0.0010967506631289854
0.0011719054242010554
0.0012333549222802752
0.0011455497382195296
0.0012304405874488142
0.0011626262626260276
0.0011814002828854312
0.001161237373737021
0.0012990591397836946
0.001387809405940709
0.0011764194669751267
0.001249574726610416
0.001179576587795418
0.0012756038647339623
0.001229822335024908
0.0011754901960783239
0.0011751773049647593
0.001030105633802161
0.0012005597014931163
0.0011615094339627327
0.0011300259403372243
0.0012953072625701445
0.0012046218487397193
0.0012969901719890279
0.0012164868105513354
0.0017247422680345163
0.001200314070351408
0.0012774647887317384
0.001366947115384951
0.0013102386934687408
0.001248199279711885
0.0013337957124838846
0.0013207612456737738
0.0012985093167693766
0.0013172539489673062
0.0013859432799013564
0.0012159679408142695
0.001285921205097954
0.001082728410513258
0.0012391637220256935
0.0010787916152896508
0.0011375469336669672
0.0010636560693652384
0.0011256329113929946
0.0010739652870486532
0.0010433915211967753
0.001104339853301986
0.0011007604562737643
0.0011335714285700981
0.0009872044506262579
0.001029806259315844
0.0013975894245721724
0.013270851063829392
0.000897149122808243
0.0007283842794772027
0.0008123809523813959
0.0008096618357492422
0.0007314356435620512
0.0006770833333333334
0.0007233009708737864
0.0008468992248043967
0.0007635775862064951
0.0007821266968330007
0.0010131487889274969
0.0010123809523806568
0.0009132736156344208
0.0009270247933885837
0.00109569256756741
0.0009022003034905606
0.0010302439024376614
0.0008503714710242913
0.0009452857142853152
0.0009361308677092851
0.0009792259083722392
0.0010539024390242388
0.0009466197183099903
0.000977066115702287
0.0009059282371290493
0.0009532624113472535
0.0010379807692300015
0.0010040801186943621
0.0010573888091808732
0.0010695876288646078
0.0010684027777784243
0.001285555555557625
0.0010933462532299741
0.0012107282184652974
0.0011347001223987927
0.0010939716312062242
0.0010493734335838435
0.0011535838150290095
0.0012097636815913445
0.0011883037694009175
0.0011457471264365675
0.0011874434389137112
0.0011166666666659374
0.001014943253467961
0.0010900137741048114
0.0010353606789250353
0.0010988603988602663
0.0010787037037037037
0.0010444887118187707
0.0010550771208227418
0.000981069958847992
0.0009375000000006576
0.0010628236744767597
0.0010912066752244078
0.0010478829389784813
0.0010212252475240609
0.0010471534653454973
0.001094640522876304
0.0009956310679600025
0.001017079530638367
0.0009921686746986707
0.0010536962365593901
0.0010908796895207431
0.0010407860824741067
0.001198071808510886
0.0010735890014486606
0.000845368620037279
0.0006986577181198678
0.0007245247148299597
0.0006811881188115739
0.0007970588235291075
0.0008004950495043357
0.0007943925233659367
0.0008032786885258626
0.0007001256281404696
0.0009221179624669872
0.0007727861771054292
0.0008509259259261415
0.0008646341463418764
0.0008757756563261382
0.0007352818371611404
0.0008738584474875212
0.0010009779951097968
0.0008212475633524634
0.0008597484276731511
0.0008168103448275861
0.0009231404958683459
0.0008900590551179269
0.0009705528846142652
0.0008765654648968727
0.0007891067538130421
0.0008149694501025917
0.0007411062906722491
0.0007783372365341761
0.0008660401002501597
0.0008696145124716553
0.0007786157024785691
0.0009125866050806163
0.0008889917695478999
0.0010323958333319752
0.0008906954887202288
0.0009514675052403091
0
0
0
0
0
0
0
0
0
0
0
0.0008065934065957946
0.0006681818181818182
0.0006630909090929411
0.0007554421768710649
0.0007633333333333333
0.000650964630224182
0.0005878688524584058
0.0006644230769224798
0.0008257097791798107
0.0007838323353287837
0.0007023943661974454
0.0007773700305801853
0.0006390804597711854
0.0007731944444447031
0.0008053908355777576
0.0007828690807807224
0.0007880829015548867
0.0007562807881780281
0.0007205417607227681
0.0007078883495143371
0.0010141772151901092
0.0007030150753764165
0.0008021377672202389
0.000719111111111318
0.0007030701754388008
0.0008922248803843347
0.0007806295399502207
0.0007916494845364665
0.0008657549234133631
0.0008805309734513274
0.0009770975056676671
0.0009652040816339836
0.0008938461538475867
0.0009432562620429276
0.000869918699186992
0.0008303212851414972
0.0009378640776689985
0.0009309108527133589
0.0009347599164917209
0.0009307984790867444
0.0008097722960160638
0.0007921511627906978
0.0008549001814895554
0.0009675843694502055
0.0009755121042849618
0.00088478260869464
0.0008612456747409678
0.000998197343453157
0.0008981034482757015
0.0009154385964909013
0.0009213513513515191
0.0009318749999985032
0.0009625899280578891
0.0010355357142847164
0.0011184643510042927
0.0008720077220089805
0.0009187399030690154
0.000889020270270742
0.0009175814751289644
0.0009920103092777104
0.0009232682060395728
0.0008925249169424387
0.000851649305555232
0.0010000943396231685
0.0009206349206349205
0.001006365313652621
0.00107089108910762
0.0009691001697781801
0.001050274223034735
0.0009377495462798298
0.001190560165975297
0.0010299808429108071
0.000926455026454698
0.0010262308998305368
0.0009650383141762453
0.0009489382239378644
0.0009678571428573227
0.0009484732824418594
0.0010937037037030137
0.0010723613595701622
0.0009563079777351669
0.001144022770399189
0.0009092803030304794
0.0009430076628352491
0.0009310377358494079
0.0008787234042558595
0.0008676829268281325
0
0
0
0
0
0
0
0
0
0
0
0.0007000000000033262
0.0008503311258287399
0.0007374999999990162
0.0006711743772245307
0.0007517064846416383
0.0007241935483880981
0.000753061224489479
0.0007819391634995153
0.0007103383458653618
0.0006798000000007449
0.000785381355930625
0.0006898760330586209
0.0007929203539810646
0.0007339662447265244
0.0007440909090917557
0.0007624423963142224
0.0007765116279056772
0.0007550724637672161
0.0007108465608470537
0.0007053811659184472
0.0007486196319026975
0.0007211647727275373
0.0007948012232413055
0.0006742857142857143
0.0006861194029839626
0.0007470967741923467
0.0009144376899684725
0.00068707692307635
0.0007586626139820459
0.0007577712609967942
0.0007456456456464846
0.0007777777777765158
0.0008523148148152459
0.000859747706421164
0.0008774305555551244
0.0008804263565896887
0.0008998956158659994
0.0009266884531602588
0.0009887323943650727
0.0008476491862567812
0.0009804761904744165
0.0010216117216122333
0.0009230202578255155
0.001122820037105233
0.0009658794788278167
0.0009243925233650083
0.0011373809523806569
0.0010299058084769445
0.0010126288659811418
0.0010124347826101533
0.0012079086115989698
0.0011774358974371711
0.001094074675324978
0.0010783222591368316
0.0011112318840586462
0.0011254766031186156
0.0010175126903546996
0.0011522298456252732
0.0010807947019872174
0.0011806228373700811
0.0010162581699357058
0.0010196397941676168
0.001009149277688155
0.001097009966778801
0.0011123647604330544
0.0013809076682307372
0.0011510221465075075
0.0011080515297908103
0.0011343137254906175
0.001244749403343067
0.001128749999999612
0.001164844903987633
0.0010820093457942475
0.0010948326055318378
0.001028403361345164
0.0008897565922919004
0.000905835010058863
0.0007765848670756645
0.0008475113122184589
0.000778070175438188
0.0008254299754304332
0.0007715909090916148
0.0007852803738319933
0.0008363171355498722
0.0007783286118980171
0.0008178205128209905
0.0007776315789473684
0.0007983957219253828
0.0010124213836483847
0.0007981375358147508
0.0009336676217767712
0.0008399725274725275
0.0008545336787567179
0.0008923772609821529
0.0009610256410251634
0.0008512820512835709
0.000905203045683861
0.000924074074074074
0.0009135696821525
0.0008725058004657658
0.0009279448621553885
0.0008326142131974967
0.0009555147058825812
0.0007969298245611992
0.000840876777250302
0.0009012941176466206
0.0010824455205817902
0.0008850663716820341
0.000909728033472024
0.0008417364016738349
0.0009066513761463617
0.0008126136363642714
0.000849999999998917
0.0008429268292685199
0.0008781333333328366
0.0007933497536948107
0.0008815662650604653
0.0007436724565773
0.0009346715328453557
0
0.0009357323232330288
0.0007354260089686099
0.0008706293706304561
0.0007979012345688211
0.0008043325526936447
0.0008260563380279504
0.0009112826603334264
0.0008493297587126373
0.0008331395348848038
0.0008253578732117766
0.0009446107784431138
0.0009070388349519084
0.0008179419525065964
0.000865625000003175
0.0008479351032440136
0.0008141141141129954
0.0009183098591526341
0.0008053054662355463
0.0007831845238092467
0.0007436532507745705
0.0008150326797382579
0.0007918333333342646
0.0007433333333326028
0.0007257425742571185
0.0007325320512814543
0.0007346666666663563
0.000797297297295724
0.0007496363636394117
0.0007882562277596643
0.0008490740740740741
0.0008085454545474866
0.0008849650349637325
0.0009025735294134766
0.0007573260073260073
0.0006872964169381109
0.0007532142857156161
0.0007587931034492393
0.0006966153846165308
0.0008524822695015645
0.0007647727272736345
0.00115
0.0008052478134102642
0.0008650127226467844
0.0008093220338983052
0.0007581491712712327
0.0008374133949183082
0.0010066343042080237
0.0008119096509238333
0.000837499999999403
0.000852910602910603
0.0009006726457392838
0.000946076458751016
0.000874134419552314
0.0008480075901326506
0.0009288201160545188
0.0007252336448585076
0.0007650210084031657
0.0007385583524038115
0.0007505102040806824
0.0009482278481019731
0.000800234192037907
0.0007188679245278627
0.0007305825242718447
0.00067325870646743
0.0007198850574710502
0.000859610389612083
0.0010046275395029656
0.0009732967032958845
0.0009425055928417884
0.0008323340471096066
0.0009975479744138446
0.0012560975609756098
0.0008043524416127972
0.0008391304347823838
0.0008786749482399727
0.0007713507625268273
0.0009188183807447977
0.0008557906458797328
0.0008988452655882693
0.0009506479481649514
0.0010170045045061827
0.0009242616033767064
0.0009351800554006301
0.0007907786885215367
0.000766475095784727
0.0006767857142857142
0.0007922535211267605
0.0008188172042984048
0.0007868253968271707
0.0007049319727875317
0.0006534431137724551
0.0006443478260877663
0.0007675149700615533
0.0006033045977016846
0.0006859882005907945
0.0008526785714285715
0.0008225146198811346
0.0007003978779835907
0.000688743455498845
0.0007166666666658774
0.000792276422765742
0.0007320541760707632
0.0007935227272725156
0.0008137254901960785
0.0007514527845038575
0.0008757990867571403
0.000821182795699125
0.0010655011655013827
0.000762582056892779
0.0007461123110145154
0.0008885985748231799
0.0008138592750546951
0.0009162576687112754
0.0009347494553372848
0.0009912380952388049
0.0008823818897646961
0.0009137777777771569
0.0007722648752401019
0.0008286679536670548
0.0008609601449283799
0.0008232954545449254
0.0009668377823391412
0.0010244402985067676
0.0009527358490560764
0.0008439047619052941
0.0009842479674806212
0.0009572854291409731
0.0009650994575040157
0.0009382633587784483
0
0
0
0
0
0
0
0
0
0
0
0
0.023384329158093305
0.0056328125
0.0038050084889643485
0.0012301694915254286
0.0018006825938566568
0.0014495748299319703
0.0010470093457943955
0.000999640933572703
0.0032303478260869638
0.0016085951940850414
0.0023789198606271778
0.0015982142857142855
0.0010416955017301139
0.0010229090909090884
0.0009035496957403592
0.0009536398467433006
0.0009033519553072734
0.0009901500938086303
0.0009613871635610886
0.0010746441281138867
0.0007757685352622061
0.0009483899821109151
0.0008921675774134842
0.0009440409683426525
0.0008383399209486395
0.0008775967413441837
0.0009159003831417597
0.0008839250493096676
0.0008343462246777217
0.0008370039682539653
0.0008676056338028258
0.0008189189189189414
0.0007798039215686218
0.0007653241650294468
0.0007730927835051787
0.0008522826086956268
0.0011892857142857681
0.0008821016166282024
0.0007199063231849982
0.0008141111111111564
0.0010299765807962598
0.0007848192771083916
0.0007469973890339199
0.0007250000000000276
0.0008142857142857142
0.0008327543424317402
0
0
0
0
0
0
0
0
0
0
0
0.0006537656903765689
0.000569585253456248
0.0007622727272727141
0.0008425925925924728
0.0007108888888888759
0.0006041176470588348
0.0007429166666667394
0.0005627413127413126
0.000677659574468147
0.0005791505791505792
0.0007899999999999636
0.0007314049586776257
0.0007181818181818303
0.000769361702127672
0.000808783783783764
0.000738382352941185
0.0007360335195530726
0.0007305352798053882
0.0007208139534883652
0.0006949023861171492
0.000854253112033195
0.0009360323886639559
0.0008864120781527584
0.0008952641165755655
0.0010509578544061415
0.000934572490706298
0.0010487202925045863
0.0018549822064056938
0.0026390163934426514
0.0009796296296296155
0.0010368374558303987
0.0011346774193548282
0.0010601680672269202
0.0010405172413792854
0.0009738578680202848
0.0009957264957264709
0.0010990291262135874
0.0009991776315789475
0.0010473727422002663
0.0010004355400697119
0.0010110815602836878
0.0010158573596357853
0.0009811338289963203
0.0009859327217125204
0.0010332520325202733
0.0010234836702954764
0.0009665615141955653
0.0010122834645669336
0.0012064676616915663
0.0011676886792452968
0.001158282208588908
0.0010933673469387586
0.0011180575539568177
0.0011082952815829662
0.0011977857142856894
0.0011242290748898764
0.001162907801418448
0.0010451890034364063
0.0008269685039370194
0.0008344402277039849
0.0008127882599580957
0.0007651612903225556
0.0007151583710406714
0.000727599999999938
0
0
0
0
0
0
0
0
0
0
0.0009102409638553983
0.0006697278911564428
0.000683232628398774
0.000699085365853623
0.0007159292035397714
0.000649678456591696
0.0006563739376770868
0.0007154727793696609
0.0006716032608695495
0.0005927576601670985
0.0008214285714285715
0.0005919770773638301
0.0007120218579235927
0.0007869333333332712
0.0007730878186968673
0.0006441333333333022
0.0008172885572139737
0.0008709443099273185
0.0006838129496402738
0.0008067251461988986
0.0007895721925133377
0.0008791183294664112
0.0007038288288288288
0.0007209905660377633
0.0008083526682134436
0.0008051886792453379
0.000677037037036922
0.0006930622009569657
0.0008037533512064031
0.0008482476635513749
0.0007430365296803919
0.000880097087378655
0.000707142857142961
0.0006909198113207822
0.0008626535626536484
0.0008340616966581277
0.0007944711538461537
0.000638135593220302
0.0007359611231101511
0.0008766075388026737
0.0008160087719298374
0.0007243351063829941
0.000669221105527726
0.0007128865979381593
0.0006919836956522373
0.0006903903903904603
0.0006087797619046407
0.0006446774193548574
0.000656372549019627
0.0007191525423728616
0.0006537383177569368
0.0006417682926829267
0.0007937106918238809
0.0007664965986394755
0.0007383720930231591
0.0007660194174757657
0.0006807692307691619
0.000637777777777821
0.0007342960288807404
0.0008158582089552021
0.0013091715976331362
0.0008065217391303504
0.000797826086956353
0.0007439516129034606
0.0007064625850340531
0.0008222656250002273
0.0007009740259741016
0.0006258992805755395
0.0007411347517728432
0.0006864238410595641
0.0007276397515527588
0.0007501355013549819
0.0008502659574468395
0.0009704188481674936
0.0007528776978417544
0.0007475409836065165
0.0006627610208817245
0.0007363207547170087
0.0007535460992907803
0.0006202928870292886
0.0007200488997555724
0.0007042553191489224
0.0008586909871243886
0.0009310383747177935
0.0007384120171674569
0.0008743478260869818
0.0008851731601731853
0.0008604033970275391
0.0008804025423728567
0.0007737500000000265
0.0007185622317596691
0.001098205741626836
0.0008168085106382236
