57.93333333333333
57.599999999999994
61.862596098298006
62.666666666666664
58.47250783490031
60.8
58.13333333333333
57.599999999999994
62.733333333333334
62.72697460507899
57.53333333333333
60.53333333333333
60.8
62.8
63
63.06666666666666
65
67.86666666666666
65.8
65.46666666666667
68.06666666666666
67.8
65.93333333333334
68.06666666666665
69.13333333333333
67.2
67.6
64.73333333333333
68.59302806105445
68.53333333333333
69.46666666666665
68.46666666666667
70.86666666666667
69.86666666666667
67.2
71.72256444444444
74.86666666666667
83.51102666666665
77.93333333333335
87.13333333333333
81.93333333333334
84.00000000000001
89.2
91.93313780384838
92.7393519135885
92.53367115615414
99.00000000000001
97.60000000000001
101.79999999999998
105.06666666666666
94.40016891141042
102.08441796970102
101.46666666666667
105.73333333333333
107.40000000000003
108.6
106.46666666666664
105.60000000000001
103.26682669867306
103.99296982624541
107.2
99
102.8014939309057
107.40000000000002
104.39999999999999
100.39952895169532
96.86708450015557
99.79381427663077
103.26666666666667
107.19999999999999
102.47354758412231
102.32611651779762
102.59809473053092
106.19905802897004
102.33333333333331
100.33176062908171
102.33295116206726
105.39999999999999
102.13291561125182
99.98514384832517
98.73333333333335
100.93333333333335
96.5269608496645
97.53333333333333
101.53333333333333
96.13319113007154
98
98.33333333333331
99.13880134037863
95.5994667377683
103.20128906076366
99.13333333333333
103.93368006934719
97.60049791055391
100.86627560769674
96.4692981286394
89.66666666666667
80.93333333333335
6.399964453923399
104.19999999999999
97.99999999999999
94.06570679464961
106.33450682313197
107.7333333333333
105.7329958091792
101.19999999999999
107.33444459261233
105.79921788206016
114.33333333333333
111.86666666666667
109.13258681597013
107.19886252554873
117.73786969090504
115.93553406691119
112.39999999999999
112.06666666666669
114.86778718957733
111.59281873527976
118.2666666666667
110.39926232057948
109.9334401682982
112.26542691461705
121.46666666666664
114.80773436458196
114.33244456294719
110.59999999999998
119.06666666666666
114.26666666666667
114.06718229097213
114.26448058295564
109.59999999999998
123.80000000000003
121.19999999999999
110.59015343306412
121.60202747765773
123.8664982316372
121.99999999999997
128.26666666666665
123.60073787616126
125.66666666666669
124.20072898608701
124.93333333333335
111.73333333333332
108.25570885822835
108.39999999999999
104.93333333333334
105.53442688537707
104.40336156873207
100.86666666666666
104.26816039832842
103.93333333333332
101.86666666666666
100.59999999999998
102.59999999999998
102.66740454282792
101.93333333333334
103.86666666666666
100.33333333333336
109.5996180734516
105.06666666666665
111.5350402880505
110.6
109.06554689062189
107
110.37782220445155
106.39999999999999
110.99972043998878
116.99999999999997
110.4
105.61116662680003
110.53398230875227
109.60061341512201
117.93481362939254
114.93270230635913
114.26648913482647
111.6
3.7333333333333334
110.66666666666666
112.26666666666664
115.99999999999999
111.86666666666665
110.93333333333331
110.33333333333333
117.06666666666668
114.26666666666665
111.2
111.46529360794509
110.7333333333333
110.66666666666664
108.86666666666666
110.13333333333334
107.05896247802859
107.39889355462242
95.79999999999998
106.53333333333333
102.46666666666664
108.73241789983557
106.19999999999999
108.26693336889363
94.19999999999999
97.73333333333333
88.53417789038538
83.13333333333334
29.4
31.133333333333333
32.199999999999996
31.866666666666664
27.73333333333333
27.666666666666664
32
27.6
34.733333333333334
33.599999999999994
31.599999999999994
83.13333333333334
86.26666666666668
82.66666666666667
80.46666666666667
85.66666666666667
85.4
82.93333333333332
90.79999999999998
90.26666666666667
92.26666666666665
90.99999999999999
88.00000000000001
94.39999999999999
54.06666666666666
90.60000000000001
98.80000000000003
96.06666666666666
100.66432093829135
98.53425802436205
100.66666666666666
103.66666666666667
1.9333333333333333
109.80000000000001
113.40148464239677
109.33333333333331
114.46598254148063
108.79891637779701
113.86666666666666
112.8
119.8
120
116.79999999999998
117.7333333333333
106.66666666666666
97.73128082100493
100.46666666666665
99.20000000000002
105.65952984046571
104.26666666666668
109.93201812849905
104.93333333333334
94.93333333333332
109.06666666666668
108.13333333333333
107.73400008890073
106.33333333333333
108.80000000000001
105.60000000000001
100.73289785954783
106.46603563969249
104.46433839864923
105.06611562902727
107.93429352537174
103.59720055988804
104.46666666666665
90.66666666666666
58.93333333333333
40.13333333333333
38.93333333333334
40.53333333333333
40.6
40.93333333333333
44.86702673868107
49.4
55.19999999999999
51.26666666666667
61.466666666666676
54.723892035988
61.40000000000002
61.199999999999996
62.66666666666666
59.13333333333333
55.99999999999999
67.46666666666667
64.53333333333335
63.8
66.2
67.93276011464374
62.79999999999999
68.06606678664266
64.33333333333331
64.93333333333332
61.666666666666664
56
56.866666666666674
60.466666666666654
64.46666666666667
60.73333333333332
65.93274678397653
65.73333333333333
71.73333333333332
65.60000000000001
0
0
0
0
0
0
0
0
0
0
3.1333333333333333
36.53333333333333
37.333333333333336
36.2
39.666666666666664
39.60000000000001
40.53333333333334
43.06666666666667
42.13333333333333
43.53333333333334
44.73333333333334
47.46666666666666
43.133333333333326
46.79999999999999
50.33333333333333
49.06666666666666
48.73333333333333
52.4
53.666666666666664
57.19999999999999
54.86666666666666
51.86666666666666
53.466666666666654
55.93265346930615
60.13360892563453
60.53333333333334
57.199999999999996
57.06666666666666
63.2
61.26666666666667
60.266666666666666
63.33333333333333
68.86666666666666
68.79736193458132
70.26666666666665
64.06666666666666
66.99999999999999
70.73362678404696
69.32872950273297
66.8
69.53244468141828
67.2
68.06666666666666
71.19999999999999
73.66666666666667
72.66666666666666
75.60013336000533
75.60000000000001
69.33333333333333
76.86666666666667
75.99999999999999
72.2674401546976
75.53333333333332
74.86666666666665
72.4
74.33333333333333
70.33333333333333
79.86764019470559
78.46666666666667
76.93333333333334
78.26666666666668
75.99999999999999
80.26666666666667
76.46666666666668
70.8
66.93439160497121
72.59999999999998
69.53333333333333
80.33333333333334
69.8
73.06666666666665
68.2
69.13333333333334
74.46666666666665
76.39999999999999
68.7996267413184
68.93333333333334
69.26666666666667
69.53333333333333
70.66666666666666
75.19999999999999
71.53333333333333
65.86666666666666
69.39999999999999
68.79999999999998
69.39999999999999
68.93333333333334
12.133333333333333
0
0
0
0
0
0
0
0
0
0
0
19.53333333333333
39.00000000000001
37
37.800000000000004
39.33333333333333
35.2
37.99971120737531
33.93333333333333
35.39999999999999
32.46666666666666
31.66666666666666
32.06666666666666
29.6
31.866666666666664
29.266666666666666
28
28.53333333333333
27.46666666666666
25.599999999999998
31.266666666666666
42.46666666666666
46.333333333333336
43.66666666666666
45.733333333333334
44.86666666666667
41.00000000000001
43.400000000000006
44.133333333333326
44.33333333333334
45
44.26666666666667
48.6
56.198471926083876
58.66666666666666
58.466666666666654
68.39943118695284
65.86666666666666
62.39811605794011
68.53333333333333
74.99932013597281
71.53333333333333
74
72.6
70.6
80.66666666666669
76.4
84.66666666666667
85.13333333333333
76.33333333333333
78.06161845087321
75.794987335022
76.66666666666664
81.86666666666667
79.34944644524477
76.33333333333333
77.13333333333333
79.13333333333334
78.13333333333333
81
75.07180512957282
79.93298671288274
75.19999999999999
81.60135600755808
78.06666666666668
86.46666666666667
86.33221355728853
79.60124021070384
80.13333333333333
86.20000000000002
44
48.599999999999994
90.06621339376973
86.86666666666665
92.06666666666668
79.53333333333336
64.53333333333335
66.20026670222697
63.66666666666667
59.06666666666666
59.8
53.93391118815843
53.266666666666666
55.46666666666667
51.99999999999999
47.06666666666667
50.00000000000001
49.93333333333332
49.33333333333333
43.400000000000006
48.599999999999994
46.8
48.53333333333334
50.53333333333334
51.600311152598124
50.400000000000006
56.267200106688
52.199360085321956
55.266666666666666
53.19999999999999
56.466666666666676
52.33333333333333
52.666666666666664
53.93333333333333
60.66666666666665
57.06666666666667
57.46666666666666
54.53691603324888
60.8
65.33333333333333
64.2
57.06666666666665
57.2
58.33333333333333
53.86666666666667
51.13333333333333
52.66666666666667
56.33333333333333
52.93333333333334
51.86666666666667
3.6000000000000005
52.26666666666666
60.53333333333334
57.8
52.46666666666667
57.73333333333332
56.93333333333332
55.333333333333336
50.13333333333333
57.8
65.59897811840497
66.53333333333332
54.26666666666666
51.19970670577257
47.13333333333333
45.333333333333336
45.6
37.66666666666667
41.93333333333334
44.53333333333333
42.93333333333333
40
39.86666666666667
35.666666666666664
40.53333333333334
41.666666666666664
40.73333333333333
39.86678669067147
37.066666666666656
39.199999999999996
37.66666666666666
38.13333333333333
39.533333333333324
35.733333333333334
36.46666666666666
41.06666666666667
37.26666666666667
38.86666666666666
42.39999999999999
38.199999999999996
40.59999999999999
0.5333333333333333
48.066666666666656
51.66666666666667
47.73333333333334
49.4
57.53333333333333
62.99999999999999
63.33333333333334
61.53333333333333
64.46666666666667
65
62
65.73333333333332
67.66666666666666
64.86702673868108
62.33333333333334
59.666666666666664
61.06666666666666
64.53333333333335
55.533333333333324
54.2
51.46700006668001
51.400000000000006
52.93333333333332
55.93333333333333
53.99999999999999
52.866666666666674
60.733333333333334
58.40064012802559
59.60000000000001
62.527094581083794
62.6
58.066666666666656
58.06666666666666
63.99999999999999
61.533333333333324
60.53372007734882
56.33333333333333
57.733333333333334
66.33333333333334
65.93333333333334
55.6
45.13333333333334
34.6
35.533333333333324
33.8
38.39999999999999
39.59999999999999
39.599999999999994
40.86666666666667
42.33333333333333
44.13333333333333
44.13333333333333
46.46666666666667
48.2
45.13367571533383
45.86666666666666
47.599999999999994
52.666666666666664
49.93333333333334
47.266666666666666
55.86666666666667
58.2
53.400000000000006
56.73333333333333
55.933795617193404
59.13333333333333
55.19999999999999
60.733333333333334
60.06666666666667
59.93333333333333
64.93333333333332
63.26666666666665
67.26666666666667
69.06666666666666
68.8
60.47056051918033
71.33333333333333
71.33333333333333
71.53333333333333
68.86666666666667
66.13333333333334
71.66725345069014
69.06666666666666
67.13333333333333
66.60000000000001
69
73.80064008534472
73.13333333333334
0
0
0
0
0
0
0
0
0
0
0
0
68.13892000000001
80.66628007731786
79.2012316301752
78.46760901453527
77.39999999999999
79.06666666666668
73.53333333333333
74.99999999999999
78.33333333333334
72.26623116917744
74.46666666666667
76
76.3305487087247
72.46666666666667
64.06666666666666
71.1341201573648
70.66666666666667
70.66666666666667
65.60000000000001
75.33333333333333
74.73333333333333
72.60000000000001
72.59975114429187
70.86666666666667
65.40040008001598
67.13459193841214
68.33333333333333
67.13231124738923
70.73333333333332
65.8
65.26666666666667
66.13222688795574
67.39999999999999
65.60146725356809
63.93333333333333
61.533333333333346
57.13354670934187
57.73333333333333
56.333333333333336
57.93333333333334
55.46666666666667
56.06666666666666
51
55.06666666666666
50.53333333333333
53.199999999999996
0
0
0
0
0
0
0
0
0
0
2.5999999999999996
30.933333333333334
28.46666666666666
29.800000000000004
33.133333333333326
29.66666666666667
33.266666666666666
31.53333333333333
33.53563586255946
32.266666666666666
34.06666666666667
32.93333333333333
33.266666666666666
32.733333333333334
32.19999999999999
40.33333333333333
45.733333333333334
48.266666666666666
55.46666666666667
57.79999999999999
61.06666666666666
65.13341797542284
68.46666666666667
73.06592019905803
72.8
72.46666666666665
72.06666666666666
71.46666666666667
76.73429358940163
77.66666666666667
85.73333333333332
76.73333333333332
73.86666666666666
77.93333333333334
76.33405342934613
79.33333333333334
79.46666666666667
81.13366226607992
79.53333333333335
81.66666666666669
76.26757345423835
77.39999999999999
86.93333333333334
74.39941341154511
86.8
80.2
83.99999999999999
85.80000000000001
83.73333333333333
81.53333333333332
84.20000000000002
82.8
90.6006934257901
91
88.53333333333335
92.6006667555674
91.60117380285446
91.53333333333333
78.86556459138782
68.33333333333334
68.6674401546976
64.46666666666665
60.8
58.2
39.199999999999996
0
0
0
0
0
0
0
0
0
0
38.733333333333334
39.99999999999999
44.53333333333333
43.8
45.26666666666667
41.06666666666666
49.599999999999994
47.19999999999999
48.93333333333332
48.13333333333334
49
46.13333333333333
48.93333333333332
49.333333333333336
48.599999999999994
49.93294227436342
52.266666666666666
56.39999999999999
55.86666666666667
48
49.73333333333333
56.599999999999994
58.333333333333336
57.8
57.73333333333333
56
52.53333333333332
55.73333333333333
49.60110688804428
59.60000000000001
58.33333333333333
54.733333333333334
58.53333333333334
56.73333333333333
53.60000000000001
53.33333333333332
58
62.99999999999999
63.400000000000006
60.13333333333334
58.932214228617084
49.599999999999994
52.866666666666674
50.267733760170735
47.19999999999998
44.06673335556297
44.13333333333333
41.93333333333333
41
39.40006223051962
42.66666666666667
42.733333333333334
41.6
38.8
40.73333333333333
40.13333333333333
16.666666666666664
24
37
35.866666666666674
19.53333333333333
17.266666666666666
18
16.533333333333335
19.06666666666667
16.333333333333336
20.46666666666666
18.866666666666664
19.066666666666666
19.666666666666668
21.733333333333338
49.46666666666666
49.59999999999999
50.86666666666666
56.73333333333333
59.06666666666668
57.39999999999999
58.46666666666666
57.73333333333333
62.93333333333332
55.133333333333326
57
62.46666666666666
59.599999999999994
65.13333333333333
62.8
63.33333333333333
62.333333333333314
64.06666666666668
59.66666666666666
61.733333333333334
56.06666666666667
60.86666666666667
