0
56.33186851851851
78.57777777777777
93.97777777777777
100.35555555555554
110.15526718612665
115.04444444444444
126.84444444444443
143.59999999999997
160.79999999999998
51.62222222222221
156.3333333333333
174.91111111111113
171.35555555555553
178.93333333333328
180.59999999999997
184.5333333333333
175.73333333333335
178.15555555555554
176.0444444444444
167.88888888888889
168.28888888888886
156.22222222222223
150.35555555555555
135.8222222222222
69.97777777777777
105.73333333333332
105.2
102.1111111111111
92.35555555555553
80.99999999999999
84.44444444444443
87.17777777777776
96.39999999999999
132.17777777777775
162.46666666666664
167.1333333333333
212.31111111111107
193.13333333333333
194.3111111111111
208.24444444444444
206.02222222222218
229.66666666666666
240.8222222222222
181.8222222222222
125.06666666666665
109.13413634983073
100.73333333333332
102.86666666666667
107.5111111111111
115.88888888888887
120.13333333333331
130.6222222222222
118.75555555555553
119.79999999999998
121.2
118.82222222222221
122.66835327382054
81.42222222222222
97.82222222222224
88.79999999999998
77.64444444444443
75.33333333333333
53.8
78.02222222222221
85.53333333333332
107.55555555555554
125.93333333333331
140.24444444444444
140.22222222222223
148.59999999999997
136.86666666666667
144.06666666666663
151.77777777777777
153.66666666666663
155.6222222222222
80.82222222222221
42.04444444444444
92.39999999999998
95.46666666666665
103.1111111111111
117.2222222222222
125.6222222222222
140.75555555555553
155.48888888888888
151.08888888888885
159.7312535182058
163.57777777777773
174.06666666666666
172.9333333333333
182.64444444444442
185.31111111111107
181.79999999999998
185.59999999999997
171.77777777777777
161.51111111111112
173.97777777777776
163.2888888888889
155.35555555555553
144.31111111111107
124.22222222222221
112.04444444444444
113.19999999999999
99.24444444444444
88.15555555555554
83.2222222222222
88.95555555555555
89.64444444444443
92.86666666666666
129.48888888888888
86.31417888888889
170.26666666666665
207.5111111111111
197.5333333333333
193.9111111111111
208.6222222222222
201.77777777777777
218.22222222222217
254.71111111111108
210.17777777777775
135.59999999999997
108.17777777777778
98.37777777777777
99.04444444444442
110.84444444444443
113.95555555555555
119.28888888888889
126.02222222222221
131.48888888888888
117.79999999999998
120.22222222222221
129.79999999999998
121.75555555555555
138.99999999999997
101.17777777777776
88.28888888888888
83.26666666666665
81.08888888888887
76.26666666666665
58.37777777777777
83.11111111111109
97.28888888888888
43.599999999999994
142.97777777777776
144.15555555555554
152.84444444444443
133.2222222222222
139.86666666666667
153.17777777777775
150.84444444444443
157.55555555555554
126.84444444444443
73.08888888888887
83.26666666666665
93.17777777777776
103.26666666666665
124.11111111111109
117.53333333333332
32.04444444444444
153.13333333333333
155.33333333333331
156.55555555555554
161.6
167.93333333333334
171.88888888888886
179.79999999999995
187.9111111111111
183.71111111111108
183.84444444444443
174.75555555555553
156.39999999999998
169.75555555555553
157.06666666666666
155.84444444444443
142.7111111111111
124.71111111111111
113.68888888888887
106.2222222222222
105.04444444444442
93.44444444444443
