0.289642333984375
0.29388427734375
0.2930908203125
0.292510986328125
0.29571533203125
0.29620361328125
0.3016357421875
0.3017578125
0.30950927734375
0.303680419921875
0.303009033203125
0.305267333984375
0.332763671875
0.304290771484375
0.3026123046875
0.306121826171875
0.302154541015625
0.299652099609375
0.299224853515625
0.302093505859375
0.30560302734375
0.3037109375
0.296783447265625
0.29412841796875
0.29949951171875
0.297027587890625
0.298858642578125
0.300445556640625
0.300933837890625
0.29833984375
0.29638671875
0.2977294921875
0.295684814453125
0.296783447265625
0.295989990234375
0.297943115234375
0.30157470703125
0.31195068359375
0.313507080078125
0.31439208984375
0.32281494140625
0.323974609375
0.326568603515625
0.326385498046875
0.314971923828125
0.31243896484375
0.31317138671875
0.31494140625
0.31292724609375
0.312408447265625
0.313507080078125
0.3070068359375
0.2974853515625
0.293060302734375
0.293609619140625
0.296356201171875
0.298431396484375
0.301025390625
0.300933837890625
0.300079345703125
0.301025390625
0.30450439453125
0.3089599609375
0.309600830078125
0.3094482421875
0.309478759765625
0.310882568359375
0.311981201171875
0.3104248046875
0.312652587890625
0.311431884765625
0.310882568359375
0.300048828125
0.295501708984375
0.292694091796875
0.292327880859375
0.292999267578125
0.324737548828125
0.295135498046875
0.302734375
0.3023681640625
0.30157470703125
0.302337646484375
0.303070068359375
0.301544189453125
0.302886962890625
0.302032470703125
0.302886962890625
0.302398681640625
0.314544677734375
0.299041748046875
0.29779052734375
0.29681396484375
0.29815673828125
0.3017578125
0.30438232421875
0.3038330078125
0.332611083984375
0.01824951171875
0.215362548828125
0.277923583984375
0.272003173828125
0.292388916015625
0.290283203125
0.299713134765625
0.3062744140625
0.306640625
0.3062744140625
0.306396484375
0.30908203125
0.30780029296875
0.3082275390625
0.311004638671875
0.307037353515625
0.291839599609375
0.2906494140625
0.290435791015625
0.28985595703125
0.319366455078125
0.2894287109375
0.290985107421875
0.29449462890625
0.296234130859375
0.29473876953125
0.29034423828125
0.290069580078125
0.2890625
0.31805419921875
0.291015625
0.2891845703125
0.293975830078125
0.29010009765625
0.28973388671875
0.2900390625
0.290283203125
0.291900634765625
0.29779052734375
0.2979736328125
0.300811767578125
0.30084228515625
0.300323486328125
0.300201416015625
0.304718017578125
0.318145751953125
0.304962158203125
0.30377197265625
0.30474853515625
0.305419921875
0.299835205078125
0.293212890625
0.2935791015625
0.2939453125
0.294219970703125
0.29498291015625
0.295257568359375
0.29730224609375
0.298614501953125
0.2979736328125
0.29827880859375
0.298919677734375
0.296295166015625
0.29718017578125
0.298248291015625
0.2962646484375
0.29815673828125
0.29632568359375
0.29656982421875
0.29608154296875
0.302459716796875
0.300872802734375
0.300811767578125
0.29840087890625
0.293365478515625
0.29144287109375
0.305633544921875
0.29595947265625
0.01580810546875
0.210052490234375
0.2762451171875
0.28076171875
0.306854248046875
0.314483642578125
0.303466796875
0.306243896484375
0.30511474609375
0.305755615234375
0.305389404296875
0.334320068359375
0.301605224609375
0.301361083984375
0.30145263671875
0.305877685546875
0.302337646484375
0.303466796875
0.304107666015625
0.304473876953125
0.30010986328125
0.30078125
0.298797607421875
0.292266845703125
0.286865234375
0.28662109375
0.28753662109375
0.284759521484375
0.2852783203125
0.289337158203125
0.2864990234375
0.299224853515625
0.285552978515625
0.2867431640625
0.28564453125
0.289398193359375
0.28375244140625
0.2838134765625
0.2840576171875
0.286956787109375
0.286346435546875
0.28741455078125
0.28594970703125
0.2891845703125
0.288848876953125
0.28955078125
0.290802001953125
0.320831298828125
0.287078857421875
0.28692626953125
0.286041259765625
0.284698486328125
0.2861328125
0.28631591796875
0.287811279296875
0.285919189453125
0.286407470703125
0.28857421875
0.291778564453125
0.01666259765625
0.206146240234375
0.27459716796875
0.277618408203125
0.28271484375
0.28717041015625
0.2977294921875
0.307159423828125
0.291717529296875
0.301055908203125
0.293212890625
0.30242919921875
0.3026123046875
0.2999267578125
0.300140380859375
0.30181884765625
0.295074462890625
0.29150390625
0.29290771484375
0.29315185546875
0.293914794921875
0.288177490234375
0.28515625
0.283233642578125
0.28125
0.29522705078125
0.28643798828125
0.285797119140625
0.28564453125
0.286376953125
0.28668212890625
0.288238525390625
0.289764404296875
0.288238525390625
0.287322998046875
0.286529541015625
0.285797119140625
0.285614013671875
0.2850341796875
0.284912109375
0.285675048828125
0.286468505859375
0.28741455078125
0.287384033203125
0.286285400390625
0.2864990234375
0.287139892578125
0.2857666015625
0.31646728515625
0.2860107421875
0.28570556640625
0.284881591796875
0.28656005859375
0.2872314453125
0.287567138671875
0.28814697265625
0.287933349609375
0.2891845703125
0.288665771484375
0.2890625
0.288116455078125
0.2926025390625
0.288299560546875
0.2879638671875
0.28765869140625
0.28717041015625
0.287506103515625
0.318145751953125
0.288330078125
0.28857421875
0.287841796875
0.2882080078125
0.287445068359375
0.2880859375
0.28802490234375
0.28741455078125
0.287750244140625
0.28814697265625
0.288604736328125
0.288543701171875
0.28924560546875
0.2894287109375
0.28887939453125
0.289215087890625
0.289337158203125
0.289337158203125
0.28717041015625
0.28753662109375
0.287750244140625
0.287841796875
0.287872314453125
0.28839111328125
0.289520263671875
0.290435791015625
0.2891845703125
0.289398193359375
0.288665771484375
0.288665771484375
0.288970947265625
0.2886962890625
0.289215087890625
0.29180908203125
0.289581298828125
0.289154052734375
0.289276123046875
0.288909912109375
0.293670654296875
0.291595458984375
0.29168701171875
0.292327880859375
0.292205810546875
0.291961669921875
0.292205810546875
0.291778564453125
0.29351806640625
0.292022705078125
0.292449951171875
0.292999267578125
0.2918701171875
0.29266357421875
0.292205810546875
0.291961669921875
0.29046630859375
0.291259765625
0.2926025390625
0.2904052734375
0.29248046875
0.294769287109375
0.294158935546875
0.29095458984375
0.291015625
0.29132080078125
0.292694091796875
0.29278564453125
0.3228759765625
0.293548583984375
0.29248046875
0.29290771484375
0.292724609375
0.29327392578125
0.291748046875
0.291656494140625
0.291595458984375
0.29388427734375
0.2939453125
0.2945556640625
0.29437255859375
0.294830322265625
0.293792724609375
0.29412841796875
0.296112060546875
0.293304443359375
0.295379638671875
0.326141357421875
0.299407958984375
0.29998779296875
0.30206298828125
0.30047607421875
0.301239013671875
0.332733154296875
0.301910400390625
0.318511962890625
0.30609130859375
0.297454833984375
0.296173095703125
0.29412841796875
0.29412841796875
0.294891357421875
0.294464111328125
0.294891357421875
0.295989990234375
0.32965087890625
0.2950439453125
0.295135498046875
0.295074462890625
0.294647216796875
0.294677734375
0.295135498046875
0.294891357421875
0.294677734375
0.2950439453125
0.295135498046875
0.294097900390625
0.29437255859375
0.294677734375
0.296051025390625
0.294189453125
0.29400634765625
0.29400634765625
0.32708740234375
0.294586181640625
0.294525146484375
0.29443359375
0.29443359375
0.29437255859375
0.29443359375
0.293426513671875
0.29486083984375
0.293365478515625
0.293365478515625
0.294158935546875
0.293121337890625
0.294647216796875
0.29376220703125
0.2939453125
0.294158935546875
0.294464111328125
0.29486083984375
0.295745849609375
0.29620361328125
0.295806884765625
0.296142578125
0.29583740234375
0.296417236328125
0.2957763671875
0.297515869140625
0.3226318359375
0.298095703125
0.298797607421875
0.299163818359375
0.302337646484375
0.302886962890625
0.33197021484375
0.300750732421875
0.300048828125
0.300048828125
0.30108642578125
0.30120849609375
0.301727294921875
0.30029296875
0.29949951171875
0.2996826171875
0.299957275390625
0.301971435546875
0.3035888671875
0.305633544921875
0.306304931640625
0.30926513671875
0.309661865234375
0.314544677734375
0.3162841796875
0.310150146484375
0.308624267578125
0.305755615234375
0.30706787109375
0.307281494140625
0.306915283203125
0.306793212890625
0.30657958984375
0.3082275390625
0.18048095703125
0.281219482421875
0.28240966796875
0.281951904296875
0.282012939453125
0.28704833984375
0.297576904296875
0.288665771484375
0.2884521484375
0.2894287109375
0.29193115234375
0.2894287109375
0.29193115234375
0.2935791015625
0.29058837890625
0.290740966796875
0.292236328125
0.292022705078125
0.29071044921875
0.29010009765625
0.290679931640625
0.28997802734375
0.291229248046875
0.2904052734375
0.28948974609375
0.2867431640625
0.2862548828125
0.285919189453125
0.284393310546875
0.284515380859375
0.288116455078125
0.28594970703125
0.284759521484375
0.28497314453125
0.28509521484375
0.3006591796875
0.28411865234375
0.28497314453125
0.28363037109375
0.283966064453125
0.28375244140625
0.28521728515625
0.2838134765625
0.2850341796875
0.2843017578125
0.283935546875
0.2841796875
0.285186767578125
0.3145751953125
0.178741455078125
0.221099853515625
0.2716064453125
0.272247314453125
0.272064208984375
0.28094482421875
0.28070068359375
0.282501220703125
0.285614013671875
0.288238525390625
0.290679931640625
0.288116455078125
0.288299560546875
0.291473388671875
0.288970947265625
0.288360595703125
0.28961181640625
0.288818359375
0.304931640625
0.287506103515625
0.287750244140625
0.287322998046875
0.2852783203125
0.28387451171875
0.28363037109375
0.284027099609375
0.283416748046875
0.283966064453125
0.28424072265625
0.282318115234375
0.283355712890625
0.2828369140625
0.28271484375
0.283233642578125
0.28326416015625
0.28521728515625
0.28302001953125
0.28314208984375
0.2833251953125
0.28289794921875
0.28411865234375
0.015594482421875
0.207305908203125
0.282379150390625
0.290191650390625
0.272857666015625
0.28131103515625
0.28765869140625
0.28717041015625
0.284088134765625
0.286590576171875
0.286895751953125
0.286346435546875
0.28692626953125
0.288604736328125
0.28570556640625
0.28558349609375
0.2862548828125
0.28515625
0.285186767578125
0.285858154296875
0.286285400390625
0.285552978515625
0.289154052734375
0.28668212890625
0.284576416015625
0.28125
0.309356689453125
0.277923583984375
0.280120849609375
0.279296875
0.279541015625
0.2794189453125
0.27874755859375
0.279205322265625
0.282623291015625
0.27947998046875
0.282928466796875
0.280242919921875
0.280517578125
0.282012939453125
0.2818603515625
0.283355712890625
0.28155517578125
0.28265380859375
0.281982421875
0.282073974609375
0.300018310546875
0.2833251953125
0.28314208984375
0.31329345703125
0.283416748046875
0.28338623046875
0.283782958984375
0.28466796875
0.31256103515625
0.28546142578125
0.28631591796875
0.285430908203125
0.285400390625
0.285369873046875
0.284576416015625
0.285919189453125
0.28460693359375
0.286773681640625
0.28521728515625
0.2874755859375
0.287353515625
0.288330078125
0.288482666015625
0.28662109375
0.28729248046875
0.285980224609375
0.285247802734375
0.285003662109375
0.28533935546875
0.28594970703125
0.28704833984375
0.29425048828125
0.293060302734375
0.293670654296875
0.291748046875
0.291534423828125
0.2913818359375
0.294921875
0.29327392578125
0.293426513671875
0.292236328125
0.291748046875
0.291015625
0.291412353515625
0.2911376953125
0.29107666015625
0.291290283203125
0.2906494140625
0.29412841796875
0.294830322265625
0.2947998046875
0.295135498046875
0.29754638671875
0.311614990234375
0.296630859375
0.29547119140625
0.296173095703125
0.295562744140625
0.295928955078125
0.297027587890625
0.29754638671875
0.296722412109375
0.2994384765625
0.297607421875
0.2943115234375
0.293304443359375
0.290985107421875
0.291351318359375
0.289703369140625
0.288726806640625
0.28973388671875
0.290191650390625
0.2923583984375
0.29010009765625
0.291168212890625
0.293609619140625
0.29241943359375
0.2935791015625
0.2913818359375
0.2918701171875
0.292022705078125
0.290985107421875
0.290771484375
0.290496826171875
0.291656494140625
0.291229248046875
0.291351318359375
0.30828857421875
0.294189453125
0.2923583984375
0.292022705078125
0.2923583984375
0.291717529296875
0.291595458984375
0.29132080078125
0.290924072265625
0.29241943359375
0.308135986328125
0.2916259765625
0.2919921875
0.29339599609375
0.2919921875
0.29248046875
0.292205810546875
0.291778564453125
0.29205322265625
0.29229736328125
0.292083740234375
0.290863037109375
0.29052734375
0.29205322265625
0.292724609375
0.291778564453125
0.29241943359375
0.291778564453125
0.2923583984375
0.29168701171875
0.29193115234375
0.290863037109375
0.290435791015625
0.290740966796875
0.2913818359375
0.2919921875
0.29241943359375
0.291290283203125
0.29052734375
0.291259765625
0.290924072265625
0.291900634765625
0.2916259765625
0.2918701171875
0.291229248046875
0.2916259765625
0.291290283203125
0.29425048828125
0.29241943359375
0.292694091796875
0.29217529296875
0.29205322265625
0.295501708984375
0.294677734375
0.296661376953125
0.29803466796875
0.29541015625
0.29595947265625
0.29486083984375
0.295379638671875
0.29498291015625
0.295379638671875
0.295166015625
0.2950439453125
0.324371337890625
0.29437255859375
0.301361083984375
0.29644775390625
0.2974853515625
0.297607421875
0.31170654296875
0.298980712890625
0.29791259765625
0.300872802734375
0.2996826171875
0.300628662109375
0.33233642578125
0.296051025390625
0.325836181640625
0.297760009765625
0.301025390625
0.301849365234375
0.301605224609375
0.30316162109375
0.3006591796875
0.300445556640625
0.2977294921875
0.29730224609375
0.2984619140625
0.29779052734375
0.297576904296875
0.29718017578125
0.297760009765625
0.298126220703125
0.29742431640625
0.29742431640625
0.2979736328125
0.2977294921875
0.298248291015625
0.298553466796875
0.297149658203125
0.2960205078125
0.29669189453125
0.2965087890625
0.297515869140625
0.297760009765625
0.297088623046875
0.297119140625
0.296905517578125
0.296905517578125
0.32806396484375
0.29815673828125
0.2979736328125
0.295745849609375
0.29449462890625
0.29412841796875
0.293426513671875
0.29388427734375
0.294677734375
0.296539306640625
0.2945556640625
0.29437255859375
0.294952392578125
0.326080322265625
0.296112060546875
0.295654296875
0.29638671875
0.296844482421875
0.296295166015625
0.29559326171875
0.295684814453125
0.296295166015625
0.29693603515625
0.29644775390625
0.296173095703125
0.296630859375
0.299407958984375
0.298583984375
0.297454833984375
0.296722412109375
0.297515869140625
0.297149658203125
0.2979736328125
0.296875
0.328643798828125
0.297332763671875
0.29766845703125
0.2984619140625
0.296630859375
0.295684814453125
0.296142578125
0.29638671875
0.296630859375
0.296600341796875
0.29656982421875
0.29638671875
0.18096923828125
0.252197265625
0.259735107421875
0.274017333984375
0.271697998046875
0.28662109375
0.27935791015625
0.282440185546875
0.281005859375
0.28363037109375
0.283782958984375
0.283721923828125
0.28363037109375
0.284149169921875
0.2850341796875
0.281890869140625
0.282257080078125
0.28240966796875
0.284149169921875
0.284454345703125
0.28717041015625
0.28509521484375
0.285186767578125
0.285675048828125
0.31732177734375
0.287933349609375
0.28814697265625
0.28717041015625
0.287628173828125
0.2869873046875
0.29010009765625
0.288299560546875
0.287322998046875
0.288665771484375
0.287750244140625
0.290252685546875
