0
0.01028615827606984
0.030676535341830825
0.0009645921735030632
0.0069149029982363336
0.0007943269621797525
0.03642634809496274
0.007863277639530762
0.01953514030612245
0.0009586866740088011
0.06028335745296673
0.012240164866401372
0.007917401273885344
0.01204664403238445
0.007109828528827033
0.019942160019816704
0.012709505612610444
0.028909423754403613
0.015611631082423015
0.001009484066767866
0.008347527763088324
0.024374546908315555
0.021509767974792312
0.007794505974934408
0.011857035975803825
0.03418998651382342
0.04050371297455156
0.02190950959488269
0.0009055987894508891
0.00769103117506
0.006249748883928573
0.007712376751426991
0.0007763276553106192
0.027908594881699684
0.01786549677856899
0.0036845706371191004
0.027807315761161917
0.001131129883843736
0.01052891289358768
0.007056102587588734
0.0011172325976230514
0.021086589147286734
0.012079092509289971
0.03584528737756423
0.010116116573033771
0.008589078438269303
0.011995930949445167
0.012144215600350528
0.0072783913043477045
0.018076489226869493
0.019229102465331275
0.014081351251841012
0.005095623707787605
0.017600717251793165
0.015746457415565313
0.014972224244630438
0.008510598321780406
0.0073679454545455235
0.022318501920614842
0.012279090503789605
0.01850967016491754
0.049708314415436994
0.026715267605633967
0.014242636815920407
0.018465969036697144
0.014039072327044072
0.03302132822477626
0.020925449317038002
0.005692960858585855
0.012897411313518639
0.02150151650312218
0.006630310965630145
0.0075284172661869925
0.019748589296102605
0.0008968396636706284
0.008426246418338161
0.031100088862559248
0.031740088888888726
0.005449049707602246
0.00791300093196662
0.01858258986574266
0.002863770306006941
0.0034608826657214404
0.011350794165315984
0.011205505364200858
0.0037739364801865336
0.007327686296399616
0.018917960901439244
0.004168311688311688
0.02706978816843178
0.008627655677655631
0.015176661089866109
0.01893414156257667
0.014938186615495456
0.012851304461257453
0.013680572289156675
0.013266273403436874
0.009264853896104049
0.005168906115417744
0.005592354553761745
0.011088149982313668
0.013076361483819979
0.006071736573892522
0.023182907488986618
0.03615413776015867
0.014195052083333331
0.014859093173891199
0.02787281003936953
0.0008988326848251716
0.013601837455830717
0.025735405291894387
0.010359425799685275
0.0028834599522466644
0.004107496623142685
0.012356845853434585
0.004996269619436641
0.017969092920354025
0.019884542296689896
0.010112310003534917
0.028692926533090392
0.0007120088719899177
0.03497135459817714
0.01870284039675374
0.0076054687500001685
0.01803872727272705
0.0221733801717409
0.00570033532041715
0.012555581395348778
0.0009012803458597267
0.021041297880252684
0.012423043319985368
0.000877974769860273
0.0008182594476741458
0.007864022617124149
0.013001738374619893
0.020802358490565855
0.02723897763578294
0.0008365846994539559
0.007691666666666346
0.027769386929414767
0.023813201943844488
0.010324755016332073
0.04195736263736246
0.01048334372078535
0.012282532347504857
0.024090458902120235
0.01792135587655943
0.02089554455445556
0.010240791409238116
0.0008080764671013065
0.0009528209556708072
0.0009083767078727174
0.016570765027321722
0.021015566790847005
0.012329061457837251
0.007859214501511058
0.008031576086956394
0.01995999238675309
0.007833167082295152
0.014903281341965648
0.00423574468085117
0.007668707579185624
0.020313986784140873
0.022190149492792216
0.013462997382198662
0.019351711734060837
0.0033846107784431135
0.005506772956125538
0.005690730337078924
0.005303385548256596
0.02300634222474471
0.009534982935153485
0.015635656873613984
0.022221840386253907
0.01157382571075413
0.0277562146892658
0.016636342592592165
0.029022503108163476
0.006547944630872332
0.021911216280170728
