0.21602481455555517
0.2547130677777779
0.19246474923894014
0.21432407938307
0.21181422855555512
0.20357654977777725
0.1687620034444453
0.2545244073333335
0.32912871944444394
0.2897330270000001
0.17647452611111053
0.30058407588888914
0.1723373692222228
0.18361935544444444
0.2692698533333334
0.2606831623333332
0.26757367377777697
0.14845313566666757
0.08191984066666673
0.30611654788888937
0.18225604833333225
0.14441576244444498
0.28928478522222184
0.1672313600000008
0.19541853477777713
0.2838273803333335
0.16665561455555494
0.3052761898888892
0.22251479655555625
0.22876710333333328
0.26890959666666625
0.20562859899999986
0.30557562444444386
0.26410870877777864
0.2893454464444447
0.21235667488888846
0.22099642933333363
0.2819211176666651
0.3697999900000026
0.23687120955555466
0.3925276683333342
0.2960655290000002
0.3377815231111091
0.36902608666666636
0.389870362444444
0.41123563988889106
0.4286491147777775
0.2608929861111101
0.533702821222224
0.47012022844444346
0.4587663369999986
0.22660374177777953
0.49009921044444443
0.6086585966666671
0.4367908355555541
0.44543819811111185
0.5760688019999994
0.5979477192222223
0.3858476402222221
0.3833847535719861
0.3648615847723159
0.3059167034444449
0.353904345111112
0.47705870744444373
0.5183132445644333
0.21863194230534164
0.5229219435555561
0.5036625291111092
0.3726502503333349
0.587428281222221
0.5388071054444481
0.47132656633333325
0.4114435635555525
0.5610581006666658
0.3353561057777799
0.3262903698888901
0.6532935063333285
0.3488695543333367
0.2570147126666661
0.6855482288888892
0.43203497966666443
0.431568147444447
0.43482293177777365
0.39076757055556127
0.403245134777775
0.4681126263333353
0.31489242688888913
0.4210838331111088
0.615654089555556
0.34856448311110927
0.4152245175555562
0.5252242485555598
0.18586440477777286
0.6104348343333376
0.4587718575555502
0.5373614637777817
0.4571595036666673
0.4813234999999989
0
0.30200407455555556
0.8195895962222222
0.1877413463333334
0.5661763839999999
0.4034264040000003
0.5115057202222218
0.49864120044444454
0.4717304174444447
0.4065342989999997
0.358038576888889
0.5381992751111113
0.5464642503333335
0.5443097067777773
0.36132418366666663
0.49371501588888916
0.7147670935555549
0.25256119433333407
0.5506173521111117
0.3792567211111112
0.5450564112222211
0.34718492544444424
0.524955127555556
0.2426397355555565
0.6108044693333329
0.5472417884444446
0.4442711871111113
0.37021767455555554
0.3877207901111098
0.38718277833333387
0.5183597407777778
0.4170470342222232
0.3943345890000008
0.3554994061111106
0.5697123389999996
0.3776190991111119
0.3430161097777753
0.5303887054444469
0.3859216932222201
0.4933461985555551
0.3144231813637279
0.5339922466715576
0.58511040588889
0.7090661029999978
0.6250403607777774
0.22454836422222496
0.5982085033333312
0.38059604044444645
0.6572838345555536
0.5537088567777775
0.537659069
0.41973612766666846
0.264369031777777
0.5684166699999986
0.3078353217777779
0.49944853444444626
0.5650432745555539
0.4841854968888887
0.42766827333333407
0.3966680965555567
0.49415491733333283
0.3737210262222214
0.4345636908888903
0.6058076132222191
0.41194922633333897
0.5212271884444388
0.47869909444444964
0.5369263958888837
0.3584094453333364
0.520329831888887
0.3018015238888931
0.6777170316666646
0.36661571466666804
0.37279141200000115
0.34185957222222085
0.5537579321111062
0.45439826511111253
0.43457545844444845
0
0.27068696
0.5989712914444445
0.2462221996666667
0.6538823451111111
0.4503510737061975
0.5183310591817233
0.38827376466666647
0.45486013111111134
0.4936788743333331
0.36421431622222245
0.37981798811111156
0.4337360443333328
0.33292439333333357
0.4746386296666666
0.6480414611111114
0.326407928111111
0.42065661477777794
0.530596379777778
0.25173518811111095
0.5992650292222221
0.3156099868888889
0.42750479388888923
0.4325376745555553
0.42063265077777756
0.47473006722222205
0.4472466553333337
0.39554751066666605
0.20980297166666634
0.5443704738888898
0.5668268780000006
0.5762288887777771
0.422983517111111
0.3470000296666677
0.42745952844444446
0.4124395646666667
0.5704003442222201
0.3844699226666693
0.3115935932222208
0.5216462087777782
0.3195077941111101
0.47005470355555684
0.5073786296271607
0.27147574632173
0.6116940503333347
0.44925763577777883
0.5087766417777763
0.3481433441111127
0.5607524764444444
0.4126104087505271
0.30468113218658893
0.4420552654444458
0.369279853111111
0.44218600933333446
0.2909379603333314
0.3729099843333346
0.43872465333333194
0.3858378140000001
0.4894022065555564
0
0.2835724031111111
0.546088805968491
0.513127576838456
0.47154020966666665
0.473444784
0.29094339466666674
0.5627550151111113
0.5576296308888888
0.5064778618888887
0.7374521977777783
0.4624255497777775
0.4920466684444441
0.5284433537777784
0.41267294833333307
0.24490981844444487
0.4770300426666662
0.3741538803333337
0.5195271415555551
0.47112330044444506
0.319581612777777
0.5394935128888898
0.42905585944444463
0.40277922622222206
0.4064087672222219
0.22531846400000038
0.5163882013333326
0.5499443926666664
0.2530857076666675
0.34580355999999945
0.5090965551111108
0.5738168494444457
0.3893599916666659
0.35014787836366323
0.5220578945263026
0.45335082277777716
0.30553564766666835
0.23665682566666787
0.19416751911110927
0.2813612698888903
0.23255855011110943
0.3079627215555547
0.3399123786666678
0.18264406755555584
0.48071553722222243
0.3839463491111101
0.3304306186666679
0.31117823766666675
0.45723315633333395
0.3239258172222227
0.5311895769999985
0.28733943555555663
0.38123419711111084
0.41866538911111206
0.4223037687777757
0.4322231155555553
0.46286148799999993
0.29193107011111075
0.4935065496666671
0.4630640341111132
0.45584689877777707
0.39556285066666735
0.40927437633333363
0.4359372737777771
0.34691057399999814
0.4318665150000022
0.44348939944444193
0.34737953800000004
0.4242865080000008
0.4387304196666675
0.48694725555555535
0.4013357782222203
0.1656853221111116
0.1196747277777806
0.1372300718888874
0.12841836855555283
0.12386958477778383
0.13438783733333065
0.16849498099999968
0.12839789311110889
0.1596232977777782
0.13813264222222366
0.14691019422222476
0.2036283226666645
0.4333759998888872
0.1638676232222262
0.30154380844444023
0.24016024999999927
0.35165873844444684
0.32521474144444557
0.18365945577777942
0.3521169574444419
0.18085636411111258
0.5083200218888856
0.19231083422222484
0.4535760320000009
0.32422373711110847
0.19604729566666873
0.48247931666666466
0.17386808111111426
0.5082725901111063
0.14234412255555956
0.49667854644444437
0.3070316112222208
0.44041107288889075
0.2850607431111093
0.497351036222224
0.4623261147777763
0.329700031222223
0.4535430946666629
0.4731462447777833
0.4261001258888844
0.2994070369999993
0.2785959418888903
0.4468323656666687
0.5878155302222202
0.3207015090000027
0.3864839331111069
0.615284917111113
0.38348311877777835
0.4346128256666665
0.4414787008888905
0.30653719899999665
0.5799441036153156
0.4739434781207654
0.29042407844444695
0.5063160526666606
0.5570167523333365
0.566565265000002
0.37626387855555604
0.3615391041111088
0.5930097939999983
0.4139374574444459
0.45931986844444356
0.5373509066666695
0.3283104708888863
0.4227102137777795
0.557299657444446
0.42550132813367886
0.4485056143742935
0.3115484087777721
0.48314045100000336
0.44453281999999994
0.40336401355555535
0.4553794354444436
0.8357386463333366
0.2973195957777774
0.5333655949999954
0.2789509167777737
0.6406957805555623
0.32914455344444427
0.4516352473333301
0.51449462533334
0.2793751805555505
0.616659039222226
0.503201197999993
0.27218301188889255
0.531751895444447
0.3587405297777701
0.44761453611111945
0.37026938877777915
0.44756285588888056
0.34592664377777915
0.6300026998888926
0.41833843922222513
0.3398587880000024
0.16370199544443645
0.5291646840000036
0.44319687722222373
0.15790447322222514
0.15311934944443492
0.1226181667777837
0.10846080855555505
0.07280025555556019
0.10663544466665877
0.1168322072222231
0.0918291915555503
0.09334385422222466
0.08148794711111249
0.13450764433333814
0.09623826533332805
0.25193313144445206
0.26041672144443356
0.13768843477777815
0.37145866488889273
0.43395209822222114
0.21518742877777994
0.22931517044444014
0.2650974381111206
0.21326393866666474
0.14679898099999872
0.3568890234444477
0.34818078488888204
0.2829572006666644
0.3242221332222294
0.21965241511111344
0.19803892988887936
0.21823214088889625
0.20171930688889006
0.2771191007354024
0.15200424707164156
0.3365003303333272
0.28933237444444637
0.30371695866666765
0.40103760122221704
0.2622433391111119
0.3452170402222237
0.24198005677778334
0.24642062400000164
0.37724646955555524
0.46246722133332696
0.23472341644444186
0.3147939430000027
0.23620061566666412
0.36654294311111046
0.47603591255556743
0.4904005681111004
0.3857781547777803
0.41651232466666793
0.286198465555559
0.6337743311111126
0.7116281281111014
0.39631497022223056
0.4587039171111151
0.3221574742222199
0.21838464066666397
0.5271744298888861
0.5658912815555621
0.5416172953333293
0.3779459193333297
0.375156560888892
0.4688721863333285
0.2926541670000107
0.48000098799999097
0.42011713511111437
0.3500209284936514
0.6885251258972896
0.3197776263333354
0.39765694155554837
0.32100264755556257
0.5773475775555552
0.21034332422222077
0.5590680777777759
0.5067323048888915
0.20760457300000074
0.826520500999992
0.44124269633333474
0.3965210460000006
0.3167635354444403
0.47840412466666754
0
0.41914787077777776
0.6133056668888889
0.4026991471111112
0.4079173737777777
0.33932294299999993
0.6174999796666667
0.40124265255555575
0.2365885485555555
0.6020806277777777
0.3807649193333336
0.3313373145555553
0.4340849580000005
0.38009779677777783
0.33930268188888846
0.2739743316666671
0.29595505788888865
0.31097483822222216
0.35555340211111053
0.2532766744444454
0.27359425522222125
0.32800958100000027
0.23623849700000066
0.26462726144444404
0.474821957888889
0.303943305111111
0.5461746077777782
0.1628735189999999
0.5456503453333331
0.3157398204444443
0.4450635494444445
0.3089754666666664
0.19776495988888915
0.3767904333333342
0.6240985091111103
0.31623051966666715
0.3036937642222218
0.44661828966666745
0.4725991198888898
0.3068427852222221
0.49265720166666443
0.1974250196666674
0.4615264306666676
0.5609157209999991
0.15430062622222196
0.3916711811111119
0.2183683958888878
0.351602245666669
0.5127614203333306
0
0.1581820152222222
0.4275845472222222
0.5190641672222223
0.24473683555555562
0.33500207455555536
0.36501505555555586
0.41314252144444435
0.3888598409999998
0.3475707790000004
0.4464721027777776
0.5640759794444448
0.3536718117777772
0.38555316011111135
0.44756045311111126
0.30535334066666703
0.2988058304444444
0.302207632555555
0.20486661555555546
0.24114970022222262
0.36300494733333405
0.30352391877777685
0.32942326033333325
0.146154559111112
0.32700247655555537
0.2740532441111109
0.42111583511111106
0.3656329401111107
0.23916849211111132
0.1976231893333341
0.28608525566666604
0.2577593024444443
0.2057967342222216
0.23819101777777815
0.20240455188888976
0.27799292388888835
0.2661986653333328
0.248571418777778
0.285271188222222
0.311635424777778
0.1845684982222227
0
0.2168317628888889
0.4082769697777778
0.38180935455555554
0.4092369800000001
0.31573839022222216
0.4485273915555557
0.5093987243333334
0.33832203244444436
0.4012990059999998
0.23204719766666712
0.43458569311111084
0.3644575232222225
0.41861077088888893
0.37913001344444397
0.3802448203333337
0.24606083588888894
0.33276154566666666
0.3635363233333335
0.5961785003333335
0.24092987433333238
0.3209587487777776
0.2490014385555557
0.294009430111111
0.34568356977777787
0.39190212211111153
0.1833215628888891
0.398982163666667
0.4235500155555549
0.34342473588888983
0.31684275622222124
0.4570671296666673
0.45190304244444396
0.3198404963333338
0.2172416772222224
0.4327064726666663
0.7180358111111108
0.46665446444444575
0.319231439999999
0.2909874392222223
0.5213021538888888
0.45073487255555733
0.2828809111111102
0.3768349585555547
0.254364392555557
0.26692633477777705
0.1311410074444426
0.35919879322222276
0.34270798822222387
0.2370646252222204
0.2658040873333347
0.2365256599999997
0.42515253833333433
0.18631636844444366
0.5050098114444445
0.2179666811111108
0.33007219844444396
0.28755457511111143
0.3682938292222231
0.47070338166666503
0.2741460632222249
0.401930027888887
0.279715640444446
0.3599865746666669
0.3562324421111087
0.4497915474444451
0.3726890477777797
0.514098331666664
0.3910634505555556
0.4783417804444462
0.40647254655555626
0.2744727151111085
0.26880104088889173
0.44229871022222117
0.35140984011111226
0.471330450222221
0.43145342288888994
0.45503172811111076
0.35635104866666567
0.6557280722222206
0.4580285543333326
0.3144003985555565
0.3470352930000015
0.4497903538888864
0.46402104666666827
0.514391317888889
0.2232383444444458
0.451863231666664
0.6899304683333362
0.4330129024444445
0.5652871765555574
0.552176919222221
0.4681768502222212
0.46274323566666453
0.2863530027777807
0.45638419155555243
0.4257404870000035
0.6489498184444452
0.28921128299999865
0.34502821222222085
0.5455727897777807
0.42823704855555256
0.47446594633333283
0.5183076235555544
0.6629168941111124
0.4770502216666665
0.3713662863333348
0.34075913788888734
0.5926085201111152
0.3767020921111074
0.46637465522222654
0.45846112388888594
0.21591136544444428
0.4741750427777763
0.620227578222221
0.3171903272222241
0.40954015600000404
0.489684350888884
0.3109004571111124
0.34947167300000126
0.5075875015555578
0.6744332726666661
0.5958837834444416
0.4925005127777809
0.27438922999999704
0.4354915612222246
0.39639477577777726
0.435502303333332
0.4386178993333311
0.25728514688888837
0.529362421555561
0.19784601499999455
0.551729495222225
0.1926495180000024
0.3794486171111089
0.546205429444443
0.35840208033333615
0.2127347507777763
0.56074287577778
0.2782232031111107
0.24705551699999737
0.4020159718888926
0.3092710672222173
0.5459775852222227
0.17869331077777892
0.5796910921111097
0.26939254333333595
0.4300837110000026
0.12555009555555646
0.06503366322221558
0.0971437665555565
0.11230090344444457
0.09377414455555785
0.11293958122222295
0.11715014822222101
0.10411072244443807
0.12082254033334217
0.10870641122221514
0.04685377188889106
0.30508406377777597
0.23538055444444378
0.37302505811111236
0.1631702155555609
0.19091999666666956
0.24822865311110343
0.2481593977777771
0.26806071611112103
0.2942957411111012
0.23189296355556305
0.3111340474444357
0.16976478511111914
0.21311163044444786
0.28790516488888646
0.27350055444444227
0.2778685228888915
0.32679668322221767
0.2614203106666714
0.41606583866666824
0.49149394588888146
0.34134568366667084
0.44186809077777733
0.3784864426666622
0.44840881400000404
0.3317170686666613
0.5418328242222212
0.33875456766667056
0.42473228377778266
0.3899765240000003
0.503447331222219
0.2378169561111084
0.392622809111117
0.47853151388888665
0.37448762522222345
0.4738609612222212
0.4976191934444438
0.4627649102222146
0.5087639592222281
0.2736758887777771
0.40270924944444336
0.40659647933334025
0.37743269744444463
0.4733621714444401
0.40729368766666435
0.3876502295555611
0.4149364625555513
0.4303912478888934
0.5101001995555459
0.3889317331111215
0.47669422211110185
0.28309005400000037
0.4452498450000096
0.5097551151111096
0.6259936599999998
0.4630420741111089
0.4806987299999972
0.19892639877778293
0.6964662427777739
0.4509628155555498
0.24872722811111697
0.47273351755555065
0.45529754222222135
0.40251117488890037
0.29223871477777014
0.10173125300000013
0.08480351366666936
0.12414140944444324
0.10039064111111252
0.0987552380000049
0.09077181388888929
0.10065553199999361
0.08932855444444006
0.08849320633333314
0.08195450188889532
0.18027764311111444
0.23315377622221453
0.42405274422221995
0.33354282388889567
0.2903976962222209
0.24901095955554967
0.1673362478888976
0.38774627555555224
0.3531312327777793
0.2301684774444463
0.2453950354444411
0.3519019816666666
0.2959801247777831
0.310172437111103
0.27981954544444915
0.36721044355555127
0.3225389526666681
0.30923264255555855
0.43052941522221827
0.26281351533334096
0.5084113163333339
0.1671096412222192
0.4511148804444423
0.3996676423333333
0.39766983388888855
0.3471315521111112
0.411471208333334
0.25319139855554973
0.39084170266667373
0.3720436595555536
0.3807984094444489
0.2291952139999896
0.37440507722222566
0.3837082992222223
0.3603781537777751
0.31115276377777773
0.42937443777778606
0.4974575561111073
0.16916077066667237
0.33768006333332323
0.5900056398888991
0.3890630394444341
0.33315229922223155
0.4020880451111124
0.17859487599999588
0.31425580711110496
0.39085903166667574
0.35993792622221266
0.23528947200000203
0.24589998100000482
0.3159024305555502
0.3580283952222266
0.368425123555552
0.2022095204444491
0.4575962968888866
0.24650851399999535
0
0.31685092166666673
0.32895395355555546
0.23643131800000008
0.2732417405555556
0.32748106388888887
0.3422440225555556
0.2034362553333335
0.2871173794444444
0.22286672688888884
0.18596472333333322
0.32837134477777774
0.30420979833333367
0.18200763522222177
0.33976755244444473
0.4062806424444448
0.20574857988888892
0.25411251177777755
0.43068175766666644
0.2711096137777784
0.4764887639999995
0.43246960955555536
0.3465183640000002
0.35469657733333393
0.2860737386666664
0.4838473504444446
0.33966673477777776
0.4201946878888884
0.4519840366666665
0.21931375500000014
0.44929846166666704
0.42391873755555626
0.5122893249999992
0.2899265282222229
0.44497794944444363
0.3683638983333329
