0.1181640625
0.12774658203125
0.129425048828125
0.13336181640625
0.137847900390625
0.137054443359375
0.1416015625
0.138519287109375
0.150390625
0.14752197265625
0.1470947265625
0.14794921875
0.15570068359375
0.15155029296875
0.1468505859375
0.15362548828125
0.154510498046875
0.1494140625
0.150726318359375
0.14520263671875
0.152496337890625
0.154571533203125
0.14886474609375
0.14593505859375
0.157012939453125
0.147064208984375
0.14581298828125
0.147705078125
0.156036376953125
0.145416259765625
0.147674560546875
0.1480712890625
0.146331787109375
0.146240234375
0.151580810546875
0.146881103515625
0.157379150390625
0.150543212890625
0.1461181640625
0.15850830078125
0.14892578125
0.150177001953125
0.151611328125
0.156280517578125
0.159332275390625
0.15985107421875
0.150482177734375
0.14727783203125
0.1578369140625
0.15093994140625
0.1534423828125
0.148834228515625
0.163482666015625
0.14666748046875
0.158782958984375
0.15130615234375
0.14825439453125
0.14984130859375
0.150238037109375
0.155487060546875
0.15325927734375
0.150146484375
0.151641845703125
0.15081787109375
0.150054931640625
0.162384033203125
0.15081787109375
0.16888427734375
0.161163330078125
0.151153564453125
0.14794921875
0.151397705078125
0.159637451171875
0.1517333984375
0.1688232421875
0.148193359375
0.15753173828125
0.16070556640625
0.1490478515625
0.150848388671875
0.148712158203125
0.150146484375
0.159698486328125
0.14898681640625
0.1588134765625
0.15625
0.1551513671875
0.151611328125
0.15191650390625
0.158294677734375
0.1556396484375
0.16522216796875
0.16815185546875
0.15802001953125
0.161376953125
0.151763916015625
0.151702880859375
0.152099609375
0.177337646484375
0.1573486328125
0.151519775390625
0.152923583984375
0.163482666015625
0.15155029296875
0.15399169921875
0.15155029296875
0.158966064453125
0.154449462890625
0.152374267578125
0.161376953125
0.1597900390625
0.153961181640625
0.162200927734375
0.156646728515625
0.16094970703125
0.1622314453125
0.169342041015625
0.160980224609375
0.18206787109375
0.16864013671875
0.15545654296875
0.155914306640625
0.15521240234375
0.15478515625
0.1590576171875
0.1539306640625
0.151763916015625
0.15435791015625
0.154815673828125
0.15301513671875
0.156402587890625
0.159881591796875
0.15594482421875
0.159332275390625
0.15191650390625
0.15594482421875
0.155242919921875
0.15240478515625
0.170440673828125
0.161834716796875
0.15863037109375
0.152984619140625
0.153045654296875
0.160797119140625
0.15802001953125
0.1585693359375
0.16265869140625
0.154571533203125
0.15240478515625
0.16455078125
0.156402587890625
0.154632568359375
0.150634765625
0.155242919921875
0.16107177734375
0.1595458984375
0.155303955078125
0.158966064453125
0.1514892578125
0.155975341796875
0.158599853515625
0.1673583984375
0.155670166015625
0.168731689453125
0.160797119140625
0.159271240234375
0.155029296875
0.16131591796875
0.161956787109375
0.1673583984375
0.15509033203125
0.157196044921875
0.157196044921875
0.1690673828125
0.154022216796875
0.16326904296875
0.15435791015625
0.154998779296875
0.155181884765625
0.164306640625
