0
2.0306800000000003
2.5777777777777775
3.5777777777777775
3.5333333333333328
3.355411370841111
4.222222222222221
4.599999999999999
5.244444444444444
5.844444444444443
5.149828333333333
5.666666666666666
6.377777777777776
5.444444444444444
5.8
6.9111111111111105
6.866666666666665
5.71111111111111
6.7111111111111095
6.088888888888889
5.444444444444444
5.622222222222222
5.399999999999999
5.799999999999999
4.688888888888888
4.3999999999999995
3.422222222222222
3.7555555555555555
3.5555555555555554
3.1777777777777776
2.333333333333333
1.7999999999999998
2.533333333333333
3.1111111111111107
4.6
5.533333333333331
4.822222222222222
7.377777777777776
6.266666666666667
7.044444444444443
7.044444444444444
7.066666666666666
7.755555555555555
8.399999999999999
6.888888888888888
4.199999999999999
3.400028150024816
3.622222222222222
3.4888888888888885
3.2888888888888888
3.8888888888888884
3.9999999999999996
4.8888888888888875
3.5999999999999996
4.333333333333332
4.311111111111111
3.8666666666666667
4.244513587929522
4.288888888888889
3.2444444444444436
3.1111111111111107
2.222222222222222
2.422222222222222
2.5555555555555554
2.5999999999999996
2.5333333333333328
3.9333333333333327
3.733333333333333
4.31111111111111
5.31111111111111
5.377777777777777
4.355555555555555
4.866666666666666
5.2444444444444445
5.777777777777777
5.11111111111111
3.1555555555555554
2.8888888888888884
3.155555555555555
2.755555555555555
4.044444444444444
3.2666666666666657
4.444444444444445
5.066666666666666
5.466666666666666
4.71111111111111
5.355460749167975
6.31111111111111
6.02222222222222
5.977777777777778
6.533333333333332
6.533333333333333
6.466666666666666
7.155555555555555
6.199999999999998
4.977777777777777
6.133333333333334
6.044444444444443
5.5777777777777775
4.977777777777778
4.066666666666666
3.8888888888888884
4.222222222222222
3.5333333333333328
2.844444444444444
2.5777777777777775
3.133333333333333
3.622222222222222
3.266666666666666
4.799999999999999
5.599999999999999
6.71111111111111
8.399999999999999
7.133333333333333
7.177777777777777
7.399999999999999
7.044444444444444
7.799999999999999
9.222222222222221
7.266666666666666
4.577777777777778
3.977777777777777
2.8888888888888884
3.133333333333333
3.9777777777777774
3.7333333333333325
3.644444444444444
4.333333333333333
4.666666666666666
3.9333333333333327
4.355555555555555
5.377777777777777
4.199999999999999
5.133333333333333
3.311111111111111
3.133333333333333
2.9777777777777774
2.3777777777777773
2.6666666666666656
2.511111111111111
3.0222222222222217
3.1333333333333333
4.422222222222222
4.888888888888888
4.71111111111111
6.044444444444443
4.222222222222221
5.755555555555555
5
5.777777777777778
5.799999999999999
3.9111111111111105
2.155555555555555
2.733333333333333
3.333333333333333
3.5777777777777775
4.7555555555555555
4.066666666666666
5.022222222222222
4.955555555555555
4.288888888888889
5.3999999999999995
5.488888888888889
5.977777777777777
6.02222222222222
5.977777777777778
6.644444444444443
6.044444444444444
7.422222222222222
6.222222222222221
5.31111111111111
5.088888888888888
5.244444444444444
5.777777777777777
4.666666666666666
4.6
3.5333333333333328
3.577777777777778
3.7555555555555555
3.2444444444444436
