0
0.06567875443636977
0.08514999999999999
0.06370253164556962
0.061993150684931504
0.05236986301369863
0.08452127659574468
0.09758018867924528
0.08665086206896552
0.06515476190476192
0.038336397542407745
0.087696
0.08153448275862069
0.128312
0.08398809523809522
0.14925328947368421
0.09817880794701986
0.10947014925373134
0.12481
0.0795625
0.08644800000000001
0.0949031007751938
0.10768067226890757
0.07787984496124031
0.09193055555555554
0.047859
0.06107638888888889
0.06319753086419753
0.05007142857142857
0.06786764705882353
0.05790000000000001
0.09284146341463415
0.054017543859649124
0.055873239436619725
0.06367
0.07231349206349207
0.10212735849056603
0.10635454545454547
0.10606382978723405
0.09729870129870132
0.08023870967741935
0.118671974522293
0.11076162790697675
0.1568684210526316
0.12783225806451612
0.08145000000000001
0.07508552631578948
0.08475609756097562
0.0745
0.07270270270270271
0.06920689655172414
0.08956382978723405
0.0773794642857143
0.08661038961038962
0.09990206185567009
0.11183505154639174
0.06265476190476191
0.0857421052631579
0.059263636363636366
0.06237323943661972
0.05669285714285714
0.06682291666666668
0.07057272727272727
0.05229814814814815
0.06579032258064517
0.06428947368421052
0.08102941176470588
0.08506547619047619
0.07035567010309278
0.08254741379310344
0.13013008130081302
0.09513725490196077
0.10030092592592592
0.11517372881355932
0.08109765625
0.0853888888888889
0.060563513513513516
0.030417460317460315
0.07961805555555555
0.06959523809523809
0.06606666666666668
0.07325
0.06415346534653465
0.07991739130434783
0.07842276422764227
0.07228095238095239
0.09389380530973451
0.08540357142857144
0.09281617647058824
0.09006106870229008
0.10036842105263158
0.12108108108108108
0.14264726027397262
0.10110493827160494
0.1061268115942029
0.11107964601769912
0.07249264705882354
0.08988059701492537
0.07100819672131148
0.08075217391304348
0.0789782608695652
0.06722619047619048
0.06326041666666668
0.08329746835443037
0.07192372881355932
0.05081034482758621
0.0912013888888889
0.08431176470588235
0.064875
0.07507547169811322
0.056594531249999996
0.1191510067114094
0.09643684210526317
0.1072142857142857
0.10771604938271603
0.08944374999999999
0.11062812499999998
0.12277906976744185
0.14437192118226602
0.14936419753086416
0.06790384615384615
0.0806551724137931
0.0654140625
0.12107142857142857
0.09591758241758241
0.09628235294117647
0.06903448275862069
0.07781632653061224
0.061408256880733945
0.0718125
0.06784536082474227
0.07221774193548387
0.05873655913978494
0.07854310344827586
0.08493421052631579
0.1079109589041096
0.06231060606060605
0.045961538461538456
0.07544915254237289
0.07582586206896552
0.099234375
0.08131159420289855
0.027476262626262626
0.06911711711711711
0.06423584905660379
0.10713059701492537
0.089510989010989
0.1376153846153846
0.07533050847457627
0.08006692913385827
0.08141732283464566
0.0739659090909091
0.06766326530612245
0.0851640625
0.07688513513513515
0.07073417721518988
0.08030555555555556
0.08445161290322581
0.031144247787610612
0.12638181818181818
0.06717000000000001
0.08961637931034483
0.093
0.0997689393939394
0.09393181818181817
0.0946423076923077
0.10578205128205127
0.08280534351145037
0.10129041916167665
0.10761450381679387
0.11704508196721312
0.10563750000000001
0.0806853448275862
0.07628625954198473
0.08647087378640775
0.0913047619047619
0.1097
0.078825
0.08249999999999999
0.06492957746478874
