0.32433001716647897
0.40083448066676886
0.2825186075928219
0.3412678725246846
0.2176919403333765
0.5539414984999288
0.21294900783353418
0.4512167839999771
0.3627724616665849
0.2671392836667413
0.2956972483334539
0.3203817559997333
0.39156251233331807
0.24611788150014033
0.40652724833338044
0.3686876428334169
0.29160957449979225
0.674705172499974
0.5484636419999636
0.5157089218334173
0.5791695858333696
0.45731225433337386
0.5393113994999414
0.6313220210001115
0.5686021943332283
0.5912222573333565
0.6489553400000053
0.8010296171666292
0.2882455488334017
0.674699850833349
0.8237503838333091
0.417326633166643
0.8510472293334411
0.5505821615000361
0.6296832966663715
0.6017884443335788
0.9425330353333264
0.5837991131666057
0.802627407999959
0.7332249545000498
0.7424890235000323
0.7849339888331693
0.7413824031667294
0.883437942500071
0.7176740115000938
0.8468825908330472
0.8485968321668527
0.9050148528334224
1.030558837166609
1.0512780348332549
0.5434140814998802
1.0429499011667454
0.8468090931667878
0.8521214046665287
0.9670351530000213
1.1834239074999762
0.5439530508335034
1.233670163333348
0.912166806499954
0.5150105276313869
1.355395991732812
0.8575188203334012
0.8150006705000123
0.8956914209999619
1.0398523715960368
0.6213681603161662
1.3340596228332893
0.6064971261666869
1.247157198166557
0.49090436316661606
1.1399412043335055
0.9954568999998323
0.7595547610001935
0.8915904593332016
1.1098009128333313
0.8064420863335423
1.0485775793331413
1.044572872666625
1.0239961073333081
0.7536053175002356
1.011979395166539
0.8613503806667117
0.9241920155000116
0.823492991000118
1.0309042944997298
0.9782057526669328
0.7942866074999984
0.7675586501663929
1.183151799166808
1.058668022000044
0.5442463379998419
0.9880743798333544
0.914902399666668
0.8928313250001642
1.014031879999796
0.9801094776667014
0.9829338731666818
0.8831292851667362
0.8319383836666625
0.2280064015000486
0.918169826666599
1.0077501298334632
0.9023567234999064
0.8854325890000231
0.94217599033315
0.9598714245000034
0.9926544656667222
0.7179689350001959
0.964986720666578
0.7805797398332288
0.8733279586667777
1.0246303076667875
0.8701580294997863
0.38953234916668106
1.2763637490000594
0.8919543889999961
0.8590245093334185
0.6591515529999015
0.8129945766668242
0.902235317999839
0.7905935428334487
0.9007951491666972
0.8389272854998732
0.8594584019998971
0.9505619131668936
0.7242097884997443
0.9774593718335987
0.47781979333315877
0.8514274169998922
1.0301884423333831
0.8362371076667235
0.8384369640001145
0.7759237631665503
0.6683295221667624
0.8210518729999118
0.7973742893333716
0.7754826443333513
0.7271535506667229
0.8070592614808806
0.841083617556997
0.8974867351665429
0.4735016950001712
1.0028194169999551
0.846237812333129
0.9180808320000627
1.005167177666711
0.4542398518333357
1.1136217461665485
0.8872785640002498
0.8604076586664935
0.8768455804999272
0.7631891373333323
1.2764168425001114
0.9008346924999083
0.5217040893333735
1.088359575166881
0.9615815786664824
0.8881100525001481
0.8936109106665148
1.1425279861665936
0.7146293900001789
1.0775563675000133
0.9929508056666236
0.958090770999964
0.40301672766660585
1.103752046833506
1.1883852013331002
0.8529285993336089
0.814599026999834
1.1338655618334692
0.9641909963332486
0.9706127406664867
0.8830584185000891
1.0028862901666191
0.9088412131668518
0.6803505048331621
0.9024064788333513
0.5963306926666215
0.6690198061666403
1.040688139000243
1.0167026701665234
0.9238123978400649
0.5780092931195969
1.308096749166604
0.9456636583333117
0.5694677361667951
1.041310605499954
1.0600968620001368
0.9574499909998242
0.6907361535001352
1.0738091096667024
1.1136965191665997
0.6324458546666087
1.1249159144999794
0.47290864683327527
0.9418728933336146
1.2718447774999124
0.8085131431665407
1.0071023013333615
0.8644348931666171
0.5463847481666259
1.1411799216666623
0.9234373941668914
0.7968053416664891
0.8255039871667881
0.9309001029999611
0.781553176166805
0.5306540516664123
0.9846584930000971
0.8148573345000234
0.9518933393334614
0.7613615551666347
1.2358735159999317
0.49239903933327395
1.184122875666617
0.776698527833408
0.8473403408333979
0.7698018886667342
0.8943296100517646
0.8381215122018033
0.8621369348332639
1.0497438715001408
0.8808274623330967
0.927497690333439
0.9206338738334428
0.39766419022052424
1.3264706670444453
0.5529581785000725
0.6521116423333903
0.8320861248333434
0.8824387264997615
0.8162243626669199
1.013551088666645
0.8705407526664808
0.5476908431667956
0.8942064494998098
0.44145419950018544
0.6962318228785758
0.8857909983997475
1.0568572283333804
0.5786722965000687
1.3513911534998138
0.8874852874999608
0.48533928100005136
0.9230415618333911
1.1586186326667303
0.8479995511667463
0.9692409425000127
0.46815958233310084
1.245388646666773
0.4761910598332785
1.0264805443333291
0.6996700579999621
0.977368391500022
0.7175306241667082
1.0537432408333796
0.3698543873333619
0.8411736729998059
0.9149596163333625
0.8846346453334869
0.7474534714998905
0.8433191686666154
0.7553182548335826
0.8051245044998723
0.7296839223333033
0.9879065086667347
0.7882293326665604
0.8733667721668704
0.6720312185853458
0.8038409005598348
0.739262882000124
0.6771752558333901
0.7721176008332501
0.6841269429999859
0.7789909486667359
0.6064809568333658
0.9095807358332118
0.7346908346668594
0.9069310941664904
0.8064554193333606
0.8602706353334117
0.8870502161665474
0.8217241369999707
0.8409786721667841
0.8334084676665345
0.9895887155001521
0.9757281105000098
0.8807731441665964
0.7563296371666486
1.0630202543334235
1.0089280893331913
0.9040433083334088
0.860571797499991
0.9772951766666058
0.3880842928335066
1.3936494284998842
0.6096638931667256
1.1736486798333012
0.7989106739999746
0.8915353618334241
0.9807021338331954
1.0251251533333439
0.49171587516684667
1.011347718333127
0.7227434796668604
1.0399861916666848
1.0858388069997698
0.31331524350025575
0.29044885049976676
0.28748714700001676
0.30388728400005977
0.2419186818333401
0.28899184233341657
0.2705208006667211
0.2677795544999147
0.36448207183336
0.26426609983324545
0.2979657363333293
0.518939869833351
0.7909137446667954
0.6054271883331239
0.3365945476668154
0.8989182286665406
0.47735185800017155
0.776621647166697
0.5801239234997411
0.9903021958334648
0.5614936354998765
0.6424457630000687
0.7949426221666726
0.7115145408333774
0.6526341743331916
0.7646868029999799
0.8259277773334663
0.9402126526665596
0.7941975096667495
0.6458820738334906
0.7463087456665864
1.1380628368333419
0.7301153766666175
0.837230808999872
0.8557386766666847
1.022569769500175
0.8595256911667093
0.7103337098333213
0.8738855223330878
0.8428135938335496
1.1415280938332821
0.6781783504999718
1.024218049833204
1.091990835000009
0.5156430368333531
1.27348881500014
0.8891446873334037
0.5185888653331858
1.2504437840001021
0.7870981756665666
0.952419011500145
1.1790517173853603
0.5514732685512583
0.9784478063332548
1.239159847500256
0.9503337898331665
0.6419788653332338
1.1509180868333715
0.9639719396667108
0.8742041045000709
0.8609962186665143
0.9957371775002078
1.0291913426666117
0.798655424166706
0.9355720858332763
1.0045245643332237
1.0167030799612855
1.0526055915395989
0.4223532134998701
1.0317532133334073
1.064789580666608
1.0463492250000854
0.8903847356665815
0.9688215695002024
1.2167201081665553
0.5302053193333146
1.0552173178333153
1.0778945233332706
1.0273668501667998
0.8692639759998807
0.6136946306666383
1.1534049778335125
0.4682284724998074
1.4069225346668948
0.502525799999906
1.1602338811665807
1.2254858458333424
0.6638123593332541
1.019305244000255
1.0059559559998281
0.7915903429999768
1.16277574616682
0.9637529159999758
0.5033825126665761
0.9974843516665713
0.9999166031669422
0.9589282008331186
0.8845405688334721
0.5617347048334219
0.5035365414999735
0.746203791833068
0.48057165466677054
0.3677511934999226
0.7378587406668278
0.27570862983338884
0.45249410049988603
0.527973977333204
0.5927396608334068
0.5070592570000372
0.49448399766667234
0.7987483821668016
0.5949471581664814
0.6576401069999822
0.9149143985002107
0.55487459399986
0.5871792545000668
0.6075613458333464
0.6662072125000121
0.6170070443331497
0.6231697015000462
0.6396946428333952
0.5874160919999364
0.5579635090001223
0.32933739049985883
0.5661939978332763
0.5957919663336118
0.5927696573332165
0.5695235652870314
0.61484691421595
0.40318829000019224
0.8524713931665246
1.0732279533334197
0.46897632233321923
0.7057824228334842
1.2400522653333608
0.6002411966665022
0.6623481488334921
0.6321171038331764
0.8794331305001226
0.9195478969998778
0.6047120013333066
0.8707402180001129
0.9114641626665616
1.0041100225001476
0.9815714306666147
0.7070465923334268
0.8450123146664432
1.2640312286666813
0.8352643598333694
0.9543547438333917
0.9562828263333358
0.9305502430000463
0.7225442134998351
1.073698239333377
0.8566743003333006
0.9888377253334207
0.8246730064999306
0.9684714340000936
0.975997254666557
1.0345624286668074
0.8097267588333731
0.9964779588332626
0.7752323773332439
1.053653261949381
0.8721872153143119
1.1534111396667868
0.558406650999738
1.0687190321668822
1.2034063809999982
0.8473820259999533
0.5792210244999296
1.3617210818332144
0.9616154011667579
0.8092019216668025
0.8853143848333881
1.1502571803333315
0.8541565351664151
0.8787354326668719
0.6173156426666537
0.7999677446665979
0.8685260729998845
0.5093318503334862
1.3437706031666796
1.0927881763333667
0.5839569904998522
1.2036649909999444
0.9114455983335574
0.9369197058331338
0.8330782491666469
0.7573986898335836
0
0
0
0
0
0
0
0
0
0
0
0
0.8873180763333334
0.987191112333333
0.4834612176666667
0.8729590288333331
1.3307701318333334
0.49498104733333353
1.0504811263333331
0.7632972351666668
0.7788164449999991
1.1432082986666665
1.001072110666667
0.8441032209999997
0.829254353333333
0.719403199333333
0.9754409473333349
0.9119605991666664
0.9577382939999997
0.7133924124999993
1.2022662079999997
0.3686560605000011
0.9960868913333318
0.8916798905000007
0.8309221790000004
1.0350500815000008
0.7102829261666674
0.7299272759999978
0.491782219833335
0.8440447098333312
0.894004129999999
0.7598440888333328
0.8432001303333342
0.8903999981666667
1.0224384908333328
0.5458487790000011
0.9487241278333348
0.7795622964999988
1.0037109543333333
1.1596093869999984
0.818124980500002
0.9441372858333305
0.5350729868333369
1.1691693354999964
0.4122363793333363
1.0343913354999994
0.34652055283333516
1.0370037853333305
0.7174015616666669
0.8048969929999997
0.7939011241666662
0.4025940915000016
0.7180751489999957
0.9346250866666708
0.6040812128333357
0.7951893243333265
0.6787647221666665
0.5600690921666663
0.7909464908333348
0.5959114139999997
0.6804567303333328
0.7138352643333404
0.5197771094999931
1.0380433806666738
0.7494085261666612
0.3754854465000032
0.8621265595000029
0.9735808918333267
0.6894390693333321
0.1515344740000065
0.6801568081666668
0.9465976160000006
0.9729207809999991
0.5152742485000014
1.3027901879999984
0.5765169143333347
0.8783977918333316
1.199258425333331
0.9761738266666667
0.43921886816666716
1.0197981128333329
1.109372693166667
1.0295918195000031
0.7508360819999969
0.8321886055000031
0.9324105434999977
0.7749703214999972
1.1920891608333382
0.5638810881666624
1.279421142500003
1.0021435838333255
0.552589356000008
0.9848951778333324
1.0201834029999948
0.7448225971666697
0.8368101709999961
0.9838880518333326
1.013543621666675
0.9175464698333258
0.795749210333336
0.7142490065000023
1.1218202468333325
0.43627015499999783
1.3928083758333305
0.9012871505000059
0.5200361979999949
0.9141300545000111
1.0089412528333241
0.7457167140000062
0.9679874554999893
0.8995962583333418
0.7899079616666617
0.6565600128333433
0.8357885489999907
0.3746694015000003
0.7828876695000038
0.6325467135000054
0.7981871773333182
0.7050863233333378
0.6901366469999932
0.885261598833343
0.7194188901666696
0.5071128176666662
1.262918959833333
0.5750338993333344
0.8594726229999878
0.8272353778333467
0.8013897823333308
0.8446991843333269
0.7702930178333341
0.9756291218333407
0.8701332931666645
0.8062293931666695
0.9863563354999958
0.9278523945000074
1.0166136096666492
0.549512153499999
1.119964062500003
0.7726816446666664
1.044066606000001
0.8773414186666741
0.5122570428333308
0.9628740408333366
1.1366079410000034
1.0694087253333273
0.9134783060000018
0.5472608469999992
1.0204471511666686
0.9826315183333348
0.9455753205000026
1.1959928801666515
0.35666942350000375
1.1435073625000123
0.8624280496666566
0.8832037775000003
1.1276939896666627
1.1326321196666715
0.8948539088333404
0.9801577673333289
0.6710361269999983
0.9355537438333386
0.8563860779999951
1.2607368798333214
0.6862435848333348
1.1104503993333499
1.0353143551666524
0.9699081678333338
0.7940198928333377
1.0616452889999928
0.9490740145000132
0.4484318236666619
1.4767622488333245
0.9171050043333365
0.8741155181666802
0.8083433539999874
0.7873729593333298
1.0423798978333327
1.2790403106666683
0.6261030629999973
0.9881578546666673
0.9700007561666741
1.1140002858333369
0.9619770608333246
1.01884467233333
0.5869791585000143
0.8198809619999944
1.1446803176666738
1.1086916318333235
1.0171404863333273
0.844410127333333
0.8524979105000056
0.9575597176666785
0.9749709898333283
0.9703423238333356
0.8424760629999923
0.9369351336666606
0.7919339306666681
0.8143999673333344
1.0944875946666646
1.0713143835000096
0.39732640133333536
1.07379615166667
1.1026833785000083
0.8214633103333048
0.8476595441666935
0.9744628808333194
0.7055981718333441
1.2267272060000018
0.7287570396666372
0.9455677061666847
0.8598858095000045
0.8802056036666575
0.3998704639999838
1.1688430063333421
0.7544800203333276
0.8970868326666732
0.2597742511666562
0.28723186400001544
0.272738386833339
0.22562299300000177
0.252168159166672
0.24252186349997373
0.22338452366667144
0.21760293166668512
0.18776832716666073
0.2981472424999841
0.4555887863333509
0.38724191850000506
0.5414139298333112
0.6332840790000014
0.6788310828333503
0.5812006276666656
0.6512714823333378
0.6207789948333206
0.4927124498333342
0.6108040731666808
0.5527704813333305
0.5869830179999932
0.6122550306666501
0.7229750690000097
0.28332816683333323
1.0219267424999996
0.6166667835000226
0.9271911933333284
0.41470753983333
0.9265656993333096
0.9378928416666668
0.8165888868333391
1.313958763666695
0.8360067450000012
0.6400194074999869
0.8788305783333119
1.1252462825000293
1.0084549701666674
0.9661909076666384
0.8015769320000269
0.9982365859999995
0.742653033833335
1.2722435013333022
1.018338383000014
0.3910652721666565
1.298964491500025
0.779104484833321
1.2568599601666692
0.6100839671666638
1.1012736760000053
0.9666666459999835
1.0142678426666785
0.7816826445000137
1.087030564333304
0.845249643333356
1.0939477493333243
0.5278683598333297
0.9809145855000073
1.0174458956666588
1.0658852003333548
0.9969323153333106
0.9699805645000196
0.5847094676666605
0.972673049833323
0.9504416326666766
0.9079540870000072
1.3170839358333144
0.8411817120000173
0.9978531186666637
0.7874192003333367
0.8440976854999841
0.9261107835000074
0.809127420833344
0.975722279333316
0.8488449486666619
0.5166638064999916
0.5786625106666936
0.48364684216664955
0.5165190566666524
0.4595150255000059
0.43465964166667465
0.4318293420000145
0.4339384711666601
0.4940411369999917
0.5473567005000177
0.602665216499986
0.9304047945000017
0.7848583210000015
0.5296234116666483
0.8326992850000275
0.8481669513333069
0.6402287360000021
0.8910593960000218
0.7412952956666459
0.9065375266666629
0.8130775300000246
1.0225991096666576
0.43525541899998643
0.9331587105000001
0.6969935934999967
0.929401754833369
0.8311882474999946
0.8519455711666524
0.859275974499989
0.7568849046666628
1.0973664261666727
0.4218907171666615
0.9570481201666704
1.129459294500028
0.8938224739999896
0.8399345351666624
0.8545971988333273
0.8583798251666698
0.7440044481666821
0.8278230906666597
0.8590313083333285
0.8383177033333217
1.0193875604999978
0.5704629673333557
1.0990873665000056
0.809748992833306
0.9825868908333555
0.5603632128333326
1.3272488313333115
0.5409523653333583
1.1883909343333319
0.6700497514999976
0.9215879156666535
0.9398182666666722
0.7085650466666493
0.7668642570000278
0.6193323641666666
0.9661498974999934
0.5686625294999884
0.8772004348333363
0.7372421560000172
0.6508940231666429
0.9535427333333548
0.6314739014999683
0.6759911670000065
0.8734507083333559
0.2986488614999795
0.5159185565000067
0.5716733570000088
0.5867864576666761
0.6892614589999841
0.5137087731666649
0.5736672913333222
0.763020107500021
0.7596148564999794
0.746515514166693
0.32438305883332913
1.0752353833333168
0.6411928496666709
0.7059937943333429
0.7500731333333306
0.8398588754999992
1.005298196666672
0.8964478511666508
0.4667596921666851
1.151602192499998
0.4204273128333398
0.9191683241666623
1.0089108118333265
0.9777129486666732
0.7804472411666361
0.8077648956666886
0.8801575724999868
0.7321297128333601
1.3098001541666615
0.536765392999996
1.0467960601666466
0.7624487479999971
1.0656107043333425
0.804264284833342
0.9342822086666728
1.1775332318333083
