326.57679381168316
287.53333333333336
327.8
322.00000000000006
331.2
307.8
305.06666666666666
330.80000000000007
326.9333333333333
332.59999999999997
321.59999999999997
312.73333333333335
323.1333333333333
325.3333333333333
326.73333333333335
339.2666666666667
410.2590712239323
410.79999999999995
419.1333333333333
424.4
424.46666666666664
442.4
441.26666666666665
441.1333333333333
437
447.0666666666666
437.2666666666667
430.7333333333333
444.6
446.6
455.73333333333335
433.4
462.33333333333337
447.7333333333333
443.53333333333336
492.5333333333333
489.99999999999994
578.4161733333334
530.4666666666667
585.6666666666666
590.8
584.3333333333334
631.0666666666666
671.4653246233835
662.1333333333334
697.1364448593147
709.6716810028671
713.6666666666666
743
756.6
694.2679557274303
748.3952107014973
709.6000000000001
778.0000000000001
759.5333333333332
782.2666666666668
754
782.6666666666666
718.0677202107088
772.1333333333332
798.1333333333334
707.0666666666668
753.0104841936775
787.7333333333332
771.5933173375989
764.3293160911878
732.4853576724286
749.9370404942881
781.4000000000001
816.4666666666667
776.7333333333335
773.1304448295783
797.3829991339684
779.6583488847418
803.9333333333333
782.3878981740636
794.1309869795138
796.1999999999999
790.7963204906011
778.5196644920782
770.9333333333333
807.0824031472961
769
761.1999999999999
780.5333333333333
738.599031240279
750.2666666666664
769.0000000000001
779.7237105157936
732.66285384171
773.4752722585234
765.1999999999998
829.6696005867841
750.2696363474703
777.9299293427541
750.8181890918788
706.7333333333333
634.5333333333333
192.3289256198347
765.7333333333333
697.6
660.0603297338132
743.9410054673956
772.5999999999999
756.5977084206999
737.4
726.4068009067877
749.9861846286034
794.7333333333333
732.5333333333333
753.128241018463
735.7926064160669
768.0959306204137
763.0141380460153
728.7333333333335
731.3333333333333
741.4568144786338
744.5999999999999
748.4666666666665
740.7285606363595
705.8677255360187
706.2591748317003
763.4666666666666
751.3333333333334
741.9277518553082
715.4
740.0666666666668
716.1999999999999
699.0029692847935
743.1858348884742
696
729.1333333333332
757.3999999999999
697.0730675201138
764.612244897959
720.9312385180491
744.7333333333333
796.9333333333333
753.7370938347334
797.9201759648072
770.0709161221496
774.8666666666667
696.3333333333334
709.8666666666667
701.0666666666668
731.6000000000001
737.2738947789559
752.690789034883
703.5999999999999
747.475326753801
768.8666666666668
759.4666666666666
775.0666666666665
774.0666666666667
781.805174023203
791.6
788.3287609144837
781.8666666666668
833.3289090095037
830.6666666666667
870.6769439463745
802.3333333333334
827.5255348930212
782.2666666666667
838.0666666666668
784.8000000000001
838.0648031092586
861.2574209894652
811.0666666666666
801.935361216036
819.8047117393429
815.2041961150376
889.1500660548221
856.5955472603655
891.6657353334417
823.7333333333332
221.13333333333335
851.7333333333332
841.6666666666665
884.4666666666668
836.4
847.4000000000001
858.2
913.6
902.7333333333333
888.5333333333333
865.4572418849564
858.0666666666667
822
799.6
817.388804478209
756.3320905064679
757.9924415116977
703.0666666666668
749.3333333333334
706.5333333333333
754.0616006754655
722.7333333333333
759.6020447170735
643.4666666666666
693.9333333333334
632.3147352980396
584.8666666666666
506.3333333333333
539.2666666666667
539.2
561.3333333333334
495.53333333333336
518.2000000000002
522.8666666666667
518.7333333333332
596.0666666666665
571.7333333333333
544.7333333333333
650.1333333333332
638.6666666666666
607.6666666666665
596.4666666666668
663.4
646.8000000000001
598.7333333333332
680.2666666666664
669.4666666666666
665.4
680.8666666666668
645.9333333333334
695.3333333333333
340.06666666666666
676.4
697.8000000000001
660.4666666666669
737.8524590163935
689.4067395749978
700.1999999999999
700.6697872907915
172.73333333333335
755.1333333333336
791.4100280037337
750.7333333333333
784.4853805247914
752.7774250836626
749.6666666666666
813.333333333333
830.5333333333333
850.6666666666667
797.0666666666667
796.3333333333334
742.2666666666667
672.3185925629749
698.4
680.4666666666667
704.4000000000001
713.2666666666668
715.0566604461034
684.8000000000001
617.2666666666667
712.8666666666668
687.6
690.0039116326623
718.3999999999999
731.6666666666667
696.2666666666665
653.8640537481017
702.3299915566814
691.7205367457567
705.8632626760877
691.672947922918
646.5184963007399
711.5333333333334
598.5333333333333
422.26666666666665
381.6666666666666
365.79999999999995
384.59999999999997
365.6666666666667
394.5999999999999
408.40348069613924
465.4
534.8666666666666
497.8666666666667
561.6000000000001
497.7333333333333
585.5333333333333
576.4666666666667
579.1999999999999
548.2
534.8666666666667
613.0666666666666
596.8666666666666
601.6
635.7333333333333
642.1282676797974
622
629.127974405119
614.1333333333334
588.3333333333334
584.6666666666666
506.8666666666667
526.1333333333333
572.4666666666666
615.3333333333334
580.1999999999999
611.5283476638006
612.3333333333333
659.4008798240352
623.5333333333332
0
0
0
0
0
0
0
0
0
0.13333333333333333
49.2
336.3333333333334
360.8666666666666
323.1333333333334
382.19999999999993
367.66666666666674
379.46666666666664
411.7333333333333
408.53333333333336
407.46666666666664
429.2666666666666
458.4
399.33333333333337
430.8
481.0666666666666
457
465.40000000000003
498.40000000000003
509
512.6
517.7333333333333
467.8666666666668
528.5333333333333
517.5273878557622
573.8691647775257
568.3333333333334
538.0666666666667
562.5333333333333
588.9999999999999
591.9333333333334
602.4666666666668
622.0666666666667
659.8666666666668
622.1774787378146
644.5999999999999
602.2666666666667
639.6666666666666
632.2690142723756
645.8666666666666
633.3333333333334
651.9254243312894
605.0666666666666
623.3333333333334
662.0666666666667
700.4000000000001
672.2666666666667
720.4011202240449
685.8
647.0666666666667
706.8666666666666
704.2666666666667
669.4066946722678
714.8
696.6666666666667
650.2666666666668
707.7333333333335
683.2
713.075028339001
701.9999999999999
707.0666666666667
702.5333333333333
721
744.3333333333331
720.4
687
643.608995308922
698.3333333333334
636.6000000000001
760.8666666666667
650.3333333333334
684.1333333333334
663.2666666666668
689.8000000000001
700.1333333333334
705.2
643.3971872292209
657.8000000000001
650.1333333333332
653.5333333333333
662.5333333333333
717.9333333333335
663.8666666666667
596.6666666666667
652.8000000000001
640.7333333333332
653.1333333333332
620.6666666666665
80.46666666666667
62.999999999999986
60.133333333333326
59.13295116206728
53.93333333333334
55.733333333333334
51
53.733333333333334
49.53333333333334
46.73333333333333
47.06666666666666
45.26666666666667
324.6
349.8666666666667
346.1333333333333
355.8666666666666
354.4666666666667
315.93333333333334
336.5310229923358
312.2666666666666
338.0666666666666
308.2
291.93333333333334
294.2
277.40000000000003
291.06666666666666
266.66666666666663
278.40000000000003
265.13333333333327
252.59999999999997
240.46666666666667
343.3333333333333
389.99999999999994
408.5333333333333
418.4
424.6
421.6666666666668
394.6666666666666
398.7333333333334
417.8666666666667
422.4666666666667
411.3333333333333
408.13333333333327
445.13333333333327
508.0539090262971
567.3333333333334
564.3333333333333
610.7285961871751
645.4
629.1830978405759
657.0666666666666
698.5941878291007
675.4
691.7333333333332
686.0000000000002
634.4000000000001
757.2666666666665
747.0666666666668
792.6
790.1333333333332
720.1333333333334
753.8000000000001
721.5333333333334
707.8666666666667
754.2666666666668
729.2
725
716.4666666666669
716.6
725.9999999999999
749.9333333333334
705.4
683.3971737101721
695.4000000000001
751.8110925864177
717.0666666666667
810.8000000000001
828.1902819436114
773.2774951736582
725.0000000000001
772.1333333333333
284.7352004979105
749.6000000000001
857.1957250144425
809.4666666666668
835.3333333333334
727.6
620.9333333333332
613.8690225363382
594.0666666666667
556.9333333333333
550.4000000000001
514.7382139840868
483.99999999999994
626.8666666666667
689.4666666666665
646.7333333333333
618.0666666666666
677.6
654.6
625.4000000000001
675.2
654.9333333333333
663.7333333333332
659.1333333333333
492.1359470151576
454.0666666666667
514.871400946856
499.0611385148647
518.2666666666667
482.7333333333333
529.3333333333333
483.4
514
517.6
554.2666666666667
538.6666666666667
535.8
528.5333333333332
570.1333333333333
619.8000000000001
599.9333333333333
529.5999999999999
513.8666666666667
564.4666666666666
506.5333333333332
509.99999999999994
486.6
510.8666666666668
500.99999999999994
401.8666666666667
198.86666666666665
508.2666666666666
567.8666666666668
521.3999999999999
464.73333333333335
547.2666666666667
531.0666666666666
507.7333333333333
498.4666666666667
568.4000000000001
611.3913140064423
612.5999999999999
514.1333333333333
475.1974225658801
450.1027507443452
424.73333333333335
428.7333333333333
351.4
403.26666666666665
414.66666666666663
390.6666666666667
381.06666666666666
377.8666666666666
369.7333333333333
375.4000000000001
389.8666666666667
384.93333333333334
374.9343201973728
354.4666666666667
379.46666666666664
365.00000000000006
378.2
364.80000000000007
338.93333333333334
340.66666666666674
374.5333333333333
345.0666666666666
387.53333333333336
388.13333333333327
382.40000000000003
378
60.33333333333332
467.06666666666666
466.33333333333337
467.8
501.66666666666674
535.7333333333333
604.6666666666667
582.2666666666665
591.8
627.8666666666666
634.6
586.2666666666665
614.3999999999999
613.2666666666667
523.1363872774555
506.89873350219966
533.9333333333333
550.3333333333334
541.1333333333333
490.8666666666667
477.26666666666677
472.2024938320998
478.20000000000005
483.4666666666667
481
524.8
490.99999999999994
559.0666666666665
545.6720810828833
553.1333333333333
581.0666666666666
593.4261831755764
505.7333333333333
541.2666666666667
589.6666666666666
570.1333333333333
575.2699873307996
539.2
550.3333333333333
635.0239790250188
633.7999999999998
510.59999999999997
418.73333333333323
344.9333333333333
337.4666666666667
314.06666666666666
366.8666666666667
379.6
366.73333333333335
410.5333333333333
385.4
409.20000000000005
400.2666666666667
446.86666666666673
444.86666666666656
418.80289468418596
432.2666666666667
465.6000000000001
495.9333333333334
459.1333333333334
475.1333333333333
490.26666666666665
547.6
487.80000000000007
533.6
510.5374316575544
547.7333333333335
548.9999999999999
557.1333333333333
574.2666666666668
573.2666666666667
616.2666666666667
603.9333333333333
648.7963452047485
647.5999999999999
636.1333333333333
609.1999999999999
665.7333333333332
665.2
671.9333333333333
620.6
640
666.67200106688
635.8666666666667
632.6000000000001
638.5333333333332
663.9333333333333
673.2724985553631
697.2666666666668
677.7910767453228
700.4666666666666
642.1333333333334
704.2666666666668
664.4666666666667
698.0666666666667
691.5333333333333
717.7411482296458
717.4598546957274
615.3333333333334
726.7958408318335
740.7433271094513
683.4666666666666
769.663360661201
722.2113427381314
739.2749699959995
700.795974943356
734.0666666666667
706.0666666666666
683.2666666666668
724.8666666666666
705.9963382660089
652.8666666666666
705.6700537849491
697.5099327160083
687.0666666666665
618.7999999999998
690.4734946989398
678.0666666666665
669.1333333333331
648.6666666666666
693.5333333333333
693.2666666666665
675.3333333333334
684.9977336355151
674.6666666666666
577.6698806427952
624.2119544227396
657.3333333333333
611.5912278362885
659.8000000000001
610.8666666666667
592.5333333333332
594.5234953009397
634.2666666666665
583.4794184340403
581.8666666666668
576.3333333333333
521.8686804027471
538.8666666666666
515.0666666666666
533.4
497.79999999999995
525.6000000000001
479.46666666666675
507.59999999999997
450.33333333333337
242.33333333333334
0
0
0
0
0
0
0.06666666666666667
0
0.13333333333333333
0
26.666666666666664
288.00000000000006
265.33333333333337
283.73333333333335
308.0666666666667
262.8
299.33333333333337
288
290.73333333333335
307.6
306.9333333333333
311
316.3999999999999
285.7333333333333
307.4666666666667
388.0666666666666
427.20000000000005
458.19999999999993
512
534.6666666666666
570.4666666666667
608.0006283743528
647.3333333333334
669.7939393939394
669.1999999999999
684.9333333333333
664.9333333333333
655.3333333333333
701.9415132924337
673.1333333333333
800.3999999999999
703.6
689.2666666666667
719.6666666666666
678.4063297328534
734.1333333333332
735.8666666666667
746.1360359159
734.4000000000001
730.8666666666667
707.141441081033
723.2666666666665
790.4666666666666
708.0613251566457
789.1333333333333
722.2666666666667
763.1999999999999
793.6000000000001
815.1333333333333
734.7333333333333
772.6
759.5333333333332
823.6726496866247
814.8
829.9333333333333
855.0060363604035
861.9439775910364
822.4666666666667
726.2571745989425
632.3333333333334
611.0067746882711
597.8
565.0666666666666
528.8666666666666
305.8666666666667
54.06666666666668
52.46666666666666
45.8
46.266666666666666
44.80022671200907
47.266666666666666
44.06666666666667
43.73341334400142
45.2
45.59999999999999
363.8666666666667
377.2666666666666
401.26666666666665
398.93333333333334
426.0666666666666
386.73333333333346
461.4000000000001
435.00000000000006
465.1333333333332
457.2
436.4
432.7999999999999
458.73333333333323
452
429.73333333333335
462.3300537706083
489.0666666666666
493.4666666666667
507.33333333333326
418.8666666666666
477.33333333333337
528.4
539.4
527.7333333333335
541
514.2
493.5333333333334
487.3999999999999
470.74292191771684
550.5333333333333
543.0000000000001
510.73333333333335
522.5333333333333
533.6
488.99999999999994
501.59999999999997
548.0000000000001
588.7333333333333
591.0666666666666
563.4666666666667
514.0585131894485
480.9333333333333
490.1333333333333
449.809577164199
408.3852601669331
411.9341780593531
388.46666666666664
387.6666666666667
370.0000000000001
369.26720896119474
384.1333333333333
366.33333333333326
358.13333333333327
361.73333333333323
387.1333333333334
353.8666666666666
125.86666666666667
303.4666666666666
349.06666666666666
340.7333333333333
266.40000000000003
258.40000000000003
266.73333333333335
254.4666666666666
276.8
262.26666666666665
299.40000000000003
291.9333333333333
300.79999999999995
301.3333333333333
339.33333333333326
460.79999999999995
447.19999999999993
496.2666666666666
501.66666666666674
553.1999999999999
515.5333333333334
560.4000000000001
524.4666666666667
587.4666666666666
484
528.7333333333332
566.7333333333333
551.4666666666667
596.9333333333334
585.6
588.3333333333333
582.5999999999999
594.8000000000001
540.9333333333333
586.1999999999999
502.66666666666663
551.2
