0.184417724609375
0.20196533203125
0.25860595703125
0.28155517578125
0.280364990234375
0.288665771484375
0.25048828125
0.261810302734375
0.29486083984375
0.279388427734375
0.28582763671875
0.256134033203125
0.285064697265625
0.273590087890625
0.265045166015625
0.27960205078125
0.268096923828125
0.278228759765625
0.269378662109375
0.271026611328125
0.2779541015625
0.276763916015625
0.276763916015625
0.27227783203125
0.26763916015625
0.26727294921875
0.26824951171875
0.27301025390625
0.263946533203125
0.281982421875
0.290771484375
0.2840576171875
0.3006591796875
0.28851318359375
0.276031494140625
0.28460693359375
0.29150390625
0.27056884765625
0.289306640625
0.305267333984375
0.298736572265625
0.2886962890625
0.273468017578125
0.2880859375
0.301727294921875
0.272369384765625
0.31292724609375
0.3031005859375
0.29046630859375
0.28497314453125
0.288330078125
0.28240966796875
0.2935791015625
0.27117919921875
0.29364013671875
0.29827880859375
0.274078369140625
0.301971435546875
0.28851318359375
0.274322509765625
0.295440673828125
0.272125244140625
0.298431396484375
0.293792724609375
0.279052734375
0.294525146484375
0.2879638671875
0.279937744140625
0.27252197265625
0.278564453125
0.27685546875
0.298614501953125
0.3006591796875
0.271484375
0.27044677734375
0.271087646484375
0.298370361328125
0.282684326171875
0.280181884765625
0.3072509765625
0.304595947265625
0.295013427734375
0.2740478515625
0.300048828125
0.30511474609375
0.30731201171875
0.293426513671875
0.291412353515625
0.283721923828125
0.282684326171875
0.29803466796875
0.29693603515625
0.274932861328125
0.294036865234375
0.271514892578125
0.311492919921875
0.29443359375
0.28271484375
0.282379150390625
0.289520263671875
0.286285400390625
0.29058837890625
0.27362060546875
0.298675537109375
0.277618408203125
0.2734375
0.2940673828125
0.27435302734375
0.277008056640625
0.275421142578125
0.286224365234375
0.278564453125
0.28326416015625
0.301910400390625
0.307952880859375
0.294891357421875
0.29522705078125
0.29412841796875
0.27825927734375
0.284881591796875
0.307464599609375
0.293060302734375
0.286376953125
0.282623291015625
0.2855224609375
0.30352783203125
0.272613525390625
0.274169921875
0.29730224609375
0.293243408203125
0.277923583984375
0.28704833984375
0.305816650390625
0.271148681640625
0.28411865234375
0.282501220703125
0.27130126953125
0.287261962890625
0.280548095703125
0.2818603515625
0.29327392578125
0.303680419921875
0.288848876953125
0.29681396484375
0.29254150390625
0.311676025390625
0.280029296875
0.285797119140625
0.27862548828125
0.291656494140625
0.281829833984375
0.279571533203125
0.303985595703125
0.281036376953125
0.295623779296875
0.282562255859375
0.294677734375
0.294830322265625
0.27978515625
0.2816162109375
0.298797607421875
0.281524658203125
0.294036865234375
0.28399658203125
0.285003662109375
0.298858642578125
0.303192138671875
0.311492919921875
0.29449462890625
0.28143310546875
0.292022705078125
0.304168701171875
0.29290771484375
0.288818359375
0.28863525390625
0.280364990234375
0.31005859375
0.27716064453125
0.28131103515625
0.287353515625
