0.006032491987178884
0.004865382978724034
0.004286145295752591
0.003946281160604972
0.0045472245584523285
0.003871098140942011
0.006170618789520886
0.0032682163989853244
0.0032029580936726557
0.003319215291750655
0.0032878650760997433
0.0037834555827216377
0.004955619658119183
0.004059094519460034
0.0036427809680067086
0.004046342412451647
0.007363630769230551
0.008508854331958228
0.006597666882695677
0.006559016916693506
0.007740695892091088
0.007631695480739955
0.009666054337758677
0.007776313349814584
0.009831779915814338
0.00799292675723612
0.007395560024752244
0.01234607321651972
0.009451843884449564
0.008781338443396224
0.009800563258232661
0.00867486622599866
0.009309714615163188
0.011498274349224487
0.00901686991869874
0.012176765344921035
0.010446482202447266
0.009289096643387815
0.008600410243660045
0.00781856085347235
0.01397799952763361
0.009882450110864248
0.010373919491525423
0.010454245468873124
0.007996995167052295
0.01221748223350284
0.01539942830365476
0.0187340323166305
0.016453812636165858
0.01333785636954141
0.019738393024563823
0.015455201491212234
0.01673214285714272
0.014600733112235805
0.01577811614730872
0.01774037240432456
0.020143497913769248
0.016920098718392982
0.018825877114871086
0.022540261200484142
0.019817002369668303
0.017625535616187585
0.01912496544574996
0.022172693540225826
0.02859951923076955
0.02471932080156029
0.02071538936959254
0.02022613913043471
0.023119107111654463
0.02717194963444337
0.02331197146785836
0.02893273478334203
0.0261950117568024
0.03256065587176958
0.037027097039473926
0.031596044253422016
0.026758464662875705
0.029671107154418425
0.02477578740157491
0.019812786061026356
0.028980936873747743
0.029305311325380203
0.02778681406499708
0.026017657312183938
0.027280187381811163
0.028385456730769355
0.023711415447431227
0.025531029787233792
0.026808256724548354
0.02379037769784198
0.023713846540458796
0.024651156069364032
0.026207461462775066
0.024251916228590693
0.022514628442751396
0.024804807029635254
0.019862963935573966
0.015502609199844817
0.0009403239929960509
0.02257208188153363
0.02175202301410499
0.021533983835993753
0.022311736026467282
0.023474744463373602
0.022920646721605962
0.024092728921124358
0.0216589419308872
0.024659282288150793
0.027050178368736816
0.021846656799582097
0.021857036909278958
0.020863881771595774
0.026102889191026775
0.02452332353957817
0.02421925287356298
0.020689183891661113
0.023628386014479964
0.022030583613917208
0.018673131764301295
0.019841156222418752
0.02141322490706318
0.018309917121868236
0.021695267702936616
0.01959264121609989
0.021336139919142336
0.01784191707873715
0.021432862759114057
0.02470185022026405
0.01490251004016051
0.022503355704697987
0.01896374225060999
0.019084394681595382
0.019324328459707694
0.0160064971751414
0.022367335766423222
0.0217114315139037
0.022469899723374712
0.026042954845089127
0.02505942477876094
0.024885010940919442
0.026512449255750244
0.02247188814866734
0.01678281132783199
0.0109470896500105
0.011886336996336467
0.013385387673956532
0.014372516736022597
0.015340279027903084
0.015822302827381243
0.017630919661732854
0.019386071189839846
0.020446207742161483
0.017418774635818583
0.027982241032516633
0.02499796155120907
0.02694540130899018
0.02310037816507678
0.02432396737244012
0.02716106596558319
0.030200091301461295
0.038236437807881545
0.031142536484771322
0.03547624980161877
0.022692265097767516
0.036618058814327954
0.03522221758021367
0.03578211965553731
0.039067453846153836
0.03365731454950627
0.03367360666778818
0.035302956989246605
0.03873069004342885
0.03707009479386073
0.03911156341727177
0.04482131760222709
0.04491671372549046
0.002015210843373494
0.04669035423647726
0.05111163262123787
0.04631643346007651
0.04391369104908614
0.04685211983729662
0.05012391304347849
0.062169673961589976
0.05919523288071315
0.04964742118151187
0.05811941453056339
0.05507863306085377
0.040683055118110024
0.026362193056731348
0.024952677560265812
0.019148663640948548
0.017382855644878875
0.01748716720934718
0.018299956438403122
0.017360961323911933
0.014930907960199566
0.019934683635059812
0.018660158675404766
0.008811789099526644
0.01065410363086121
0.011307818673322126
0.0074920359954995346
0.004471926176241954
0.0025419335125878807
0.002992738537795846
0.0036402215340630966
0.0062416644223012305
0.004467783701446619
0.006245007470119858
0.0016442341884679867
0.0023908369244727123
0.0033687743860444292
0.002723021155218214
0.008213566852656411
0.011549132476015503
0.006904819403611929
0.009559789123196782
0.01129900338847919
0.007201507936508555
0.008370013357079894
0.005952835519677057
0.007857362197214206
0.009289663227565316
0.007651743280093729
0.010311651282051628
0.008639643799472858
0.00853753719008312
0.007910202728305877
0.009028811175698813
0.010797492132178508
0.011484922073215996
0.013085287443267778
0.015235380740166598
0.013283942706371264
0.0006102427921126482
0.013950457022323809
0.01829524924723988
0.019609559859155183
0.016648733518389008
0.018058305589627306
0.01654698084160056
0.016894473029045405
0.026836450819670652
0.03243449898071147
0.02606282071586926
0.02229481692024746
0.018932349706745663
0.018717489335771758
0.014951274071191786
0.010100480769230463
0.013341683330303894
0.008420284529866777
0.01181854853564165
0.012149247673727985
0.014681759882253396
0.013600792751982673
0.01033822685539461
0.009137203065133555
0.00985138311336109
0.012650136438056622
0.012764884836852801
0.014035797743755307
0.010255808568121604
0.007564786177929682
0.013256575544883093
0.008913129328093372
0.009477673153379327
0.016577079069768533
0.006878686635944038
0.0028930813124099113
0.0022055614406769467
0.001619076751947781
0.0006289180990899898
0.0010214158977997255
0.002743194541639073
0.006495760233917584
0.006013023522662452
0.0019758616187996363
0.005025906183368919
0.004192335177500853
0.0052233426113356555
0.002420891203704135
0.003048183272395222
0.002915420457067157
0.00594422064545637
0.0044930188679226536
0.004612779618888555
0.004124904377390921
0.0031673686544009746
0.0040689493433383244
0.005952011968632714
0.008594298150163283
0.0055466572409619865
0.002875629139073588
0.0037048035914696094
0.0036843263371702547
0.003586268051686358
0.002780447276362191
0.006974721144521012
0.003928052733952201
0.0040968927789933945
0.003814468399916338
0.005614400773194656
0.007658206378224679
0.005984595791805445
0
0
0
0
0
0
0
0
0
0
0
0.00417420072845002
0.0006404132539091569
0.00357111064010174
0.0009674664784756538
0.0017760071301247766
0.0007423791170287348
0.0004840777634961438
0.0021935058430717865
0.0016756637168141594
0.0011674570337364728
0.0010062608948285879
0.0027213561041596153
0.0007133547008547061
0.0037044184076792776
0.003371105826397146
0.0011876916643434575
0.0015572598253275108
0.002879899017467249
0.0030849299065420616
0.0033605228758169865
0.002390995887191538
0.00459487213287635
0.0027507599580712783
0.0030183116883116742
0.002838258452987497
0.004602042584798209
0.0044762688784352606
0.002664319513294274
0.006382047750229585
0.009521735575800041
0.0076135737704918225
0.004017806505421193
0.005955749128919867
0.008213757273482966
0.01055918503674016
0.006974266609145812
0.005693987408184679
0.0045258437308242794
0.004979869574513579
0.009405242272347594
0.0076106466361855005
0.006000138622307558
0.0067141199031086115
0.008827353162650604
0.006166892822025544
0.007311141202838964
0.0069184189644911675
0.011344419039700716
0.005569893278412296
0.0066747711670480814
0.009177588282504052
0.00967625946969697
0.006737386228729703
0.012010799091472228
0.010240783898305066
0.008426221207307407
0.012726403641881653
0.015321583676525715
0.009113815664707065
0.012131793427229972
0.009078233117483807
0.009662640449438204
0.006120618364686162
0.012282543103448333
0.010694855340439536
0.011748908208653494
0.012734099660249175
0.009347971318642878
0.013498800000000024
0.014476741393114417
0.01267414725457574
0.010518935868905484
0.00679658193722329
0.011607726583238493
0.0068043520102651885
0.006033775447254859
0.006789038146021436
0.009192720228384988
0.005329240456513111
0.007824173669467648
0.00835360576923081
0.012811956039076297
0.006993703855619442
0.011379834550923989
0.007149705822682273
0.005111574769362795
0.0008854803493441901
0.0008785106382978599
0.0008644104803501583
0.0008502192982472352
0.0009413533834581505
0.0008692857142843423
0.0015670951156802767
0.0010913436692496835
0.0011359116022089317
0.0011218309859143448
0.0012046783625725887
0.0011239884393057528
0.003135145413870241
0.0006186285295197467
0.0009247476635515368
0.0007599315068494503
0.0015460340456355678
0.0013673741156884996
0.002348624950179429
0.0014206911262798782
0.0004910779168346553
0.000497177419355076
0.0006856332274170712
0.00041227954144645965
0.00045556912554957905
0.0008568582020389143
0.0005888235294119554
0.00038438538205997746
0.0003971641791040084
0.000475546875000191
0.000895805555555368
0.0011012018234563556
0.0039843980343980305
0.0020815476190476135
0.0008693584423874917
0.0005325007756748913
0.0012726898734176056
0.002096891711230081
0.004813254458162059
0.0025471047495119665
0.0007683126934986846
0.0013210720000003556
0.002182903981264572
0.0036467771359074558
0.004643136205512302
0.005349357448833938
0.006676284537081956
0.004603669425086991
0.006084985572959455
0.007753997809419446
0.007941468750000081
0.007037051452439712
0.012158076242876832
0.007664021822358274
0.0075430496726992076
0.00918801695616201
0.013323139271396197
0.012091105637657253
0.019902160804019967
0.01907073313293241
0.01853606060606071
0.012531522869022961
0.012572178477690496
0.019568442077230422
0.01693414007092191
0.014258656283955161
0.016186604995374932
0.022459539473684276
0.01874675856929948
0.0171078556465433
0.020138708829712807
0.020810033777071486
0.017982792775296113
0.018928593934620083
0.011168080754180207
0.020462125834127817
0.01803331166720832
0.024555238018134716
0.025103554249064672
0.02739038461538475
0.03165412883330459
0.018425041288192043
0.03619161421695647
0.039304101872421345
0.028457619678648453
0.026571997799434185
0.011238564814814965
0.009972375313140505
0.004226635412123939
0.0033819116022103623
0.00402960205078125
0.0017615191387559865
0.0035821205821204767
0.0024223134931325324
0.0047623628691978405
0.004345954475899077
0.006510327767470548
0.005330469945354866
0.00431703582434493
0.0060813548915268105
0.007331297624383684
0.005346902303415408
0.006283319755600739
0.005809619641778656
0.008614296709640099
0.0016069448256932157
0.00545880610972557
0.0021023326572008052
0.004445178226029477
0.004085708712614009
0.005664976316522604
0.005525006251562687
0.004928538942580872
0.004687750847016268
0.002481718750000103
0.0021052681537731314
0.0036401985111660794
0.002978021297672403
0.007520935703084367
0.002521840433043189
0.003291229369445319
0.0036383408071747306
0.0029408857352581125
0.0028064784053154065
0.0027640798488067398
0.006835724043716134
0.004594812639820586
0.006897942157953184
0.0036501028806582205
0.004346427619301321
0.00560830529213871
0.0057319839857645025
0.004419308780357626
0.0023698220064724057
0.002509289196818173
0.003000146070697776
0.0015849321705425452
0.001976616111387474
0.0037331988547635265
0.004609941438929039
0.002793065693430388
0.004217782067781978
0.009183283132529875
0.005835921547554685
0.001635363790186552
0.002919640771027792
0.0028700333889814813
0.003447560212699653
0.0024289611964425366
0.0030776248725786293
0.0009119882083195483
0.0023852709190671996
0.0022959566786999574
0.0018146616541350382
0.003189390476190175
0.0026514362657088634
0.0006137379126371498
0.0004772806104744727
0.001765875912409141
0.0016915492957746301
0.0008531317885593018
0.0006171149594695808
0.0006233066278227024
0.000928485401459616
0.0043812575331460095
0.0032872416534176887
0.0005367457272411727
0.002602978635990149
0.0019627237627238606
0.0021011538461539847
0.0019777974504247807
0.003327656873413164
0.0005270386266086426
0.0012754089114496124
0.00627381708020751
0.006671762114537438
0.0032694692661795486
0.005026033690658617
0.0031228435914405677
0.005929862857142676
0.004443940081706102
0.003066841552990483
0.00424016697588127
0.008058795637742814
0.006218722515391151
0.007822327738515978
0.009261997991968059
0.0014104710053182618
0.0036895221058011692
0.0019837097549251417
0.0026063507572059285
0.004467933130699301
0.0040800304878049745
0.004768950653983353
0.00438369719308215
0.0029865962180200024
0.00284751578369415
0.004620863024544353
0.004902907476367816
0.004990649350648806
0.005336716341213313
0.008931370532270501
0.0075504261690854686
0.006590169794459828
0.004618379338616892
0.0048975212636695135
0.0031532272325372587
0.0029526201373001335
0.005461676300577362
0.005744665109034257
0.0073221240105548506
0.005063597763049036
0.0053430487804875075
0.003976339403536147
0.003187187299550479
0.0017385639370704697
0.0022632449058049044
0.0041343680214388084
0.0009696789321797135
0.0016248190279216793
0.0029480287398678516
0.0022737952808241477
0.002207817055394095
0.001454839753965383
0.002974445581713235
0.0009971720116617871
0.001368658500149603
0.002106674171760352
0.0041957891353262165
0.002130634414831361
0.0017684654525983302
0.0036035724701076726
0.00526827063283818
0.0025403479701739786
0.0026193575757572037
0.004004720853857956
0.006060760419205642
0.002314057172829976
0.0020021535129931
0.005968290816326519
0.003476233237548618
0.004751567287297085
0.005067897727272544
0.00306362303664937
0.009054348816028655
0.0071471390755449985
0.01028124872682842
0.007074603990948537
0.007614963503649633
0.004472217774219365
0.005259939759036004
0.008668361747991361
0.007234373645426968
0.011300117046179545
0.005794683190085819
0.007020659543866989
0.008444063545150935
0.009375657615613087
0.007183793846756974
0.011570819281888214
0.0063071724787935775
0.010638574725908373
0.009531857590850387
0.00859690963341798
0.009784878363435032
0.010895241919293773
0.012440935562653226
0.013172312608948291
0.012774199553238583
0.011516302551863698
0.01269150544807633
0.010105225653206124
0.011298842270194853
0.01799899069859506
0.013316997433703778
0.010549757281553268
0.011382425742574429
0.01346330364058842
0.010093496591316727
0.013776036910197598
0.013333522500996054
0.008770146923783535
0.013694563106796138
0.012657217246407008
0.013339008906575429
0.009136556914393256
0.011136571650184226
0.013307979347570786
0.011547263328602982
0.007542903287098777
0.015072826530612688
0.007817311759728976
0.008020741941636602
0.008150674536256066
0.010552673956262274
0.009146555363653532
0.006721825853470836
0.010697936117936657
0.01048327567567568
0.01084803981312147
0.011988133091074613
0.0055231637299547635
0.011795491622574645
0.005923750000000021
0.0066743339457971404
0.004159181553801422
0.008732396582733462
0.006105966697502465
0.0025217649801823703
0.008538647408207319
0.004636886257093695
0.004672677386421834
0.005850824454591033
0.004755507206961976
0.002335792141951708
0.004047387538418546
0.002538273700705735
0.004796435272045283
0
0
0
0
0
0
0
0
0
0
0
0
0.0014879880569591175
0.001223661174047373
0.0008988441978733256
0.0012462643678160935
0.002385401647785785
0.001321538114569236
0.0011244545454545435
0.0014069914298601687
0.0005743792808219151
0.0007511698440208028
0.00041546477699040885
0.0005446383515559284
0.0007799212598425194
0.0013177534613666854
0.0027799005681818215
0.002607895564642972
0.002141229116945109
0.0022276465798045713
0.0017221432135728504
0.0021722739981360636
0.007579150837988823
0.008984566880297709
0.007976999800518652
0.009648469891411647
0.010416521570903475
0.00998141816710497
0.011527117430441897
0.01508780464216635
0.010461655200323746
0.017216457040182924
0.019848655211057165
0.017042341650671766
0.010236739293764077
0.010395370554341372
0.016046067518248174
0.012873237527114967
0.016280306814127718
0.00915835415922883
0.01386102447869447
0.013591853932584266
0.015013335796084208
0.021684280364702078
0.018831348907309774
0.01416486933509757
0.013487175295186142
0.02039167234913058
0.0191318189313984
0.020168816413274483
0.02651287974114686
0.02139276178918163
0.022379741455640235
0.026470043767223273
0.026858864084044563
0.033224271079590285
0.0326623277063651
0.025496368204659663
0.022498114070777675
0.011849381609607561
0.005649989288774559
0.004956037451571131
0.0028216881979416337
0.0032915972222223935
0.0020166220165611297
0.00221048741510202
0.001446805896804052
0.000835958005248809
0.0009342485549132948
0.0010987323943671484
0.0012175074183970735
0.001252266288951891
0.001574474474473915
0.001055820895522944
0.0015592105263163
0.0010299410029499213
0.0046688586956520435
0.002934650034650245
0.0011845723014258494
0.0037125782021731994
0.002925745804847791
0.004368730596757697
0.0038850804050028676
0.0014226051924800807
0.001111794726396483
0.0018371138570166601
0.0028680264778326303
0.00080647723800783
0.0027042300936769834
0.0035778788782815673
0.005148691502463164
0.007190543735224531
0.0022874763832658115
0.003364387617765715
0.001725521772739037
0.0037874246749129105
0.0009967863105173704
0.0064500509294627036
0.002108638743455686
0.002628060334081413
0.0026022710886806867
0.0032734810126584194
0.006735019136140114
0.006433980317113384
0.00655460693153012
0.00126337765337065
0.0028985857108022378
0.004970010381520985
0.0029954037912229654
0.0024071605243632327
0.005125423728813461
0.002238053097345081
0.002040082344393175
0.0020293558488034
0.003950877982890837
0.008292416452441982
0.002487046035805338
0.0017474111390987964
0.0016302980585180063
0.002342445933597319
0.0017738424437298923
0.0035354246487872046
0.001253316866619627
0.002631088529107294
0.0024173469387753807
0.0021594370860925573
0.0013660987482613407
0.001064832190545337
0.0016773909716908991
0.0018439388356666377
0.0012890235457067582
0.0027240425531919266
0.0038213717693836866
0.0013678982300888353
0.0004903794557307539
0.0012665674603175988
0.0012476237623764161
0.0011194557477105438
0.0009193835965351433
0.0012475760701396315
0.001767144873000399
0.001506971514242506
0.0010546279893709598
0.0008788738738745452
0.001611519607843293
0.0018276690391464147
0.0016377804014164584
0.0030493996569467235
0.0024617603330359867
0.002087996269651241
0.004519644736841897
0.003736384411835282
0.00355340850845758
0.0033449047619048536
0.004555538461538276
0.002932809694793623
0.00547878408458563
0.006306855439642694
0.0044801067780871826
0.004699485399712868
0.003906325979288692
0.007316856492027255
0.005453804347826258
0.007250654184525053
0.004012430694167374
0.00545860453648952
0.002370782589084687
0.00476677934018429
0.00466252674114553
