0.01839929066666664
0.09830157133333343
0.33410796149999994
0.35976350716666633
0.33617774366666703
0.38883237800000003
0.43759616233333287
0.596396071333333
0.4487476351666662
0.5673811443333332
0.267849623833334
0.5744969766666668
0.6272817348333318
0.5625719843333338
0.3470930918333318
0.5293281813333337
0.6832042884999984
0.5301327510000011
0.35424530166666557
0.777296232
0.5872729974999988
0.7016532191666678
0.5948089038333345
0.618814396666669
0.4790806846666697
0.23049430650000127
0.38467343916666624
0.32690635833333204
0.45869965483333414
0.19792295966666507
0.29248354100000046
0.48658183849999637
0.2776057945
0.36798439399999927
0.5345971699999977
0.46316771966666676
0.5161457343333353
0.7852313191666696
0.5412507376666676
0.5303996836666679
0.567122900833335
0.6759289671666644
0.8047855033333348
0.8064671591666723
0.781251748500002
0.44052067583333115
0.3468116006666643
0.3647975416666611
0.3475423393333396
0.37602435599999734
0.4890787724999938
0.44369426683333774
0.2970249976666726
0.3926191101666632
0.495121954666672
0.42897021216667025
0.41864274583332417
0.34378891649999826
0.23963908783333446
0.4769260263333403
0.3406842911666672
0.2840961915000074
0.37013059233332984
0.1466989529999978
0.2988989106666603
0.3495907906666673
0.31232689483333803
0.22993417983334058
0.4556260168333305
0.596715789000001
0.46898878733333993
0.6427709738333361
0.5304420476666678
0.6647346274999961
0.497642959833333
0.6469642595
0.29105937233333634
0.2845836563333345
0.2347683813333295
0.29435180599999927
0.36066973516667145
0.43888750416667216
0.47449524633333334
0.22292225750000702
0.503753556500006
0.5467714556666673
0.6574149080000021
0.5587243285000056
0.4584178486666606
0.5821029073333364
0.5639205518333388
0.5987597699999961
0.8002318701666601
0.7614115719999859
0.6447751055000025
0.5230018534999961
0.5482441536666821
0.7070009921666648
0.5958144146666579
0.5081807289999839
0.2553834056666725
0.3837794590000006
0.5341701300000068
0.3471082179999977
0.19692870983334387
0.27714176233333393
0.4458757076666681
0.2180415255000033
0.4349409796666729
0.4721984550000115
0.39943486399999983
0.45510517233333303
0.7251276395000067
0.6663499408333374
0.5966341304999976
0.7253908784999983
0.6745660383333338
0.7418097576666582
0.4337753641666495
0.45703275283333744
0.7342837268333444
0.4838886563333252
0.4245329069999949
0.3314776866666686
0.33986031983333004
0.3476648361666624
0.4331743853333402
0.4355949063333355
0.5012782989999967
0.27861961799999335
0.33758989233333137
0.5159410073333295
0.4314291759999946
0.5958469593333385
0.3110133308333426
0.3636237614999989
0.3043868863333235
0.29488421916666613
0.30396325450000933
0.26933779400000424
0.3393828963333287
0.1662761166666655
0.32036154616667994
0.4805763835000031
0.49717596816666776
0.4416592579999966
0.30845073083334756
0.6318418466666648
0.4701396431666846
0.44376822666667215
0.4654882284999833
0.5407094871666799
0.3193892193333265
0.29140215899999095
0.3445842418333313
0.3249567078333181
0.45974677150000315
0.2668988926666505
0.1112047920000047
0.2963710105000056
0.6211545941666637
0.37075119966666154
0.6724532748333445
0.6093036184999884
0.581413158333324
0.7640551810000032
0.6237970576666687
0.5767587099999976
0.40874954066665237
0.6069467648333291
0.5580029083333404
0.31425347183333463
0.5767097036666655
0.4513516288333221
0.5721627308333457
0.5184370733333404
0.2675624045000025
0.3373582713333197
0.37575136999998904
0.4182906226666697
