4.866666666666667
2.466666666666667
3.4000000000000004
2.333333333333333
4.333333333333334
3.7333333333333334
3.533333333333333
4.266666666666667
2.466666666666667
3.6
3.333333333333333
3.7333333333333334
3.7333333333333334
3.9333333333333336
3.7333333333333334
2.6666666666666665
8.397601439136519
6.199999999999999
7.733333333333333
8.066666666666666
7.133333333333333
7.199999999999999
8.8
7.6
7.933333333333334
9.533333333333333
8.666666666666668
8.066666666666666
8.2
6.933333333333334
8.933333333333334
7.666666666666666
7.466666666666667
9.933333333333334
9.333333333333332
11.066666666666666
8.733333333333334
10.8
11.399999999999999
12.533333333333333
11.733333333333334
11.2
13.4
11.533333333333333
15.399999999999999
14.466666666666665
14.333333333333334
12.933333333333334
14.866666666666667
16.4
15.066666666666666
15.933333333333334
15.466666666666667
16.333333333333332
15.133333333333333
16.53333333333333
16.933333333333334
17.133333333333333
16.53333333333333
17.133333333333333
16.733333333333334
15.866666666666667
17.866666666666667
17.666666666666664
16.664516129032258
15.6
16.733333333333334
16.933333333333334
18.4
20.2
17.666666666666664
16.066666666666666
19.266666666666666
18.666666666666664
18.333333333333332
18.066666666666666
18
19.46666666666667
18.4
19.333333333333332
18.266666666666666
18.066666666666666
18.933333333333334
18.466666666666665
19.333333333333336
17.133333333333333
18.666666666666668
19.066666666666666
17
17.46666666666667
18.6
18.799999999999997
15.866666666666667
19.53333333333333
19
19.866666666666667
15.266666666666666
14.4
2.2
16.4
17.866666666666667
16.133333333333333
16.2
15.866666666666667
15.666666666666666
14.533333333333331
14.866666666666667
14.733333333333333
14.866666666666667
14.333333333333332
15.600000000000001
15.666666666666668
13.8
14.666666666666666
13.6
14
13.933333333333334
13.733333333333334
12.399999999999999
13.933333333333334
16.266666666666666
13.469281045751632
12.399999999999999
13.466666666666667
13.266666666666666
12.533333333333333
11.6
12
13.533333333333333
11.933333333333334
12.399999999999999
11.533333333333333
12.066666666666666
11.8
11.6
12.466666666666667
12.066666666666666
13.2
10.866666666666667
13.2
13.933333333333334
12.466666666666667
12.866666666666667
13.533333333333333
11.133333333333333
14.2
16.2
16.466666666666665
14.6
17.53333333333333
16.266666666666666
15.933333333333334
15.933333333333334
16.666666666666664
19.266666666666666
16.666666666666664
16.731720322602147
19.733333333333334
18.933333333333334
19.53333333333333
21.866666666666667
19.333333333333336
20.266666666666666
20.666666666666664
18.866666666666667
19.333333333333332
19.46666666666667
19.666666666666664
18.866666666666667
18.66543127582989
19.2
19.333333333333336
18.73580510358318
19.8
19.466666666666665
17.46666666666667
0
17.866666666666667
18.066666666666666
20.933333333333334
20.266666666666666
20.4
20.133333333333333
20.53333333333333
21.333333333333336
22.2
19.866666666666667
19.666666666666664
19.866666666666667
16.333333333333332
18.52954818072771
16.799999999999997
16.133333333333333
13.933333333333334
14.933333333333334
17.733333333333334
16.333333333333332
14.666666666666668
13
14.466666666666667
14.066666666666666
13.866666666666667
12.933333333333334
13.933333333333334
14.2
12.066666666666666
14.6
14.133333333333333
14.399999999999999
13.2
15.533333333333333
17
15.399999999999999
14.933333333333334
13
13.6
13.866666666666667
14
14.399999999999999
16.4
17.200000000000003
16.866666666666667
15.4
15.466666666666667
15.733333333333334
14.466666666666667
15.2
6.066666666666666
12.666666666666666
13.533333333333333
15.466666666666665
15.866666666666667
13.466666666666665
13.533333333333333
14.666666666666668
0
18.2
15.333333333333332
14.133333333333333
16.599999999999998
15.6
14.333333333333332
15.466666666666665
16.6
16.933333333333334
14.6
16.133333333333333
12.733333333333333
12.733333333333333
14.066666666666666
12.866666666666667
12.933333333333334
15.933333333333334
12.399999999999999
11.533333333333333
10.8
12.600000000000001
13.399999999999999
13.066666666666666
9.399999999999999
13.733333333333334
11.6
10.266666666666666
13
13.066666666666666
12.466666666666667
12.133333333333333
13.333333333333334
11.600000000000001
12.933333333333334
10.133333333333333
9.666666666666668
10.333333333333332
10.733333333333334
11.266666666666666
11.866666666666667
11.2
10.933333333333334
14.933333333333334
12.866666666666667
15.133333333333333
14.266666666666666
16.333333333333336
16.866666666666667
16.666666666666664
14.133333333333333
14.933333333333334
16.866666666666667
15.866666666666667
17.266666666666666
17.666666666666668
16.333333333333336
16.6
15.866666666666667
15.066666666666666
17
16.866666666666667
15.2
14.933333333333334
15.733333333333334
16.933333333333334
16.666666666666664
17.066666666666666
19.266666666666666
17.733333333333334
15.599999999999998
0
0
0
0
0
0
0
0
0
0
1.0666666666666667
10.066666666666666
10.333333333333332
8.133333333333333
10.133333333333333
10.866666666666667
10.266666666666666
11.8
11.533333333333333
12.866666666666667
10.133333333333333
11.600000000000001
13
12.2
12.8
12.733333333333334
14.266666666666666
13.733333333333333
13.666666666666668
16.8
15.600000000000001
15.333333333333332
12.466666666666667
14.6
14.733333333333334
14.399999999999999
15.533333333333331
14
15.8
15.8
15.933333333333334
17.266666666666666
19.333333333333332
18.46666666666667
18.066666666666666
17.6
17.066666666666666
19
19.266666666666666
19.866666666666667
15.8
17.4
19.333333333333336
20.333333333333332
17.733333333333334
19.6
20
17.866666666666667
19.333333333333336
19.666666666666668
19.4
19.866666666666667
20.133333333333333
20.133333333333333
17.866666666666667
19.133333333333333
20.466666666666665
17.799999999999997
20.066666666666666
22.2
21.53333333333333
21.200000000000003
21.46666666666667
22.200000000000003
19.066666666666666
20.266666666666666
18.733333333333334
18.733333333333334
20.53333333333333
18.266666666666666
20.266666666666666
18.333333333333332
15.6
19.333333333333336
18.666666666666664
20.666666666666664
21.331884637603878
19.799999999999997
20.266666666666666
20
20.333333333333336
20.333333333333336
17.866666666666667
19.933333333333334
17.466666666666665
19.133333333333333
20.933333333333334
10.666666666666668
9.6
9
10.266666666666666
8.133333333333333
8.466666666666667
8.466666666666667
8.066666666666666
7.733333333333333
6.333333333333333
7.4
6.866666666666667
8.466666666666667
10.066666666666666
10.933333333333334
9.866666666666667
10.266666666666666
9.6
10.333333333333332
8.4
8.466666666666667
9
8.8
7.666666666666667
8.733333333333333
7
8.133333333333333
6.733333333333333
7.266666666666667
7.666666666666667
6.4
10
9.733333333333334
11.066666666666666
11.6
11
12.133333333333333
13.066666666666666
10.4
11.2
11.866666666666667
11.533333333333333
11.866666666666667
12.266666666666666
12.933333333333334
15.2
15.133333333333333
16.666666666666664
15.533333333333333
15.533333333333333
17.933333333333334
20.466666666666665
19.93333333333333
20.46666666666667
17.6
21.6
18.933333333333334
20.133333333333333
21.933333333333334
18.799999999999997
20.333333333333336
20.933333333333334
22.53333333333333
19.4
20.6
21.266666666666666
20.666666666666664
18.933333333333334
21.666666666666664
21.133333333333333
21.200000000000003
19.866666666666667
22.266666666666666
22.133333333333333
23.46666666666667
21.866666666666667
23.133333333333333
22.799999999999997
20.333333333333336
19.133333333333333
21.066666666666666
7.133333333333333
15
20.933333333333334
25.666666666666664
22.93333333333333
22.133333333333333
16.2
18.866666666666667
16.866666666666667
15.933333333333334
15.2
13.133333333333333
6.933333333333334
0
0
0
0
0
0
0
0
0
0
0
14.133333333333333
13.666666666666666
15.266666666666666
14.333333333333332
14.533333333333333
15.6
13.533333333333333
14.399999999999999
14.066666666666666
14.6
14.333333333333332
15.6
14.666666666666666
12.399999999999999
14.933333333333334
15.6
15.533333333333333
14.666666666666668
16.733333333333334
13.533333333333333
15.8
13.533333333333333
14.8
14.666666666666668
18.46666666666667
14.733333333333334
0
14.466666666666667
15.133333333333333
15.733333333333334
15.8
14.666666666666668
15
15.533333333333333
13.066666666666666
14
15.733333333333334
17.066666666666666
13.2
13.333333333333332
13.266666666666666
13.466666666666667
11.533333333333333
13
10.399999999999999
10.666666666666668
13.466666666666667
9.266666666666666
12.399999999999999
11
10
10.6
10.533333333333333
10.333333333333332
9.4
10.733333333333334
8
9.066666666666666
8.733333333333333
8.733333333333334
9.866666666666667
12.066666666666666
11.066666666666666
9.133333333333333
11.8
10.733333333333334
10.333333333333332
0.3333333333333333
12.666666666666668
15.533333333333333
12.466666666666665
13.266666666666666
17.46666666666667
16.799999999999997
14.866666666666667
14.6
17.6
17.6
15.133333333333333
16.799999999999997
16.333333333333332
15.332391236723993
0
0
0
0
0
0
0
0
0
0
16.266666666666666
15.066666666666666
15
15.133333333333333
17.066666666666666
15.533333333333333
15
16.066666666666666
15.333333333333332
15.2
16.2
15.666666666666666
15.933333333333334
15.666666666666668
18.200000000000003
15.266666666666666
16.266666666666666
13.2
7.533333333333333
7.733333333333333
9.533333333333333
10
10.2
10.133333333333333
9.866666666666667
11.466666666666667
11.399999999999999
11.266666666666666
11.6
13.533333333333333
12
12.733333333333334
11.666666666666666
12.733333333333334
13.133333333333333
12.866666666666667
15.666666666666666
13.533333333333333
15.8
15.133333333333333
14.866666666666667
14.666666666666666
13
15.666666666666668
15.266666666666666
16.066666666666666
15.666666666666668
17.333333333333332
17.333333333333336
18.133333333333333
19.333333333333332
16.2
16
17.4
16.6
17.266666666666666
15.933333333333334
18.5307384697414
17.53333333333333
18.666666666666664
17.066666666666666
18.53333333333333
18.933333333333334
18.93333333333333
19.53333333333333
18.933333333333334
20.133333333333333
19.666666666666664
18.799999999999997
18.133333333333333
18.466666666666665
19.466666666666665
20.933333333333334
19.6
19.333333333333332
20.53333333333333
18
20.866666666666667
20.733333333333334
22.4
19.8
19.866666666666667
21
21.2
20.666666666666664
18.266666666666666
19.733333333333334
19.60133351113482
20.133333333333333
18.066666666666666
18.8
16.933333333333334
20.866666666666667
17.46666666666667
18.333333333333336
17.866666666666667
18.733333333333334
19.733333333333334
19.733333333333334
19.53333333333333
18.266666666666666
16.4
16.133333333333333
18.466666666666665
19.733333333333334
16.066666666666666
18.933333333333334
18.733333333333334
17.266666666666666
17.6
17.8
17.53333333333333
15.6
15.133333333333333
16.866666666666667
14.533333333333331
15.333333333333332
14.333333333333332
12.466666666666667
14.666666666666666
13.533333333333333
13.2
0
0
0
0
0
0
0
0
0
0
0
7.6
6.800000000000001
8.2
8
8.666666666666668
8
8.133333333333333
9.6
7.266666666666667
8.866666666666667
8.2
7.666666666666666
10.266666666666666
9.333333333333332
9
11.333333333333332
12.2
15.399999999999999
16.666666666666664
14.733333333333334
17.466666666666665
16.6
18.53333333333333
19.4
17.333333333333332
19.666666666666668
18.733333333333334
18.6
19.866666666666667
23.133333333333333
20.4
18.2
21.466666666666665
17.866666666666667
22.866666666666667
20.266666666666666
19.6
19.866666666666667
22.333333333333336
21.8
21.4
18.333333333333336
18.53333333333333
20.93333333333333
23
19.733333333333334
22.4
23.066666666666666
21
20.066666666666666
22.4
23.4
26.2
21.8
24.666666666666664
26.266666666666666
22.6
22.866666666666667
19.866666666666667
17.8
16.866666666666667
14.8
15.266666666666666
14.333333333333334
7.333333333333334
8
6.533333333333333
6.533333333333333
5.7333333333333325
7.466666666666667
6.066666666666666
5.866666666666667
5.666666666666666
8
9.8
10.133333333333333
12.399999999999999
13
11.666666666666668
8.866666666666667
12.333333333333332
13.399999999999999
12.8
11.466666666666667
11.866666666666667
12.866666666666667
12.733333333333334
12.533333333333333
11.266666666666666
13.866666666666667
14.6
14.733333333333334
15.066666666666666
14.066666666666666
12.133333333333333
14.533333333333333
17.266666666666666
15.533333333333333
15.133333333333333
15.399999999999999
14.6
14.399999999999999
12.066666666666666
13.333333333333332
14.933333333333334
15.133333333333333
14.6
13.333333333333332
13.666666666666666
14.533333333333331
14.399999999999999
14.266666666666666
16.53333333333333
14.799999999999999
15.8
11.2
12.6
12.266666666666666
10.733333333333333
11
13.466666666666667
12.6
11.933333333333334
10.333333333333332
11.866666666666667
11.133333333333333
12
12.066666666666666
11.666666666666666
11.2
5
3.8666666666666663
10.6
7.932231404958677
8.8
8
8
9.866666666666667
8.466666666666667
10.066666666666666
8.466666666666665
10.133333333333333
11.8
11.933333333333334
11.466666666666667
12
13.933333333333334
13.866666666666667
17.133333333333333
16.333333333333332
13.2
14.066666666666666
16.46666666666667
15.666666666666664
13.333333333333332
15.133333333333333
15.133333333333333
16.333333333333332
13.6
16.46666666666667
15.866666666666667
15.666666666666666
16
14.133333333333333
14.533333333333331
15.866666666666665
15.466666666666667
