0.06737219633335674
0.05464979249999639
0.03597205003000557
0.08773623241549819
0.050025848499975226
0.07143815050001952
0.07377846949998457
0.05826986749999226
0.03370911833333897
0.05323197250000551
0.06620774483333965
0.055633811833331485
0.05915339949998118
0.05894026433334905
0.05587808966667277
0.06855933333334481
0.054454081666638864
0.041966240333332884
0.09052657750002406
0.08800953699998595
0.05882149199999275
0.08866715299999821
0.06966561566666012
0.08011719916669334
0.06857280516665772
0.05593315633332926
0.10393014266666493
0.07578093950000189
0.039374576833324675
0.076946879833334
0.09865114483333551
0.0662103654999934
0.09867520600001474
0.06750722900001922
0.08215062499997809
0.1053965575000196
0.07297062166666517
0.10163941700000123
0.059507975666633676
0.09318260866666604
0.1316553986666804
0.09295060133335178
0.09674530266666655
0.10243878733331258
0.09677026300001519
0.11144538966664184
0.08888382183336792
0.12316588566663236
0.05414173166669419
0.15634195799998452
0.11201704250000451
0.05849609749998307
0.18042195233336616
0.059450953999999
0.135603339499994
0.12059043299999908
0.10338571416665825
0.14397636733334213
0.07141123533331968
0.16677588777415833
0.07393362957530836
0.13831914866667222
0.09173341083332312
0.1434571225000051
0.11871672582742192
0.053345512717921616
0.13760153616666077
0.11984247766667977
0.12705347433332764
0.12439529033334414
0.11663827433331637
0.14037152733332428
0.11644311100000473
0.1338889521666715
0.11245571750002151
0.1505095264999833
0.10803090666665108
0.11478042933333654
0.09270267666666616
0.1504818688333671
0.06551933683332814
0.15206137816664975
0.1322032495000182
0.12150795499997002
0.1101501760000095
0.1250414935000208
0.0970322878333339
0.1733616389999876
0.06501711416664571
0.14354676566669392
0.10786778549997204
0.11367798366669982
0.14798970633330555
0.10231657150003078
0.13265475999999882
0.12245716466664665
0.10641122516665291
0.13008518416669781
0.11011262133331455
0.03839186016667403
0.11328096866664812
0.13116241150002375
0.1394835219999777
0.06833682183336502
0.1537522103333231
0.11170397816666383
0.10417587116667922
0.11380335699997582
0.0901103560000062
0.09911612266667665
0.10318002400000144
0.11833519116665532
0.10852279033334374
0.09520310199998977
0.09425708399999166
0.10002278133333675
0.12066678250001435
0.07174280333333627
0.106340679499984
0.13941967333335015
0.09117961816665834
0.10784030450001107
0.10619566349998877
0.06813826150001508
0.12806712333330475
0.09414001900002707
0.09530911699998038
0.08770878650000212
0.0976946671666686
0.09818857650001671
0.10286743716665113
0.05330472616666763
0.10678393066666558
0.13216378316667488
0.08793215033332064
0.055292028000015606
0.09144890683330686
0.13120393799999874
0.05979987652472206
0.11521808361672659
0.09990495483331566
0.10452988000001066
0.08676799733333002
0.09626089850000123
0.0953058756666678
0.09274490466665004
0.11553609233332432
0.13173442966668364
0.06898815266667194
0.122215246166661
0.13121323433332083
0.10230552316666791
0.11156224283335328
0.09825531216665694
0.11586890116666382
0.13142044466667357
0.0693023806666512
0.14190178300001813
0.11715611250000772
0.13185479316666715
0.11310051199999785
0.1330271823333078
0.14548295433333655
0.11474802266669333
0.09374691333331003
0.13246533450001152
0.14938992249998742
0.12409991066666255
0.09725157850001172
0.1212881029999835
0.11788148383334372
0.1541735638333345
0.10970337716666259
0.10058860916668283
0.07372526150000643
0.13014948083332456
0.14109599683331453
0.04418796316667794
0.07198080149998985
0.1309724321666863
0.14356608333332585
0.10437891707219839
0.12509800486697184
0.14166681466667796
0.12045754449998942
0.14013514716668848
0.12680311583331633
0.107002661166689
0.11399061316664454
0.14922746199999892
0.1153190041666979
0.07188116483333336
0.15435947766665473
0.10560389133331682
0.052966663166671424
0.16238148433334723
0.10918796216666729
0.0876298968333155
0.1036520021666926
0.08647613933332347
0.14287203933330753
0.06718111633335866
0.1246131543333225
0.10072607600000083
0.0991983919999863
0.1096722073333467
0.11078868300000977
0.09689088000000841
0.06038288900000074
0.11883547200000066
0.1408236569999796
0.10275649716667581
0.12061434033334231
0.08843295499999233
0.09923316183331583
0.07009413250000307
0.13933320200002677
0.09924905283332919
0.1163366972736925
0.09016663288439077
0.10984752983332176
0.10721465249999558
0.1434129983333226
0.04929225233335425
0.16309069433331538
0.09515593710421412
0.092473078705229
0.1175319075000137
0.0844735219999772
0.07385722850002215
0.1069171684999901
0.09664937649999199
0.1178966568333332
0.12214545583333347
0.07883451383334734
0.1144951310000124
0.0564111441666455
0.09137807729486305
0.10491285852388653
0.12917630799999338
0.10810077049999715
0.11511002633335464
0.10715376866664882
0.08479838783334041
0.1214350816666562
0.10089623966666748
0.12575131516666715
0.10216058366665948
0.10119666716669447
0.10276088649997442
0.07001673533333512
0.09456948166666733
0.11102586250001423
0.12436704600001272
0.09361372883332326
0.1068210741666462
0.07551757066668566
0.08619667400000706
0.08101385266665298
0.14148853750001913
0.07570503533330944
0.10250315133335637
0.09255703966664441
0.10568821449999177
0.056869692166666624
0.10604075583334331
0.08601509866665916
0.11670082150002752
0.060021075261630245
0.11650170578037498
0.09891979616668323
0.10607111800000742
0.07724265249999006
0.08247221316666278
0.07104244049999882
0.08711514300000545
0.10644173983333377
0.11102634750000107
0.03519920416666385
0.1379103421666817
0.08188735733331971
0.14149007216667542
0.09640761166667743
0.10161913283332069
0.14802176383333668
0.10862859233331316
0.055661345000013775
0.15647859466666128
0.11575541000001975
0.11304446616664639
0.1172639581666696
0.07439631849998325
0.15491602350001207
0.11143965033333339
0.11093471099998926
0.056322464833366816
0.12874771516665834
0.12925862716663988
0.11126533033336726
0.08857511266664156
0.1293299553333327
0.13134525933332952
0.09460903833333607
0.10882975966668103
0.08293400466667815
0.1357215198333203
0.1557584320000084
0.02861366883333479
0.04027588666663935
0.047040467666685494
0.047839934499999494
0.04030822483332486
0.020730357333339573
0.05515333249998851
0.034616167499999996
0.03408179483335516
0.05971147849997275
0.046772645333362554
0.053534225499978064
0.09352564633335685
0.09470816883333555
0.07881204049999724
0.09766121316666461
0.05627646199999011
0.105807929833342
0.105349862999977
0.0849420670000048
0.07559488283334304
0.11664794283334837
0.09399388633331303
0.08099545483332804
0.05968883933333776
0.11150673466666679
0.11092057866668861
0.09591091933331578
0.10834331283335055
0.09926483749999684
0.10810835449998041
0.09871194383333659
0.1187007013333338
0.11750394950001918
0.09164432883331604
0.10456310866667687
0.05821158766665727
0.13271020349998253
0.1414541920000071
0.09616791150002275
0.11143949899997095
0.11793342616666297
0.12740403366668338
0.11386277566665133
0.07413915733335821
0.13832094133332853
0.10368417266666559
0.170850845166683
0.12011793516664207
0.12667388900001694
0.10090093733333559
0.11353735034329691
0.07726746449763527
0.1225186004999917
0.14653769183333526
0.11982234116665798
0.11812738033336244
0.10281466699999933
0.18131901283330382
0.08324152916668481
0.17175270383332492
0.11092647783334542
0.09955626583333317
0.13032486483333133
0.12012279883333576
0.15254529633333883
0.06251782214516474
0.13610237732516067
0.13457446883334492
0.1215553343333416
0.13382444533332696
0.1463200671666603
0.12861338849999507
0.13579567600000547
0.1396420034999816
0.10762743533333226
0.13031007450001653
0.09902272699999531
0.17246159133333094
0.06095050699999168
0.17296714883336028
0.11306736116667555
0.12636225916666413
0.11485394916663456
0.1218028860000307
0.08298239550000137
0.13230524949998804
0.14855388016667348
0.07958592499998454
0.1529529538333539
0.16931256216666193
0.12257117049997153
0.10589636900003066
0.12142364250000053
0.11999745033331993
0.10517869950001567
0.1376881226666455
0.08810868383333552
0.038528209333321684
0.10150762966668479
0.09082197933332735
0.06912059666668331
0.0748237354999901
0.07562772516666882
0.044313772166674426
0.07067792433330547
0.07881001300002782
0.08971511049999965
0.03793571649998739
0.08126430149998971
0.08843238683334674
0.08592584166664588
0.0706300325000105
0.08432129633335231
0.09820171983331721
0.06511928949998945
0.0890537808333344
0.08626260400001227
0.08263415533334258
0.07979893099998965
0.04764547766668178
0.10566399616664057
0.047671653500022636
0.0873499394999726
0.07841600966670133
0.07418946066665436
0.035755116833342974
0.09178426981270041
0.10000260418747899
0.08111009416669883
0.09086605466666241
0.09151872383332223
0.09878509400001197
0.08293720200000128
0.08415673783330628
0.08892436000000241
0.10569660000002537
0.08721293566664674
0.07853821699999723
0.09182263666665827
0.1065717046666729
0.07757061699999211
0.12424889999999776
0.09850027450003533
0.12135130049997163
0.09026504216668248
0.08398652899999584
0.12328785049999169
0.14965129866667817
0.1308496210000006
0.1256979701666599
0.11233499283332549
0.125845093666688
0.1434470003333293
0.1055836126666539
0.1314335116666901
0.12190918716665539
0.1456875769999897
0.11651842683333295
0.14001369516665815
0.11751180400002188
0.1016653158333156
0.15440996333332652
0.10050803063130304
0.15303749349958637
0.13958954383330516
0.05660236683335521
0.1920386540000057
0.06866387333332113
0.1432164619999791
0.15495862333333812
0.1384032415000244
0.11720842266667357
0.14687837599997997
0.06361776383334927
0.20024382616664602
0.09824451616668738
0.1434844624999793
0.05428165733333875
0.08321642233333174
0.14902863166666216
0.11989048366668459
0.137311833833337
0.15701409899997998
0.07281197599998752
0.12855731833334022
0.13893429250000128
0.0944808560000183
0.1197756813333323
0.07774178733332822
0.10899438616665218
0.02604936233334835
0.041465744999982235
0.05350391750001412
0.047796142833324964
0.04136845866666286
0.03531632583334006
0.027360336833339716
0.03450406199999633
0.06280233683332881
0.020469623333345528
0.0414337606666777
0.15485911983330425
0.052912211500029116
0.11413763599997158
0.11463013233333184
0.12574967616668192
0.09938399383334702
0.08796417599997615
0.09652860450000844
0.12327578466666485
0.11882973883333155
0.06350065933334766
0.1276597359999793
0.08957172883333442
0.14188518883334686
0.06550652566666788
0.15354266266664732
0.06870300233333637
0.12666043050001008
0.13083351600001453
0.08466903316665744
0.11215925950000381
0.08686626000000311
0.1037079033333157
0.09414061983333492
0.12508455666666882
0.06072809900001629
0.06228276383330922
0.124943491666689
0.10248005699997975
0.1398809048333381
0.09515699133332114
0.10353591783333134
0.10086947350002144
0.09070850783333147
0.1359578676666615
0.04304536450001705
0.1669510921666415
0.11139707450001878
0.1049455836666766
0.060125621666657025
0.14536424299997935
0.06342532799999388
0.1085554436666977
0.09755196933330505
0.07008555600001878
0.1003959476666599
0.09634728333332986
0.05269931000001785
0.12335249183331597
0.09862175566668914
0.08834365566663867
0.08265872799999367
0.05368430700002591
0.08804735066667035
0.112577496999999
0.08437730216667205
0.03913954649999595
0.10522757066667054
0.08499552699997062
0.05543144799999785
0.12354275750002823
0.06638103483332239
0.09157298200000241
0.08588899400001537
0.10685269033331224
0.08892297650000576
0.09145248833332668
0.0409690709999874
0.05215149583333792
0.12977733350002532
0.08666916983330944
0.13631214533332542
0.0652856150000313
0.11608157216664948
0.1263299678333472
0.1235530971666397
0.11960752566668968
0.12912133666664735
0.0966237175000136
0.11284604349998516
0.07002181600000768
0.12130052566665957
0.04100908683335546
0.04153612133332747
0.04126090399999308
0.048859058333353765
0.04837575833331205
0.028046541166683404
0.053362030166643606
0.042246961500003025
0.04015459449999525
0.034312152333351754
0.08958259633334363
0.12945571366666778
0.1046166714999875
0.1111772331666619
0.10520504266666345
0.07142337533332464
0.10430352683332937
0.1327371165000007
0.1300560971666679
0.1094108330000078
0.07450901833332561
0.10015626949999992
0.16517505200003293
0.09024819716663993
0.09843382650001331
0.1122120761666565
0.1436275481666674
0.0605471918333554
0.09691340716665307
0.0818981763333113
0.07968671583334222
0.08635670700001204
0.10448591300000012
0.09608838050000182
0.04279428483331079
0.10650193200001466
0.11222281883332623
0.0878261761666863
0.08924808099997486
0.08406885083335662
0.08252980566665731
0.10758550116668175
0.08278167266666969
0.09655694999999771
0.09871720699997391
0.10302251483335567
0.11313663299999159
0.09824570533332158
0.10197756916666852
0.13135083366667763
0.08857934183333781
0.12914901216667354
0.08683002299998557
0.13082942733334826
0.06901416599998811
0.12575821516664593
0.13605585950002325
0.10143717416667641
0.12677275033331625
0.07123506216665494
0.15618677266669084
0.07376683416665249
0.1270037350000166
0.13437884566663644
0.09629817266666879
0.16787784633334013
0.0727990590000142
0.1528112073333432
0.11673340849999174
0.11977623499997964
0.11653523866668063
0.12548095300000264
0.08287097616664596
0.13757768833333253
0.15020050683335737
0.07644541516666928
0.1610496393333278
0.12087072599998312
0.11933793566667343
0.12125687333332279
0.11814268850002918
0.1298328326666554
0.1168858101666501
0.10868343016666888
0.13225453033336027
0.1091016904999833
0.11464769916665317
0.12396632183333621
0.13488736016669614
0.11600487183333523
0.14208994283330867
0.12646786183332398
0.15273855950003204
0.12432552816665064
0.07729082600000461
0.17535512416664764
0.060782675000003415
0.18341770050002043
0.1256965151666615
0.06955168400001335
0.161412068333334
0.12404035449996323
0.11848957216667105
0.10286897050002607
0.1432194394999821
0.10248544816666556
0.17104016966667737
0.12222480733332002
0.11371140466667383
0.07186286750000666
0.13789360316665503
0.10447130449999045
0.1254127671666841
0.1452552918333367
0.11981276366664889
0.11480801866669783
0.13022664349997132
0.07855881816666017
0.1228287106666812
0.1266651043333316
0.0754603139999972
0.15099612750001748
0.0537886318333373
0.1460150443333153
0.0878442511666814
0.13844632383332584
0.10679506666667749
0.04774719799998669
0.1464107704999833
0.10158202666669541
0.05099080866667312
0.13674652799996542
0.04391943583334523
0.042779268166668764
0.039449645666650206
0.042434216500017406
0.04138166633333639
0.04570981033331615
0.04058706316667818
0.041674846500010666
0.03392123149997891
0.04596292783332956
0.05204741400003361
0.0669273293333011
0.06914794633333561
0.0653060381666819
0.07400623099999848
0.08212585766667263
0.06711352550000052
0.08706430200000644
0.08096605950000442
0.06324456566665049
0.08691802233333117
0.060855473166649666
0.08768926066666911
0.09510394483334039
0.08186626449999797
0.08101578883334544
0.0853308593333395
0.060901466499975264
0.1430401961666803
0.08934013366668599
0.09518272749998384
0.10989071100001031
0.10249400349997964
0.14628414333333237
0.07164263150002625
0.13259078683332365
0.1478878899999927
0.07725014433333399
0.15174474850001235
0.10745283733331233
0.15287412283335772
0.12523591683331384
0.11546425050001592
0.13886405183332803
0.1499146208333286
0.11818158533333188
0.12993269033332427
0.11597031316667501
0.1335351923333216
0.06584993499999806
0.15920288299999658
0.13297014966667575
0.1303516826666661
0.10019729700002244
0.1423173841666691
0.11971427849997933
0.1325749898333394
0.1578131358333318
0.10633406799998586
0.1466872123333663
0.12654008633330704
0.11735775766665786
0.1461777273333382
0.13733502350002405
0.14837232150000546
0.07349022649998459
0.16175223116666376
0.15460982000001877
0.10649384699998637
0.11978438983332278
0.1349429013333368
0.10353574516667169
0.11965169116664734
0.0833455886667025
0.10333143699998952
0.05979710183332069
0.0839477541666535
0.07009113833335807
0.06516947700000249
0.05335241483332235
0.07136747099999259
0.07533472900001924
0.05125741266666258
0.07961827216665067
0.03795143999999103
0.07008880916669114
0.08954194483332381
0.10823678716667473
0.10796935966667812
0.11145283483331998
0.08622499199998401
0.0742275841666924
0.06387912783331254
0.12426912766666948
0.11132976316666068
0.07976428333336116
0.10210482900000291
0.07683149183333171
0.12539972833330162
0.09137964750001022
0.10125610033333032
0.07676276050002191
0.1206667756666396
0.12212706733335683
0.0966627036666523
0.0785674008333217
0.12292519033333821
0.09681599083334429
0.1010308974999816
0.12182273000000046
0.057358092333364155
0.1241466206666549
0.13852165250000326
0.06074872683332917
0.11114846816667523
0.09837095350000405
0.12410184949999348
0.12209163433332529
0.06099175533332375
0.11947213100002803
0.12939775399998626
0.06826953016665509
0.11727897183334335
0.10446560600000036
0.10790635616664682
0.12740353616667713
0.11265114033335522
0.10359221866663877
0.10109721133335368
0.07705206799998146
0.0979008023333563
0.10577084566663567
0.05162208850000145
0.11757966950002204
0.05619379083331447
0.09034024633335018
0.11248155433334735
0.07653630316663869
0.10316745383333152
0.09137291083334276
0.08408487333334354
0.05016112133334142
0.0654763274999747
0.08323516616667348
0.0385368304999929
0.1175701401666629
0.06817405066669835
0.07182574399996611
0.08379612400002162
0.09250397616665396
0.08292332716666805
0.08270598533332911
0.0807087065000284
0.07108069916663833
0.10592130650002218
0.09502986116664638
0.09343281650001245
0.09732833016664698
0.07527493500000067
0.1431507643333513
0.1046396705000158
0.06370937766663094
0.1072511111666851
0.14642575016667553
0.09784130299999559
0.08980136100001344
0.09026341233330488
0.13483369266668885
0.07438155533331307
0.1010293828333412
0.12029121533331968
0.13037806800002724
0.13179553749997316
0.10485608283333173
0.11763188383334484
0.07881920250000954
0.09574163800001163
