0.675445556640625
0.67547607421875
0.675537109375
0.67626953125
0.6763916015625
0.67596435546875
0.675506591796875
0.67559814453125
0.675537109375
0.675537109375
0.676025390625
0.676025390625
0.676055908203125
0.67608642578125
0.676177978515625
0.676422119140625
0.676422119140625
0.67626953125
0.67626953125
0.67626953125
0.676025390625
0.67626953125
0.67626953125
0.676422119140625
0.676422119140625
0.676422119140625
0.67645263671875
0.676727294921875
0.676727294921875
0.6767578125
0.67681884765625
0.67657470703125
0.67669677734375
0.677001953125
0.677032470703125
0.677032470703125
0.67724609375
0.677276611328125
0.677337646484375
0.677398681640625
0.677154541015625
0.677215576171875
0.67706298828125
0.677032470703125
0.67681884765625
0.677337646484375
0.67767333984375
0.677703857421875
0.677734375
0.677734375
0.67779541015625
0.67779541015625
0.67779541015625
0.67779541015625
0.67779541015625
0.678192138671875
0.691375732421875
0.678375244140625
0.67864990234375
0.67864990234375
0.67864990234375
0.67864990234375
0.67840576171875
0.67840576171875
0.67840576171875
0.677947998046875
0.678070068359375
0.6781005859375
0.678375244140625
0.678436279296875
0.678497314453125
0.678497314453125
0.678619384765625
0.678863525390625
0.678863525390625
0.678863525390625
0.678863525390625
0.678863525390625
0.67816162109375
0.67822265625
0.67822265625
0.67822265625
0.678466796875
0.678466796875
0.678955078125
0.67919921875
0.67919921875
0.678955078125
0.67901611328125
0.678802490234375
0.678802490234375
0.678863525390625
0.679107666015625
0.679595947265625
0.680084228515625
0.68011474609375
0.67987060546875
0.67999267578125
0.67950439453125
0.679595947265625
0.679595947265625
0.679718017578125
0.6798095703125
0.679840087890625
0.679107666015625
0.67913818359375
0.67919921875
0.67926025390625
0.67950439453125
0.679534912109375
0.679595947265625
0.679595947265625
0.679595947265625
0.679840087890625
0.679595947265625
0.679595947265625
0.679595947265625
0.679595947265625
0.67974853515625
0.679718017578125
0.679718017578125
0.679718017578125
0.679962158203125
0.679962158203125
0.679962158203125
0.679962158203125
0.67999267578125
0.6800537109375
0.6800537109375
0.6800537109375
0.6795654296875
0.6795654296875
0.6800537109375
0.6800537109375
0.6800537109375
0.6795654296875
0.6795654296875
0.67962646484375
0.679656982421875
0.6802978515625
0.680328369140625
0.680328369140625
0.6796875
0.6800537109375
0.6798095703125
0.6798095703125
0.6798095703125
0.6790771484375
0.6790771484375
0.6793212890625
0.678924560546875
0.678924560546875
0.67828369140625
0.6783447265625
0.678985595703125
0.679473876953125
0.679473876953125
0.679473876953125
0.6802978515625
0.6802978515625
0.6800537109375
0.680084228515625
0.67962646484375
0.679656982421875
0.6796875
0.679229736328125
0.678985595703125
0.679046630859375
0.679046630859375
0.679534912109375
0.679595947265625
0.679595947265625
0.679962158203125
0.679718017578125
0.679473876953125
0.679473876953125
0.67974853515625
0.67974853515625
0.67974853515625
0.679779052734375
0.679779052734375
0.679840087890625
0.679840087890625
0.69195556640625
0.679351806640625
0.679412841796875
0.6796875
0.679840087890625
0.679931640625
0.67987060546875
0.67962646484375
0.67962646484375
0.67974853515625
0.680267333984375
0.68035888671875
0.68060302734375
0.6807861328125
0.681060791015625
0.681304931640625
0.681304931640625
0.681365966796875
0.681396484375
0.681396484375
0.681182861328125
0.680694580078125
0.679962158203125
0.68072509765625
0.68072509765625
0.6812744140625
0.6807861328125
0.6807861328125
0.6802978515625
0.6805419921875
0.6805419921875
0.6805419921875
0.679901123046875
0.679901123046875
0.679931640625
0.679901123046875
0.679901123046875
0.679901123046875
0.680145263671875
0.680145263671875
0.679901123046875
0.679901123046875
0.679901123046875
0.679901123046875
0.679901123046875
0.679901123046875
0.680145263671875
0.680267333984375
0.680267333984375
0.680267333984375
0.680267333984375
0.680389404296875
0.680389404296875
0.680389404296875
0.680389404296875
0.680633544921875
0.69970703125
0.680694580078125
0.680511474609375
0.680511474609375
0.680511474609375
0.680908203125
0.680908203125
0.680908203125
0.680908203125
0.68096923828125
0.680999755859375
0.68060302734375
0.6806640625
0.67987060546875
0.67987060546875
0.67987060546875
0.67987060546875
0.679901123046875
0.68017578125
0.68017578125
0.68017578125
0.679779052734375
0.679779052734375
0.680023193359375
0.680023193359375
0.680023193359375
0.680023193359375
0.680023193359375
0.680023193359375
0.6800537109375
0.679351806640625
0.679351806640625
0.679351806640625
0.679351806640625
0.679595947265625
0.679595947265625
0.680084228515625
0.680084228515625
0.680084228515625
0.680084228515625
0.68011474609375
0.68011474609375
0.68011474609375
0.68011474609375
0.68011474609375
0.6806640625
0.680694580078125
0.680938720703125
0.68096923828125
0.680755615234375
0.680816650390625
0.680877685546875
0.681060791015625
0.68096923828125
0.680999755859375
0.680999755859375
0.681243896484375
0.684661865234375
0.681488037109375
0.6815185546875
0.6807861328125
0.68084716796875
0.68109130859375
0.68133544921875
0.681365966796875
0.681365966796875
0.682098388671875
0.682098388671875
0.681243896484375
0.680755615234375
0.680755615234375
0.680755615234375
0.6805419921875
0.6805419921875
0.6806640625
0.6806640625
0.6806640625
0.680694580078125
0.680450439453125
0.679962158203125
0.679962158203125
0.680206298828125
0.680694580078125
0.68096923828125
0.680999755859375
0.680999755859375
0.680999755859375
0.680267333984375
0.68035888671875
0.680419921875
0.680419921875
0.680908203125
0.68145751953125
0.681488037109375
0.6817626953125
0.681793212890625
0.681793212890625
0.681060791015625
0.68109130859375
0.68109130859375
0.68109130859375
0.681121826171875
0.68115234375
0.680908203125
0.680938720703125
0.68121337890625
0.6817626953125
0.68206787109375
0.68206787109375
0.68182373046875
0.681854248046875
0.681854248046875
0.68194580078125
0.681976318359375
0.6820068359375
0.6820068359375
0.68212890625
0.681915283203125
0.6820068359375
0.6820068359375
0.682037353515625
0.682098388671875
0.682098388671875
0.682098388671875
0.681427001953125
0.681549072265625
0.68157958984375
0.68145751953125
0.68145751953125
0.68145751953125
0.68145751953125
0.68145751953125
0.681976318359375
0.682464599609375
0.681610107421875
0.681610107421875
0.681610107421875
0.6806640625
0.6806640625
0.68072509765625
0.680755615234375
0.680816650390625
0.68084716796875
0.68084716796875
0.680877685546875
0.680877685546875
0.680908203125
0.680938720703125
0.68096923828125
0.680999755859375
0.680999755859375
0.680999755859375
0.68084716796875
0.680908203125
0.68115234375
0.68194580078125
0.681732177734375
0.681732177734375
0.681304931640625
0.681304931640625
0.68133544921875
0.681365966796875
0.697601318359375
0.681182861328125
0.680999755859375
0.681243896484375
0.6812744140625
0.68060302734375
0.679901123046875
0.679412841796875
0.679412841796875
0.679412841796875
0.679412841796875
0.679412841796875
0.679412841796875
0.679656982421875
0.680389404296875
0.680633544921875
0.682342529296875
0.680633544921875
0.680389404296875
0.680389404296875
0.679656982421875
0.679656982421875
0.679656982421875
0.679901123046875
0.679901123046875
0.680145263671875
0.68017578125
0.679931640625
0.6800537109375
0.6800537109375
0.6800537109375
0.68011474609375
0.679901123046875
0.680694580078125
0.680755615234375
0.680755615234375
0.6810302734375
0.680816650390625
0.68084716796875
0.6806640625
0.6806640625
0.6806640625
0.680694580078125
0.680511474609375
0.680511474609375
0.680511474609375
0.6802978515625
0.6802978515625
0.6802978515625
0.680389404296875
0.680389404296875
0.680389404296875
0.680389404296875
0.680389404296875
0.680145263671875
0.680419921875
0.6807861328125
0.680694580078125
0.680755615234375
0.680938720703125
0.68072509765625
0.68023681640625
0.68023681640625
0.6802978515625
0.680572509765625
0.680755615234375
0.680755615234375
0.680755615234375
0.681549072265625
0.682037353515625
0.68145751953125
0.68145751953125
0.68145751953125
0.68145751953125
0.6815185546875
0.6815185546875
0.6815185546875
0.682525634765625
0.682525634765625
0.682525634765625
0.682525634765625
0.682525634765625
0.682525634765625
0.682525634765625
0.682525634765625
0.681793212890625
0.681793212890625
0.681793212890625
0.681793212890625
0.682403564453125
0.681671142578125
0.681427001953125
0.681488037109375
0.6820068359375
0.6820068359375
0.682037353515625
0.68206787109375
0.68206787109375
0.682098388671875
0.7008056640625
0.681854248046875
0.683349609375
0.681915283203125
0.682708740234375
0.682708740234375
0.6827392578125
0.6827392578125
0.68231201171875
0.68231201171875
0.697357177734375
0.68206787109375
0.68280029296875
0.68280029296875
0.683319091796875
0.682342529296875
0.682342529296875
0.682403564453125
0.682403564453125
0.682647705078125
0.682403564453125
0.68243408203125
0.68255615234375
0.68255615234375
0.68255615234375
0.68255615234375
0.68255615234375
0.68280029296875
0.68280029296875
0.68304443359375
0.68304443359375
0.68304443359375
0.68304443359375
0.683074951171875
0.68310546875
0.68310546875
0.682861328125
0.682891845703125
0.68292236328125
0.682952880859375
0.682952880859375
0.701019287109375
0.6829833984375
0.682952880859375
0.68280029296875
0.68304443359375
0.68353271484375
0.68389892578125
0.68304443359375
0.68267822265625
0.68267822265625
0.68267822265625
0.68267822265625
0.68267822265625
0.68267822265625
0.68267822265625
0.68267822265625
0.68267822265625
0.68267822265625
0.68292236328125
0.682952880859375
0.6822509765625
0.6822509765625
0.6820068359375
0.6820068359375
0.6820068359375
0.6820068359375
0.6820068359375
0.6820068359375
0.6815185546875
0.6815185546875
0.681793212890625
0.681793212890625
0.681793212890625
0.681793212890625
0.68182373046875
0.681854248046875
0.681854248046875
0.690704345703125
0.68194580078125
0.68194580078125
0.68243408203125
0.68292236328125
0.68292236328125
0.68292236328125
0.68292236328125
0.68292236328125
0.68304443359375
0.682586669921875
0.682769775390625
0.683013916015625
0.68304443359375
0.68304443359375
0.68304443359375
0.68231201171875
0.682342529296875
0.682342529296875
0.682342529296875
0.682342529296875
0.682403564453125
0.6815185546875
0.6815185546875
0.6812744140625
0.6812744140625
0.6812744140625
0.6812744140625
0.6812744140625
0.6812744140625
0.682342529296875
0.6812744140625
0.6812744140625
0.68157958984375
0.68231201171875
0.68231201171875
0.681610107421875
0.681610107421875
0.681610107421875
0.681610107421875
0.681671142578125
0.6817626953125
0.681793212890625
0.681884765625
0.681884765625
0.681915283203125
0.681427001953125
0.681427001953125
0.681243896484375
0.681488037109375
0.6817626953125
0.6817626953125
0.6820068359375
0.6820068359375
0.6820068359375
0.6817626953125
0.6824951171875
0.6824951171875
0.682525634765625
0.681854248046875
0.68194580078125
0.68170166015625
0.681976318359375
0.68280029296875
0.68280029296875
0.682830810546875
0.682342529296875
0.682342529296875
0.682373046875
0.682373046875
0.682373046875
0.682373046875
0.68267822265625
0.68292236328125
0.68243408203125
0.69879150390625
0.68243408203125
0.68255615234375
0.68231201171875
0.6824951171875
0.6824951171875
0.682525634765625
0.68255615234375
0.6826171875
0.6826171875
0.682403564453125
0.68218994140625
0.682464599609375
0.682769775390625
0.68280029296875
0.682830810546875
0.682891845703125
0.682891845703125
0.682891845703125
0.682891845703125
0.682891845703125
0.682891845703125
0.68292236328125
0.68292236328125
0.683197021484375
0.683746337890625
0.68402099609375
0.68402099609375
0.683807373046875
0.68389892578125
0.684417724609375
0.6854248046875
0.684234619140625
0.684173583984375
0.683929443359375
0.683929443359375
0.683929443359375
0.683929443359375
0.683197021484375
0.683685302734375
0.6837158203125
0.6837158203125
0.68402099609375
0.684112548828125
0.684112548828125
0.68414306640625
0.68438720703125
0.68438720703125
0.684417724609375
0.6845703125
0.684326171875
0.68414306640625
0.68389892578125
0.68402099609375
0.68377685546875
0.68402099609375
0.68487548828125
0.68487548828125
0.684906005859375
0.684906005859375
0.684906005859375
0.685394287109375
0.685394287109375
0.685394287109375
0.685394287109375
0.684906005859375
0.684417724609375
0.6844482421875
0.684967041015625
0.684967041015625
0.684967041015625
0.685028076171875
0.68505859375
0.685089111328125
0.68438720703125
0.684417724609375
0.684478759765625
0.684783935546875
0.684814453125
0.684844970703125
0.685333251953125
0.685577392578125
0.685882568359375
0.685882568359375
0.685882568359375
0.685882568359375
0.685882568359375
0.685638427734375
0.685699462890625
0.685699462890625
0.685516357421875
0.68463134765625
0.68463134765625
0.68463134765625
0.68463134765625
0.68438720703125
0.68389892578125
0.68389892578125
0.68389892578125
0.68389892578125
0.68365478515625
0.68365478515625
0.68365478515625
0.68389892578125
0.68389892578125
0.68414306640625
0.68438720703125
0.68438720703125
0.68463134765625
0.68511962890625
0.68536376953125
0.68536376953125
0.68536376953125
0.68463134765625
0.68463134765625
0.68414306640625
0.68414306640625
0.684173583984375
0.684173583984375
0.684417724609375
0.684173583984375
0.684600830078125
0.684417724609375
0.684417724609375
0.684417724609375
0.684417724609375
0.684417724609375
0.684417724609375
0.684417724609375
0.684661865234375
0.6846923828125
0.6844482421875
0.684478759765625
0.6844482421875
0.6845703125
0.68505859375
0.68505859375
0.68505859375
0.68505859375
0.684600830078125
0.68463134765625
0.684661865234375
0.684661865234375
0.684722900390625
0.685028076171875
0.685028076171875
0.68505859375
0.684661865234375
0.6846923828125
0.68646240234375
0.684234619140625
0.684234619140625
0.684326171875
0.684356689453125
0.68438720703125
0.68463134765625
0.6849365234375
0.68475341796875
0.68499755859375
0.68505859375
0.684814453125
0.684906005859375
0.685394287109375
0.684906005859375
0.684906005859375
0.684906005859375
0.685211181640625
0.685455322265625
0.685455322265625
0.685455322265625
0.685516357421875
0.685516357421875
0.685516357421875
0.685516357421875
0.685577392578125
0.68585205078125
0.685882568359375
0.686187744140625
0.68572998046875
0.685760498046875
0.686492919921875
0.686248779296875
0.686309814453125
0.686798095703125
0.687042236328125
0.68707275390625
0.686553955078125
0.686553955078125
0.686431884765625
0.68597412109375
0.685760498046875
0.685577392578125
0.685089111328125
0.685089111328125
0.685089111328125
0.686065673828125
0.68609619140625
0.686126708984375
0.686370849609375
0.6864013671875
0.6871337890625
0.6868896484375
0.6868896484375
0.6868896484375
0.6866455078125
0.6866455078125
0.6866455078125
0.6866455078125
0.6854248046875
0.6854248046875
0.6854248046875
0.6854248046875
0.6854248046875
0.6854248046875
0.6854248046875
0.6854248046875
0.685699462890625
0.6854248046875
0.6856689453125
0.6854248046875
0.6854248046875
0.6854248046875
0.6856689453125
0.6856689453125
0.6856689453125
0.6856689453125
0.6856689453125
0.6851806640625
0.6851806640625
0.6844482421875
0.6846923828125
0.684722900390625
0.684722900390625
0.684722900390625
0.684722900390625
0.684722900390625
0.684967041015625
0.684722900390625
0.684722900390625
0.684722900390625
0.68475341796875
0.684722900390625
0.684722900390625
0.68475341796875
0.68475341796875
0.68475341796875
0.68475341796875
0.68499755859375
0.685028076171875
0.684814453125
0.684844970703125
0.684844970703125
0.68487548828125
0.68511962890625
0.685150146484375
0.685150146484375
0.685150146484375
0.685150146484375
0.685272216796875
0.685272216796875
0.684783935546875
0.684539794921875
0.684539794921875
0.685272216796875
0.685272216796875
0.685272216796875
0.685272216796875
0.685028076171875
0.685028076171875
0.684783935546875
0.684783935546875
0.684814453125
0.684814453125
0.68505859375
0.685150146484375
0.685394287109375
0.685638427734375
0.685394287109375
0.685394287109375
0.685394287109375
0.685394287109375
0.685394287109375
0.685394287109375
0.685394287109375
0.686126708984375
0.685150146484375
0.685150146484375
0.685150146484375
0.685211181640625
0.685455322265625
0.68548583984375
0.685516357421875
0.685546875
0.685546875
0.685577392578125
0.685577392578125
0.68658447265625
0.685577392578125
0.685577392578125
0.685577392578125
0.685333251953125
0.685333251953125
0.685821533203125
0.685821533203125
0.685821533203125
0.685821533203125
0.685821533203125
0.685821533203125
0.685882568359375
0.686004638671875
0.68603515625
0.68603515625
0.685546875
0.68505859375
0.6851806640625
0.685211181640625
0.685211181640625
0.685211181640625
0.684478759765625
0.684478759765625
0.685089111328125
0.685089111328125
0.68548583984375
0.68511962890625
0.68524169921875
0.685272216796875
0.685272216796875
0.685791015625
0.685821533203125
0.686614990234375
0.686614990234375
0.686614990234375
0.6866455078125
0.686676025390625
0.68670654296875
0.686737060546875
0.686279296875
0.68634033203125
0.686370849609375
0.685943603515625
0.685699462890625
0.685699462890625
0.685699462890625
0.685943603515625
0.685943603515625
0.686187744140625
0.685943603515625
0.685943603515625
0.686187744140625
0.686431884765625
0.686431884765625
0.686431884765625
0.686431884765625
0.686492919921875
0.686492919921875
0.686492919921875
0.6866455078125
0.686492919921875
0.686614990234375
0.686737060546875
0.686737060546875
0.686737060546875
0.686737060546875
0.686737060546875
0.686492919921875
0.686492919921875
0.686492919921875
0.686553955078125
0.686798095703125
0.686798095703125
0.686798095703125
0.686798095703125
0.686798095703125
0.687286376953125
0.688079833984375
0.688079833984375
0.6881103515625
0.6878662109375
0.6873779296875
0.6873779296875
0.6876220703125
0.687744140625
0.687408447265625
0.687408447265625
0.687164306640625
0.687255859375
0.687255859375
0.686798095703125
0.686859130859375
0.686920166015625
0.686187744140625
0.686187744140625
0.686187744140625
0.686187744140625
0.686187744140625
0.685943603515625
0.685943603515625
0.686004638671875
0.6861572265625
0.686492919921875
0.686492919921875
0.686553955078125
0.686553955078125
0.686553955078125
0.686676025390625
0.685943603515625
0.685943603515625
0.685943603515625
0.685943603515625
0.685943603515625
0.686676025390625
0.6983642578125
0.68670654296875
0.686737060546875
0.68701171875
0.686798095703125
0.686065673828125
0.686309814453125
0.686065673828125
0.686065673828125
0.686065673828125
0.686553955078125
0.686553955078125
0.686309814453125
0.686309814453125
0.686309814453125
0.686065673828125
0.686065673828125
0.685821533203125
0.685821533203125
0.685821533203125
0.686553955078125
0.686553955078125
0.686553955078125
0.686553955078125
0.686553955078125
0.686553955078125
0.686553955078125
0.686553955078125
0.686553955078125
0.686553955078125
0.686553955078125
0.686309814453125
0.686065673828125
0.686065673828125
0.686065673828125
0.686065673828125
0.686553955078125
0.686859130859375
0.686614990234375
0.685882568359375
0.685882568359375
0.685638427734375
0.685882568359375
0.686859130859375
0.686859130859375
0.686859130859375
0.686859130859375
0.686859130859375
0.686859130859375
0.6866455078125
0.686676025390625
0.686676025390625
0.68670654296875
0.69482421875
0.68670654296875
0.686767578125
0.686767578125
0.686767578125
0.689544677734375
0.68701171875
0.687042236328125
0.68634033203125
0.68670654296875
0.68658447265625
0.68682861328125
0.68707275390625
0.68707275390625
0.68707275390625
0.68707275390625
0.68756103515625
0.68743896484375
0.686981201171875
0.686248779296875
0.686248779296875
0.686492919921875
0.686767578125
0.687255859375
0.687286376953125
0.687286376953125
0.687042236328125
0.686798095703125
0.686065673828125
0.686065673828125
0.686065673828125
0.686065673828125
0.68609619140625
0.68609619140625
0.686676025390625
0.686676025390625
0.686676025390625
0.687164306640625
0.687164306640625
0.68719482421875
0.687255859375
0.68701171875
0.68682861328125
0.686859130859375
0.687103271484375
0.686859130859375
0.686859130859375
0.686859130859375
0.686859130859375
0.6868896484375
0.6868896484375
0.6871337890625
0.6871337890625
0.6871337890625
0.686920166015625
0.686920166015625
0.686920166015625
0.686431884765625
0.68719482421875
0.68743896484375
0.692169189453125
0.68798828125
0.687744140625
0.687255859375
0.687255859375
0.687255859375
0.687255859375
0.6875
0.6875
0.6875
0.6875
0.687286376953125
0.687103271484375
0.687164306640625
0.687164306640625
0.68719482421875
0.68719482421875
0.68768310546875
0.68798828125
0.68798828125
0.6875
0.6875
0.6875
0.687530517578125
0.6878662109375
0.686676025390625
0.68719482421875
0.68670654296875
0.687164306640625
0.6868896484375
0.6875
0.68756103515625
0.68756103515625
0.68804931640625
0.68804931640625
0.68804931640625
0.68780517578125
0.687835693359375
0.6878662109375
0.6878662109375
0.6876220703125
0.6876220703125
0.6878662109375
0.6878662109375
0.6881103515625
0.68865966796875
0.68841552734375
0.68841552734375
0.688446044921875
0.688446044921875
0.6884765625
0.688507080078125
0.688568115234375
0.687652587890625
0.687652587890625
0.687652587890625
0.687652587890625
0.687652587890625
0.68768310546875
0.68743896484375
0.68743896484375
0.68743896484375
0.68743896484375
0.68743896484375
0.68743896484375
0.686065673828125
0.686065673828125
0.685821533203125
0.685821533203125
0.685821533203125
0.685943603515625
0.685943603515625
0.68597412109375
0.68597412109375
0.686004638671875
0.685760498046875
0.685760498046875
0.685760498046875
0.686248779296875
0.686981201171875
0.68701171875
0.687347412109375
0.6873779296875
0.6873779296875
0.696380615234375
0.687408447265625
0.68670654296875
0.68646240234375
0.68670654296875
0.686737060546875
0.686737060546875
0.686767578125
0.68646240234375
0.68670654296875
0.68670654296875
0.68670654296875
0.68670654296875
0.68670654296875
0.68621826171875
0.686248779296875
0.686279296875
0.6865234375
0.68707275390625
0.68707275390625
0.686614990234375
0.686126708984375
0.6861572265625
0.686187744140625
0.685455322265625
0.685455322265625
0.685455322265625
0.686004638671875
0.686004638671875
0.686004638671875
0.686004638671875
0.686004638671875
0.686004638671875
0.686004638671875
0.686004638671875
0.686004638671875
0.686004638671875
0.68609619140625
0.68609619140625
0.68585205078125
0.68585205078125
0.68585205078125
0.68585205078125
0.68585205078125
0.68560791015625
0.68560791015625
0.68560791015625
0.68560791015625
0.68585205078125
0.68585205078125
0.686126708984375
0.686370849609375
0.686370849609375
0.686370849609375
0.686370849609375
0.686126708984375
0.686126708984375
0.686126708984375
0.6861572265625
0.686126708984375
0.6861572265625
0.685882568359375
0.6859130859375
0.685943603515625
0.68597412109375
0.685577392578125
0.6856689453125
0.686004638671875
0.686248779296875
0.686279296875
0.68707275390625
0.6873779296875
0.68743896484375
0.68719482421875
0.687225341796875
0.687225341796875
0.687225341796875
0.686492919921875
0.6865234375
0.685791015625
0.685791015625
0.685821533203125
0.686065673828125
0.686309814453125
0.686798095703125
0.686798095703125
0.686553955078125
0.686553955078125
0.686553955078125
0.686553955078125
0.68658447265625
0.686614990234375
0.686614990234375
0.686614990234375
0.687408447265625
0.687469482421875
0.687469482421875
0.687713623046875
0.687744140625
0.687774658203125
0.68829345703125
0.68853759765625
0.688568115234375
0.688323974609375
0.6883544921875
0.6883544921875
0.6881103515625
0.6881103515625
0.687896728515625
0.687652587890625
0.687255859375
0.687286376953125
0.6873779296875
0.6876220703125
0.6876220703125
0.687652587890625
0.687652587890625
0.68768310546875
0.68768310546875
0.68792724609375
0.687347412109375
0.6873779296875
0.6873779296875
0.69671630859375
0.6868896484375
0.68768310546875
0.68768310546875
0.689239501953125
0.68798828125
0.68798828125
0.68798828125
0.688232421875
0.68896484375
0.690155029296875
0.6893310546875
0.6888427734375
0.689178466796875
0.68890380859375
0.68896484375
0.688995361328125
0.689117431640625
0.68914794921875
0.68914794921875
0.68914794921875
0.689178466796875
0.689239501953125
0.68902587890625
0.688323974609375
0.688323974609375
0.688323974609375
0.688385009765625
0.68841552734375
0.68914794921875
0.687713623046875
0.687957763671875
0.688201904296875
0.6884765625
0.688507080078125
0.68829345703125
0.688323974609375
0.688323974609375
0.68841552734375
0.68841552734375
0.688232421875
0.688232421875
0.688232421875
0.688232421875
0.688262939453125
0.688507080078125
0.688995361328125
0.688995361328125
0.6883544921875
0.6878662109375
0.6873779296875
0.6873779296875
0.6878662109375
0.6878662109375
0.6885986328125
0.6890869140625
0.689361572265625
0.689361572265625
0.689361572265625
0.689361572265625
0.689361572265625
0.68939208984375
0.688690185546875
0.68878173828125
0.68878173828125
0.68878173828125
0.68927001953125
0.68927001953125
0.68994140625
0.688568115234375
0.688568115234375
0.687835693359375
0.687835693359375
0.688323974609375
0.688079833984375
0.688079833984375
0.688079833984375
0.68817138671875
0.688201904296875
0.688262939453125
0.688262939453125
0.688751220703125
0.68853759765625
0.6885986328125
0.688629150390625
0.688629150390625
0.688629150390625
0.688629150390625
0.689117431640625
0.689178466796875
0.689178466796875
0.689178466796875
0.689453125
0.689697265625
0.689727783203125
0.689727783203125
0.689727783203125
0.6898193359375
0.689849853515625
0.689849853515625
0.689422607421875
0.689422607421875
0.689666748046875
0.689971923828125
0.689727783203125
0.689727783203125
0.688751220703125
0.688751220703125
0.68878173828125
0.6878662109375
0.6878662109375
0.6881103515625
0.6881103515625
0.6881103515625
0.6885986328125
0.6885986328125
0.6885986328125
0.6885986328125
0.6881103515625
0.6881103515625
0.6881103515625
0.6883544921875
0.6893310546875
0.6893310546875
0.6893310546875
0.6893310546875
0.6893310546875
0.688629150390625
0.688629150390625
0.688629150390625
0.688629150390625
0.68865966796875
0.688720703125
0.688751220703125
0.688751220703125
0.688751220703125
0.68878173828125
0.68878173828125
0.688812255859375
0.688812255859375
0.688812255859375
0.688934326171875
0.689453125
0.689453125
0.689453125
0.689453125
0.688720703125
0.688720703125
0.68896484375
0.689849853515625
0.689849853515625
0.688873291015625
0.688629150390625
0.688385009765625
0.687896728515625
0.687896728515625
0.688873291015625
0.688995361328125
0.688995361328125
0.69122314453125
0.688812255859375
0.688812255859375
0.688812255859375
0.688812255859375
0.688812255859375
0.689056396484375
0.689056396484375
0.6890869140625
0.689117431640625
0.689117431640625
0.68914794921875
0.68963623046875
0.68896484375
0.68896484375
0.68896484375
0.688720703125
0.6903076171875
0.688720703125
0.68896484375
0.689453125
0.689453125
0.6895751953125
0.6898193359375
0.690185546875
0.690704345703125
0.690704345703125
0.690704345703125
0.690216064453125
0.690216064453125
0.689727783203125
0.689727783203125
0.689727783203125
0.689483642578125
0.689483642578125
0.689483642578125
0.689971923828125
0.689971923828125
0.689971923828125
0.689971923828125
0.689483642578125
0.68951416015625
0.6900634765625
0.6900634765625
0.6900634765625
0.6900634765625
0.6900634765625
0.6898193359375
0.6898193359375
0.6898193359375
0.69573974609375
0.6895751953125
0.6895751953125
0.68896484375
0.68896484375
0.68896484375
0.6890869140625
0.6890869140625
0.6890869140625
0.6890869140625
0.6890869140625
0.6890869140625
0.6890869140625
0.6893310546875
0.6893310546875
0.6890869140625
0.6890869140625
0.6890869140625
0.6893310546875
0.6895751953125
0.6893310546875
0.6893310546875
0.6890869140625
0.6890869140625
0.6890869140625
0.6890869140625
0.6890869140625
0.6890869140625
0.6890869140625
0.6890869140625
0.6890869140625
0.6890869140625
0.6890869140625
0.6893310546875
0.6895751953125
0.6890869140625
0.6890869140625
0.6890869140625
0.689117431640625
0.6883544921875
0.6883544921875
0.68841552734375
0.688446044921875
0.688690185546875
0.688690185546875
0.688446044921875
0.688446044921875
0.688446044921875
0.688446044921875
0.6884765625
0.688507080078125
0.688751220703125
0.68829345703125
0.68829345703125
0.68829345703125
0.68853759765625
0.68902587890625
0.68975830078125
0.68975830078125
0.68975830078125
0.68975830078125
0.68951416015625
0.68951416015625
0.6895751953125
0.6895751953125
0.6895751953125
0.688629150390625
0.688629150390625
0.688629150390625
0.689117431640625
0.689361572265625
0.68939208984375
0.68939208984375
0.68988037109375
0.69012451171875
0.69012451171875
0.690185546875
0.690185546875
0.690216064453125
0.690216064453125
0.689788818359375
0.6898193359375
0.6898193359375
0.689361572265625
0.689361572265625
0.69512939453125
0.689117431640625
0.689117431640625
0.689361572265625
0.689361572265625
0.689849853515625
0.690093994140625
0.690338134765625
0.690582275390625
0.690582275390625
0.690093994140625
0.690093994140625
0.689849853515625
0.689849853515625
0.690338134765625
0.690582275390625
0.69061279296875
0.69061279296875
0.69061279296875
0.69061279296875
0.690765380859375
0.6907958984375
0.6903076171875
0.6900634765625
0.69012451171875
0.69036865234375
0.68939208984375
0.68939208984375
0.68939208984375
0.68939208984375
0.68939208984375
0.688690185546875
0.688934326171875
0.688720703125
0.688720703125
0.68896484375
0.68896484375
0.68896484375
0.68896484375
0.689453125
0.689453125
0.689453125
0.689208984375
0.689208984375
0.689239501953125
0.689208984375
0.689208984375
0.689208984375
0.688720703125
0.688720703125
0.689453125
0.689697265625
0.689697265625
0.689697265625
0.689453125
0.689453125
0.689453125
0.689697265625
0.689697265625
0.6884765625
0.6884765625
0.688720703125
0.68896484375
0.689208984375
0.688720703125
0.688720703125
0.68896484375
0.689697265625
0.689727783203125
0.689727783203125
0.68951416015625
0.68951416015625
0.68927001953125
0.68927001953125
0.68951416015625
0.701171875
0.689544677734375
0.689544677734375
0.689544677734375
0.689544677734375
0.689544677734375
0.689544677734375
0.690032958984375
0.690032958984375
0.689178466796875
0.688934326171875
0.687713623046875
0.687286376953125
0.687530517578125
0.687835693359375
0.688568115234375
0.688568115234375
0.688568115234375
0.688568115234375
0.6878662109375
0.6883544921875
0.6883544921875
0.6883544921875
0.6883544921875
0.6883544921875
0.6883544921875
0.68841552734375
0.68841552734375
0.68890380859375
0.68914794921875
0.68939208984375
0.68939208984375
0.68914794921875
0.68841552734375
0.68841552734375
0.68841552734375
0.68841552734375
0.68817138671875
0.68817138671875
0.68817138671875
0.68817138671875
0.68743896484375
0.6875
0.687530517578125
0.68756103515625
0.68829345703125
0.688812255859375
0.688812255859375
0.688812255859375
0.688568115234375
0.688079833984375
0.688079833984375
0.688323974609375
0.688323974609375
0.6878662109375
0.68792724609375
0.68792724609375
0.68792724609375
0.68792724609375
0.68817138671875
0.68817138671875
0.68817138671875
0.688201904296875
0.688232421875
0.68902587890625
0.688812255859375
0.6888427734375
0.6890869140625
0.6890869140625
0.6890869140625
0.68890380859375
0.688690185546875
0.688446044921875
0.6884765625
0.688507080078125
0.688262939453125
0.688262939453125
0.6878662109375
0.6878662109375
0.6883544921875
0.6890869140625
0.689361572265625
0.689361572265625
0.68939208984375
0.68896484375
0.68896484375
0.68896484375
0.6884765625
0.688232421875
0.6883544921875
0.6883544921875
0.6888427734375
0.6888427734375
0.6890869140625
0.689117431640625
0.689361572265625
0.69256591796875
0.689605712890625
0.689605712890625
0.689605712890625
0.689605712890625
0.689666748046875
0.688934326171875
0.68896484375
0.68878173828125
0.688812255859375
0.688812255859375
0.688812255859375
0.690032958984375
0.690032958984375
0.690032958984375
0.690032958984375
0.690032958984375
0.6900634765625
0.690155029296875
0.690155029296875
0.690155029296875
0.689788818359375
0.689788818359375
0.688812255859375
0.688812255859375
0.688812255859375
0.688568115234375
0.688568115234375
0.688568115234375
0.688568115234375
0.688812255859375
0.689056396484375
0.689056396484375
0.689056396484375
0.689056396484375
0.688568115234375
0.688568115234375
0.68890380859375
0.689422607421875
0.689422607421875
0.689422607421875
0.689453125
0.689453125
0.689483642578125
0.68994140625
0.688995361328125
0.688995361328125
0.689239501953125
0.689239501953125
0.689239501953125
0.689239501953125
0.688995361328125
0.68902587890625
0.689056396484375
0.689056396484375
0.689788818359375
0.689056396484375
0.689056396484375
0.688812255859375
0.689300537109375
0.689300537109375
0.68939208984375
0.689666748046875
0.689666748046875
0.689697265625
0.68975830078125
0.68975830078125
0.68975830078125
0.68951416015625
0.68951416015625
0.68975830078125
0.689056396484375
0.689056396484375
0.6888427734375
0.688385009765625
0.688385009765625
0.688385009765625
0.688446044921875
0.69122314453125
0.689300537109375
0.689361572265625
0.689361572265625
0.689605712890625
0.689361572265625
0.689361572265625
0.689361572265625
0.68963623046875
0.689666748046875
0.689697265625
0.689727783203125
0.689727783203125
0.689727783203125
0.689788818359375
0.690032958984375
0.690032958984375
0.690093994140625
0.69012451171875
0.690460205078125
0.690460205078125
0.69049072265625
0.69049072265625
0.690521240234375
0.691009521484375
0.691009521484375
0.690765380859375
0.690765380859375
0.6907958984375
0.6907958984375
0.690826416015625
0.690826416015625
0.69036865234375
0.6904296875
0.689788818359375
0.689300537109375
0.689300537109375
0.689544677734375
0.689544677734375
0.689544677734375
0.689544677734375
0.689544677734375
0.689788818359375
0.689788818359375
0.689788818359375
0.689788818359375
0.689544677734375
0.688812255859375
0.689056396484375
0.689544677734375
0.689544677734375
0.689544677734375
0.689788818359375
0.689788818359375
0.689788818359375
0.689788818359375
0.689361572265625
0.689605712890625
0.689605712890625
0.690093994140625
0.690338134765625
0.690338134765625
0.690765380859375
0.690521240234375
0.690277099609375
0.690399169921875
0.690521240234375
0.689788818359375
0.689788818359375
0.689544677734375
0.689605712890625
0.689605712890625
0.68963623046875
0.689666748046875
0.689666748046875
0.689788818359375
0.689788818359375
0.689788818359375
0.690032958984375
0.690032958984375
0.690032958984375
0.6900634765625
0.6898193359375
0.6898193359375
0.6904296875
0.6904296875
0.6904296875
0.690948486328125
0.691009521484375
0.690765380859375
0.690582275390625
0.690582275390625
0.690582275390625
0.690582275390625
0.69036865234375
0.690521240234375
0.689666748046875
0.689666748046875
0.689666748046875
0.689666748046875
0.689666748046875
0.690155029296875
0.690277099609375
0.690277099609375
0.690277099609375
0.690277099609375
0.69073486328125
0.690277099609375
0.690277099609375
0.690277099609375
0.690277099609375
0.690032958984375
0.690032958984375
0.690032958984375
0.6895751953125
0.6895751953125
0.6900634765625
0.6903076171875
0.6905517578125
0.69061279296875
0.690185546875
0.690216064453125
0.689727783203125
0.68975830078125
0.68975830078125
0.69000244140625
0.69000244140625
0.690032958984375
0.690277099609375
0.690277099609375
0.690277099609375
0.689361572265625
0.68939208984375
0.688720703125
0.688720703125
0.688720703125
0.68896484375
0.689208984375
0.689453125
0.689453125
0.689453125
0.68896484375
0.68896484375
0.689453125
0.689697265625
0.6898193359375
0.690093994140625
0.689697265625
0.68896484375
0.68896484375
0.689453125
0.689453125
0.689208984375
0.689208984375
0.689208984375
0.689208984375
0.68896484375
0.68896484375
0.68896484375
0.68896484375
0.69171142578125
0.690277099609375
0.690032958984375
0.690032958984375
0.690032958984375
0.690032958984375
0.690032958984375
0.690093994140625
0.690093994140625
0.68963623046875
0.68963623046875
0.689666748046875
0.689666748046875
0.689697265625
0.689697265625
0.689208984375
0.689208984375
0.689453125
0.689697265625
0.689697265625
0.689727783203125
0.69024658203125
0.69049072265625
0.69024658203125
0.69024658203125
0.69024658203125
0.69000244140625
0.69024658203125
0.69024658203125
0.69024658203125
0.69024658203125
0.690032958984375
0.6900634765625
0.6903076171875
0.690338134765625
0.69036865234375
0.69036865234375
0.69036865234375
0.69036865234375
0.69036865234375
0.69036865234375
0.690673828125
0.690460205078125
0.69049072265625
0.6903076171875
0.6904296875
0.69049072265625
0.691558837890625
0.691558837890625
0.690673828125
0.690673828125
0.690673828125
0.690185546875
0.68994140625
0.68994140625
0.68994140625
0.68994140625
0.68994140625
0.68994140625
0.68994140625
0.68994140625
0.68994140625
0.6895751953125
0.68988037109375
0.69012451171875
0.69036865234375
0.690399169921875
0.69140625
0.690673828125
0.690673828125
0.690673828125
0.690673828125
0.690673828125
0.690704345703125
0.690704345703125
0.690704345703125
0.690460205078125
0.690460205078125
0.690460205078125
0.690460205078125
0.690216064453125
0.690216064453125
0.69024658203125
0.69000244140625
0.693634033203125
0.69024658203125
0.68988037109375
0.689910888671875
0.690399169921875
0.690399169921875
0.690643310546875
0.6904296875
0.690460205078125
0.691497802734375
0.690521240234375
0.690277099609375
0.690277099609375
0.690277099609375
0.690277099609375
0.6903076171875
0.6903076171875
0.6903076171875
0.69036865234375
0.690399169921875
0.6904296875
0.6904296875
0.6904296875
0.690460205078125
0.690704345703125
0.69097900390625
0.69097900390625
0.690521240234375
0.6905517578125
0.69061279296875
0.690643310546875
0.690673828125
0.690673828125
0.691680908203125
0.69122314453125
0.69122314453125
0.69122314453125
0.691253662109375
0.691253662109375
0.6912841796875
0.690582275390625
0.690521240234375
0.690521240234375
0.6905517578125
0.6915283203125
0.69158935546875
0.691619873046875
0.691650390625
0.691650390625
0.70697021484375
0.69195556640625
0.6920166015625
0.6922607421875
0.692047119140625
0.69158935546875
0.69085693359375
0.69110107421875
0.69134521484375
0.69110107421875
0.69085693359375
0.69085693359375
0.691009521484375
0.690765380859375
0.69158935546875
0.69061279296875
0.690887451171875
0.690887451171875
0.690887451171875
0.690887451171875
0.690887451171875
0.690887451171875
0.690887451171875
0.690948486328125
0.69097900390625
0.69171142578125
0.691741943359375
0.691741943359375
0.6917724609375
0.69378662109375
0.691802978515625
0.691802978515625
0.69183349609375
0.691619873046875
0.691680908203125
0.691741943359375
0.691741943359375
0.6917724609375
0.6917724609375
0.6917724609375
0.6920166015625
0.6907958984375
0.690826416015625
0.690826416015625
0.690826416015625
0.690887451171875
0.690948486328125
0.69122314453125
0.6912841796875
0.691802978515625
0.691802978515625
0.691864013671875
0.692108154296875
0.709747314453125
0.69195556640625
0.691436767578125
0.691192626953125
0.690948486328125
0.690948486328125
0.690948486328125
0.691009521484375
0.691009521484375
0.691009521484375
0.691009521484375
0.691253662109375
0.691253662109375
0.691253662109375
0.692138671875
0.69189453125
0.691741943359375
0.6912841796875
0.69134521484375
0.69134521484375
0.69134521484375
0.69134521484375
0.69134521484375
0.69158935546875
0.69158935546875
0.691619873046875
0.691619873046875
0.691619873046875
0.692352294921875
0.692352294921875
0.691375732421875
0.691375732421875
0.691131591796875
0.691131591796875
0.691131591796875
0.691131591796875
0.691131591796875
0.691131591796875
0.691131591796875
0.691131591796875
0.691131591796875
0.70281982421875
0.691131591796875
0.691192626953125
0.691192626953125
0.691192626953125
0.69049072265625
0.69049072265625
0.69049072265625
0.69061279296875
0.6912841796875
0.69061279296875
0.691131591796875
0.691131591796875
0.691619873046875
0.691131591796875
0.691192626953125
0.691192626953125
0.691192626953125
0.690704345703125
0.69073486328125
0.69073486328125
0.690887451171875
0.69140625
0.69171142578125
0.691741943359375
0.691741943359375
0.691802978515625
0.691650390625
0.691650390625
0.691650390625
0.691650390625
0.691650390625
0.690643310546875
0.690643310546875
0.690673828125
0.69122314453125
0.69097900390625
0.69073486328125
0.69024658203125
0.69024658203125
0.69024658203125
0.68975830078125
0.68975830078125
0.68975830078125
0.68975830078125
0.68951416015625
0.68951416015625
0.68951416015625
0.68975830078125
0.69000244140625
0.69000244140625
0.690032958984375
0.6900634765625
0.6890869140625
0.6890869140625
0.6893310546875
0.6893310546875
0.689453125
0.68994140625
0.6904296875
0.690460205078125
0.690460205078125
0.69049072265625
0.690521240234375
0.690582275390625
0.690582275390625
0.69061279296875
0.69140625
0.69140625
0.69140625
0.69091796875
0.69140625
0.69140625
0.691162109375
0.691162109375
0.69049072265625
0.69049072265625
0.69049072265625
0.69049072265625
0.69049072265625
0.69073486328125
0.69073486328125
0.69073486328125
0.69097900390625
0.69097900390625
0.69097900390625
0.69097900390625
0.691741943359375
0.69097900390625
0.691009521484375
0.691009521484375
0.691314697265625
0.690826416015625
0.690826416015625
0.690826416015625
0.691162109375
0.691253662109375
0.691009521484375
0.691070556640625
0.691070556640625
0.691131591796875
0.69189453125
0.691162109375
0.691192626953125
0.691192626953125
0.691192626953125
0.691436767578125
0.69146728515625
0.69146728515625
0.69146728515625
0.69146728515625
0.69146728515625
0.691558837890625
0.691558837890625
0.691558837890625
0.691314697265625
0.69134521484375
0.69134521484375
0.69134521484375
0.69134521484375
0.69134521484375
0.69134521484375
0.69134521484375
0.69134521484375
0.691375732421875
0.691436767578125
0.691741943359375
0.6917724609375
0.691741943359375
0.691741943359375
0.691497802734375
0.691009521484375
0.691009521484375
0.691009521484375
0.691009521484375
0.691009521484375
0.69122314453125
0.6910400390625
0.6910400390625
0.691070556640625
0.69110107421875
0.69158935546875
0.691864013671875
0.69189453125
0.69189453125
0.69122314453125
0.69122314453125
0.69122314453125
0.69122314453125
0.691253662109375
0.691253662109375
0.691253662109375
0.6995849609375
0.691253662109375
0.691253662109375
0.691253662109375
0.6912841796875
0.6915283203125
0.6917724609375
0.6917724609375
0.6917724609375
0.6920166015625
0.6920166015625
0.6915283203125
0.6915283203125
0.6915283203125
0.691314697265625
0.691314697265625
0.691802978515625
0.691802978515625
0.691802978515625
0.691802978515625
0.691802978515625
0.691070556640625
0.691070556640625
0.69110107421875
0.69110107421875
0.69110107421875
0.69110107421875
0.69110107421875
0.69110107421875
0.691131591796875
0.691162109375
0.691925048828125
0.691986083984375
0.691986083984375
0.692474365234375
0.691986083984375
0.6915283203125
0.6910400390625
0.69110107421875
0.69140625
0.691436767578125
0.691436767578125
0.691436767578125
0.69146728515625
0.69146728515625
0.69122314453125
0.69061279296875
0.694091796875
0.69061279296875
0.69061279296875
0.68975830078125
0.68975830078125
0.69024658203125
0.691253662109375
0.691009521484375
0.691009521484375
0.6910400390625
0.6910400390625
0.6910400390625
0.6910400390625
0.6904296875
0.690460205078125
0.69049072265625
0.69049072265625
0.690521240234375
0.6907958984375
0.6907958984375
0.6907958984375
0.6910400390625
0.6910400390625
0.6910400390625
0.6907958984375
0.6907958984375
0.6903076171875
0.6903076171875
0.6903076171875
0.690338134765625
0.690093994140625
0.690155029296875
0.690185546875
0.690185546875
0.69091796875
0.69091796875
0.690673828125
0.690673828125
0.690673828125
0.690673828125
0.690704345703125
0.69073486328125
0.690765380859375
0.690765380859375
0.690765380859375
0.690765380859375
0.690521240234375
0.690521240234375
0.690277099609375
0.69183349609375
0.690826416015625
0.691314697265625
0.69134521484375
0.69134521484375
0.69091796875
0.690673828125
0.690673828125
0.690673828125
0.690704345703125
0.69073486328125
0.691253662109375
0.691253662109375
0.6917724609375
0.6912841796875
0.6912841796875
0.691314697265625
0.69110107421875
0.691162109375
0.69122314453125
0.69122314453125
0.6912841796875
0.6920166015625
0.6920166015625
0.691802978515625
0.691802978515625
0.691558837890625
0.69036865234375
0.690399169921875
0.690643310546875
0.690673828125
0.691650390625
0.691680908203125
0.69171142578125
0.69171142578125
0.69183349609375
0.69183349609375
0.69183349609375
0.69183349609375
0.69183349609375
0.69189453125
0.69189453125
0.691650390625
0.691680908203125
0.691680908203125
0.69171142578125
0.69122314453125
0.69146728515625
0.69146728515625
0.69146728515625
0.69146728515625
0.69171142578125
0.69171142578125
0.69171142578125
0.69171142578125
0.69171142578125
0.69171142578125
0.69171142578125
0.691741943359375
0.691741943359375
0.691741943359375
0.690643310546875
0.690887451171875
0.690887451171875
0.690887451171875
0.690887451171875
0.691375732421875
0.69091796875
0.6904296875
0.701934814453125
0.690460205078125
0.690582275390625
0.69140625
0.690948486328125
0.690948486328125
0.690704345703125
0.690704345703125
0.690216064453125
0.690216064453125
0.690216064453125
0.690216064453125
0.690216064453125
0.689971923828125
0.689971923828125
0.690460205078125
0.690460205078125
0.690460205078125
0.690399169921875
0.690643310546875
0.690643310546875
0.690643310546875
0.690643310546875
0.690643310546875
0.690155029296875
0.690155029296875
0.689666748046875
0.689666748046875
0.689666748046875
0.689666748046875
0.689666748046875
0.690155029296875
0.690155029296875
0.690887451171875
0.690887451171875
0.696044921875
0.690643310546875
0.690643310546875
0.690643310546875
0.6903076171875
0.689666748046875
0.689697265625
0.690185546875
0.6904296875
0.6904296875
0.690185546875
0.690185546875
0.690185546875
0.690277099609375
0.690277099609375
0.690765380859375
0.690765380859375
0.690765380859375
0.690765380859375
0.690765380859375
0.690155029296875
0.690155029296875
0.689910888671875
0.689910888671875
0.690399169921875
0.690399169921875
0.690399169921875
0.692626953125
0.689666748046875
0.688934326171875
0.688934326171875
0.689910888671875
0.690643310546875
0.690643310546875
0.690643310546875
0.690643310546875
0.690399169921875
0.690399169921875
0.690399169921875
0.690399169921875
0.689666748046875
0.689178466796875
0.689178466796875
0.689208984375
0.689208984375
0.689208984375
0.689453125
0.689453125
0.689453125
0.689483642578125
0.689483642578125
0.689483642578125
0.689727783203125
0.6912841796875
0.689727783203125
0.68975830078125
0.68975830078125
0.68975830078125
0.68975830078125
0.690277099609375
0.690765380859375
0.690765380859375
0.690765380859375
0.690765380859375
0.690032958984375
0.6898193359375
0.6898193359375
0.689849853515625
0.689849853515625
0.689666748046875
0.69061279296875
0.689788818359375
0.68988037109375
0.689971923828125
0.689971923828125
0.690460205078125
0.690521240234375
0.6905517578125
0.691070556640625
0.69110107421875
0.69110107421875
0.69110107421875
0.691131591796875
0.690399169921875
0.690399169921875
0.690643310546875
0.690643310546875
0.690673828125
0.6904296875
0.6904296875
0.690185546875
0.690185546875
0.690185546875
0.690185546875
0.6904296875
0.689697265625
0.68994140625
0.68994140625
0.68994140625
0.690460205078125
0.69122314453125
0.69122314453125
0.69122314453125
0.69097900390625
0.69097900390625
0.69097900390625
0.69146728515625
0.69171142578125
0.69122314453125
0.69122314453125
0.69122314453125
0.69171142578125
0.69122314453125
0.691253662109375
0.690521240234375
0.690521240234375
0.691009521484375
0.691009521484375
0.691009521484375
0.691497802734375
0.691497802734375
0.691497802734375
0.691497802734375
0.691497802734375
0.691253662109375
0.690765380859375
0.690765380859375
0.69122314453125
0.691009521484375
0.690765380859375
0.690765380859375
0.6907958984375
0.6907958984375
0.6907958984375
0.6907958984375
0.692413330078125
0.6905517578125
0.6905517578125
0.6905517578125
0.69061279296875
0.69061279296875
0.69061279296875
0.690887451171875
0.697265625
0.690948486328125
0.691986083984375
0.6920166015625
0.6920166015625
0.692047119140625
0.691558837890625
0.6903076171875
0.690338134765625
0.69036865234375
0.690399169921875
0.690399169921875
0.6904296875
0.6904296875
0.6904296875
0.6904296875
0.6904296875
0.6904296875
0.6904296875
0.68994140625
0.68994140625
0.690185546875
0.6904296875
0.690673828125
0.690673828125
0.69091796875
0.69091796875
0.6904296875
0.689697265625
0.690216064453125
0.690216064453125
0.690216064453125
0.690460205078125
0.690460205078125
0.690460205078125
0.690460205078125
0.690460205078125
0.690277099609375
0.69036865234375
0.6904296875
0.690460205078125
0.690460205078125
0.690460205078125
0.690460205078125
0.690460205078125
0.690460205078125
0.690216064453125
0.69024658203125
0.690277099609375
0.690277099609375
0.690277099609375
0.690032958984375
0.690032958984375
0.690277099609375
0.690277099609375
0.690521240234375
0.690521240234375
0.6905517578125
0.6905517578125
0.69061279296875
0.69061279296875
0.69085693359375
0.69085693359375
0.69085693359375
0.690948486328125
0.690948486328125
0.691192626953125
0.691436767578125
0.691925048828125
0.692413330078125
0.692413330078125
0.69207763671875
0.691925048828125
0.691925048828125
0.691925048828125
0.691925048828125
0.691925048828125
0.691436767578125
0.691436767578125
0.691436767578125
0.690948486328125
0.689727783203125
0.689727783203125
0.689727783203125
0.689727783203125
0.689727783203125
0.690704345703125
0.690704345703125
0.690704345703125
0.690704345703125
0.690460205078125
0.690216064453125
0.690216064453125
0.688995361328125
0.689483642578125
0.69012451171875
0.69036865234375
0.69110107421875
0.69134521484375
0.69140625
0.69140625
0.69140625
0.6904296875
0.6904296875
0.6904296875
0.6904296875
0.6904296875
0.6904296875
0.6904296875
0.6904296875
0.7001953125
0.6904296875
0.69024658203125
0.68975830078125
0.68975830078125
0.689788818359375
0.689788818359375
0.6898193359375
0.6903076171875
0.690338134765625
0.6907958984375
0.690826416015625
0.691070556640625
0.691070556640625
0.691070556640625
0.69110107421875
0.6904296875
0.6904296875
0.6904296875
0.6904296875
0.690948486328125
0.690765380859375
0.6905517578125
0.6905517578125
0.6905517578125
0.6905517578125
0.69091796875
0.69091796875
0.691650390625
0.691436767578125
0.691436767578125
0.70721435546875
0.691192626953125
0.692169189453125
0.690704345703125
0.69073486328125
0.69024658203125
0.69024658203125
0.690277099609375
0.690032958984375
0.6898193359375
0.69000244140625
0.690277099609375
0.690277099609375
0.690765380859375
0.70306396484375
0.691558837890625
0.690887451171875
0.690887451171875
0.690155029296875
0.689910888671875
0.689422607421875
0.689422607421875
0.689910888671875
0.689910888671875
0.689910888671875
0.689910888671875
0.68994140625
0.69000244140625
0.69000244140625
0.692047119140625
0.68975830078125
0.690032958984375
0.690032958984375
0.6900634765625
0.6900634765625
0.6898193359375
0.689849853515625
0.689910888671875
0.690948486328125
0.690765380859375
0.6907958984375
0.690948486328125
0.690338134765625
0.690338134765625
0.690338134765625
0.690032958984375
0.690032958984375
0.690521240234375
0.689849853515625
0.68939208984375
0.68939208984375
0.68939208984375
0.68951416015625
0.68975830078125
0.689788818359375
0.690521240234375
0.690643310546875
0.690643310546875
0.690643310546875
0.690704345703125
0.690460205078125
0.690704345703125
0.691436767578125
0.691192626953125
0.689971923828125
0.689239501953125
0.689239501953125
0.689239501953125
0.689727783203125
0.690338134765625
0.690338134765625
0.690338134765625
0.690338134765625
0.69110107421875
0.691131591796875
0.690643310546875
0.689910888671875
0.68994140625
0.690338134765625
0.690338134765625
0.690826416015625
0.690582275390625
0.690093994140625
0.690155029296875
0.690185546875
0.690704345703125
0.690460205078125
0.690460205078125
0.690460205078125
0.69146728515625
0.69146728515625
0.69146728515625
0.69049072265625
0.690277099609375
0.689544677734375
0.689544677734375
0.689544677734375
0.689605712890625
0.6898193359375
0.704010009765625
0.69012451171875
0.690185546875
0.690216064453125
0.690216064453125
0.690216064453125
0.690216064453125
0.69024658203125
0.690277099609375
0.6910400390625
0.691314697265625
0.691070556640625
0.690582275390625
0.69061279296875
0.690643310546875
0.690673828125
0.690704345703125
0.690765380859375
0.69085693359375
0.69085693359375
0.689666748046875
0.689666748046875
0.690155029296875
0.690185546875
0.690185546875
0.690185546875
0.690185546875
0.69049072265625
0.69049072265625
0.690521240234375
0.690521240234375
0.690277099609375
0.690277099609375
0.690277099609375
0.690277099609375
0.690521240234375
0.6905517578125
0.6905517578125
0.690582275390625
0.690582275390625
0.690826416015625
0.690826416015625
0.690826416015625
0.690826416015625
0.690582275390625
0.690582275390625
0.690093994140625
0.6893310546875
0.6893310546875
0.6893310546875
0.6893310546875
0.6890869140625
0.6890869140625
0.68914794921875
0.689178466796875
0.689178466796875
0.689239501953125
0.68927001953125
0.68951416015625
0.68951416015625
0.68951416015625
0.689788818359375
0.6895751953125
0.68963623046875
0.689666748046875
0.68975830078125
0.689361572265625
0.689361572265625
0.68939208984375
0.689453125
0.689483642578125
0.6895751953125
0.689697265625
0.68994140625
0.690216064453125
0.689971923828125
0.68975830078125
0.68975830078125
0.6898193359375
0.690093994140625
0.690093994140625
0.690338134765625
0.690338134765625
0.690338134765625
0.690338134765625
0.689849853515625
0.68988037109375
0.68988037109375
0.689910888671875
0.68994140625
0.68951416015625
0.689300537109375
0.689361572265625
0.68988037109375
0.68988037109375
0.68988037109375
0.690155029296875
0.690399169921875
0.690704345703125
0.691009521484375
0.691009521484375
0.6910400390625
0.6905517578125
0.690582275390625
0.690093994140625
0.68963623046875
0.689666748046875
0.689666748046875
0.690460205078125
0.69049072265625
0.69024658203125
0.69024658203125
0.69024658203125
0.69024658203125
0.69024658203125
0.69024658203125
0.692718505859375
0.69097900390625
0.69097900390625
0.69024658203125
0.69000244140625
0.69000244140625
0.69024658203125
0.6903076171875
0.6903076171875
0.6903076171875
0.6907958984375
0.7030029296875
0.6905517578125
0.6905517578125
0.690582275390625
0.690582275390625
0.690582275390625
0.707611083984375
0.691314697265625
0.690582275390625
0.690582275390625
0.690582275390625
0.69085693359375
0.690887451171875
0.69085693359375
0.69085693359375
0.691131591796875
0.691162109375
0.691162109375
0.69146728515625
0.69146728515625
0.69146728515625
0.69146728515625
0.69122314453125
0.6907958984375
0.6907958984375
0.6910400390625
0.6910400390625
0.6917724609375
0.691314697265625
0.69061279296875
0.690643310546875
0.691009521484375
0.691253662109375
0.691497802734375
0.691558837890625
0.691558837890625
0.691558837890625
0.691314697265625
0.6907958984375
0.69134521484375
0.6920166015625
0.69061279296875
0.690399169921875
0.690399169921875
0.690155029296875
0.690399169921875
0.690399169921875
0.69091796875
0.690948486328125
0.69097900390625
0.691009521484375
0.691009521484375
0.691009521484375
0.690765380859375
0.690765380859375
0.691009521484375
0.690765380859375
0.6903076171875
0.690338134765625
0.69036865234375
0.69110107421875
0.69061279296875
0.6904296875
0.6904296875
0.690673828125
0.690460205078125
0.689788818359375
0.689788818359375
0.689788818359375
0.6898193359375
0.6900634765625
0.6900634765625
0.6903076171875
0.690093994140625
0.689361572265625
0.689361572265625
0.689605712890625
0.689605712890625
0.690093994140625
0.690582275390625
0.690582275390625
0.690826416015625
0.690582275390625
0.689971923828125
0.690216064453125
0.690216064453125
0.690460205078125
0.690460205078125
0.690460205078125
0.69049072265625
0.690277099609375
0.689300537109375
0.6895751953125
0.689910888671875
0.689910888671875
0.689422607421875
0.688446044921875
0.688446044921875
0.688446044921875
0.688446044921875
0.688995361328125
0.689056396484375
0.6895751953125
0.6898193359375
0.6898193359375
0.6885986328125
0.688629150390625
0.688873291015625
0.689910888671875
0.689910888671875
0.690704345703125
0.690216064453125
0.689727783203125
0.689483642578125
0.68902587890625
0.689056396484375
0.6890869140625
0.6890869140625
0.6890869140625
0.6890869140625
0.6890869140625
0.6885986328125
0.69970703125
0.6898193359375
0.6893310546875
0.688629150390625
0.68841552734375
0.68841552734375
0.689453125
0.689483642578125
0.689483642578125
0.689483642578125
0.68951416015625
0.6898193359375
0.689910888671875
0.69000244140625
0.6900634765625
0.691131591796875
0.691162109375
0.691162109375
0.691192626953125
0.691253662109375
0.6905517578125
0.69061279296875
0.690643310546875
0.690673828125
0.690673828125
0.69073486328125
0.691497802734375
0.691497802734375
0.691070556640625
0.691131591796875
0.691192626953125
0.691192626953125
0.691192626953125
0.691192626953125
0.691192626953125
0.691192626953125
0.69122314453125
0.690765380859375
0.690521240234375
0.690765380859375
0.691009521484375
0.691009521484375
0.691070556640625
0.69110107421875
0.691131591796875
0.691131591796875
0.690643310546875
0.690643310546875
0.690948486328125
0.69122314453125
0.69061279296875
0.69061279296875
0.69061279296875
0.69036865234375
0.69012451171875
0.68939208984375
0.68939208984375
0.689910888671875
0.690399169921875
0.690155029296875
0.690155029296875
0.690643310546875
0.6904296875
0.69049072265625
0.6907958984375
0.690887451171875
0.690948486328125
0.690673828125
0.692138671875
0.690673828125
0.69091796875
0.691192626953125
0.691192626953125
0.69122314453125
0.69122314453125
0.69122314453125
0.69073486328125
0.69073486328125
0.690765380859375
0.6907958984375
0.690216064453125
0.690216064453125
0.690216064453125
0.689727783203125
0.689544677734375
0.689361572265625
0.689361572265625
0.689361572265625
0.689605712890625
0.689605712890625
0.690582275390625
0.690582275390625
0.690582275390625
0.690582275390625
0.690582275390625
0.690338134765625
0.69012451171875
0.69012451171875
0.68988037109375
0.68994140625
0.69000244140625
0.6903076171875
0.690826416015625
0.69085693359375
0.690399169921875
0.690155029296875
0.690155029296875
0.690155029296875
0.690155029296875
0.690155029296875
0.690185546875
0.690185546875
0.6904296875
0.6904296875
0.690673828125
0.69091796875
0.690673828125
0.690673828125
0.690673828125
0.690673828125
0.690948486328125
0.69097900390625
0.690765380859375
0.6907958984375
0.690582275390625
0.690582275390625
0.690582275390625
0.69061279296875
0.69061279296875
0.69061279296875
0.69061279296875
0.69061279296875
0.69207763671875
0.69061279296875
0.69110107421875
0.69134521484375
0.69158935546875
0.69158935546875
0.691619873046875
0.691619873046875
0.691375732421875
0.691375732421875
0.690673828125
0.690765380859375
0.690521240234375
0.690521240234375
0.690521240234375
0.6905517578125
0.690521240234375
0.690765380859375
0.691253662109375
0.691497802734375
0.691741943359375
0.691741943359375
0.710052490234375
0.691253662109375
0.691253662109375
0.691741943359375
0.691741943359375
0.691253662109375
0.691009521484375
0.69366455078125
0.691741943359375
0.6917724609375
0.6917724609375
0.6917724609375
0.6915283203125
0.6915283203125
0.690277099609375
0.690277099609375
0.692413330078125
0.689788818359375
0.689788818359375
0.689788818359375
0.689788818359375
0.689788818359375
0.690277099609375
0.690155029296875
0.689910888671875
0.689910888671875
0.689910888671875
0.689910888671875
0.689910888671875
0.689422607421875
0.689422607421875
0.689178466796875
0.689178466796875
0.689178466796875
0.689605712890625
0.689422607421875
0.688934326171875
0.688934326171875
0.688934326171875
0.688934326171875
0.689666748046875
0.689697265625
0.689727783203125
0.689727783203125
0.689727783203125
0.689727783203125
0.689239501953125
0.68927001953125
0.6893310546875
0.690338134765625
0.68988037109375
0.68988037109375
0.6988525390625
0.690155029296875
0.690704345703125
0.690704345703125
0.69073486328125
0.690521240234375
0.690521240234375
0.69061279296875
0.69036865234375
0.69012451171875
0.689178466796875
0.688934326171875
0.688995361328125
0.689239501953125
0.689239501953125
0.689483642578125
0.689483642578125
0.689971923828125
0.689727783203125
0.68975830078125
0.68975830078125
0.68951416015625
0.68951416015625
0.689605712890625
0.68963623046875
0.68939208984375
0.689422607421875
0.689422607421875
0.689453125
0.689453125
0.689453125
0.68951416015625
0.68951416015625
0.689544677734375
0.6900634765625
0.6900634765625
0.6903076171875
0.6898193359375
0.6898193359375
0.6898193359375
0.6898193359375
0.6893310546875
0.6893310546875
0.6890869140625
0.6890869140625
0.6893310546875
0.6895751953125
0.6885986328125
0.6890869140625
0.6893310546875
0.6893310546875
0.6893310546875
0.6890869140625
0.6890869140625
0.6893310546875
0.6893310546875
0.6898193359375
0.6898193359375
0.6898193359375
0.6900634765625
0.6900634765625
0.6900634765625
0.6900634765625
0.6900634765625
0.6900634765625
0.6900634765625
0.6900634765625
0.6900634765625
0.6900634765625
0.6900634765625
0.6900634765625
0.689849853515625
0.689971923828125
0.689971923828125
0.69000244140625
0.69000244140625
0.6900634765625
0.6900634765625
0.6900634765625
0.6895751953125
0.6895751953125
0.68896484375
0.68896484375
0.68896484375
0.68896484375
0.68896484375
0.68896484375
0.68896484375
0.68994140625
0.689697265625
0.689208984375
0.689239501953125
0.689239501953125
0.689239501953125
0.689544677734375
0.6895751953125
0.689361572265625
0.689117431640625
0.68914794921875
0.689422607421875
0.689666748046875
0.690399169921875
0.690399169921875
0.690399169921875
0.690399169921875
0.690399169921875
0.690399169921875
0.6904296875
0.690185546875
0.690185546875
0.690216064453125
0.689971923828125
0.689788818359375
0.689544677734375
0.6895751953125
0.689666748046875
0.689666748046875
0.689666748046875
0.689697265625
0.689697265625
0.689697265625
0.689727783203125
0.689788818359375
0.6898193359375
0.6900634765625
0.69036865234375
0.690399169921875
0.690399169921875
0.690399169921875
0.690643310546875
0.690185546875
0.690216064453125
0.690216064453125
0.690216064453125
0.690216064453125
0.690216064453125
0.690216064453125
0.69049072265625
0.690460205078125
0.690460205078125
0.690216064453125
0.690032958984375
0.689483642578125
0.689483642578125
0.689483642578125
0.689727783203125
0.689727783203125
0.689788818359375
0.689849853515625
0.68988037109375
0.68988037109375
0.68988037109375
0.69012451171875
0.69012451171875
0.69012451171875
0.69036865234375
0.69012451171875
0.69012451171875
0.69012451171875
0.69036865234375
0.69061279296875
0.68963623046875
0.68963623046875
0.68988037109375
0.68988037109375
0.69012451171875
0.68963623046875
0.689697265625
0.690185546875
0.690185546875
0.690185546875
0.690185546875
0.68994140625
0.68927001953125
0.68878173828125
0.68878173828125
0.68902587890625
0.68902587890625
0.68902587890625
0.68902587890625
0.68902587890625
0.68902587890625
0.68902587890625
0.68927001953125
0.6893310546875
0.6895751953125
0.690093994140625
0.690338134765625
0.690338134765625
0.69036865234375
0.68994140625
0.689453125
0.689453125
0.689788818359375
0.689788818359375
0.690032958984375
0.690032958984375
0.690032958984375
0.690032958984375
0.690032958984375
0.690277099609375
0.690277099609375
0.690277099609375
0.690277099609375
0.6903076171875
0.6903076171875
0.6903076171875
0.6903076171875
0.690338134765625
0.690338134765625
0.689849853515625
0.689849853515625
0.689849853515625
0.68988037109375
0.68988037109375
0.68988037109375
0.68988037109375
0.68988037109375
0.68988037109375
0.68988037109375
0.68988037109375
0.68988037109375
0.68988037109375
0.689910888671875
0.689971923828125
0.69000244140625
0.690032958984375
0.6900634765625
0.6900634765625
0.6903076171875
0.6905517578125
0.6905517578125
0.6898193359375
0.689849853515625
0.689849853515625
0.690338134765625
0.690338134765625
0.690338134765625
0.689605712890625
0.689605712890625
0.689666748046875
0.689727783203125
0.689697265625
0.68994140625
0.690185546875
0.6904296875
0.690185546875
0.690185546875
0.6904296875
0.6904296875
0.6904296875
0.6904296875
0.690521240234375
0.6905517578125
0.690826416015625
0.690887451171875
0.690460205078125
0.690460205078125
0.689788818359375
0.689788818359375
0.689788818359375
0.689910888671875
0.689910888671875
0.689971923828125
0.689788818359375
0.689788818359375
0.6895751953125
0.6903076171875
0.6905517578125
0.6903076171875
0.6903076171875
0.6898193359375
0.6895751953125
0.689605712890625
0.689849853515625
0.690338134765625
0.690582275390625
0.690643310546875
0.705841064453125
0.689666748046875
0.689727783203125
0.689727783203125
0.689788818359375
0.689788818359375
0.6898193359375
0.689910888671875
0.690185546875
0.690460205078125
0.690032958984375
0.689056396484375
0.689056396484375
0.689056396484375
0.689056396484375
0.689300537109375
0.6898193359375
0.689788818359375
0.6895751953125
0.6895751953125
0.689605712890625
0.689666748046875
0.689666748046875
0.689178466796875
0.689239501953125
0.68853759765625
0.68878173828125
0.68902587890625
0.68902587890625
0.68902587890625
0.68927001953125
0.68927001953125
0.68927001953125
0.68927001953125
0.68927001953125
0.68927001953125
0.68927001953125
0.68975830078125
0.689605712890625
0.68963623046875
0.689453125
0.689208984375
0.689453125
0.689453125
0.68896484375
0.68896484375
0.689208984375
0.689208984375
0.689208984375
0.689208984375
0.689208984375
0.68975830078125
0.689727783203125
0.690460205078125
0.69049072265625
0.690216064453125
0.6903076171875
0.6900634765625
0.69012451171875
0.689910888671875
0.68994140625
0.68994140625
0.689453125
0.689453125
0.690673828125
0.690673828125
0.690673828125
0.68994140625
0.68994140625
0.68994140625
0.68994140625
0.689453125
0.689483642578125
0.689483642578125
0.689483642578125
0.68951416015625
0.68975830078125
0.69171142578125
0.68951416015625
0.68951416015625
0.68951416015625
0.68951416015625
0.689544677734375
0.689605712890625
0.68963623046875
0.69036865234375
0.69036865234375
0.6904296875
0.690521240234375
0.690582275390625
0.69061279296875
0.69061279296875
0.69061279296875
0.69061279296875
0.69061279296875
0.69012451171875
0.69012451171875
0.701202392578125
0.69012451171875
0.690185546875
0.69024658203125
0.69097900390625
0.69146728515625
0.69171142578125
0.69171142578125
0.69122314453125
0.691009521484375
0.6907958984375
0.690826416015625
0.690826416015625
0.690826416015625
0.690826416015625
0.690582275390625
0.690582275390625
0.690582275390625
0.690582275390625
0.690826416015625
0.691070556640625
0.691070556640625
0.691070556640625
0.691070556640625
0.691070556640625
0.691314697265625
0.691314697265625
0.706939697265625
0.690582275390625
0.690338134765625
0.690338134765625
0.690582275390625
0.690826416015625
0.69134521484375
0.691375732421875
0.691375732421875
0.690887451171875
0.690887451171875
0.690887451171875
0.69097900390625
0.69097900390625
0.692138671875
0.691070556640625
0.691131591796875
0.691192626953125
0.690948486328125
0.690948486328125
0.691192626953125
0.690704345703125
0.690704345703125
0.690765380859375
0.6905517578125
0.690582275390625
0.691192626953125
0.691192626953125
0.690704345703125
0.69073486328125
0.6907958984375
0.691070556640625
0.691070556640625
0.691741943359375
0.6922607421875
0.692047119140625
0.692108154296875
0.692108154296875
0.692169189453125
0.69195556640625
0.691986083984375
0.69183349609375
0.69183349609375
0.69036865234375
0.69036865234375
0.690399169921875
0.690399169921875
0.690643310546875
0.691131591796875
0.691131591796875
0.691131591796875
0.691131591796875
0.690643310546875
0.6898193359375
0.70452880859375
0.68994140625
0.689971923828125
0.689971923828125
0.689971923828125
0.689971923828125
0.690093994140625
0.690093994140625
0.690093994140625
0.690093994140625
0.690338134765625
0.690338134765625
0.689239501953125
0.689239501953125
0.688995361328125
0.688507080078125
0.68853759765625
0.688629150390625
0.68865966796875
0.688751220703125
0.688812255859375
0.689300537109375
0.689117431640625
0.68927001953125
0.68927001953125
0.689300537109375
0.689300537109375
0.6890869140625
0.6890869140625
0.6890869140625
0.6890869140625
0.6890869140625
0.6890869140625
0.6893310546875
0.6893310546875
0.6893310546875
0.689361572265625
0.6893310546875
0.689117431640625
0.689361572265625
0.689605712890625
0.689605712890625
0.689666748046875
0.689666748046875
0.689727783203125
0.68975830078125
0.68975830078125
0.68975830078125
0.68975830078125
0.68975830078125
0.6900634765625
0.6895751953125
0.6895751953125
0.689605712890625
0.68914794921875
0.689208984375
0.689453125
0.689453125
0.689208984375
0.689483642578125
0.689208984375
0.689208984375
0.689208984375
0.689208984375
0.688720703125
0.688720703125
0.688720703125
0.688720703125
0.689208984375
0.689453125
0.689453125
0.689453125
0.689483642578125
0.689483642578125
0.689483642578125
0.68963623046875
0.689483642578125
0.689483642578125
0.689483642578125
0.689483642578125
0.689727783203125
0.689971923828125
0.689971923828125
0.689727783203125
0.689483642578125
0.689483642578125
0.689971923828125
0.690216064453125
0.690277099609375
0.6903076171875
0.6903076171875
0.6903076171875
0.6903076171875
0.6898193359375
0.6898193359375
0.6893310546875
0.702301025390625
0.6884765625
0.689453125
0.689453125
0.689453125
0.689483642578125
0.689483642578125
0.68927001953125
0.68927001953125
0.689544677734375
0.689544677734375
0.68939208984375
0.68939208984375
0.68939208984375
0.68939208984375
0.68939208984375
0.690032958984375
0.690032958984375
0.690032958984375
0.690521240234375
0.690521240234375
0.690521240234375
0.690521240234375
0.690521240234375
0.6905517578125
0.6905517578125
0.690582275390625
0.69061279296875
0.690643310546875
0.690643310546875
0.690643310546875
0.690643310546875
0.690643310546875
0.690765380859375
0.6907958984375
0.690826416015625
0.69036865234375
0.69036865234375
0.69036865234375
0.6904296875
0.690948486328125
0.69097900390625
0.69097900390625
0.69146728515625
0.69146728515625
0.69146728515625
0.69146728515625
0.69146728515625
0.69146728515625
0.691497802734375
0.690704345703125
0.690216064453125
0.690216064453125
0.690460205078125
0.690460205078125
0.69024658203125
0.69024658203125
0.69024658203125
0.69000244140625
0.69000244140625
0.69000244140625
0.69000244140625
0.69000244140625
0.69000244140625
0.69024658203125
0.69024658203125
0.69024658203125
0.69024658203125
0.69024658203125
0.69024658203125
0.69024658203125
0.69024658203125
0.69073486328125
0.69073486328125
0.69073486328125
0.69122314453125
0.69122314453125
0.69073486328125
0.690765380859375
0.689727783203125
0.689727783203125
0.68975830078125
0.68975830078125
0.68951416015625
0.689544677734375
0.689544677734375
0.689544677734375
0.689544677734375
0.690826416015625
0.689453125
0.689453125
0.689453125
0.689483642578125
0.689483642578125
0.688995361328125
0.688995361328125
0.688995361328125
0.688995361328125
0.689727783203125
0.689727783203125
0.689788818359375
0.690093994140625
0.690185546875
0.69097900390625
0.69097900390625
0.69097900390625
0.690521240234375
0.690032958984375
0.690032958984375
0.690032958984375
0.690032958984375
0.689544677734375
0.689300537109375
0.689300537109375
0.689361572265625
0.689361572265625
0.68988037109375
0.689910888671875
0.6904296875
0.6904296875
0.6904296875
0.69049072265625
0.6905517578125
0.690582275390625
0.690826416015625
0.69085693359375
0.691619873046875
0.692474365234375
0.6917724609375
0.6917724609375
0.691802978515625
0.690643310546875
0.690155029296875
0.690155029296875
0.690155029296875
0.690155029296875
0.690155029296875
0.690643310546875
0.690643310546875
0.690643310546875
0.690399169921875
0.690399169921875
0.690155029296875
0.690155029296875
0.690155029296875
0.690155029296875
0.690887451171875
0.690887451171875
0.690887451171875
0.690643310546875
0.690643310546875
0.690643310546875
0.690673828125
0.690032958984375
0.6903076171875
0.6903076171875
0.690338134765625
0.690338134765625
0.690826416015625
0.690826416015625
0.690338134765625
0.690093994140625
0.69012451171875
0.690155029296875
0.690216064453125
0.69097900390625
0.69097900390625
0.690765380859375
0.690582275390625
0.690582275390625
0.6917724609375
0.69036865234375
0.690399169921875
0.690399169921875
0.6904296875
0.6904296875
0.6904296875
0.6904296875
0.7071533203125
0.69049072265625
0.690521240234375
0.6905517578125
0.6905517578125
0.69061279296875
0.690704345703125
0.690704345703125
0.690460205078125
0.690460205078125
0.690460205078125
0.690460205078125
0.690704345703125
0.690704345703125
0.69122314453125
0.691253662109375
0.691802978515625
0.691802978515625
0.691802978515625
0.69183349609375
0.691375732421875
0.691131591796875
0.691131591796875
0.691131591796875
0.690887451171875
0.690887451171875
0.690643310546875
0.690643310546875
0.690399169921875
0.69049072265625
0.690521240234375
0.690765380859375
0.690765380859375
0.691253662109375
0.6912841796875
0.691314697265625
0.691558837890625
0.692291259765625
0.692291259765625
0.692291259765625
0.690399169921875
0.6904296875
0.69073486328125
0.69073486328125
0.69171142578125
0.69097900390625
0.69097900390625
0.69073486328125
0.69073486328125
0.69000244140625
0.69000244140625
0.69000244140625
0.69024658203125
0.690277099609375
0.690521240234375
0.69073486328125
0.69097900390625
0.69097900390625
0.691009521484375
0.690765380859375
0.690765380859375
0.690765380859375
0.690765380859375
0.6907958984375
0.6907958984375
0.6907958984375
0.6907958984375
0.6907958984375
0.6907958984375
0.6907958984375
0.6907958984375
0.6907958984375
0.69085693359375
0.690887451171875
0.690399169921875
0.690643310546875
0.690887451171875
0.690887451171875
0.690887451171875
0.690887451171875
0.690643310546875
0.690673828125
0.690948486328125
0.690673828125
0.690673828125
0.690277099609375
0.690032958984375
0.689788818359375
0.688568115234375
0.688629150390625
0.689117431640625
0.689361572265625
0.689422607421875
0.689453125
0.69049072265625
0.69049072265625
0.690765380859375
0.69036865234375
0.69036865234375
0.69036865234375
0.69036865234375
0.69036865234375
0.69061279296875
0.69134521484375
0.69158935546875
0.691375732421875
0.691131591796875
0.690887451171875
0.690185546875
0.690185546875
0.690673828125
0.690673828125
0.690948486328125
0.69097900390625
0.691009521484375
0.691009521484375
0.691253662109375
0.701751708984375
0.691314697265625
0.69134521484375
0.691375732421875
0.691375732421875
0.691131591796875
0.691162109375
0.69183349609375
0.689697265625
0.68994140625
0.6904296875
0.690948486328125
0.69122314453125
0.691009521484375
0.691009521484375
0.6907958984375
0.6907958984375
0.690826416015625
0.69085693359375
0.69085693359375
0.69085693359375
0.69036865234375
0.69036865234375
0.690399169921875
0.690399169921875
0.690399169921875
0.691131591796875
0.691619873046875
0.707763671875
0.69140625
0.69140625
0.691650390625
0.691680908203125
0.691436767578125
0.691436767578125
0.691436767578125
0.691436767578125
0.691436767578125
0.691192626953125
0.69049072265625
0.69049072265625
0.69049072265625
0.69000244140625
0.68927001953125
0.69024658203125
0.690338134765625
0.69036865234375
0.69036865234375
0.690643310546875
0.690673828125
0.690673828125
0.690185546875
0.690185546875
0.690185546875
0.690216064453125
0.690460205078125
0.690460205078125
0.690704345703125
0.691009521484375
0.691009521484375
0.691009521484375
0.691009521484375
0.691314697265625
0.7030029296875
0.69110107421875
0.6923828125
0.69061279296875
0.69036865234375
0.69036865234375
0.69036865234375
0.69036865234375
0.6904296875
0.690185546875
0.690185546875
0.690216064453125
0.690216064453125
0.69024658203125
0.69049072265625
0.69049072265625
0.69049072265625
0.69073486328125
0.69097900390625
0.69097900390625
0.69097900390625
0.69073486328125
0.69073486328125
0.69073486328125
0.69122314453125
0.69122314453125
0.69122314453125
0.69097900390625
0.69097900390625
0.691070556640625
0.691070556640625
0.691070556640625
0.691070556640625
0.69110107421875
0.69110107421875
0.691131591796875
0.691131591796875
0.691131591796875
0.691131591796875
0.691131591796875
0.690399169921875
0.690185546875
0.6904296875
0.69049072265625
0.6905517578125
0.6912841796875
0.6915283203125
0.6912841796875
0.691314697265625
0.69207763671875
0.691619873046875
0.691619873046875
0.691619873046875
0.69097900390625
0.6905517578125
0.6904296875
0.6904296875
0.69189453125
0.69146728515625
0.69171142578125
0.6917724609375
0.691802978515625
0.69097900390625
0.69097900390625
0.69146728515625
0.69146728515625
0.69146728515625
0.69146728515625
0.690704345703125
0.690460205078125
0.690460205078125
0.690948486328125
0.690093994140625
0.689605712890625
0.689605712890625
0.689361572265625
0.68939208984375
0.689483642578125
0.688812255859375
0.688934326171875
0.689361572265625
0.689361572265625
0.689605712890625
0.68994140625
0.6904296875
0.6904296875
0.690673828125
0.690673828125
0.690673828125
0.690673828125
0.690704345703125
0.690765380859375
0.6907958984375
0.6907958984375
0.690582275390625
0.690460205078125
0.69024658203125
0.690277099609375
0.690277099609375
0.6907958984375
0.69110107421875
0.691131591796875
0.691558837890625
0.69158935546875
0.69134521484375
0.691497802734375
0.69158935546875
0.691650390625
0.691650390625
0.691925048828125
0.69244384765625
0.692474365234375
0.692535400390625
0.69232177734375
0.69146728515625
0.69146728515625
0.6915283203125
0.6920166015625
0.694091796875
0.6920166015625
0.692352294921875
0.6910400390625
0.6917724609375
0.6917724609375
0.6917724609375
0.6917724609375
0.6922607421875
0.6925048828125
0.6922607421875
0.6922607421875
0.6915283203125
0.6910400390625
0.6910400390625
0.6910400390625
0.6910400390625
0.6920166015625
0.6927490234375
0.692535400390625
0.692535400390625
0.692596435546875
0.692596435546875
0.692596435546875
0.692596435546875
0.692626953125
0.69281005859375
0.69281005859375
0.69268798828125
0.691802978515625
0.69183349609375
0.69183349609375
0.691619873046875
0.691619873046875
0.691650390625
0.6917724609375
0.691864013671875
0.69158935546875
0.691070556640625
0.691070556640625
0.691070556640625
0.691680908203125
0.691864013671875
0.693328857421875
0.692352294921875
0.692352294921875
0.711456298828125
0.692352294921875
0.692596435546875
0.692596435546875
0.692626953125
0.692718505859375
0.691986083984375
0.691986083984375
0.692230224609375
0.692718505859375
0.691741943359375
0.691741943359375
0.691741943359375
0.691741943359375
0.691741943359375
0.690948486328125
0.690948486328125
0.691192626953125
0.69122314453125
0.69219970703125
0.692230224609375
0.691497802734375
0.6915283203125
0.692169189453125
0.69219970703125
0.69219970703125
0.6923828125
0.692169189453125
0.692413330078125
0.693572998046875
0.6925048828125
0.6922607421875
0.6922607421875
0.6920166015625
0.6920166015625
0.6922607421875
0.6925048828125
0.6920166015625
0.692138671875
0.692169189453125
0.692138671875
0.692230224609375
0.692474365234375
0.692474365234375
0.692474365234375
0.692962646484375
0.692962646484375
0.692962646484375
0.691986083984375
0.691986083984375
0.692718505859375
0.692718505859375
0.692840576171875
0.6922607421875
0.692291259765625
0.692291259765625
0.692779541015625
0.692535400390625
0.692626953125
0.692657470703125
0.69439697265625
0.6927490234375
0.692413330078125
0.692535400390625
0.692779541015625
0.69281005859375
0.69256591796875
0.692596435546875
0.693328857421875
0.693572998046875
0.693572998046875
0.6937255859375
0.693817138671875
0.694122314453125
0.69415283203125
0.693939208984375
0.693939208984375
0.693939208984375
0.694793701171875
0.693939208984375
0.694000244140625
0.69427490234375
0.69403076171875
0.69329833984375
0.693328857421875
0.693450927734375
0.693939208984375
0.694183349609375
0.694183349609375
0.694549560546875
0.694305419921875
0.693817138671875
0.6934814453125
0.6934814453125
0.6937255859375
0.69482421875
0.6942138671875
0.6934814453125
0.6934814453125
0.6934814453125
0.6934814453125
0.6939697265625
0.6937255859375
0.6927490234375
0.6927490234375
0.6927490234375
0.6929931640625
0.6932373046875
0.6927490234375
0.6927490234375
0.6927490234375
0.6927490234375
0.692779541015625
0.69281005859375
0.69256591796875
0.692108154296875
0.692108154296875
0.692108154296875
0.691864013671875
0.69189453125
0.69287109375
0.69287109375
0.693115234375
0.693389892578125
0.693939208984375
0.693939208984375
0.693511962890625
0.693817138671875
0.693603515625
0.693603515625
0.693603515625
0.693603515625
0.69366455078125
0.69390869140625
0.693756103515625
0.69403076171875
0.693328857421875
0.693328857421875
0.693328857421875
0.692596435546875
0.692596435546875
0.692352294921875
0.692413330078125
0.692962646484375
0.692962646484375
0.69305419921875
0.69305419921875
0.69281005859375
0.69287109375
0.693145751953125
0.692718505859375
0.6927490234375
0.6927490234375
0.6927490234375
0.6927490234375
0.6927490234375
0.6927490234375
0.6927490234375
0.6927490234375
0.6927490234375
0.6922607421875
0.6927490234375
0.6929931640625
0.6927490234375
0.6927490234375
0.69256591796875
0.69256591796875
0.69256591796875
0.69305419921875
0.693359375
0.69342041015625
0.69268798828125
0.69293212890625
0.69317626953125
0.692962646484375
0.6929931640625
0.6934814453125
0.6934814453125
0.6932373046875
0.6932373046875
0.6932373046875
0.6932373046875
0.6932373046875
0.6937255859375
0.6937255859375
0.6937255859375
0.6932373046875
0.6929931640625
0.6929931640625
0.6929931640625
0.693115234375
0.693145751953125
0.693145751953125
0.693145751953125
0.693756103515625
0.693023681640625
0.693023681640625
0.693023681640625
0.693267822265625
0.693756103515625
0.69378662109375
0.694305419921875
0.6943359375
0.6943359375
0.69488525390625
0.693603515625
0.693603515625
0.69366455078125
0.694183349609375
0.694427490234375
0.694671630859375
0.694427490234375
0.693939208984375
0.693939208984375
0.693939208984375
0.6939697265625
0.693756103515625
0.693511962890625
0.69354248046875
0.69378662109375
0.693878173828125
0.693389892578125
0.692657470703125
0.69268798828125
0.69293212890625
0.69342041015625
0.69342041015625
0.693695068359375
0.694183349609375
0.6944580078125
0.6944580078125
0.69451904296875
0.694244384765625
0.694244384765625
0.69281005859375
0.69281005859375
0.692840576171875
0.692840576171875
0.693817138671875
0.694061279296875
0.694305419921875
0.694305419921875
0.694305419921875
0.694305419921875
0.694244384765625
0.694244384765625
0.694000244140625
0.693572998046875
0.69354248046875
0.69354248046875
0.69354248046875
0.69354248046875
0.69403076171875
0.69403076171875
0.69403076171875
0.69476318359375
0.69476318359375
0.69451904296875
0.71533203125
0.69464111328125
0.69488525390625
0.69512939453125
0.69512939453125
0.69512939453125
0.69512939453125
0.69561767578125
0.69586181640625
0.69561767578125
0.69561767578125
0.69573974609375
0.69525146484375
0.695343017578125
0.695343017578125
0.695343017578125
0.695343017578125
0.69537353515625
0.69488525390625
0.69488525390625
0.69488525390625
0.69378662109375
0.694366455078125
0.694854736328125
0.694854736328125
0.695098876953125
0.695098876953125
0.695098876953125
0.695098876953125
0.694366455078125
0.693878173828125
0.693878173828125
0.693878173828125
0.694122314453125
0.694610595703125
0.694610595703125
0.694366455078125
0.694366455078125
0.694366455078125
0.694366455078125
0.694366455078125
0.694854736328125
0.694854736328125
0.6949462890625
0.69476318359375
0.69476318359375
0.6949462890625
0.69500732421875
0.695037841796875
0.695281982421875
0.695281982421875
0.695281982421875
0.695281982421875
0.695281982421875
0.695281982421875
0.6953125
0.695770263671875
0.695770263671875
0.695770263671875
0.695281982421875
0.695281982421875
0.695068359375
0.695068359375
0.695068359375
0.695068359375
0.695068359375
0.695068359375
0.695068359375
0.695068359375
0.695556640625
0.695556640625
0.695556640625
0.695343017578125
0.695343017578125
0.695343017578125
0.695343017578125
0.712005615234375
0.695343017578125
0.695343017578125
0.694854736328125
0.69488525390625
0.69464111328125
0.6944580078125
0.694244384765625
0.69427490234375
0.7093505859375
0.694793701171875
0.694793701171875
0.694793701171875
0.694793701171875
0.694793701171875
0.694793701171875
0.694793701171875
0.69482421875
0.694854736328125
0.694915771484375
0.6949462890625
0.6949462890625
0.6949462890625
0.6949462890625
0.6949462890625
0.69476318359375
0.694793701171875
0.694793701171875
0.695037841796875
0.695281982421875
0.6953125
0.695556640625
0.695556640625
0.695556640625
0.694793701171875
0.694793701171875
0.694793701171875
0.694610595703125
0.694366455078125
0.693389892578125
0.710784912109375
0.694122314453125
0.694610595703125
0.69586181640625
0.69586181640625
0.69561767578125
0.69561767578125
0.69561767578125
0.69561767578125
0.69512939453125
0.69464111328125
0.69464111328125
0.69464111328125
0.69439697265625
0.69439697265625
0.6942138671875
0.693756103515625
0.693756103515625
0.694488525390625
0.69476318359375
0.69451904296875
0.69451904296875
0.69476318359375
0.69476318359375
0.69476318359375
0.69476318359375
0.69476318359375
0.69476318359375
0.69476318359375
0.694793701171875
0.69476318359375
0.69476318359375
0.694122314453125
0.694610595703125
0.695098876953125
0.695098876953125
0.695098876953125
0.694122314453125
0.694122314453125
0.693878173828125
0.693389892578125
0.693634033203125
0.693878173828125
0.694488525390625
0.69439697265625
0.69439697265625
0.694671630859375
0.694671630859375
0.694671630859375
0.694671630859375
0.694427490234375
0.694427490234375
0.6944580078125
0.694488525390625
0.694549560546875
0.694305419921875
0.694610595703125
0.695159912109375
0.694915771484375
0.694915771484375
0.694915771484375
0.695159912109375
0.695404052734375
0.6951904296875
0.694976806640625
0.694976806640625
0.694976806640625
0.69500732421875
0.695037841796875
0.695037841796875
0.695281982421875
0.694793701171875
0.69482421875
0.69482421875
0.695068359375
0.6953125
0.6953125
0.695556640625
0.695556640625
0.695556640625
0.695068359375
0.695068359375
0.695068359375
0.695068359375
0.695068359375
0.695098876953125
0.69537353515625
0.695404052734375
0.694244384765625
0.694244384765625
0.694244384765625
0.693389892578125
0.693389892578125
0.693634033203125
0.693634033203125
0.69390869140625
0.69366455078125
0.6937255859375
0.6937255859375
0.693756103515625
0.693756103515625
0.693756103515625
0.69378662109375
0.69378662109375
0.69378662109375
0.69329833984375
0.693328857421875
0.693328857421875
0.693115234375
0.693115234375
0.693206787109375
0.6932373046875
0.6932373046875
0.6932373046875
0.6934814453125
0.693572998046875
0.693603515625
0.69366455078125
0.69366455078125
0.6942138671875
0.6942138671875
0.6942138671875
0.694244384765625
0.694732666015625
0.694793701171875
0.694793701171875
0.694549560546875
0.694610595703125
0.69464111328125
0.694732666015625
0.69482421875
0.693603515625
0.693603515625
0.693603515625
0.693878173828125
0.69390869140625
0.69415283203125
0.69415283203125
0.69415283203125
0.69415283203125
0.69415283203125
0.69415283203125
0.694427490234375
0.6944580078125
0.694488525390625
0.694488525390625
0.694488525390625
0.694488525390625
0.694488525390625
0.694732666015625
0.694488525390625
0.694366455078125
0.694366455078125
0.69439697265625
0.694427490234375
0.6947021484375
0.6944580078125
0.6944580078125
0.694488525390625
0.69451904296875
0.69451904296875
0.69451904296875
0.694549560546875
0.694549560546875
0.694793701171875
0.694305419921875
0.694305419921875
0.694580078125
0.694580078125
0.694580078125
0.694854736328125
0.694854736328125
0.69488525390625
0.69488525390625
0.6944580078125
0.694488525390625
0.694488525390625
0.694488525390625
0.694488525390625
0.69476318359375
0.694549560546875
0.6943359375
0.694915771484375
0.694915771484375
0.6951904296875
0.695220947265625
0.694488525390625
0.694244384765625
0.693756103515625
0.694122314453125
0.694366455078125
0.694122314453125
0.694122314453125
0.694122314453125
0.694122314453125
0.69415283203125
0.6939697265625
0.693939208984375
0.6947021484375
0.7061767578125
0.694732666015625
0.694732666015625
0.69476318359375
0.69476318359375
0.69476318359375
0.69476318359375
0.69451904296875
0.69451904296875
0.69451904296875
0.69451904296875
0.69451904296875
0.69451904296875
0.69403076171875
0.69403076171875
0.69403076171875
0.69451904296875
0.69476318359375
0.69476318359375
0.69476318359375
0.69476318359375
0.694793701171875
0.694793701171875
0.694793701171875
0.694305419921875
0.694305419921875
0.694549560546875
0.694549560546875
0.694549560546875
0.694305419921875
0.694061279296875
0.694061279296875
0.694549560546875
0.694549560546875
0.694549560546875
0.694610595703125
0.694610595703125
0.69464111328125
0.6947021484375
0.6947021484375
0.69476318359375
0.69451904296875
0.69500732421875
0.694091796875
0.694091796875
0.694091796875
0.693878173828125
0.693878173828125
0.69390869140625
0.694427490234375
0.694549560546875
0.694610595703125
0.69464111328125
0.694915771484375
0.694915771484375
0.695892333984375
0.695892333984375
0.6959228515625
0.6959228515625
0.695709228515625
0.695220947265625
0.695220947265625
0.69525146484375
0.69525146484375
0.69525146484375
0.695281982421875
0.6953125
0.6953125
0.695587158203125
0.695587158203125
0.695587158203125
0.695587158203125
0.695587158203125
0.695587158203125
0.695587158203125
0.695343017578125
0.69537353515625
0.6954345703125
0.695465087890625
0.695465087890625
0.695526123046875
0.695556640625
0.69561767578125
0.695404052734375
0.695404052734375
0.695404052734375
0.695404052734375
0.695709228515625
0.69598388671875
0.696014404296875
0.6956787109375
0.69580078125
0.6964111328125
0.69647216796875
0.696258544921875
0.695526123046875
0.695556640625
0.695587158203125
0.695831298828125
0.696075439453125
0.696319580078125
0.695831298828125
0.69586181640625
0.69586181640625
0.69537353515625
0.704498291015625
0.695465087890625
0.69573974609375
0.69598388671875
0.69622802734375
0.696258544921875
0.6962890625
0.6962890625
0.6962890625
0.696319580078125
0.69635009765625
0.6964111328125
0.69580078125
0.69580078125
0.69580078125
0.695831298828125
0.696075439453125
0.7098388671875
0.696075439453125
0.695037841796875
0.695037841796875
0.695037841796875
0.695281982421875
0.695526123046875
0.695526123046875
0.695343017578125
0.694854736328125
0.694976806640625
0.694976806640625
0.69500732421875
0.69500732421875
0.695068359375
0.695343017578125
0.695343017578125
0.695343017578125
0.695343017578125
0.695343017578125
0.69537353515625
0.69561767578125
0.695892333984375
0.6959228515625
0.6959228515625
0.6961669921875
0.6956787109375
0.6951904296875
0.695220947265625
0.694793701171875
0.695281982421875
0.696563720703125
0.695343017578125
0.694854736328125
0.694854736328125
0.695587158203125
0.695587158203125
0.695587158203125
0.695343017578125
0.695343017578125
0.695404052734375
0.6954345703125
0.695526123046875
0.695526123046875
0.695556640625
0.695556640625
0.695587158203125
0.69561767578125
0.69561767578125
0.694976806640625
0.695037841796875
0.695556640625
0.695556640625
0.695587158203125
0.695831298828125
0.69610595703125
0.696136474609375
0.6959228515625
0.6947021484375
0.6947021484375
0.6956787109375
0.69622802734375
0.6962890625
0.6962890625
0.696075439453125
0.695831298828125
0.6962890625
0.695587158203125
0.695831298828125
0.695587158203125
0.695343017578125
0.695343017578125
0.695098876953125
0.695098876953125
0.695098876953125
0.695098876953125
0.695343017578125
0.695343017578125
0.695831298828125
0.696075439453125
0.696319580078125
0.696319580078125
0.696380615234375
0.696136474609375
0.695892333984375
0.695648193359375
0.6947021484375
0.6947021484375
0.69500732421875
0.69500732421875
0.69525146484375
0.69549560546875
0.69549560546875
0.69573974609375
0.69622802734375
0.69622802734375
0.69622802734375
0.69647216796875
0.69671630859375
0.696990966796875
0.69793701171875
0.697235107421875
0.697235107421875
0.696990966796875
0.696990966796875
0.69677734375
0.69677734375
0.69677734375
0.69677734375
0.69537353515625
0.695404052734375
0.695404052734375
0.695404052734375
0.695404052734375
0.695404052734375
0.695648193359375
0.695648193359375
0.695892333984375
0.695953369140625
0.695953369140625
0.696685791015625
0.695709228515625
0.695709228515625
0.696441650390625
0.696441650390625
0.696441650390625
0.696441650390625
0.696685791015625
0.696441650390625
0.695953369140625
0.695709228515625
0.695709228515625
0.695709228515625
0.695953369140625
0.695465087890625
0.695465087890625
0.695709228515625
0.695953369140625
0.695953369140625
0.695953369140625
0.696441650390625
0.696441650390625
0.696441650390625
0.696441650390625
0.696441650390625
0.696441650390625
0.696441650390625
0.696441650390625
0.696441650390625
0.696441650390625
0.696929931640625
0.696319580078125
0.696319580078125
0.696380615234375
0.696380615234375
0.696136474609375
0.7049560546875
0.695892333984375
0.695892333984375
0.695404052734375
0.695159912109375
0.694915771484375
0.694671630859375
0.695159912109375
0.695404052734375
0.695404052734375
0.6954345703125
0.695556640625
0.695587158203125
0.69561767578125
0.695648193359375
0.695404052734375
0.695892333984375
0.696197509765625
0.696197509765625
0.695953369140625
0.69598388671875
0.69598388671875
0.695770263671875
0.695526123046875
0.695556640625
0.695556640625
0.696044921875
0.69610595703125
0.69586181640625
0.69561767578125
0.69561767578125
0.69561767578125
0.69561767578125
0.69561767578125
0.69586181640625
0.696685791015625
0.69586181640625
0.69610595703125
0.69610595703125
0.69708251953125
0.69659423828125
0.69610595703125
0.696136474609375
0.696136474609375
0.696197509765625
0.696197509765625
0.69647216796875
0.696502685546875
0.696502685546875
0.697235107421875
0.697235107421875
0.697235107421875
0.6962890625
0.6962890625
0.696563720703125
0.696563720703125
0.696563720703125
0.697052001953125
0.69708251953125
0.69708251953125
0.69708251953125
0.696868896484375
0.6968994140625
0.696685791015625
0.696685791015625
0.696685791015625
0.696685791015625
0.696685791015625
0.696685791015625
0.696685791015625
0.69671630859375
0.696258544921875
0.696258544921875
0.696258544921875
0.695770263671875
0.695770263671875
0.695831298828125
0.695404052734375
0.695404052734375
0.695465087890625
0.694793701171875
0.694549560546875
0.694549560546875
0.694549560546875
0.695281982421875
0.695037841796875
0.694549560546875
0.694549560546875
0.694580078125
0.694549560546875
0.695037841796875
0.695037841796875
0.695037841796875
0.695037841796875
0.695037841796875
0.695281982421875
0.695281982421875
0.695556640625
0.69573974609375
0.69580078125
0.69580078125
0.694580078125
0.694091796875
0.694091796875
0.694366455078125
0.695098876953125
0.695587158203125
0.69586181640625
0.69598388671875
0.69647216796875
0.69598388671875
0.69598388671875
0.69598388671875
0.696258544921875
0.696258544921875
0.695526123046875
0.695526123046875
0.695526123046875
0.694610595703125
0.694610595703125
0.694854736328125
0.695404052734375
0.695404052734375
0.695465087890625
0.695220947265625
0.695220947265625
0.695220947265625
0.69525146484375
0.695281982421875
0.695526123046875
0.695281982421875
0.695281982421875
0.695281982421875
0.6953125
0.6953125
0.6953125
0.695556640625
0.69580078125
0.69580078125
0.69580078125
0.69580078125
0.69586181640625
0.69586181640625
0.695892333984375
0.695892333984375
0.695892333984375
0.695465087890625
0.69525146484375
0.695281982421875
0.69580078125
0.69610595703125
0.69708251953125
0.69610595703125
0.69610595703125
0.69561767578125
0.69512939453125
0.695159912109375
0.695159912109375
0.695404052734375
0.695404052734375
0.6959228515625
0.6959228515625
0.695953369140625
0.695953369140625
0.695953369140625
0.695953369140625
0.695770263671875
0.695526123046875
0.695648193359375
0.695648193359375
0.695709228515625
0.69525146484375
0.69525146484375
0.69622802734375
0.69677734375
0.69818115234375
0.69696044921875
0.69647216796875
0.69647216796875
0.69647216796875
0.696044921875
0.696136474609375
0.696441650390625
0.695098876953125
0.694366455078125
0.69439697265625
0.69439697265625
0.69390869140625
0.693145751953125
0.693145751953125
0.693145751953125
0.693145751953125
0.69317626953125
0.69317626953125
0.69293212890625
0.69293212890625
0.6932373046875
0.6932373046875
0.694061279296875
0.69329833984375
0.693359375
0.693389892578125
0.694366455078125
0.693634033203125
0.693389892578125
0.69354248046875
0.709442138671875
0.693359375
0.69342041015625
0.69366455078125
0.69366455078125
0.693756103515625
0.693328857421875
0.693817138671875
0.693817138671875
0.692840576171875
0.692596435546875
0.693817138671875
0.69317626953125
0.69268798828125
0.6925048828125
0.692535400390625
0.692535400390625
0.692535400390625
0.692535400390625
0.692535400390625
0.692291259765625
0.693023681640625
0.693023681640625
0.692779541015625
0.692352294921875
0.692352294921875
0.692840576171875
0.692596435546875
0.692626953125
0.6923828125
0.6923828125
0.69317626953125
0.69329833984375
0.69305419921875
0.69329833984375
0.69354248046875
0.69403076171875
0.694061279296875
0.69384765625
0.693145751953125
0.693206787109375
0.693206787109375
0.693695068359375
0.6937255859375
0.69378662109375
0.693572998046875
0.693328857421875
0.693389892578125
0.69366455078125
0.69342041015625
0.69342041015625
0.6937255859375
0.693206787109375
0.6932373046875
0.6932373046875
0.6932373046875
0.6934814453125
0.6934814453125
0.6934814453125
0.69354248046875
0.693572998046875
0.693572998046875
0.693572998046875
0.693572998046875
0.693572998046875
0.693572998046875
0.693572998046875
0.693603515625
0.693634033203125
0.693634033203125
0.693695068359375
0.693695068359375
0.693695068359375
0.6939697265625
0.6939697265625
0.694000244140625
0.694000244140625
0.69403076171875
0.6942138671875
0.69427490234375
0.6943359375
0.69439697265625
0.694549560546875
0.694549560546875
0.6943359375
0.694366455078125
0.694366455078125
0.694610595703125
0.69464111328125
0.694671630859375
0.694183349609375
0.6942138671875
0.6942138671875
0.6947021484375
0.69488525390625
0.694610595703125
0.694610595703125
0.694610595703125
0.694366455078125
0.694366455078125
0.694488525390625
0.694732666015625
0.694976806640625
0.69500732421875
0.695159912109375
0.6939697265625
0.694244384765625
0.694091796875
0.6959228515625
0.694580078125
0.6947021484375
0.6942138671875
0.6937255859375
0.6944580078125
0.6942138671875
0.6942138671875
0.6947021484375
0.6951904296875
0.6944580078125
0.69384765625
0.69384765625
0.69482421875
0.69482421875
0.702911376953125
0.6949462890625
0.6949462890625
0.6949462890625
0.6949462890625
0.6951904296875
0.6954345703125
0.6949462890625
0.695068359375
0.6953125
0.6953125
0.6954345703125
0.6947021484375
0.693603515625
0.694610595703125
0.694610595703125
0.695343017578125
0.694610595703125
0.694610595703125
0.694122314453125
0.693634033203125
0.693695068359375
0.693695068359375
0.693939208984375
0.693939208984375
0.694183349609375
0.694183349609375
0.697235107421875
0.693756103515625
0.693756103515625
0.694244384765625
0.69427490234375
0.69427490234375
0.69757080078125
0.69427490234375
0.69427490234375
0.700836181640625
0.69500732421875
0.695037841796875
0.694793701171875
0.69482421875
0.69464111328125
0.694580078125
0.694580078125
0.694580078125
0.69384765625
0.693603515625
0.6943359375
0.695068359375
0.6942138671875
0.6932373046875
0.6937255859375
0.6939697265625
0.6944580078125
0.696136474609375
0.6949462890625
0.6951904296875
0.6954345703125
0.6956787109375
0.6956787109375
0.6956787109375
0.6951904296875
0.69476318359375
0.695220947265625
0.694488525390625
0.6943359375
0.6943359375
0.6943359375
0.695220947265625
0.694580078125
0.69439697265625
0.694427490234375
0.694671630859375
0.694671630859375
0.694915771484375
0.695281982421875
0.695770263671875
0.696014404296875
0.69580078125
0.695526123046875
0.696014404296875
0.695770263671875
0.695404052734375
0.695587158203125
0.694671630859375
0.694427490234375
0.694427490234375
0.694671630859375
0.695159912109375
0.695404052734375
0.695404052734375
0.695159912109375
0.694671630859375
0.695404052734375
0.694427490234375
0.698028564453125
0.694915771484375
0.695770263671875
0.695770263671875
0.696014404296875
0.695526123046875
0.695526123046875
0.695526123046875
0.69671630859375
0.695526123046875
0.695526123046875
0.696075439453125
0.695343017578125
0.696075439453125
0.697052001953125
0.696075439453125
0.695831298828125
0.695343017578125
0.695098876953125
0.695831298828125
0.695831298828125
0.697479248046875
0.695465087890625
0.695587158203125
0.696075439453125
0.695587158203125
0.696075439453125
