0.0027985294117619667
0.002731818181817124
0.002549999999997313
0.0021749999999980596
0.002516666666662786
0.0025983870967719405
0.002567241379308739
0.004290322580645162
0.0017374999999956345
0.001640909090908033
0.0018119047619069796
0.0018775862068989603
0.00177
0.0018227272727209228
0.001592857142860469
0.0016970588235348902
0.0022303278688532223
0.0034117647058800704
0.0018735294117633364
0.0021362068965521254
0.001981034482759022
0.002157142857143689
0.0020172131147548618
0.002165384615381929
0.0019230158730162426
0.0019315789473690337
0.0019562500000010912
0.0028794642857142855
0.0020149122806993034
0.0019300000000023283
0.0019313559322026008
0.0020577586206892537
0.0018745614035083635
0.0026711538461535477
0.001976829268290979
0.0023917721518981446
0.0023882352941197015
0.0025612500000017466
0.002214705882352941
0.0030040404040394637
0.002194736842105876
0.0025606741573036326
0.0024080808080798673
0.002359523809523255
0.0024084905660381756
0.003260849056602895
0.0027390756302517094
0.00290990990990991
0.0038269565217379153
0.003019396551724138
0.003377631578946756
0.0026686440677958214
0.003057500000001164
0.0032903225806451613
0.0028696581196581195
0.0030424242424249475
0.0035340425531918194
0.0036590551181098696
0.003965702479339613
0.0030912878787873496
0.005031355932202995
0.003037795275590001
0.0039455882352930904
0.0033691489361697175
0.003573015873015503
0.004145378151259917
0.0031685185185185184
0.003653649635035137
0.0034780141843981536
0.0034368589743591234
0.003451785714285714
0.0035835877862591867
0.003432706766917643
0.003007446808511794
0.003802307692308946
0.003775342465753106
0.00351626016260068
0.0033165413533832837
0.0031537037037045663
0.004444155844154483
0.0032065693430651837
0.003164800000000745
0.005264552238804754
0.0042389261744972696
0.004070149253731516
0.004840601503760623
0.0035714765100664887
0.003153237410072278
0.003053515624999818
0.004302173913043985
0.0035171328671325416
0.003070547945205799
0.0028798165137606134
0.003743750000001027
0.0033645390070923633
0.004499315068494107
0.004221900826446089
0.0030761363636367164
0
0.003481200000000186
0.003441007194244102
0.0041765486725649295
0.0034659090909099723
0.0029849593495936853
0.0037426724137933037
0.003655855855855227
0.002850000000001109
0.0033598290598278657
0.0025742718446592904
0.004062272727272515
0.0025364864864869064
0.0031177966101687024
0.0028434579439252333
0.004282500000001164
0.0026909090909105022
0.003427477477477058
0.006025000000001059
0.0029861702127642236
0.0026833333333350856
0.003029999999999113
0.0029590909090916146
0.0033461538461538464
0.0028456989247301816
0.003186274509803922
0.0029073529411780684
0.0028442105263177505
0.0034634408602148034
0.0027180232558153073
0.0027144999999983697
0.002717934782609202
0.003038505747124831
0.0024818181818171236
0.0025672413793114152
0.002841954022988506
0.0027401234567909854
0.002744736842104038
0.002456593406592639
0.003985714285714285
0.0031384615384606428
0.00428190476190454
0.0028720430107536895
0.0025672413793100773
0.0025405660377362882
0.0024445000000006987
0.002322680412370414
0.002279999999998836
0.0032009174311928737
0.0027898373983722803
0.0034299145299139327
0.0030574626865676855
0.002691221374046157
0.0029619999999990687
0.0027137931034496806
0.0028127118644059907
0.0033138888888885653
0.0036900826446309857
0.00283807692307746
0.004709154929578776
0.003333986928104423
0.004444217687075146
0.0035670886075947895
0.003952054794520548
0.0037545454545461605
0.00343333333333393
0.0029715686274518933
0.003530128205129399
0.0031842281879191506
0.0034601973684207465
0.0028532142857139527
0.0039775735294105665
0.003908518518519553
0.004606115107913669
0.003034892086330768
0.003470890410960499
0.0036388513513500925
0.0032891304347836214
0.0010499999999301509
0.0046975177304962885
0.003396126760561741
0.0034960784313727016
0.003643243243242142
0.003848666666667753
0.0038976666666660454
0.0031824503311253653
0.004230937500001164
0.003993558282207589
0.004766883116883722
0.0039324675324681375
0.0035586805555560407
0.004834251968504486
0.0028378787878794933
0.0029314814814806185
0.0025200854700842762
0.003014912280701346
0.002532758620689053
0.0031627737226272274
0.0023884615384615385
0.002576785714285506
0.0025945945945935463
0.0032278260869561164
0.00523504672897218
0.002270000000001164
0.002522222222222438
0.002101724137931436
0.0018231958762884198
0.0018166666666666667
0.0019650943396219826
0.002967788461538685
0.00202560975609775
0.0020708333333338182
0.001926923076923077
0.0028553719008254843
0.002197881355933979
0.0019250000000008314
0.0020499999999992725
0.0024073529411757855
0.0023543478260869563
0.0022876237623755463
0.00267616822429776
0.002345081967212924
0.003397619047617939
0.002478571428570874
0.002356451612904728
0.0024551724137935045
0.0025408695652159737
0.002580088495574603
0.002450413223139534
0.0023102739726014636
0.002292718446602168
0.0023865384615380137
0.0024568548387089266
0.0024228813559314145
0.0027891509433953477
0.0035450000000006353
0.0034733333333346918
0
0.002926408450705373
0.0025274774774757995
0.002788888888889287
0.0028020000000000002
0.0037016949152536456
0.0026686440677968076
0.0028745614035083637
0.003805769230768336
0.0029142307692314857
0.004181858407079028
0.002374324324324744
0.002590721649483816
0.0023576923076928193
0.0032995283018856943
0.002646236559140787
0.002725490196079573
0.0025321739130430734
0.0025822222222224808
0.0022355670103090383
0.0024370967741900434
0.002394086021506879
0.002368584070794606
0.00251
0.002403472222221252
0.0025645631067963428
0.003259473684210772
0.00222857142857226
0.004166666666666667
0.0022561855670112695
0.0022520202020197316
0.002776262626262391
0.002922093023255002
0.002422093023255002
0.0023283505154624773
0.002710344827586742
0.0015126865671673067
0.0015564935064947161
0.001675
0.0016821839080457094
0.0026635869565222454
0.001981770833333333
0.0018348101265831627
0.0020311320754732355
0.002017741935484121
0.0027376068376072354
0.0022110169491507663
0.0022469696969695204
0.002360077519381289
0.0025682835820888573
0.002049999999999609
0.0036685840707968726
0.0022977099236641224
0.002049999999999398
0.0033691999999992546
0.00504492753623239
0.0026204166666662786
0.0022722222222225914
0.0020991803278686614
0.002142477876107019
0.002383333333332275
0.001954000000000931
0.0021928571428556642
0.002014912280701346
0.0021508403361340626
0.0021822314049590626
0.002385877862594887
0.002254724409448635
0.002716778523489464
0.002380935251798226
0.0025536290322573135
0
0
0
0
0
0
0
0
0
0
0
0.0017260563380288249
0.0016421052631585074
0.0015425373134342257
0.0017038461538479448
0.0015994505494510613
0.0014803797468363274
0.0014424050632905498
0.001568072289156907
0.002231770833332121
0.0017783950617289697
0.0016475609756094723
0.0027015789473674406
0.0016636363636366282
0.0017452380952380953
0.001787864077670129
0.0017707207207200914
0.00258382352941108
0.0019342105263157896
0.002003846153846154
0.0019759259259261417
0.0020830578512390924
0.0018245098039213403
0.0021915094339627034
0.0028743589743583774
0.0018553097345134803
0.0022704724409456155
0.002010396039603269
0.0023921739130432756
0.0029956140350887407
0.0029109243697471167
0.002426000000000931
0.003100684931507328
0.0029993288590605587
0.0027823943661986587
0.0027653846153864064
0.0031745967741927976
0.002385616438355686
0.002503900709219363
0.003167515923567175
0.002457142857141096
0.002596099290780472
0.002663333333333333
0.0029996666666663565
0.002456343283581394
0.002602447552446901
0.0033358552631582014
0.0030205035971212976
0.0030990566037728527
0.0026527397260277166
0.00293435374149644
0.002657594936710482
0.0028408496732020058
0.003224687499999709
0.002518085106383309
0.0024514598540152782
0.004079320987653458
0.002568560606060077
0.002487500000000728
0.0031889204545447933
0.003466566265061363
0.00434968354430306
0.0032429447852752166
0.003350282485875048
0.0030357142857134543
0.005059210526316555
0.002791258741257276
0.0031874999999999994
0.0027525316455705045
0.0025606382978710196
0.0034880645161291823
0.0027910071942442694
0.002408467741935672
0.00250890410958936
0.0024824324324325894
0.0034006172839493236
0.00280535714285742
0.0026826530612243313
0.0028698757763978046
0.0026869281045750113
0.0028966666666674426
0.004003353658536869
0.0029532142857147843
0.003172756410255365
0.002594117647059166
0.0034453020134234437
0.002971913580245907
0.001987499999999272
0.0013457746478879797
0.001335714285714655
0.0012598765432104513
0.0012703389830500582
0.0012673913043488385
0.0013333333333333333
0.001274137931032877
0.001394262295080822
0.0011772727272706107
0.0011846153846171755
0.001309259259258397
0.001295614035087311
0.0014805555555568492
0.0026358024691358023
0.0022116883116889167
0.0016283132530123287
0.0017874999999970898
0.0014697530864188906
0.00136818181818076
0.0013992063492067185
0.001406164383561963
0.0015115384615384615
0.0013833333333342463
0.0013485074626862195
0.0014428571428558956
0.0014666666666666665
0.0014730769230742364
0.0031740384615393568
0.001732653061222589
0.001274489795917417
0.0016038461538461538
0.001660389610389308
0.0017628048780479284
0.0016617647058823528
0.0016644578313255816
0.001731318681319193
0.0018299999999999998
0.0017207317073153693
0.0016617647058837224
0.0017323529411764705
0.0016081395348829085
0.001659195402298583
0.0019813725490216622
0.0023657894736842104
0.002067543859647693
0.0024776785714296103
0.0022916666666656965
0.0023544715447180974
0.002362601626016071
0.0027514925373130854
0.0030716981132076935
0.002806690140846218
0.0027754901960785837
0.00258237410071909
0.002693910256410256
0.0025570422535217824
0.0028936305732494456
0.0037761627906990284
0.0026513986013987647
0.003504304635760973
0.003597741935484021
0.004386227544910877
0.00267091503267913
0.0026970588235288033
0.002903571428570824
0.0030006535947710894
0.00343108974359049
0.0035970238095240875
0.0034817073170731704
0.003715030674847625
0.0037506622516539335
0.003845303867403315
0.0035108823529410396
0.0038105882352943918
0.0035637640449443435
0.0032089385474848627
0.0036801136363640336
0.003973456790123169
0.003901923076923525
0.003551524390242908
0.003533870967740934
0.007047222222224162
0.0035288461538469
0.007126737967915435
0.003298022598868741
0.004260606060606766
0.0023156250000001817
0.002546350364962484
0.0023115384615384612
0.002324806201550568
0.0019703539823000605
0.001818421052631579
0.0017696261682251695
0
0
0
0
0
0
0
0
0
0
0
0.0025630841121495325
0.002079126213592459
0.0019059322033900278
0.0020958715596326003
0.0032035398230088495
0.0023987068965517244
0.0019723300970898652
0.002069047619047619
0.0029420560747657025
0.002469026548671536
0.0020234513274338343
0.002067391304346814
0.0020245762711876246
0.0031544999999995344
0.0021876146788986557
0.002074193548388599
0.002007264957265753
0.002741517857141194
0.0020096774193544636
0.001989393939393469
0.002118965517240777
0.0020202970297022787
0.0023409090909090914
0.0019599099099103295
0.0020787769784169313
0.002864224137932038
0
0.0023613207547174206
0.0020676991150444537
0.0026870833333329453
0.0027454166666672484
0.002711842105263362
0.0021296460176993214
0.0029234782608691602
0.006263942307694099
0.0019442307692303213
0.0022402542372869515
0.0024298449612381442
0.0039015789473674407
0.0024627551020405787
0.002030000000001164
0.0019346153846138173
0.0018431034482755944
0.0020945000000006987
0.0019013513513522953
0.0016475609756080522
0.0018717821782182826
0.0017330882352920632
0.0016567415730344925
0.0018348101265831627
0.0015777777777774545
0.0015756410256428167
0.0016403614457806079
0.0016125
0.0017683098591588645
0.0027181249999994185
0.0015666666666666667
0.0016801369863000942
0.0016152173913053602
0.00166764705882216
0.0019893333333327124
0.001665384615385127
0.0016231707317084527
0.0015103174603178298
0.0017204545454548104
0.00174620253164498
0.0018394736842126706
0
0.0018241935483860952
0.0023833333333321397
0.0020083333333313926
0.00213823529411856
0.002516666666667529
0.002593307086614906
0.0020323008849559582
0.0021772727272737855
0.001987984496125475
0.002273880597013709
0.0022605263157900865
0.002326953124997999
0.00221279069767496
0.002503703703704997
0
0
0
0
0
0
0
0
0
0
0.0022625984251966667
0.0026432203389842347
0.002076086956519714
0.002300000000001405
0.0024179999999999996
0.0023662393162401122
0.003129464285713246
0.0021833333333343033
0.002125
0.0022600840336140324
0.0020418032786883337
0.0023381355932205364
0.002446551724138332
0.002503750000001552
0.003295999999998603
0.002371739130434782
0.002880165289255236
0.0029412371134013415
0.001670689655170808
0.0015745901639332813
0.0015288732394356359
0.001793243243244187
0.0016374999999999998
0.003766666666665771
0.0018608108108117546
0.0018477528089869326
0.0017124999999999998
0.00176764705882079
0.001657142857142303
0.0019140776699031387
0.0018265957446828324
0.0020190721649482133
0.0029108433734936954
0.0017819587628863578
0.0019519607843146384
0.0022871134020616157
0.0030411016949170298
0.002381188118810729
0.002144827586209305
0.0023543478260879686
0.0021443396226408502
0.0028418918918914726
0.002248019801980659
0.003314102564102564
0.0019261061946884114
0.0033539062499985447
0.002371739130434782
0.0024851145038171495
0.0022911347517733795
0.003208098591548804
0.0026763698630136988
0.0024880165289240803
0.0022677419354844345
0.002560852713179017
0.003170161290322393
0.0030535156250007275
0.0024522123893813553
0.0026214285714276212
0.0025974264705882354
0.0031165492957749763
0.003037890624999818
0.0023221088435356725
0.0032603571428576417
0.0030051369863021674
0.002172448979591678
0.0024695804195805824
0.0025336601307198673
0.002781456953644697
0.003212847222223192
0.003362589928056884
0.0025176258992810783
0.0026116438356159604
0.0033605769230761764
0.004019127516777585
0.0028780821917813006
0.002537341772152046
0.0028496240601495002
0.0027432258064505615
0.002631699346405381
0.0031467647058827635
0.003656000000000931
0.0030392361111104644
0.003364734299516908
0.00323437499999944
0.002772249999998603
0.0025103174603178296
0.002599295774649363
0.003019629629629802
0.0034188311688319248
0.00265072463767981
0.002742142857142192
0.002554132231403419
0.0032525641025635053
0.004507258064515378
0.0026233333333341093
0.0025567375886524817
0.0024795774647869287
0.002575000000000675
0.0033986394557797787
0.00320730769230823
0.002644202898551737
0.002840298507461644
0.0028767999999988825
0.002933225806451012
0.0024785714285704783
0.002300000000000215
0.002727814569537349
0.0024891891891893466
0.0033445833333341094
0.0027896000000005587
0.002378358208955745
0.002542187499998363
0.0020499999999988062
0.0030245901639353806
0.0022449152542374853
0.0019875000000008315
0.0020590909090898507
0.0020061403508778055
0.002139887640450223
0.001840909090909091
0.002489000000000233
0.0022810679611657268
0
0
0
0
0
0
0
0
0
0
0
0.0015909836065581403
0.0013892857142844667
0.0015584745762723703
0.001595454545453487
0.0014136363636384802
0.0014626984126987822
0.0016529411764709308
0.0015222222222235158
0.0013108695652158731
0.0015418032786911966
0.001584482758621091
0.0015909836065581403
0.0016664383561647027
0.0033304347826093707
0.0016133802816907968
0.0017055555555555554
0.0021794117647045124
0.001818595041322699
0.0020254098360663374
0.0022562499999979847
0.0024673228346464024
0.0023940000000009314
0.0025052238805975363
0.002704966887417681
0.0037263779527559058
0.003966071428570596
0.00352411347517747
0.002857342657343309
0.0031604729729737594
0.0032673913043469406
0.0032110294117635076
0.003131481481484068
0.004225914634146626
0.0027070866141717612
0.003206395348837886
0.0026961783439493413
0.0026540268456388336
0.0025535460992902846
0.0031109677419351835
0.0033483108108103387
0.0030432885906044953
0.004172014925372613
0.0034694805194808217
0.003132692307692009
0.0033458333333338873
0.002887603305787241
0.003398850574712778
0.0036531446540871717
0.0037594155844160385
0.0032961038961052576
0.005108556149732246
0.0036758620689640456
0.004960103626942643
0.0033950617283957803
0.0037812849161996866
0.003909139784946737
0.0032645833333355976
0.003442378048780062
0.0036422155688622753
0.002622519083968044
0.002595454545456855
0.001968367346937825
0.0031879629629655497
0.0019885964912266406
0.001254081632652111
0.001361475409833012
0.00127
0.0013760869565227513
0.0024892857142868228
0.0016611111111145603
0.0014989795918357845
0.0012318181818197693
0.0012318181818197693
0.0013576923076923078
0.0016145161290318827
0.0019447368421074078
0.0024257731958767684
0.0018159574468092536
0.0018053191489356749
0.002094117647057454
0.001791573033707342
0.001761111111111111
0.0017166666666675798
0.001665384615385127
0.0028846590909088264
0.0018055555555542622
0.001947959183673707
0.001802688172042009
0.0018941558441555417
0.0019471962616820254
0.0020942477876108256
0.0022538834951458574
0.0019418918918933602
0.0023255102040818706
0.0018140449438197013
0.002195631067960261
0.0023357142857155793
0.001889622641509873
0.002901904761905427
0.002312946428570805
0.002101282051280857
0.0027890476190473973
0.0018349462365593902
0.002228947368422278
0.002012264150944934
0.0023066371681407685
0.002022477064220824
0.0022460784313711795
0.001986363636364695
0.0025394495412848312
0.0022742990654203428
0.0027442477876104135
0.0025195488721794007
0.0023653153153167837
0.0029399159663853805
0.002620108695651415
0.00251720430107627
0.0017734042553186535
0.0015966666666682187
0.002710119047619325
0.00168829787233993
0.0016184210526315789
0.0019136363636353055
0.001631081081082025
0.00174318181818076
0.0016147058823529413
0.0024414772727256854
0.001831250000000485
0.0016963414634143502
0.0017898734177218137
0.0015916666666671514
0.0012999999999980597
0.0015563291139249348
0.001498275862069367
0.0029375000000015318
0.0013515873015858232
0.0014406250000029103
0.0017231884057991261
0.0015499999999992724
0.0024769736842105267
0.0015245762711876246
0.0014725352112699012
0.001759302325581937
0.0015954545454534871
0.0024289156626503216
0.001781182795699175
0.0027728155339803565
0.0021916666666648406
0.0021828124999992726
0.0022402542372869515
0.0030978494623678447
0.001909813084111932
0.0021556910569098123
0.0021055555555546932
0.0023434782608705777
0.00225570175438719
0.0022517543859655255
0.0036854166666666667
0.0020184210526303535
0.00242903225806508
0.0034376033057866634
0.002183333333333333
0.002344117647057454
0.0021796296296298454
0.002170370370370586
0.002178205128204929
0.002473423423423843
