0
0.04664212142189278
0.06535239669421487
0.022241021602160214
0.04227957158934102
0.022585086024542265
0.0889106254709872
0.04100115961800818
0.05820973491773309
0.027963916288989595
0.058044823456961596
0.0534992230854606
0.04426757763975156
0.06376871215718642
0.04329750830913199
0.06938817387081109
0.05535897911832945
0.0696310866408519
0.062145199319397174
0.030430243722304278
0.0401668625447113
0.04559096354166667
0.06443290349417637
0.037740471428571426
0.05318735705209657
0.050777011704462326
0.07066558363417574
0.054856494299674256
0.024461569892473122
0.03928823937153409
0.03525906694781232
0.04375903884462151
0.02111269455252918
0.0538339495040577
0.05376207344816388
0.03255436842105246
0.05998174993528333
0.04009407226958983
0.06664169450011133
0.06163680416943891
0.03780364766839378
0.07569182965299684
0.06443548538230884
0.12020526174256006
0.06415027116246168
0.03845015223274697
0.03722205044871824
0.04640677892918826
0.035885642737896496
0.04701214342313788
0.05533281539030708
0.04908783297336214
0.03330243101182655
0.05142544207867196
0.05416287146437522
0.04198320802004997
0.0366450742484607
0.03882256961041152
0.040581905414667566
0.045912295805739516
0.0430821638861629
0.07612584114726972
0.058326793598233985
0.03219579466357308
0.04419880289532294
0.03945739471106758
0.06679592999593001
0.056252489837398355
0.03780320512820513
0.05136563079777367
0.06637137049941928
0.039115737550892586
0.04039057971014492
0.058020982773227925
0.033833964932126696
0.045398098806550095
0.059855506912442374
0.04008760469011727
0.0343170978363123
0.03469615034168565
0.04496276150627616
0.027093031875463316
0.028730303030303033
0.03672025117739403
0.044892278693102486
0.032328086857791656
0.04757586081076949
0.0620796101159115
0.042472338590438634
0.05835828797624938
0.05162849449777569
0.06369557972691506
0.07187773679200382
0.05710950663253432
0.05615671886840112
0.06446908244680852
0.04689034414459025
0.044437177461822
0.034670425240054877
0.037361966577141144
0.04822185338865838
0.0458794374762446
0.034481099456099465
0.05430953417501089
0.07062016401350701
0.036475712804561945
0.039625517241379284
0.05866738083774675
0.027787685185185214
0.045725857475857466
0.04790307900270351
0.04890790408525755
0.04246954823728098
0.047355525283347855
0.06822126782531196
0.046950207039337485
0.08669530981067128
0.07526876129291306
0.08947508608815426
0.09838599918599913
0.02498184392699812
0.06540143141153082
0.04230444832097689
0.04362639365351627
0.05221488326848249
0.05527855268091489
0.041173937319884724
0.040458056222146044
0.023275500492287812
0.053002576197387165
0.04489280085959888
0.024598512005410883
0.022573300283286107
0.04417740219092301
0.04517363636363639
0.048924878286270686
0.05286854754440964
0.02003679687499999
0.03267766197183095
0.05252534285714283
0.05736922274387062
0.045721611479028694
0.03843665207877462
0.043133854799513975
0.04111447051744889
0.07046038111490331
0.056622709614762075
0.0657716140131373
0.043066109253065775
0.03442881964388282
0.02879869600651996
0.02455193602693604
0.043085148809523764
0.058896542692509136
0.04230313357731016
0.03857968168664703
0.03588989118989118
0.055675165198237904
0.022088330975955073
0.05017280848687883
0.03506756164383559
0.05060074196207751
0.05028583355776999
0.06434823437091289
0.05361761108337495
0.06012278878685354
0.048344376016732526
0.04690112123335669
0.039683278765200676
0.04062288593903639
0.0703269891876906
0.04602950342031924
0.05209184089057784
0.05743900976290147
0.04744931506849315
0.06045581113801452
0.05148721719457051
0.059221241961415545
0.03182329683698294
0.04643984517304187
