0.1981201171875
0.1942138671875
0.197479248046875
0.203125
0.20001220703125
0.20123291015625
0.197174072265625
0.201446533203125
0.204803466796875
0.2109375
0.20025634765625
0.200653076171875
0.194976806640625
0.19940185546875
0.203826904296875
0.209747314453125
0.217315673828125
0.211883544921875
0.214599609375
0.21270751953125
0.221099853515625
0.228302001953125
0.219451904296875
0.21795654296875
0.219573974609375
0.221405029296875
0.217529296875
0.222503662109375
0.22119140625
0.221954345703125
0.2183837890625
0.2230224609375
0.218963623046875
0.22393798828125
0.09237060546875
0.1043914794921875
0.108154296875
0.1117279052734375
0.12037353515625
0.12412109375
0.1247528076171875
0.12589111328125
0.1256439208984375
0.126556396484375
0.1278961181640625
0.12791748046875
0.128814697265625
0.1292144775390625
0.1302734375
0.129803466796875
0.1314178466796875
0.130706787109375
0.133880615234375
0.1357635498046875
0.1354827880859375
0.136358642578125
0.1365081787109375
0.1365814208984375
0.1370086669921875
0.1390594482421875
0.138458251953125
0.138592529296875
0.1378631591796875
0.1388580322265625
0.139044189453125
0.141131591796875
0.1385772705078125
0.1408203125
0.138507080078125
0.138958740234375
0.1396759033203125
0.139788818359375
0.1396697998046875
0.141046142578125
0.1393341064453125
0.140850830078125
0.14197998046875
0.1394683837890625
0.1403564453125
0.1402313232421875
0.14078369140625
0.1419281005859375
0.1415863037109375
0.1405853271484375
0.1410369873046875
0.1418670654296875
0.1420074462890625
0.1420989990234375
0.141046142578125
0.141046142578125
0.1419952392578125
0.142083740234375
0.140875244140625
0.142041015625
0.1429840087890625
0.143212890625
0.1431610107421875
0.1386345757378472
0.13843790690104166
0.1382073296440972
0.1398857964409722
0.13991292317708334
0.1388922797309028
0.13924153645833334
0.13979085286458334
0.14069620768229166
0.14100816514756945
0.130438232421875
0.13428955078125
0.1345733642578125
0.1350067138671875
0.1356048583984375
0.1362396240234375
0.13863525390625
0.13896484375
0.138885498046875
0.13961181640625
0.139453125
0.139105224609375
0.1406463623046875
0.139202880859375
0.1395965576171875
0.1406402587890625
0.1401214599609375
0.1407135009765625
0.1411224365234375
0.1408203125
0.1418792724609375
0.1415008544921875
0.142291259765625
0.1416748046875
0.1416748046875
0.141387939453125
0.14266357421875
0.143353271484375
0.14276123046875
0.1421630859375
0.14254150390625
0.1431549072265625
0.14295654296875
0.1431915283203125
0.14188232421875
0.1425506591796875
0.1434356689453125
0.1428375244140625
0.142083740234375
0.1425994873046875
0.1425811767578125
0.14212646484375
0.142718505859375
0.144622802734375
0.1427703857421875
0.1429901123046875
0.14327392578125
0.143450927734375
0.1438232421875
0.14295654296875
0.143792724609375
0.143621826171875
0.143902587890625
0.143682861328125
0.1440093994140625
0.1443328857421875
0.1442657470703125
0.14417724609375
0.14451904296875
0.1445953369140625
0.1442413330078125
0.1439117431640625
0.1448883056640625
0.144818115234375
0.1452056884765625
0.144793701171875
0.1435943603515625
0.145989990234375
0.1460968017578125
0.1462646484375
0.144488525390625
0.1452178955078125
0.1455780029296875
0.1463165283203125
0.1455413818359375
0.14547119140625
0.1463775634765625
0.1473480224609375
0.146380615234375
0.146722412109375
0.146649169921875
0.14521484375
0.1459197998046875
0.1452239990234375
0.1452789306640625
0.146002197265625
0.1454254150390625
0.1448211669921875
0.1446533203125
0.1444183349609375
0.1444854736328125
0.1446746826171875
0.1459259033203125
0.144696044921875
0.1459503173828125
0.1453887939453125
0.1449371337890625
0.146087646484375
0.1465576171875
0.144366455078125
0.145916748046875
0.14564208984375
0.146337890625
0.14595947265625
0.145355224609375
0.1460662841796875
0.1459930419921875
0.1464080810546875
0.145361328125
0.1452880859375
0.1456787109375
0.144732666015625
0.14591064453125
0.1454742431640625
0.145318603515625
0.14498291015625
0.145550537109375
0.1466094970703125
0.1460418701171875
0.145751953125
0.1473480224609375
0.145526123046875
0.1461395263671875
0.1458221435546875
0.1476409912109375
0.1464111328125
0.147576904296875
0.1462615966796875
0.1461944580078125
0.14649658203125
0.14786376953125
0.14635009765625
0.1468414306640625
0.14622802734375
0.146649169921875
0.14686279296875
0.1456207275390625
0.14658203125
0.1475830078125
0.146868896484375
0.1468597412109375
0.146307373046875
0.1458831787109375
0.14619140625
0.1467926025390625
0.1472381591796875
0.1464019775390625
0.1467620849609375
0.1464141845703125
0.147039794921875
0.148077392578125
0.1478179931640625
0.146392822265625
0.14683837890625
0.14644775390625
0.1462249755859375
0.1474029541015625
0.1460357666015625
0.1482147216796875
0.1474609375
0.148333740234375
0.1478546142578125
0.1473480224609375
0.14718017578125
0.146844482421875
0.1460205078125
0.146112060546875
0.1466278076171875
0.147247314453125
0.1459808349609375
0.147265625
0.1473541259765625
0.1471923828125
0.146466064453125
0.14742431640625
0.1460601806640625
0.146234130859375
0.146575927734375
0.14786376953125
0.1465057373046875
0.146728515625
0.1476959228515625
0.1464324951171875
0.14678955078125
0.14805908203125
0.1462554931640625
0.1465423583984375
0.14736328125
0.14744873046875
0.1456207275390625
0.1459991455078125
0.1479522705078125
0.146441650390625
0.1471466064453125
0.14586181640625
0.14615478515625
0.147406005859375
0.147296142578125
0.14705810546875
0.1469146728515625
0.1491943359375
0.1480255126953125
0.1487335205078125
0.14884033203125
0.147967529296875
0.14737548828125
0.1479949951171875
0.1482940673828125
0.147418212890625
0.1480255126953125
0.1492034912109375
0.1463165283203125
0.146826171875
0.1455291748046875
0.1460601806640625
0.146307373046875
0.1466461181640625
0.1467559814453125
0.1459747314453125
0.145697021484375
0.14637451171875
0.1465789794921875
0.1473724365234375
0.1463287353515625
0.146954345703125
0.1463653564453125
0.146881103515625
0.1469329833984375
0.1464111328125
0.146551513671875
0.1471527099609375
0.1476470947265625
0.1467620849609375
0.146844482421875
0.147161865234375
0.14755859375
0.1476715087890625
0.146502685546875
0.1466278076171875
0.1476318359375
0.147418212890625
0.147650146484375
0.1475433349609375
0.148504638671875
0.1471710205078125
0.148760986328125
0.1485595703125
0.147955322265625
0.1487762451171875
0.1479248046875
0.1473602294921875
0.1480438232421875
0.1486846923828125
0.1479949951171875
0.1495697021484375
0.1481475830078125
0.147064208984375
0.1477081298828125
0.146527099609375
0.147515869140625
0.1473175048828125
0.146905517578125
0.148443603515625
0.14754638671875
0.147747802734375
0.148236083984375
0.147760009765625
0.147564697265625
0.1485443115234375
0.147784423828125
0.1475311279296875
0.1482177734375
0.147125244140625
0.1468505859375
0.1485382080078125
0.1478973388671875
0.1492584228515625
0.148114013671875
0.1471771240234375
0.147906494140625
0.1471343994140625
0.1479278564453125
0.147265625
0.1463958740234375
0.147686767578125
0.1471710205078125
0.1472503662109375
0.14766845703125
0.1477630615234375
0.148931884765625
0.1467132568359375
0.1474273681640625
0.148626708984375
0.1475830078125
0.1487213134765625
0.147320556640625
0.1475616455078125
0.1492218017578125
0.149755859375
0.14945068359375
0.14974365234375
0.1495849609375
0.149261474609375
0.14920654296875
0.149505615234375
0.1496337890625
0.1486480712890625
0.1489227294921875
0.149615478515625
0.1484375
0.148052978515625
0.1477386474609375
0.148577880859375
0.1477508544921875
0.148590087890625
0.1482940673828125
0.148907470703125
0.1486236572265625
0.1476531982421875
0.1479461669921875
0.1481231689453125
0.1484344482421875
0.147344970703125
0.149053955078125
0.148095703125
0.14937744140625
0.150299072265625
0.1496673583984375
0.1462249755859375
0.1478271484375
0.147412109375
0.147674560546875
0.14835205078125
0.14835205078125
0.14759521484375
0.1478729248046875
0.148431396484375
0.1481353759765625
0.1477691650390625
0.1483123779296875
0.1473236083984375
0.14813232421875
0.1481048583984375
0.147833251953125
0.1489532470703125
0.1472076416015625
0.147723388671875
0.14913330078125
0.1489349365234375
0.1475982666015625
0.148785400390625
0.148992919921875
0.1480712890625
0.1496246337890625
0.1483062744140625
0.1487213134765625
0.1488739013671875
0.148895263671875
0.148040771484375
0.14952392578125
0.1492340087890625
0.1487213134765625
0.148114013671875
0.1493255615234375
0.1488616943359375
0.1489898681640625
0.1491485595703125
0.14857177734375
0.149053955078125
0.149072265625
0.148919677734375
0.1491607666015625
0.150701904296875
0.149139404296875
0.1490692138671875
0.1499969482421875
0.1498291015625
0.150115966796875
0.1489959716796875
0.149810791015625
0.1501800537109375
0.149395751953125
0.1495269775390625
0.1500732421875
0.1484649658203125
0.1489715576171875
0.1485595703125
0.1497314453125
0.147747802734375
0.1494171142578125
0.1481689453125
0.1488433837890625
0.1489715576171875
0.148504638671875
0.1494842529296875
0.1486846923828125
0.147705078125
0.1477630615234375
0.148834228515625
0.1480804443359375
0.14827880859375
0.1497955322265625
0.1489349365234375
0.1490386962890625
0.149591064453125
0.149176025390625
0.1493804931640625
0.14896240234375
0.148626708984375
0.1502410888671875
0.1498565673828125
0.1496124267578125
0.1491668701171875
0.149603271484375
0.14923095703125
0.1491424560546875
0.1490692138671875
0.14898681640625
0.1483062744140625
0.1493133544921875
0.148828125
0.1488128662109375
0.1494049072265625
0.1503448486328125
0.149346923828125
0.148388671875
0.14920654296875
0.149688720703125
0.1488677978515625
0.14951171875
0.1490509033203125
0.1484283447265625
0.1510040283203125
0.1488128662109375
0.1500946044921875
0.1491180419921875
0.149267578125
0.1480194091796875
0.14913330078125
0.1485748291015625
0.1495849609375
0.149285888671875
0.14906005859375
0.1492340087890625
0.1499176025390625
0.14862060546875
0.148553466796875
0.1483184814453125
0.149200439453125
0.148736572265625
0.1501434326171875
0.1494384765625
0.1479644775390625
0.1491729736328125
0.1488494873046875
0.1489013671875
0.1485137939453125
0.1487335205078125
0.14835205078125
0.147998046875
0.147283935546875
0.1481048583984375
0.1479339599609375
0.14755859375
0.1483367919921875
0.1496490478515625
0.1480712890625
0.1497650146484375
0.148968505859375
0.1499053955078125
0.1482513427734375
0.1488555908203125
0.1501739501953125
0.1506500244140625
0.149847412109375
0.149237060546875
0.1499755859375
0.1486480712890625
0.1489959716796875
0.1501129150390625
0.1490478515625
0.1491302490234375
0.1486358642578125
0.1495849609375
0.1501190185546875
0.1500244140625
0.1500518798828125
0.151629638671875
0.1509979248046875
0.15106201171875
0.1494354248046875
0.15015869140625
0.1513214111328125
0.1499664306640625
0.15032958984375
0.1508697509765625
0.1496063232421875
0.149090576171875
0.14949951171875
0.1491973876953125
0.1503570556640625
0.1498321533203125
0.1497283935546875
0.1492431640625
0.1503326416015625
0.149560546875
0.1505828857421875
0.15025634765625
0.149078369140625
0.1500640869140625
0.1486083984375
0.1505859375
0.149615478515625
0.1499298095703125
0.1495697021484375
0.149481201171875
0.1491943359375
0.149176025390625
0.149609375
0.1492401123046875
0.149530029296875
0.149273681640625
0.1493255615234375
0.149029541015625
0.1489288330078125
0.1493682861328125
0.1485321044921875
0.1492095947265625
0.148675537109375
0.149005126953125
0.1485870361328125
0.14892578125
0.148651123046875
0.149359130859375
0.149346923828125
0.151080322265625
0.1496734619140625
0.14976806640625
0.1499908447265625
0.1485382080078125
0.1493011474609375
0.1492889404296875
0.14912109375
0.1502166748046875
0.14898681640625
0.14932861328125
0.1497406005859375
0.1503143310546875
0.1498443603515625
0.149798583984375
0.1508453369140625
0.14927978515625
0.14947509765625
0.14873046875
0.148565673828125
0.150457763671875
0.1501678466796875
0.1492156982421875
0.14893798828125
0.1505889892578125
0.1512054443359375
0.149285888671875
0.150714111328125
0.14874267578125
0.1503570556640625
0.149078369140625
0.1502777099609375
0.151202392578125
0.1502105712890625
0.1497802734375
0.1504913330078125
0.1501861572265625
0.149774169921875
0.1497039794921875
0.150421142578125
0.1502410888671875
0.150238037109375
0.1503936767578125
0.150653076171875
0.149462890625
0.1507049560546875
0.1498992919921875
0.1496063232421875
0.1499847412109375
0.14949951171875
0.1504852294921875
0.1500030517578125
0.15018310546875
0.149957275390625
0.149969482421875
0.149237060546875
0.1505096435546875
0.150677490234375
0.151092529296875
0.1494476318359375
0.1494110107421875
0.1506591796875
0.1507781982421875
0.150555419921875
0.1495361328125
0.1485870361328125
0.149420166015625
0.14932861328125
0.1495880126953125
0.1492767333984375
0.1492218017578125
0.1506683349609375
0.1505523681640625
0.1495025634765625
0.150079345703125
0.149365234375
0.1497589111328125
0.1487762451171875
0.1494110107421875
0.149560546875
0.1496917724609375
0.1517974853515625
0.1515106201171875
0.1518768310546875
0.1510406494140625
0.15086669921875
0.151483154296875
0.1512603759765625
0.1513519287109375
0.150537109375
0.15064697265625
0.1506439208984375
0.14957275390625
0.1485931396484375
0.1495574951171875
0.1505157470703125
0.148712158203125
0.150213623046875
0.149957275390625
0.15147705078125
0.1503631591796875
0.1496551513671875
0.1491424560546875
0.1485595703125
0.149237060546875
0.148565673828125
0.149896240234375
0.149761962890625
0.1497406005859375
0.148748779296875
0.1501007080078125
0.150201416015625
0.1509246826171875
0.15072021484375
0.150152587890625
0.1497589111328125
0.1498779296875
0.1503631591796875
0.1496551513671875
0.14971923828125
0.1512359619140625
0.149700927734375
0.1501983642578125
0.150396728515625
0.14964599609375
0.1497467041015625
0.1508331298828125
0.15074462890625
0.1513580322265625
0.15130615234375
0.1496368408203125
0.151776123046875
0.1497955322265625
0.1513763427734375
0.149945068359375
0.1500701904296875
0.1511474609375
0.150152587890625
0.15064697265625
0.14974365234375
0.1496917724609375
0.1511962890625
0.1495330810546875
0.150933837890625
0.1520660400390625
0.1522796630859375
0.151361083984375
0.1510040283203125
0.1504852294921875
0.150506591796875
0.1513580322265625
0.1502838134765625
0.1510986328125
0.1506683349609375
0.151092529296875
0.151318359375
0.1512451171875
0.151861572265625
0.151611328125
0.151739501953125
0.1519378662109375
0.1524749755859375
0.15174560546875
0.1519561767578125
0.1517333984375
0.15191650390625
0.1512115478515625
0.1497161865234375
0.1523834228515625
0.1510040283203125
0.1512847900390625
0.1507476806640625
0.1501861572265625
0.1514617919921875
0.1511260986328125
0.15029296875
0.1520660400390625
0.1512298583984375
0.1507598876953125
0.1510345458984375
0.1509033203125
0.149847412109375
0.1501190185546875
0.150140380859375
0.150933837890625
0.1501556396484375
0.1502777099609375
0.1513702392578125
0.15089111328125
0.1501739501953125
0.1503570556640625
0.149798583984375
0.1504425048828125
0.1495849609375
0.1501800537109375
0.150811767578125
0.149713134765625
0.1503753662109375
0.1508331298828125
0.151263427734375
0.149908447265625
0.1502197265625
0.15050048828125
0.1506988525390625
0.149652099609375
0.1502960205078125
0.1497344970703125
0.14962158203125
0.1512908935546875
0.1501953125
0.1505401611328125
0.151177978515625
0.150457763671875
0.1515350341796875
0.15186767578125
0.15113525390625
0.1511688232421875
0.150830078125
0.151275634765625
0.1494842529296875
0.1496246337890625
0.1505706787109375
0.1506195068359375
0.1514892578125
0.14951171875
0.1497283935546875
0.1500030517578125
0.14957275390625
0.1492034912109375
0.1499664306640625
0.1496429443359375
0.1503662109375
0.1507568359375
0.149951171875
0.1492431640625
0.1494903564453125
0.14931640625
0.1504364013671875
0.1510833740234375
0.1517852783203125
0.151092529296875
0.150201416015625
0.1505218505859375
0.15115966796875
0.1516937255859375
0.1509063720703125
0.1507293701171875
0.1493865966796875
0.15045166015625
0.149810791015625
0.1501434326171875
0.1499053955078125
0.14940185546875
0.1503448486328125
0.1516387939453125
0.1514373779296875
0.1499359130859375
0.1503326416015625
