0.7229228974999842
1.1125858953333438
0.7977077661489179
1.1593727035136112
1.111589123500001
0.7712876818333522
0.8874341734999688
1.0756996474999596
1.175465279333366
0.982215968666651
0.6027209538333409
1.5021694015000169
0.541718555999978
1.0127375790000315
1.1642808184999467
1.1652842526667275
0.9461390881666223
0.4292290406666931
1.5509055688333622
0.6076671153333184
1.2347058738333392
0.7444667293333016
1.1275456340000194
0.6151147576666365
1.4955987408333538
0.8231206805000207
0.9810164759999982
1.0397198261666745
0.5856894446666653
1.0908794946665996
1.0935876655000052
1.1448934040000343
0.8280103824999969
1.1205731009999909
0.09087666566667092
0.09692688258333146
0.12458103441666703
0.11883379104999511
0.14547714608333367
0.1808028092166726
0.18512396534999795
0.16950080250000094
0.16987467893333022
0.19601159246666927
0.20583987916666877
0.19376789834999297
0.2279855494833372
0.2276690675333356
0.21392493574999658
0.2636659100833344
0.23765519019999964
0.2155741263333321
0.2364536518500035
0.2772046376666618
0.2041237254000023
0.2571291110833349
0.2757860385166648
0.2710125897166703
0.2741655968666673
0.28028196176920894
0.25993702280152237
0.2520721709333319
0.24240567463333307
0.29660910188333306
0.27076563312002633
0.2577245582224858
0.2711717511166701
0.2649263688499957
0.2982286696333334
0.30219785223333706
0.3131984348666659
0.3010304682000036
0.25338731589999886
0.29123566818332886
0.32011732686667105
0.2936810277666625
0.27621296506666565
0.286938698783333
0.2887340736333363
0.2735555810000045
0.3231688695166646
0.28801474343332895
0.28152377300000325
0.3021352249000025
0.31634408528332797
0.26094402914999887
0.3027926780666693
0.2806427236333348
0.3381353560499987
0.27624525650000104
0.2917875180833317
0.29689859300000243
0.31232948758333634
0.3052519023999985
0.30968814446666504
0.3095233959500026
0.27071206719999846
0.30458017012962973
0.2775814793703703
0.19409052140740765
0.3475450525370368
0.312863953722222
0.35575401579629645
0.3727286242962965
0.36916799907407344
0.3684984019444452
0.3192085534444443
0.3502511374666661
0.32159352413333414
0.35378918613333304
0.3080510611166672
0.36148422643333317
0.3108600763166662
0.33865771950000034
0.35014410520000017
0.32371113175000066
0.3283048788666661
0.3021154675833336
0.3419998711666667
0.31247561415000014
0.31447399788333324
0.33407327341666637
0.3089940055166671
0.3745549734833335
0.33113367935000054
0.3322034908499994
0.31735984488333385
0.3323401950999997
0.34340147690000056
0.2963918621666661
0.3175060641166672
0.3332626774333331
0.33212999985000047
0.3487292960666667
0.29956524048333316
0.3089214994000006
0.343029322583333
0.3274897370833336
0.2996979058354996
0.3899647712042413
0.2919098244666663
0.3795116347833332
0.34773832046666614
0.2915192445000003
0.3569528036500004
0.3056788361166664
0.29347808290000127
0.32189742123333265
0.35946477753333284
0.32231108385000035
0.3089965187166661
0.2939074253666677
0.3381081160833335
0.3033698634166657
0.338713361766667
0.30210296210000076
0.3856424707833323
0.32153445670000014
0.29871982494999977
0.34627498576666743
0.3349663044333343
0.31612872239999895
0.3167301586000006
0.3442487096166659
0.35511960781666696
0.3150251930833334
0.3409919341666668
0.3137327342000004
0.3453062999666666
0.31359341061666707
0.3896412293499995
0.2991350664833332
0.32183870361666633
0.32666793365000124
0.34834218763333297
0.2983667271166665
0.33950584450000093
0.18816578326666597
0.3125698975333325
0.33843965383333446
0.3166632999166678
0.31211672056862705
0.3431935147009815
0.2771186159166666
0.3919376856999994
0.35030351413333355
0.3190014009666665
0.3272694449166675
0.2985226811833346
0.35793156484999816
0.33046909188333257
0.32184093973333533
0.3078860864833339
0.31423702971666434
0.3179299059666686
0.3486383735333318
0.2899911101000018
0.3390932470833328
0.3100743361500002
0.35623314525000094
0.274609385433332
0.3121560011833344
0.30130157548333353
0.2644726649833322
0.19637759048333406
0.18765604608333228
0.16468097378333513
0.18781651951666545
0.18613013404999967
0.1466069785333332
0.2009608526333338
0.15800032430000122
0.21365207316666548
0.16152774850000123
0.18437781651666635
0.2483877728333317
0.308071639566668
0.23416306624999902
0.2930395992700971
0.29474345961128273
0.2820214991333331
0.27700378429999933
0.31562107629999997
0.3328158980666677
0.2564408266500001
0.2836505169655352
0.32035186257417164
0.29761537630000096
0.23118757676666543
0.22893521211666773
0.3184999748666684
0.3077655193499979
0.28912295038333163
0.3241386174666688
0.3157638180500002
0.32259012995000047
0.13517070853333216
0.2694060108992751
0.3742465809053932
0.31800640301666433
0.35546221495000246
0.2814763913833332
0.3075103484500005
0.33536165941666723
0.36447481481666566
0.3133475707333342
0.3509098955333315
0.2958225133833344
0.35719882816666776
0.31115382274999875
0.28101992425000055
0.31592289858333333
0.2841604960000003
0.3446980666666657
0.32587111121666607
0.2683293099500016
0.3333138267833335
0.29770731150000157
0.28534430383333204
0.35356490524999873
0.296816718383334
0.3237457820499993
0.28985937801666695
0.3040852112000016
0.3055334100499991
0.31393698731666625
0.3122747770833343
0.31213329979999904
0.3029707452336523
0.3286956950463345
0.25198221429999995
0.2407500388833365
0.15379239606666603
0.14263396039999826
0.1532731943000021
0.14629574633333203
0.18208973326666567
0.2132118756166681
0.17000734279999916
0.21608893898333295
0.24012428661666976
0.24964795431666528
0.20271619506666763
0.22886268866666531
0.2441036674666658
0.23828493154999963
0.2227282336166686
0.22079715313333378
0.24875523016666679
0.2518315492166646
0.2410292623166683
0.2838547942666661
0.233566186666666
0.2787043861666694
0.262748218199999
0.21688499266666386
0.27613819973333403
0.23337540718333546
0.21712983999999794
0.24908172670000303
0.24412269191666383
0.21842448348333368
0.2735010784333322
0.260369231800002
0.24068323381666615
0.2761289334166672
0.2652376530499998
0.06834160996666773
0.044041218516663615
0.04230559950000223
0.04745603363333403
0.04506977321666455
0.04149471458333523
0.04877153026666813
0.06236729508333146
0.050013294333330786
0.04467315848333632
0.045519535283333336
0.1419195783500001
0.17213231646666668
0.13864732723333192
0.15963854508333383
0.13337897628333437
0.1573928358833333
0.18432296509999876
0.15595152081666633
0.19303098758333403
0.19012591534999834
0.17584492373333427
0.16640460218333575
0.19202543323333382
0.20382074346666698
0.19815348459999882
0.19809222136666782
0.17692269879999906
0.22306596856666472
0.23177276461666782
0.24722492344999977
0.19302143251666687
0.2206482095500022
0.21739028896666407
0.2306728357833327
0.2695676983000009
0.22426516033333244
0.21319404474999953
0.2371625949666656
0.2864241637166681
0.23692893326666917
0.23541004716666647
0.27045934281666467
0.25944318226666785
0.24065304381666505
0.2815219361500018
0.2627521470499991
0.2768647459000032
0.24432535024999524
0.29684913571666893
0.23370664695000018
0.3049916350243314
0.29001705835389135
0.27027261466666636
0.26659606628333476
0.31504038659999767
0.24398033906666686
0.2867067309166667
0.2906530672499998
0.3058820162666678
0.28922421980000107
0.28288740624999875
0.27572946663333375
0.3137022212166642
0.2701776823000018
0.2806931443833359
0.243547930937935
0.3115968876925096
0.2419970611166709
0.3157552708666667
0.28017631675000043
0.29963091536666586
0.35230903531666613
0.2672038495666698
0.26512533928333165
0.2937964319166687
0.2938914264499981
0.25780690201666334
0.2962627390666711
0.32555136708333426
0.23448753574999728
0.2495465822
0.2811946762500005
0.3364222155333324
0.2572017694166666
0.2729132881833342
0.27725147231666847
0.30197758904999816
0.289585965533335
0.2712486271333329
0.27351609668333204
0.28865975225000023
0.26445635299999903
0.295215947766667
0.23222081913333553
0.30328864386666415
0.250382015433335
0.12680003576666746
0.05090957413333589
0.048871744149998154
0.05131662589999641
0.04602486290000438
0.05372532488333283
0.04229718246666418
0.04564514565000006
0.03787452508333427
0.04407708518333588
0.042764819516665394
0.04050801291666726
0.0751515829499965
0.17343039560000384
0.14188739474999754
0.1463649706333352
0.16285534743333305
0.14608487058333236
0.14578524323333494
0.1386639011166646
0.13850115580000025
0.11225597244999887
0.14166007696666535
0.12046772846666919
0.09788921738333443
0.13238968769999912
0.11268906194999982
0.12145867736666864
0.12836224393333284
0.08447700673333146
0.1225859593414602
0.12001772984597396
0.1715269388333326
0.1685944459333352
0.18824190506666225
0.17125783691667024
0.16785635973333135
0.16933981941667
0.19168666483333355
0.16519068098333303
0.18111641591666516
0.17497364050000122
0.17703842553333027
0.18592993045000414
0.20946297438333472
0.23562190861666377
0.2545352477666683
0.21756549506666645
0.3034175250999994
0.23382798619999698
0.2664441449500023
0.3018434457333333
0.28230349784999864
0.29008350271666933
0.2668712824499987
0.2864486888000016
0.3039995539499965
0.29392341258333476
0.26674722296667147
0.34051492354999674
0.27459814108333186
0.27397287895000116
0.30815998078333195
0.2978830990666656
0.30416230205000455
0.3017612667166674
0.27691259661022477
0.3057802948196551
0.2966655526833345
0.2875366695833322
0.30537773469999846
0.2540874960666694
0.31061522558333465
0.2983960415999965
0.29781320155000046
0.30149513146666607
0.3099138533166676
0.32265903769999804
0.33575465474999844
0.25515969583333636
0.3152330436333311
0.21435063373333493
0.22545909345000062
0.34862204020000154
0.2833584968500011
0.30354661444999925
0.3072429126999955
0.29724895726666795
0.24263719278333631
0.24391359466666623
0.23876473776666488
0.22821855683333375
0.2097895531499982
0.20833893833333458
0.2392176013333341
0.212625503483334
0.27678694976666524
0.19387166476666476
0.24732886376666938
0.2516137247999998
0.20929834118333118
0.18071690160000461
0.23200761948332915
0.22462449770000414
0.246218918533332
0.23429788578333163
0.213563699750002
0.2243416510833309
0.22584365381666963
0.2188419986166641
0.19420904151666893
0.2201095102499996
0.20508354208333235
0.24431065618333514
0.20380419836666402
0.2368480747666676
0.22986664566666565
0.2151381898666709
0.2394726134499981
0.2375682432666679
0.2605101659999994
0.218870879016662
0.2540374066500022
0.23072653861666673
0.2337575855833374
0.21514963233332865
0.20027089601667003
0.1734833204833289
0.2138732827166687
0.23942260414999814
0.1979593259666653
0.10282136766666954
0.23314351731666916
0.21035306731666692
0.2290930253333329
0.2240233723999978
0.19584413058333328
0.2451870297333358
0.24000574690000087
0.22996728301666475
0.24659313734999938
0.24580877541666651
0.2375425304000004
0.26893728486666746
0.18183321058333304
0.21355504068333178
0.18301988143333386
0.17001225090000202
0.16648274670000093
0.16380156273333174
0.18844462134999845
0.1649310800166679
0.16710862766666804
0.13495263968333218
0.1505424092666677
0.1584315035499979
0.16598747208333486
0.15699480279999894
0.1755812370666661
0.15674497210000313
0.1495563562666623
0.1307455274333336
0.15174888498333702
0.16129523236666615
0.13178486823333252
0.14936466898333078
0.1620407945166695
0.1343821165833371
0.18725719554999598
0.13458004331666495
0.17814765961666887
0.16447867011666992
0.07808924668332891
0.15628222183333382
0.22063384940000222
0.21200879691666333
0.21989821096666828
0.24717279644999907
0.2067935191833357
0.26486410681666833
0.23221197101666183
0.23914564650000047
0.2656577270500009
0.26632849691666544
0.26067072413333775
0.21731113426666676
0.23934168829999863
0.2061137785166655
0.1791520531666644
0.18010105090000555
0.19241816544999327
0.15551479335000334
0.16545580153333317
0.1401975931666679
0.16608775694999928
0.15468208853332996
0.16828400593333492
0.20519690658333808
0.22484483778332942
0.24740154208333445
0.21428127171666353
0.23400037216666766
0.22717616686666894
0.2775764654833325
0.20925763111666623
0.24193011260000313
0.2530500205999962
0.22292754581666638
0.28689647716666783
0.24453664951667337
0.2438205571833256
0.24984293435000307
0.2473184929333324
0.2302910175666644
0.1960472844833362
0.14407983586666737
0.14364558554999768
0.14395670306666564
0.1568387070833353
0.16610180151666712
0.13752717859999852
0.16086288500000404
0.19611185786666666
0.15439683778333235
0.1732024597999953
0.1816221721000034
0.1776316148333346
0.19092140860000015
0.1930710364833317
0.18138140453333074
0.22285138975000038
0.19362832210000155
0.215569100899999
0.21107026071666918
0.2330728771833303
0.1721970979000029
0.21591916601666414
0.2529719845500002
0.2137785189333348
0.2831228385999983
0.24589851103333826
0.2236707058499955
0.24677836845000156
0.25388275190000137
0.2158098242999965
0.25824938785000323
0.2716151813333303
0.26155263780000276
0.289236296049999
0.2636873809999998
0.2878027970833387
0.2627551358499944
0.2716280354166676
0.25406245818333184
0.2876216713833344
0.25906720910000075
0.2783231458000027
0.2649114134166629
0.26574953024999864
0.2668624600000026
0.3160238483833364
0.23038258901665928
0.31902475028333965
0.26431886056666565
0.28648792638333404
0.26507953376666554
0.22585923906666877
0.2926313232999955
0.3210999463000046
0.2854748103166666
0.2340655704999923
0.30561053680000333
0.28876976018333766
0.2696889412499995
0.33145009590000246
0.2847909296166677
0.3164623318666657
0.2755010697666649
0.28040180223332906
0.27400386831666884
0.2702236877333349
0.31228531350000144
0.2924082544499944
0.2636923911833341
0.2959346981333397
0.289048756099993
0.2912463184500003
0.24616887211666952
0.2837033585666632
0.30565437501667064
0.23129050954999952
0.2952773505999934
0.24646584570000796
0.3417955511333371
0.2868570005166609
0.25165442083333395
0.27087808463333174
0.26815546340000657
0.2871740764833344
0.23501101889999446
0.2732084997666638
0.23423912981667175
0.29296255924999937
0.24440187461667054
0.23327231011666077
0.2665587704333386
0.24189022571666405
0.24967334441666558
0.25088150276666854
0.19097235644999844
0.2614614786166651
0.2016435490833374
0.23854665143333217
0.227879816866664
0.2070950858500055
0.19016442479999876
0.21048253988333088
0.18517913406666747
0.21100473465000202
0.06326302676666275
0.03671608764999899
0.0352964504166702
0.03848440119999926
0.033047444516658225
0.032965212950002376
0.03556813378333839
0.034709782533334045
0.03313795391666949
0.03258102563332842
0.057376809383331805
0.11955212355000527
0.1261671913166633
0.12272775394999752
0.11217520096666743
0.1345464371833411
0.12441657401665986
0.12514450720000053
0.12657517061666496
0.13420989013333537
0.13469495686666355
0.14126084700000474
0.12282574866666589
0.1221193317999981
0.13618162143333548
0.15685817233333338
0.17815094700000603
0.19299977031665969
0.22148266660000032
0.236746912549999
0.20597132208333546
0.25984599508333495
0.2757839610999971
0.26753027245000194
0.25277346681666407
0.26767747008333354
0.2782665200000035
0.2796880446833314
0.2543381993833294
0.2858857567000011
0.32248842735000577
0.2765659158999995
0.29890246126666403
0.3281106593666683
0.26770712730000246
0.27988092181666396
0.3281166505333318
0.27800327548333337
0.30401537351666363
0.2943593314166682
0.29164136020000536
0.29451221533333494
0.30739274553333
0.2662093925999993
0.32314408478333506
0.28171293796666347
0.3254362815499994
0.2919136926666776
0.3096489051333227
0.2694388244500014
0.29872044138333165
0.2993497290833357
0.3250154209666657
0.31257264976666954
0.33493970928333106
0.3399975509666717
0.2981561301166608
0.32062032406667157
0.2743388158999949
0.2759307289166695
0.2661866291666684
0.2503755564499974
0.21786070911666686
0.20958958528333374
0.17655302646666468
0.048762224133334565
0.04700926651667033
0.0408956227333268
0.042973993016672325
0.045057731450001866
0.040444783449997135
0.03692494736666467
0.039922164233333515
0.03881649003332844
0.040812628966669234
0.1399590576833305
0.14938229388333565
0.18633832621667357
0.16712628756666467
0.1534591696499964
0.1885810739166743
0.18967378516666147
0.18295261575000082
0.21396108051666454
0.17811511881667458
0.2044989141333247
0.17114390424999895
0.19620318056666597
0.2045661277666644
0.18754087236667566
0.19375903646666762
0.2150927438999948
0.21349016155000416
0.2052188836333282
0.18511810445000002
0.16525057141667315
0.2600144908833291
0.2153457808333334
0.22251306593333503
0.22756762506666636
0.21697166741666365
0.23706099408333334
0.20283999888333523
0.22557813913333388
0.25004764403333307
0.2199684309333312
0.22351039988333435
0.22698105918333342
0.22168778051666518
0.2044983069666709
0.2097705162666614
0.24852211216667497
0.24617465746666392
0.21953961851666579
0.24533480013333248
0.24950377584999997
0.1800898547833318
0.22360100961666948
0.19670809643333204
0.16042835976666467
0.18235538903333579
0.1973657760999913
0.12431069596667613
0.186478645699998
0.16142458025000037
0.16968769838333628
0.15304626544999947
0.17229380085000043
0.16519030661666725
0.17514316366666285
0.1287792043833387
0.09446362973332802
0.09936974871667228
0.16478397396665898
0.13023594251666853
0.12153013376666878
0.07810122951666283
0.09711098645000223
0.06754264900000637
0.09368376328332793
0.08597431195000052
0.09064914115000422
0.08439984019998786
0.103659207183343
0.09320803241665962
0.11188312408334396
0.1960821908666617
0.2016408893166689
0.17863082276666473
0.2301114653833357
0.22041055898332806
0.23637652961667
0.20499868126666837
0.23231012054999195
0.24592455306666924
0.22398397731666936
0.21001097656667114
0.2467744920666614
0.24098154371667427
0.23284795011665366
0.2751038778666707
0.23711897323333916
0.2571253876999986
0.24080801779999966
0.22246243785000014
0.22210545373333734
0.2235505071999948
