54.93333333333333
47.599999999999994
54.13333333333334
52.46666666666667
54.2
52.266666666666666
53.13333333333333
54.13333333333333
54.266666666666666
52.93333333333334
53.46666666666666
52.53333333333334
56.53333333333333
53.46666666666666
54.6
54.733333333333334
66.6
64.33333333333333
68.06666666666666
67.2
65.4
67.13333333333333
68.86666666666666
68.8
68.06666666666666
68.53333333333333
70.53333333333333
68.6
69.13333333333334
68.66666666666667
69.53333333333333
68.60000000000001
70.53333333333333
72
70.8
77.97832222222223
76.46666666666667
86.25873555555553
82.40000000000002
91.66666666666666
89.86666666666665
88.80000000000001
95.93333333333332
98.06624894458517
105
105.8674756634218
103.93333333333334
107.26666666666664
112.73333333333333
115.60000000000001
107.86715562074943
114.3333338131414
105.86666666666666
115.66666666666669
114.86666666666666
119.26666666666668
118.19999999999999
114.26666666666667
110.80045342401812
115.99999999999997
122.2
110.6
115.0702147525677
118.80000000000003
116.46666666666665
116.79881793538641
111.53444459261235
118.201111259279
120.86666666666666
120.39999999999999
118
115.73252455228193
121.46207447871559
119.86417844130452
120.46666666666668
114.52936158869785
118.19916455583699
119.4
118.06563569301872
116.9965827896862
114.86666666666667
117.13333333333335
115.13333333333334
116.46666666666668
115.93333333333331
107.99967115495714
116.4666666666667
115.20000000000003
115.59666799946687
109.46517353241792
117.73607147619681
116.66666666666667
119.26741348269653
112.93436471948074
116.46570679464962
112.53905854113881
98.8
88.60000000000001
123.92736159246424
115.39999999999998
109.46666666666667
105.53121805981426
111.80256034137886
114.46666666666667
116.46592945894987
111.33333333333333
112.86896030581856
116.33172465893438
119.46666666666668
115.46666666666667
117.13166699993333
119.5977961432507
119.40929508561263
121.79898826720016
117.13333333333335
115
116.20230329709422
117.66666666666667
115.73333333333335
115.19835577478557
113.20026702933806
114.19724055188964
120.60000000000004
117.46666666666664
116.93138692618764
114.80000000000001
115.46666666666664
110.66666666666667
112.73432902164734
113.32928108060072
108.8
119.86666666666665
117.53333333333336
112.40206249722186
117.5372815792984
116.13271205911079
117.60000000000001
127.33333333333331
119.7347112948393
126.53333333333335
121.06812463884073
119.06666666666669
107.8
111.40000000000002
104.46666666666664
108.13333333333334
111.93553377342137
117.14117699370817
105.93333333333331
115.86992086778697
117.06666666666668
109.53333333333332
118.00000000000001
115.46666666666668
121.46832911054805
116.66666666666664
116.26666666666667
114.79999999999998
124.33224960644178
124.39999999999999
129.5372406712307
123.80000000000003
125.06394721055787
124.06666666666666
122.73333333333335
125.13333333333334
126.46604099464165
129.33333333333334
120.13333333333335
123.26832022047385
126.20133351113483
123.00149353247097
132.53644062145764
128.99864018130918
128.06631616684624
123.46666666666665
179.66389333333333
126.46666666666665
122.60000000000001
135.60000000000002
126.73333333333332
129.60000000000002
128.99999999999997
134.39999999999998
131.93333333333334
131
129.39676064787042
126.40000000000002
124.46666666666667
121.4
123.8
114.59880331714186
115.53112044257814
105.73333333333332
112.53333333333335
113.73333333333332
117.66483579967118
111.26666666666668
113.46728008178869
102.59999999999998
102.93333333333334
96.06876472418547
94.33333333333334
101.19999999999997
103.13333333333334
101.33333333333334
104.8
96.93333333333334
101.33333333333336
98.60000000000001
105.6
113.33333333333334
105.46666666666667
106.66666666666666
93.93333333333334
96.93333333333332
93.2
91.13333333333333
96.93333333333334
95.73333333333333
95.93333333333335
104.73333333333333
100.26666666666664
100.06666666666666
103.00000000000001
100.06666666666666
103.00000000000001
97.20000000000002
102.19999999999999
105.13333333333333
104.93333333333334
113.12832200453154
106.00204498977503
109.8
106.26666666666667
135.86666666666667
118.46666666666668
120.66984931324174
116.79999999999998
120.4652362230959
115.99810829102148
119.33333333333333
119.53333333333332
130.2
129.79999999999998
119.33333333333333
121.06666666666665
110.73333333333333
103.66232173797147
107.33333333333333
104.8
108.86666666666666
111.73333333333335
111.19653425753135
105.00000000000001
98.20000000000002
108.46666666666667
107.6
111.00144908209984
107.06666666666665
113.99999999999999
108.06666666666668
102.33239126753882
108.59881793538638
109.66238336443614
110.0655201528685
109.26865373074614
105.59465440245285
109.06666666666666
92.33333333333334
64
52
53.99999999999999
55.00000000000001
56.26666666666667
59.13333333333334
63.534253517370125
66.39999999999999
73.6
72.86666666666666
80.86666666666667
73.79999999999998
85.2
81.19999999999999
85.93333333333335
76.46666666666665
79.06666666666668
86.93333333333334
82.86666666666666
88.26666666666667
90.26666666666667
90.66521362394187
88.20000000000002
88.39849363460641
85.73333333333335
84.6
82.86666666666666
75.8
77.46666666666665
81.93333333333334
86.66666666666667
83.93333333333332
86.66506698660268
91.06666666666668
93.79999999999998
88.33333333333334
58.33333333333334
59.999999999999986
64.13333333333333
60.533333333333346
64.2
63.53333333333334
71.33333333333334
81.06666666666669
74.73333333333332
59.53333333333334
40.8
50.13333333333333
49.86666666666667
46.86666666666666
55.06666666666668
53.46666666666666
52.00000000000001
58.666666666666664
58.13333333333333
60
59.46666666666667
62.99999999999999
60.333333333333336
63.86666666666667
68.13333333333333
67.73333333333333
69.6
70.73333333333333
70.46666666666667
75.86666666666666
74.93333333333334
71.26666666666665
72.8
74.8646404052523
79.3340712094946
79.26666666666667
79.53333333333332
76.53333333333333
81.86666666666666
83.26666666666668
82.99999999999999
90.06666666666669
96.13333333333331
92.2593387071703
92.66666666666667
88.53333333333333
91.93333333333332
91.40056022408963
95.00000000000001
91.73333333333333
91.66394739180664
90.4666666666667
92.60000000000001
95.19999999999999
96.86666666666669
102.73333333333335
101.40036007201441
97.93333333333334
93.00000000000001
102.2
101.86666666666666
97.13530706141229
100.53333333333335
101.13333333333334
96.46666666666667
99
99.53333333333335
99.06936053877442
102.66666666666669
105.46666666666668
106.80000000000001
106.39999999999998
109.73333333333333
103.53333333333333
96.26666666666667
92.33601013806442
99.19999999999999
93.06666666666666
107.2
95
96.06666666666669
93.19999999999999
94.06666666666666
100.46666666666665
99.66666666666666
93.66561354395787
96.86666666666667
94.39999999999999
97.39999999999999
98.26666666666665
98.93333333333335
96.06666666666666
89.66666666666667
93.33333333333333
91.93333333333334
92.33333333333333
94.93333333333332
67.53333333333335
62.39999999999999
63.06666666666667
59.99917344354086
59.333333333333336
56.66666666666667
55.33333333333333
53.93333333333333
50.93333333333334
50.66666666666666
49.599999999999994
48.06666666666668
51.133333333333326
51.93333333333334
49.80000000000001
52.00000000000001
50.800000000000004
48.39999999999999
49.93271131844941
46.86666666666666
45.93333333333332
43.93333333333334
44.933333333333344
41.66666666666667
40.13333333333333
41.33333333333333
40.73333333333333
39.2
37
38.73333333333335
34.199999999999996
45.53333333333333
53.26666666666665
60.46666666666667
60.06666666666667
60.466666666666654
62.19999999999999
59.20000000000001
56.73333333333332
59.466666666666676
59.13333333333332
59.400000000000006
58.533333333333324
66.13333333333333
72.66247334754797
76.66666666666664
79.60000000000001
87.9319024130116
90.19999999999999
84.06193903847863
95.2
97.33162700793174
97.86666666666665
101.53333333333332
100.6
98.26666666666667
106.39999999999999
104.8
113.19999999999999
112.26666666666665
101.59999999999998
107.73333333333333
107.33333333333334
99.26666666666667
109.39999999999998
106
104.8
102.13333333333334
107.39999999999996
103.53333333333333
109.13333333333334
97.86666666666665
107.86576012087275
99.13333333333333
112.33689007446925
106.99999999999999
117.60000000000001
116.39702726121443
109.06991609816829
104.66666666666663
115.93333333333331
142.3368364897306
130.53333333333333
118.06536906190284
117.60000000000001
122.93333333333335
108.13333333333335
85.26666666666665
91.73408009956883
85.86666666666666
80.06666666666666
77.93333333333331
71.40152909276793
72.66666666666669
73.13333333333331
72.66666666666666
62.93333333333335
64.06666666666668
68.86666666666667
65.26666666666667
59.99999999999999
67.40000000000002
63.46666666666666
68.80000000000003
66.73333333333335
70.73415122016267
63.99999999999999
74.33478695739147
67.59833799937786
75.40000000000002
72.06666666666666
74.73333333333333
71.19999999999999
72.73333333333332
74.80000000000001
82.53333333333333
78.26666666666667
77.80000000000001
72.80000000000001
81.53333333333333
85.06666666666666
83.86666666666665
77.33333333333331
76.66666666666669
77.93333333333332
71.66666666666666
69.20000000000002
70.06666666666666
75.86666666666667
73.93333333333332
71.06666666666666
72.33333333333334
72.46666666666667
82.73333333333333
79.13333333333335
71.00000000000001
78.13333333333333
78.26666666666667
74.13333333333334
69.2
81.06666666666666
87.66377874041986
88.06666666666666
72.06666666666668
69.26592898724616
66.2
62.8
62.6
51.93333333333333
53.33333333333334
57.66666666666667
56
52.800000000000004
55.26666666666667
49.33333333333332
51.13333333333334
55.73333333333333
54.733333333333334
53.133666733346665
51.86666666666667
52.199999999999996
51.26666666666666
53
51.199999999999996
49.13333333333333
48.60000000000001
54.2
51.666666666666664
51.86666666666667
55.93333333333335
52.333333333333336
54.06666666666666
55.00000000000001
66.53333333333332
68.60000000000001
66.73333333333333
69.39999999999999
81.06666666666669
86.86666666666667
81.39999999999999
84.6
87.4
90.73333333333333
80.13333333333333
85.46666666666667
85.73333333333333
83.80098686403949
86.6
82.66666666666667
83.06666666666665
84.93333333333332
76.06666666666666
75.1333333333333
67.13421350936854
70.2
72.13333333333334
74.2
73.4
70.26666666666665
79.5333333333333
78.66826698673069
81.53333333333333
86.53333333333335
85.2
76.06666666666668
79.93333333333334
84.60000000000001
82.66666666666669
82.53434686937389
75.86666666666666
77.26666666666668
91.33333333333331
90.19999999999999
73.80000000000001
64.2
44.86666666666667
48.33333333333332
47.266666666666666
52.06666666666667
54.8
51.46666666666667
54.33333333333334
55.53333333333333
61.66666666666666
55.79999999999999
63.33333333333333
63.866666666666674
60.6676004357589
62.93333333333334
66.13333333333333
69.73333333333333
69.6
66.19999999999999
73.73333333333332
76.73333333333332
71.6
75.73333333333333
76.06803573809842
80.86666666666667
73.93333333333334
80.20000000000002
81.66666666666664
81.66666666666666
86.26666666666668
88.4
93.86666666666669
94.13333333333334
93.93333333333335
88.2
94.66666666666669
97.4
92.53333333333333
91.06666666666669
87.2
97.33497366139893
92.59999999999998
90.73333333333332
90.86666666666667
96.06666666666668
98.20167133395564
103.13333333333334
95.66402701861973
98.53333333333332
94.73333333333333
101.73333333333335
97.73333333333332
98.2
99.33333333333336
104.53572047742881
102.8642938079051
93.6
104.5987202559488
105.86963634747043
96.8
108.53234686396053
106.53699264933029
106.6691381073032
98.53333333333333
105.6
98.33333333333333
99.26666666666667
103.73333333333333
99.86538683731058
97.06666666666668
101.66666666666666
99.45938756023362
96.40000000000002
89.93333333333334
96.73526705341068
97.93333333333334
92.86666666666667
90.99999999999999
98.73333333333332
100.99999999999997
98.2
100.13271119406302
96.26666666666667
86.80090684803628
91.27012223469622
91.53333333333332
89.2640359063236
97.26666666666665
86.13333333333334
87.66666666666664
85.79677397853762
89.46666666666668
86.73688141923435
84.26666666666667
85
74.20061345602453
79
76.39999999999999
75.79999999999998
73.19999999999999
74.53333333333333
69.86666666666667
73.86666666666666
66.8
72.4
53.599999999999994
48.8
46.86666666666666
47.06666666666667
49.06666666666666
46.866666666666674
46.93333333333333
49.13333333333333
43.06666666666666
48.73333333333333
45.73333333333333
40.93333333333334
37.13333333333333
41.33333333333333
43.533333333333324
42.26666666666667
41.66666666666667
41.53333333333334
44.46666666666667
44.93333333333334
45.33333333333333
42.733333333333334
44.86666666666667
44.86666666666667
46.2
51.66666666666667
59.93333333333334
64.4
74.66666666666666
79.66666666666666
80.26666666666667
84.86670275085102
90.40000000000002
95.53102283835422
96.13333333333335
95.53333333333332
99.13333333333334
91.6
98.66919178447587
99.19999999999997
112.66666666666669
103
99.4
104.06666666666666
100.26842690136462
104.86666666666666
108.60000000000001
107.86752900386716
108.66666666666666
106.80000000000003
105.40247144063653
104.53333333333336
112.93333333333334
99.46498689063681
113.19999999999999
107.86666666666666
109.86666666666669
116.26666666666668
113.13333333333337
106.26666666666667
113.06666666666666
110.39999999999999
120.60180468506914
119.93333333333334
117.33333333333334
122.6016624438814
125.40344137655062
121.66666666666666
108.73016931075857
94.53333333333333
87.06862705874508
84.20000000000002
83.33333333333333
78.93333333333334
67.46666666666665
55.199999999999996
56.666666666666664
53.13333333333333
51.26666666666668
49.067386810695474
52.19999999999999
48.13333333333334
45.33357336533759
49.06666666666667
48.46666666666667
53.266666666666666
54.66666666666667
60.466666666666654
59.86666666666667
61.26666666666667
54.53333333333334
66.13333333333335
62.86666666666666
66.93333333333334
63.39999999999999
64.53333333333333
61.80000000000001
64.53333333333333
64.73333333333332
62.73333333333332
65.9322756965738
72
73.53333333333333
74.93333333333331
64.66666666666667
66.93333333333334
74.8
79.06666666666666
79.19999999999999
77.06666666666665
76.73333333333333
71.06666666666666
69.93333333333335
64.00280056011202
77.8
77.00000000000001
73.66666666666666
76.20000000000002
75.26666666666667
68.26666666666667
72.86666666666666
77.26666666666665
82
84.60000000000001
82.06666666666666
77.06384225952573
66.33333333333334
71.2
65.40274776577299
61.13333333333333
55.933511170390126
61.39999999999999
57.26666666666667
56.53333333333333
54.800115570965026
56.800000000000004
55.73333333333333
53.93333333333334
55.26666666666667
54.86666666666666
53.133333333333326
46.53333333333333
53.199999999999996
52.33333333333332
49.53333333333333
46.13333333333334
45.26666666666666
44.86666666666665
44.00000000000001
46.733333333333334
46.73333333333333
49.46666666666666
51.99999999999999
53.400000000000006
54.39999999999999
58.39999999999999
66.06666666666668
67.13333333333333
66.93333333333332
74.93333333333334
78.26666666666665
75.33333333333333
75.13333333333333
77.26666666666667
84.53333333333332
71.60000000000001
75.66666666666667
81.39999999999999
82.39999999999999
84.86666666666665
84.33333333333334
84.6
83.99999999999999
86.26666666666668
78.46666666666667
80.8
72.73333333333333
81.19999999999999
