0.013838775500000011
0.019810180666666472
0.029832755333333513
0.013942753666666675
0.025350573166666557
0.02758336650000004
0.019755213333333188
0.033615976166666485
0.01962406766666665
0.029563386833333517
0.025650087000000116
0.02110980783333331
0.038080282999999916
0.020062952500000005
0.031589065666666485
0.03303415549999992
0.03934817299999989
0.03151844333333346
0.028716782333332816
0.02650263033333348
0.029438125333333193
0.03523539333333344
0.02586273116666682
0.03917545966666698
0.03195791949999993
0.011430376999999936
0.025356233166666797
0.02543172133333312
0.028586529166666704
0.013167862666666844
0.017641229166666623
0.02661278966666636
0.012741819166666465
0.026025288999999674
0.024317978499999764
0.024829897500000087
0.023229212833333786
0.032891202833333466
0.02654595283333331
0.0260142778333338
0.03888213916666672
0.03641377550000039
0.03184206533333326
0.03184355733333295
0.03443403700000047
0.023506414666666583
0.024645406000000016
0.021743095000000306
0.022648037000000322
0.01992817750000005
0.016412568833333196
0.02940616449999981
0.023235466666667055
0.028517344500000277
0.023421138000000376
0.026467132833333313
0.02323277783333329
0.026094489333332877
0.011132488166666713
0.016713565833333277
0.02926562616666691
0.02026978216666701
0.014259434666666829
0.015553414999999994
0.01751391016666659
0.0268607731666665
0.029634841000000023
0.02166311133333328
0.030272888666666848
0.00898821016666673
0.023804101666666355
0.018476297166666694
0.021158384666666308
0.025858790833333718
0.02674479649999976
0.0246469299999994
0.013528255999999553
0.013473205166666464
0.02531727949999999
0.013737224333334316
0.01596631900000034
0.017141990333333485
0.029362799333333335
0.03031678116666588
0.0333553138333329
0.026944770666666784
0.03186460766666717
0.02221647266666693
0.022733362833333118
0.02484222649999997
0.027584618333333324
0.027130769833333325
0.03463221916666607
0.026028293833332345
0.03232837850000081
0.022889499833334288
0.0199312953333326
0.027749916333333385
0.03120221016666728
0.032635152999999896
0.029602881500000674
0.021848162499999546
0.02229321983333321
0.02198582483333311
0.014816273999999886
0.028240703000000405
0.018047030000000557
0.027224702666667135
0.020317591166667388
0.028303030666666725
0.025165919833333085
0.018689530500000252
0.03439851466666728
0.039693656666667465
0.01092603849999918
0.0207149280000003
0.031033834666666607
0.02951453483333329
0.035421953833332985
0.02008572949999987
0.017823818000000102
0.02152770950000023
0.02108290633333354
0.018580481166666846
0.015597739166666477
0.01619956699999984
0.02242796849999943
0.015074704166667155
0.025556006999999895
0.028022149833333287
0.022487661000000728
0.01959635916666613
0.021608390833333616
0.016405733999999225
0.021735373999999766
0.020419694000000987
0.02504160183333326
0.013704443833333357
0.025596876333332592
0.017962176666666586
0.02111778050000031
0.020475869666667514
0.017994080333333308
0.01648820783333349
0.02398998566666677
0.03407086483333306
0.016735778333333208
0.02440392283333281
0.022549437999999828
0.017623396833333988
0.016124492833333427
0.021245568000000027
0.019130495500000674
0.01769620033333415
0.016038600166666583
0.02692108266666674
0.023094801499999797
0.01843955233333361
0.01400759483333284
0.02300025949999925
0.02920589966666635
0.03919977199999991
0.032052613500000625
0.016990286499999264
0.026175023666667126
0.03636608633333438
0.026054377833334048
0.026314748000000773
0.03471261749999973
0.020164339999999704
0.01598353099999983
0.03730082166666667
0.03092421500000005
0.025933100500000233
0.039189378333333025
0.02197544750000091
0.016365781999999978
0.027740492833332315
0.02266812416666634
0.014489262833333072
