0.0015857142857151172
0.0015717391304332644
0.001371428571427324
0.0013227272727288604
0.00146935483871118
0.00146935483871118
0.001469354838709302
0.0010899999999999998
0.0011055555555536153
0.0010499999999992724
0.001186363636365224
0.001198148148147286
0.001049999999999446
0.001186363636362578
0.0010500000000000002
0.001093478260868047
0.0013049019607840856
0.0013141509433955674
0.0013384615384610908
0.0014359649122823357
0.0011811475409834158
0.0011351063829794666
0.001319230769229202
0.0013132075471704702
0.0012192307692307693
0.0012117647058818395
0.001243548387096399
0.0012429824561399426
0.0013400000000002117
0.0012276785714285714
0.0013045454545454547
0.0013889830508466683
0.0012025423728815531
0.0014602739726032184
0.0012886363636366283
0.00134577464788716
0.001207894736842718
0.0012861111111115962
0.0013988372093021902
0.0015231578947363519
0.0013709876543215624
0.001461111111111111
0.0013283505154642777
0.0013084269662916115
0.0015813636363632131
0.0018479797979793278
0.0016388392857147017
0.0015884615384608419
0.001658695652173913
0.0016756521739116261
0.0021357142857142855
0.0017064885496182317
0.0017919354838705926
0.0016500000000005059
0.0019048245614042237
0.0017018518518522833
0.002233557046980569
0.0018241803278692343
0.0017166666666663056
0.0021543478260874624
0.0020082568807341583
0.001830487804877765
0.0018286885245914046
0.002209420289854398
0.0018973282442742761
0.0018057251908400501
0.001836259541984644
0.0021388059701486456
0.002620890410958665
0.002201829268292541
0.002172826086956353
0.0020335999999991613
0.0019443089430891472
0.002099640287769617
0.0025651162790690457
0.002662671232876314
0.0021064516129033197
0.0020138888888884265
0.0019522556390974817
0.0019861702127662874
0.001749186991870108
0.0019084905660387245
0.0019510948905108638
0.0021044217687073248
0.0021230468749995454
0.0024580152671755725
0.0024044827586208505
0.0018174418604656579
0.0017476744186047414
0.0024368421052629826
0.002102287581699118
0.0019911764705881495
0.001658695652173913
0.002014788732395022
0.0016838028169016543
0.0019401459854017998
0.0019081560283682989
0.0017850427350430335
0
0.001535074626866193
0.0018169172932328201
0.0016811475409834159
0.0019492248062007382
0.001839473684211139
0.0016228155339796783
0.002079702970297491
0.0015453271028035207
0.0018974576271183483
0.0015717391304351622
0.001630357142856935
0.001666071428570701
0.0018690476190470647
0.002091237113401822
0.0016799999999988359
0.0015045454545450576
0.001664583333333212
0.001778971962617149
0.0017413580246919327
0.0015449494949496127
0.0016437499999998786
0.0017228971962609209
0.0015453271028046088
0.0015936893203885758
0.0018255102040818703
0.0017642857142855864
0.002089655172414328
0.0015447368421052632
0.001533516483515716
0.0017267676767677945
0.0014915584415581393
0.001365068493151004
0.0017179347826085693
0.0014236263736262457
0.001482098765431955
0.0014805555555560408
0.0015787356321843096
0.00143297872340376
0.0024833333333325104
0.0017833333333333332
0.001927358490566477
0.0015219101123590273
0.0016796296296302043
0.0014976415094339623
0.0015311320754721374
0.0013217391304351622
0.0014416666666665526
0.0013772727272727272
0.001713362068965517
0.0016045454545449253
0.001651219512194933
0.001742307692307991
0.001670689655173317
0.0016970588235297541
0.001655263157894839
0.0017694244604317387
0.0017222689075631229
0.0016249999999995149
0.0021065040650409344
0.0019291946308721707
0.0021909420289857604
0.0020773972602734945
0.0019751700680270524
0.00272360248447205
0.0019902097902096275
0.002142857142857143
0.001941719745223523
0.0018487012987017527
0.002008333333333818
0.0019282142857139529
0.0019032142857139532
0.0018845864661655887
0.0018588235294121072
0.0028875862068958296
0.0019644444444445303
0.0021571428571432725
0.0021884615384615384
0.0023940476190445702
0.0025600000000005818
0.0020640845070429093
0.0021349673202608293
0.0022078947368415693
0.001985251798561235
0.0019694630872484
0.0020890728476818106
0.002850943396226708
0.002422292993630499
0.0019908496732024624
0.0020465408805029252
0.0026376760563375365
0.0019348920863306003
0.0016992125984255633
0.001589682539682909
0.0016855263157896777
0.001640000000000582
0.0016202380952378178
0.0016701550387593289
0.0015029914529917515
0.0016916666666659818
0.001574752475248562
0.001477272727272727
0.0015767857142855064
0.001379999999999418
0.0015362385321101982
0.0012632653061223301
0.0011867647058828095
0.0012264705882356365
0.0011730337078647759
0.0012207207207207207
0.0012833333333338184
0.0011328125
0.0012132812500003638
0.0012648760330572742
0.0013424528301891185
0.0012930434782614769
0.0012470930232564908
0.0014370967741937988
0.0013711009174307656
0.002132038834952361
0.0013027472527471248
0.001325862068965417
0.0022886956521745204
0.001446694214875937
0.002310619469026343
0.0014702380952380952
0.0016611111111124047
0.0014155913978497125
0.00137173913043377
0.0014395000000001163
0.001313157894736842
0.001411428571428128
0.001545575221239144
0.0016484375
0.0015161904761911414
0.001579411764706225
0.0015495283018862433
0.0014944444444478938
0.0017236842105257033
0.0016485148514851485
0.0015749999999993094
0.0016285123966941187
0.0015079439252339713
0.001703461538462076
0.0016550420168073097
0.0017940000000004654
0.0017491150442469634
0.0016382352941177447
0.0014757425742578866
0.001535148514851946
0.0014029411764699034
0.001539130434783621
0.0013562500000010584
0.0013049019607840856
0.0015500000000013624
0.001402941176471273
0.00145
0.0014453488372098437
0.0014831325301195
0.0013618279569901236
0.0015700000000005818
0.001488356164382286
0.0014250000000001117
0.0014166666666679602
0.0014095505617978837
0.0015558823529404917
0.0014915584415581393
0.0013476190476191864
0.0013340909090905123
0.00153
0.0013558823529411766
0.0013752808988760118
0.001285294117647972
0.001075641025641324
0.001078985507245702
0.0010905405405406978
0.0011327380952376796
0.0012636904761907535
0.0012419191919204855
0.0011368750000001458
0.0011905660377359588
0.0013624999999998788
0.0012979338842974246
0.0012807692307690317
0.0013747967479672905
0.0012681818181823473
0.0013849999999997504
0.0013973913043474212
0.0013330188679244186
0.0013751851851849263
0.0012752173913050564
0.0012934782608705776
0.001650751879698723
0.0014640625000010914
0.0016056521739132457
0.0015619999999999998
0.0012084070796464297
0.001296899224807014
0.0011875000000005015
0.0013282786885240175
0.0012590476190471756
0.001238793103448878
0.001297008547008547
0.0015166666666671517
0.0012823275862068966
0.001464830508474379
0.0015291666666667476
0.001385937500000182
0.00133
0
0
0
0
0
0
0
0
0
0
0.0012367187500003638
0.0010938888888896649
0.0011611111111107877
0.0011207142857136204
0.0010737804878040262
0.0010875000000000001
0.001107142857142857
0.0011678571428575587
0.0012244186046510275
0.0011758620689653835
0.0010873417721521934
0.0010953488372101145
0.001112631578947491
0.0011892473118277067
0.0011951456310688655
0.0011351063829788473
0.0011287128712871286
0.0011159340659332984
0.0011280701754389029
0.001128217821781717
0.0011757281553401448
0.0013095000000006983
0.0015840909090911739
0.0012557851239670384
0.001219196428572364
0.0013478632478638448
0.001202197802198058
0.0013035087719296204
0.00210608695652184
0.0012868852459021166
0.0013956730769227412
0.0016639285714282388
0.0016041666666662623
0.0016214285714284788
0.0013995934959351488
0.0013625954198473284
0.0013618320610693246
0.0013473282442748092
0.0014521582733811275
0.0022061068702290076
0.0014940740740750228
0.0014918604651159182
0.002188721804511103
0.0030030769230771025
0.0017111486486486485
0.0014748366013069615
0.001415845070422453
0.0014440140845069602
0.001587414965986236
0.001314529914529815
0.001657142857142857
0.0017189189189194696
0.0016808724832223358
0.0016671428571426077
0.0014422222222223084
0.0015357142857142857
0.0023066901408449886
0.001542307692307204
0.0017912921348319838
0.0016566666666666667
0.0016248366013074179
0.0018335329341318063
0.001597058823529412
0.0015535460992906975
0.0016882978723407557
0.0016348148148149012
0.00172370370370379
0.0016204697986585777
0.0015537593984964156
0.0016089403973510706
0.0015136000000000932
0.0013596638655461206
0.001442857142856727
0.0014565517241380114
0.0017299999999996118
0.0017398734177216661
0.001425000000000182
0.001553401360544059
0.0015597315436243174
0.0014996124031004142
0.0014525179856112599
0.0015367768595042285
0.0014606164383557658
0.0014499999999995341
0.0015463333333334108
0.0016030000000000775
0.0013912280701752343
0.0010767123287668044
0.0011184931506852507
0.0012139240506324693
0.0011553030303030302
0.001081451612903977
0.0011392857142844667
0.0011045454545454544
0.0010933333333322985
0.0010500000000000002
0.001048979591836022
0.0010889999999990688
0.0010500000000000002
0.0010852941176463739
0.0011809523809525196
0.0010766666666666667
0.0010721590909094879
0.0011375
0.0010905405405414843
0.0011560606060613114
0.0010798507462691778
0.001090277777777778
0.0010933823529408343
0.0010877358490581413
0.0022979729729728153
0.0010669491525425704
0.0010651515151513388
0.0010699999999999998
0.0010672413793117496
0.0028976744186041095
0.0010877358490581413
0.001118965517240777
0.001126923076922629
0.0010843023255813953
0.001195731707317641
0.0010500000000000002
0.0011757894736837205
0.001234536082474227
0.001108235294117784
0.0011417525773195875
0.0011240740740739304
0.0012451219512192282
0.0011656976744186048
0.0011757894736849459
0.0012767045454549423
0.0012680672268904627
0.0012943396226416193
0.0013205426356587345
0.0014384955752211358
0.0015197478991604463
0.0016107692307703054
0.0022052980132446476
0.001583904109589041
0.0015396551724129904
0.001687037037037037
0.0015855999999996274
0.001542537313433357
0.001826978417266271
0.002364610389610541
0.001546453900709963
0.00227755102040848
0.0017357142857147012
0.0019885474860335847
0.001704137931034322
0.0016409090909087886
0.001758865248227776
0.0017664179104474136
0.0018487012987017527
0.001796839080459904
0.001938924050632764
0.0016996350364961805
0.0017807692307696785
0.0018030120481927012
0.0017715189873415513
0.0019469696969696968
0.00183280254777033
0.0023956395348833145
0.0020440476190481042
0.0019367924528302621
0.0016496666666667443
0.001769512195122022
0.0017664285714280726
0.0027166666666647264
0.002242993630573397
0.0025941935483865704
0.0019258823529416558
0.0017445121951225188
0.0014409420289853386
0.0014231343283582958
0.0012358407079637774
0.0014633333333328158
0.0011470873786410026
0.002342990654204628
0.0012992187500003639
0
0
0
0
0
0
0
0
0
0
0
0.0013366336633657604
0.0012230769230764753
0.0013273109243698456
0.0011578431372546738
0.0013954545454556038
0.0013426829268294578
0.0012754901960787737
0.0012509615384613147
0.0013105042016802809
0.0013241935483867212
0.0013365217391305359
0.0013142857142854206
0.0012299999999999998
0.0011617346938773134
0.0013441176470584322
0.0013912280701752343
0.0013585365853656646
0.0012191964285713246
0.001334051724137931
0.001292342342342447
0.0012932432432436628
0.0021110655737699197
0.0013327433628316525
0.001320388349513998
0.0013169291338582679
0.0011989361702128898
0
0.0014807692307697282
0.0013011450381675835
0.001334313725489968
0.0012297413793100436
0.0012830097087375252
0.0012444444444446598
0.0011777777777781757
0.0016256756756752565
0.0011963302752295716
0.0012013392857147013
0.0013951127819547995
0.0012979999999995343
0.0012907407407409563
0.0012989583333334544
0.0012349557522122862
0.001155851063830035
0.0011970297029705276
0.001098500000000349
0.0011224637681161108
0.0011485000000009313
0.001229487179487478
0.0012221153846151606
0.0013290322580642657
0.001164367816091151
0.0011469512195120533
0.001111538461539357
0.0011136363636363637
0.0012967532467537005
0.0011841463414638406
0.0011048611111109494
0.0011629032258060762
0.0013122950819679767
0.0011250000000007276
0.0011737499999995636
0.0010815789473678083
0.0011375
0.0010939560439565557
0.0010874999999992724
0.0011749999999992723
0.0011191860465123047
0.0011603773584927624
0.0012673913043463076
0.0012166666666663434
0.001262500000000862
0.0013267857142855062
0.0015128099173562378
0.0016432539682534138
0.0011830357142857144
0.0014533613445374238
0.0014192913385831353
0.002045833333333245
0.0014582644628100138
0.0012992187500003639
0.0012995833333329452
0.0015780000000004655
0
0
0
0
0
0
0
0
0
0
0.001886065573770301
0.001435321100917004
0.00175
0.001500813008129892
0.0014652542372873463
0.0013369565217391305
0.0014026315789477184
0.00122412280701591
0.0014404545454562386
0.0013198198198208688
0.0012868644067784772
0.0014046874999994543
0.001553435114503817
0.0015045454545458395
0.0013584112149541414
0.0014793388429752067
0.0016733082706761665
0.0014154639175262532
0.001375301204818155
0.001094776119404375
0.0011879746835425356
0.0010791044776126352
0.0011125000000010913
0.0011118750000008732
0.0011843283582086076
0.0011358024691358025
0.0011430232558131412
0.0012011627906968623
0.001112631578946878
0.001233908045975406
0.0013285714285720333
0.001146601941747347
0.0012068627450978109
0.0012823232323227623
0.0015117021276593264
0.0013554054054060348
0.0016526086956515666
0.0012858490566042128
0.0014313559322026005
0.0012776422764229536
0.0013645669291333083
0.0011791304347824063
0.0012711538461533983
0.0011773504273494325
0.001396534653464655
0.0013833333333333332
0.0015318181818181817
0.0013685840707976966
0.001300434782607076
0.001496212121212121
0.001755228758170239
0.0016939393939400993
0.0021173913043474888
0.001515267175572519
0.0014361313868613138
0.0014262962962966412
0.001481200000000186
0.001565234374999818
0.0014583941605842813
0.0015461832061081145
0.0014761029411764705
0.0019240157480322295
0.002369097222222384
0.0015602362204717075
0.0015905660377359956
0.0015320143884897113
0.0018125
0.002101908396947276
0.0023564393939397464
0.0016026515151527495
0.001546774193548387
0.0015875000000003525
0.0018806338028172292
0.0017597826086954837
0.001793902439024816
0.001925172413792461
0.0020074468085117944
0.002021527777777616
0.001660738255034026
0.001669666666666356
0.0015837837837847277
0.0018025974025972515
0.0016157894736840575
0.0034200657894735316
0.0014884892086332612
0.0014912337662331616
0.0016881578947366888
0.001639928057553622
0.0018176829268291264
0.0017350364963508748
0.001556506849315866
0.0014397058823532836
0.0017078947368419524
0.0014415384615386407
0.002097741935484021
0.0016581081081074786
0.001716666666666819
0.0014555944055945685
0.0018629032258064516
0.0015576612903227688
0.0014206293706295334
0.0015867647058818394
0.001426377952756089
0.0016966666666666666
0.0015561594202890116
0.0013431192660552595
0.0016224137931034484
0.0017010067114090835
0.001364957264956867
0.0014760162601620338
0.0013829166666662787
0.0015037815126046506
0.001229059829060227
0.0013605042016818461
0.0014850806451605393
0.001236979166665454
0.0013242857142861577
0.0011473451327435689
0.002307368421053367
0.0013108108108108108
0.0012453271028048263
0.0013743243243226461
0.0010499999999966738
0
0
0
0
0
0
0
0
0
0
0.0011593749999992723
0.0011124999999992725
0.001092142857143855
0.0010500000000000002
0.0011155737704925668
0.0010491666666678308
0.0010641791044765695
0.0011458904109576285
0.0010727272727262145
0.0011189655172417806
0.00113
0.0011537313432825396
0.0010975806451620415
0.0010812499999992725
0.0011382352941179893
0.0011977272727275374
0.0011655844155859275
0.0019722727272723038
0.0012171999999992548
0.0011951456310688655
0.001261016949152937
0.001422519083969288
0.0014500000000000001
0.0020871527777772928
0.001475203252032142
0.0015815602836871177
0.0014388888888885655
0.0016067114093969105
0.0016529411764692188
0.0018009090909099376
0.0019067857142845502
0.0017372483221474947
0.002169760479042474
0.0016203703703695077
0.0022241071428572815
0.001685430463575388
0.001792763157894737
0.0017289655172402555
0.001664743589742545
0.001765878378378221
0.00196993865030732
0.0017295918367346936
0.0019625000000007276
0.0020251552795019483
0.002022781065089309
0.002367424242424242
0.002424709302325852
0.0018232704402509868
0.0023618750000001455
0.0019065217391294224
0.0021474137931035823
0.002134890109889726
0.002317015706805917
0.002028074866308915
0.0021832386363642977
0.002376203208556648
0.001975177304965365
0.0023235119047617663
0.0016712837837851997
0.001504878048779352
0.0016307692307696287
0.0012299999999991129
0.0013509708737866337
0.0013054263565893279
0.0010489361702137568
0.002340298507461644
0.0011514492753616438
0.0010999999999987955
0.001050000000000485
0.0010692307692303214
0.0011377192982452056
0.0010708333333338182
0.0010708333333338182
0.0011514492753616438
0.0011284313725476501
0.001161235955055918
0.0011598901098906216
0.0011848958333333332
0.0012191489361699653
0.0011735955056174543
0.0012127551020405787
0.0012053921568622886
0.001137378640776925
0.001237500000000485
0.0011552631578947367
0.0011587912087919763
0.00161682242990763
0.0011198979591836736
0.0011552941176478807
0.001240434782607886
0.0011958333333338183
0.0013274774774772679
0.0011377450980396722
0.0011208333333330906
0.001234782608695399
0.0013049019607840856
0.0012337719298247658
0.0012382075471698113
0.0013013513513519808
0.0012829166666662787
0.0012392561983467227
0.0011662162162168457
0.0011891304347826086
0.0012924242424237722
0.0013257281553402578
0.0012772727272727274
0.0011536290322584403
0.001274489795918605
0.0012638888888888888
0.0014154471544704091
0.0012327956989249815
0.0013684873949587656
0.0013562043795623839
0.0012376033057841618
0.0014957692307697684
0.0011899999999999999
0.0010893939393948802
0.0011563829787229088
0.0010904109589053854
0.0012912087912100704
0.0012204545454534872
0.0012043689320404174
0.00115934065933938
0.0011343373493964684
0.0011109756097572334
0.0010494565217383713
0.0011719512195104915
0.0011825301204822082
0.002028767123288947
0.001272222222222797
0.0011694029850742793
0
0.0010492647058820107
0.0011098484848484846
0.0011653846153864063
0.0010333333333329634
0.0011666666666666668
0.0010479452054810467
0.0011560000000009315
0.001177564102563804
0.001129365079365449
0.001048571428570098
0.001111874999999418
0.0010365853658536586
0.0010987341772157792
0.0011152173913040948
0.0012064814814808347
0.0012399999999999998
0.0014346153846141905
0.0013222727272733624
0.0014780952380959035
0.001345217391303943
0.0013852941176478414
0.0012732142857140778
0.0014199074074082699
0.001222115384614041
0.001323893805308498
0.001213524590163362
0.0013053191489344363
0.0020235074626876095
0.0013900793650795497
0.0014031496062997626
0.0015286885245901641
0.0014705607476633337
0.0012219827586206894
0.0014370833333339154
0.0012621212121207417
