4.466666666666667
2.533333333333333
3.666666666666667
2.6
4.2
3.666666666666667
3.8666666666666667
3.8
2.333333333333333
3.2
3.2
3.8
3.4
3.2666666666666666
4.4
2.7333333333333334
7.997561463122127
6.6
7.4
7.466666666666667
7.666666666666666
6.533333333333333
8.066666666666666
7.133333333333333
8.2
9
8.266666666666666
8.4
7.6
7.066666666666666
8.666666666666666
7.933333333333334
7.466666666666667
9.666666666666666
9.933333333333334
10.333333333333332
9.066666666666666
10.2
11.266666666666666
12.933333333333334
11.333333333333332
11.333333333333332
13.133333333333333
11.733333333333334
14.6
14.266666666666666
14.399999999999999
13.666666666666666
15.266666666666666
15.666666666666666
14
16.2
16.133333333333333
15.466666666666665
14.733333333333334
16.6
17.866666666666667
16
16.4
16.46666666666667
15.8
15.466666666666667
16.666666666666664
17.666666666666664
16.531165022660623
16.333333333333336
16.2
17.333333333333336
18.6
20.8
17.866666666666667
16.333333333333336
18.333333333333332
18.333333333333332
17
18.666666666666668
17.266666666666666
18.2
18
18.4
17.46666666666667
16.266666666666666
17.799999999999997
18.6
18.266666666666666
17
18.133333333333333
17.4
16.93333333333333
16.866666666666667
19.666666666666664
19
15.733333333333333
18.799999999999997
19.2
18.46666666666667
16.799999999999997
13.333333333333332
2.2666666666666666
16.733333333333334
17.066666666666666
15.466666666666667
15.866666666666667
15.466666666666667
14.666666666666668
14.330667732906837
14.8
15.066666666666666
14.066666666666666
14.466666666666665
15.733333333333333
14.6
13.6
13.266666666666666
13.4
13.266666666666666
13.933333333333334
12.333333333333332
12.2
13.066666666666666
14.466666666666665
14.066666666666666
12.866666666666667
13.2
12.133333333333333
11.866666666666667
12.066666666666666
11.6
13.133333333333333
11
11.266666666666666
11.8
11.666666666666668
11
10.934266853370673
11.666666666666668
11.733333333333333
12.933333333333334
10.8
13.46855161376367
13.066666666666666
12
12.533333333333333
13.8
11.266666666666666
13.666666666666666
15.666666666666664
15.799999999999999
14.2
16.666666666666664
15.600000000000001
15.666666666666666
14.666666666666666
16.266666666666666
18.6
15.733333333333333
16.465040325268284
18.066666666666666
18.733333333333334
18.4
20.4
18.666666666666668
19.933333333333334
19.53333333333333
18.133333333333333
19.4
18.933333333333334
18.666666666666664
18.466666666666665
18.5987468337555
18.53333333333333
18.6
18.93582288610296
18.6
18.133333333333333
16.733333333333334
1.8666666666666667
16
18.266666666666666
19.8
19.8
19.4
19.6
20.266666666666666
20.733333333333334
20.866666666666667
19.733333333333334
19.333333333333332
19.6
16.733333333333334
17.862881514061044
15.933333333333334
16
13.600000000000001
15.733333333333334
16.933333333333334
15.666666666666666
13.733333333333334
12.866666666666667
14.335778592864289
14.8
13.6
13.399999999999999
13.2
14.333333333333332
12.333333333333334
13.733333333333334
14.8
14.333333333333332
13.733333333333334
15.333333333333334
16.666666666666664
14.466666666666665
14.666666666666666
12.2
13.2
13.8
14.066666666666666
13.399999999999999
15.733333333333333
17
16.2
14.4
15.933333333333334
14.266666666666666
13.333333333333332
15
8.333333333333334
12.466666666666667
13.933333333333334
14.466666666666667
14.733333333333333
13.6
13.333333333333332
14.268622743842803
1.4666666666666666
15.466666666666665
14.533333333333333
14.533333333333333
15.8
15.133333333333333
14.933333333333334
16.2
16.4
16
15
15.2
12.933333333333334
12.2
13.2
12.333333333333332
12.666666666666666
15.2
11.733333333333334
11.533333333333333
10.733333333333333
12.266666666666666
12.466666666666665
13.066666666666666
9.6
13.8
11.333333333333332
11
12.600000000000001
11.866666666666667
11.733333333333333
11.8
11.8
11.266666666666666
12.8
11.533333333333333
10.266666666666666
9.866666666666667
10
11.4
11.533333333333333
12.066666666666666
11.266666666666666
15
13.266666666666666
15.266666666666666
14.666666666666668
16.6
15.333333333333332
17.733333333333334
14.2
15.133333333333333
17.266666666666666
15.666666666666668
16.933333333333334
17.666666666666664
16.733333333333334
16.133333333333333
16.46666666666667
14.799999999999999
17
16.533333333333335
15.066666666666666
14.2
15.666666666666666
16.4
15.866666666666667
16.333333333333332
17.333333333333336
18.133333333333333
16.133333333333333
1.4666666666666666
0
0
0
0
0
0
0
0
0
1.0666666666666667
9.733333333333334
11
8.733333333333334
9.533333333333333
10.333333333333332
10.133333333333333
11.2
11.4
12.4
10.933333333333334
11.666666666666668
12.066666666666666
12.866666666666667
12.133333333333333
12.6
13.266666666666666
13.866666666666667
13.666666666666666
16.2
15.2
14.2
13.066666666666666
13.466666666666667
15.533333333333331
14.6
15.333333333333332
13.466666666666667
16.2
15.466666666666665
16.2
15.600000000000001
18.53333333333333
18.6
16.93333333333333
17
17.53333333333333
17.93333333333333
18.333333333333336
19.53333333333333
16.4
17.2
18.2
19.066666666666666
17.46666666666667
20.133333333333333
20.333333333333332
17.866666666666667
18.6
19.866666666666667
18
19.46666666666667
19.266666666666666
19.8
18.133333333333333
19.066666666666666
19.53333333333333
18.4
19.46666666666667
22.2
20.933333333333334
21.333333333333332
21.6
22.53333333333333
19
19.133333333333333
17.933333333333334
17.933333333333334
20.53333333333333
17.46666666666667
19.866666666666667
17
15.733333333333334
19.133333333333333
18.733333333333334
19.53333333333333
20.933333333333334
18.799999999999997
19.266666666666666
20
19
19
16.866666666666667
19.53333333333333
16.733333333333334
19.066666666666666
19.866666666666667
12.2
9.666666666666666
9.533333333333333
10.2
8.266666666666667
8.133333333333333
8.133333333333333
7.666666666666666
6.866666666666667
6.866666666666667
7.133333333333333
6.933333333333334
8.2
10.8
11.2
9.8
10.533333333333333
9.6
10.133333333333333
8.533333333333333
8.733333333333334
9.066666666666666
8.733333333333334
7.733333333333333
9.133333333333333
7.533333333333333
8.6
6.666666666666667
7.6
7.066666666666666
6.800000000000001
9.266666666666666
9.933333333333334
11.399999999999999
11.266666666666666
11.066666666666666
12.266666666666666
12.933333333333334
10.666666666666668
11.933333333333334
11.733333333333334
11.6
11.733333333333334
11.933333333333334
12.666666666666666
15.733333333333334
14.466666666666665
16.8
15.333333333333332
15.666666666666668
17.866666666666667
20.4
20
20.066666666666666
18.133333333333333
19.46666666666667
18.4
18.733333333333334
21.6
18.933333333333334
19.866666666666667
19.4
22.53333333333333
18.666666666666664
21.133333333333333
20.4
18.8
19.2
21.933333333333334
21.066666666666666
19.066666666666666
18.53333333333333
21.4
20.799999999999997
22.928935092629615
21
22.933333333333334
22.4
20.53333333333333
19.2
21.2
10.266666666666667
10.933333333333334
21.1375216753368
23.866666666666667
22.733333333333334
22.866666666666667
16.2
18.6
16.066666666666666
16.2
14.666666666666668
13.333333333333332
8
0
0
0
0
0
0
0
0
0
0
0
14
14.133333333333333
15.8
13.666666666666666
13.866666666666667
15.333333333333332
13.266666666666666
14.133333333333333
14.333333333333332
15.2
14.933333333333334
15.533333333333333
13.8
11.2
15.333333333333332
14.866666666666667
15.8
14.066666666666666
16.733333333333334
14.2
15.066666666666666
13.533333333333333
14.866666666666667
13.8
18.133333333333333
13.733333333333334
0
14.666666666666666
15.866666666666667
15.399999999999999
15.266666666666666
13.8
14.733333333333334
15.533333333333333
13.466666666666667
14.733333333333333
15.866666666666667
17.799999999999997
14.266666666666666
13.6
12.8
13.333333333333332
10.733333333333334
12.733333333333334
11.2
10.466666666666667
13.666666666666668
9.333333333333332
13.066666666666666
11.666666666666668
10.2
10.733333333333334
9.333333333333332
10.333333333333332
9.133333333333333
10.666666666666668
7.866666666666666
8.733333333333334
8
8.933333333333334
9.733333333333334
12
11.2
9.866666666666667
11.8
10.333333333333332
10.533333333333333
1.6666666666666665
11.666666666666668
15.333333333333332
12.2
13.2
16.666666666666664
16.666666666666664
15.066666666666666
14.266666666666666
17.6
16.866666666666667
15.733333333333334
16.666666666666664
16.066666666666666
17.6
0
0
0
0
0
0
0
0
0
0
14.466666666666667
13.533333333333333
14.6
15.266666666666666
17.266666666666666
15.6
15.2
16.266666666666666
14.266666666666666
15.6
16.333333333333332
15.533333333333333
16.866666666666667
14.2
16.733333333333334
14.8
16.866666666666667
13.4
6.800000000000001
7.6
9.666666666666668
10.2
9.466666666666667
10.2
9.333333333333332
10.8
12.066666666666666
11.533333333333333
12.266666666666666
13.133333333333333
11.733333333333334
12.4
12.466666666666667
12.533333333333333
12.533333333333333
13.2
15.933333333333334
13.4
16.4
15.133333333333333
15.266666666666666
14.4
13
15.6
14.733333333333333
15.066666666666666
15.466666666666667
16.46666666666667
15.733333333333333
17.6
19.866666666666667
15.933333333333334
16.6
17.6
17
17.266666666666666
16.666666666666664
17.866666666666667
16.8
18.066666666666666
16.666666666666664
17.133333333333333
19.133333333333333
17.53333333333333
19.4
18.666666666666668
20.266666666666666
18.933333333333334
18.266666666666666
17.4
19.333333333333336
19.2
20.53333333333333
19.133333333333333
19.4
20.066666666666666
17.933333333333334
20.266666666666666
20.6
21.6
19.866666666666667
20.133333333333333
20.799999999999997
20.8
20.799999999999997
17.799999999999997
19.666666666666668
19.267991287727252
20.666666666666664
18.133333333333333
18.53333333333333
16.6
20.733333333333334
16.46666666666667
18.866666666666667
18.46666666666667
18.8
19.133333333333333
19.94610061633625
17.733333333333334
18.133333333333333
16.933333333333334
15.666666666666666
19.333333333333332
18.8
14.666666666666666
19.46666666666667
19.2
16.133333333333333
16.733333333333334
17.53333333333333
17.133333333333333
15.600000000000001
15.866666666666667
16
14.4
14.799999999999999
15.333333333333332
11.866666666666667
14.666666666666666
13.333333333333332
13.2
0
0
0
0
0
0
0
0
0
0
0
8.133333333333333
7.066666666666666
8
8.8
7.800000000000001
8.333333333333332
8.866666666666667
9.866666666666667
6.333333333333333
8.133333333333333
7.7333333333333325
7.933333333333334
9.933333333333334
9.399999999999999
9.266666666666666
11.79800066644452
11.733333333333334
15.6
16.666666666666664
14.266666666666666
17.333333333333332
16.266666666666666
17.93333333333333
19.2
16.4
18.733333333333334
18.266666666666666
19.066666666666666
19
23.866666666666667
18.6
17.133333333333333
21.53333333333333
17.46666666666667
22.666666666666664
20.666666666666664
20
19.133333333333333
21.133333333333333
19.866666666666667
20.4
17.799999999999997
19.6
20.466666666666665
21.933333333333334
17.133333333333333
22.733333333333334
21.733333333333334
19.733333333333334
20.133333333333333
23.066666666666666
23.733333333333334
25.6
21.666666666666668
24.266666666666666
25.066666666666666
19.799999999999997
21.53333333333333
20.666666666666664
17
16.2
13.733333333333334
14.333333333333332
15.399999999999999
6.866666666666667
8
6.8
5.8
5.466666666666667
7.199999999999999
6.199999999999999
5.8
5.866666666666666
8.733333333333334
8.466666666666667
10.733333333333334
12.466666666666667
12.533333333333333
12.133333333333333
8.933333333333334
12.2
12.733333333333333
13.533333333333333
11.8
11.8
12.533333333333333
13.466666666666667
12.733333333333334
10.534613674757715
14.4
14.866666666666667
13.866666666666667
14.8
13.266666666666666
12.333333333333332
14.133333333333333
17.066666666666666
14.333333333333332
14.533333333333333
14.666666666666666
14.799999999999999
14.133333333333333
12.666666666666668
12.8
14.066666666666666
14.8
14.799999999999999
13.866666666666667
14.6
14.066666666666666
14.266666666666666
15.066666666666666
17.46666666666667
14.133333333333333
16
11.533333333333333
12.466666666666665
12.2
10.2
11.066666666666666
12.266666666666666
12.8
11.666666666666668
9.6
11.6
11.533333333333333
11.6
12.266666666666666
11.266666666666666
10.733333333333334
6.266666666666667
1.5999999999999999
10.266666666666666
7.8
9.466666666666667
8
8.066666666666666
9.666666666666668
8.666666666666668
10.733333333333334
8.066666666666666
9.533333333333333
11.266666666666666
11.733333333333334
11.333333333333332
12.466666666666667
13.866666666666667
13.533333333333333
16.6
15.8
13.2
14.533333333333333
16.066666666666666
14.666666666666666
12.466666666666667
15.466666666666667
14.733333333333333
16.133333333333333
12.666666666666666
16.799999999999997
15.866666666666667
15.666666666666666
15.8
14.2
14.466666666666667
15.533333333333333
15
