0.18157958984375
0.183258056640625
0.185455322265625
0.1875
0.19207763671875
0.1968994140625
0.19952392578125
0.204315185546875
0.207550048828125
0.212921142578125
0.21636962890625
0.220306396484375
0.22686767578125
0.232391357421875
0.237518310546875
0.24359130859375
0.23175048828125
0.233184814453125
0.23529052734375
0.234649658203125
0.234954833984375
0.23553466796875
0.23577880859375
0.237518310546875
0.238433837890625
0.23974609375
0.240509033203125
0.24188232421875
0.24322509765625
0.243804931640625
0.2447509765625
0.245941162109375
0.246551513671875
0.248504638671875
0.250457763671875
0.25299072265625
0.255615234375
0.26019287109375
0.262542724609375
0.264801025390625
0.270050048828125
0.273040771484375
0.278076171875
0.248291015625
0.248260498046875
0.24847412109375
0.24847412109375
0.24871826171875
0.2496337890625
0.249114990234375
0.249359130859375
0.2501220703125
0.250732421875
0.251861572265625
0.25347900390625
0.253326416015625
0.25433349609375
0.256988525390625
0.2576904296875
0.25787353515625
0.258575439453125
0.259613037109375
0.260284423828125
0.260772705078125
0.260894775390625
0.262298583984375
0.2646484375
0.266357421875
0.266326904296875
0.2674560546875
0.270599365234375
0.273529052734375
0.274322509765625
0.276947021484375
0.279754638671875
0.249969482421875
0.250213623046875
0.250640869140625
0.2498779296875
0.249969482421875
0.25048828125
0.250946044921875
0.251190185546875
0.25177001953125
0.252197265625
0.252685546875
0.253814697265625
0.255523681640625
0.25701904296875
0.258392333984375
0.260650634765625
0.262481689453125
0.26409912109375
0.266326904296875
0.268707275390625
0.270782470703125
0.272186279296875
0.274658203125
0.277740478515625
0.28118896484375
0.28424072265625
0.286834716796875
0.257843017578125
0.258148193359375
0.258209228515625
0.258209228515625
0.25830078125
0.25860595703125
0.259368896484375
0.259552001953125
0.259613037109375
0.2598876953125
0.260589599609375
0.261688232421875
0.2628173828125
0.2652587890625
0.26702880859375
0.26947021484375
0.271026611328125
0.27288818359375
0.27496337890625
0.275543212890625
0.276824951171875
0.278228759765625
0.280120849609375
0.282073974609375
0.282958984375
0.28424072265625
0.285919189453125
0.28717041015625
0.289520263671875
0.291717529296875
0.294158935546875
0.29779052734375
0.301666259765625
0.263336181640625
0.263427734375
0.263519287109375
0.263671875
0.26324462890625
0.262237548828125
0.26239013671875
0.262939453125
0.262847900390625
0.2633056640625
0.264892578125
0.263946533203125
0.26361083984375
0.264984130859375
0.26605224609375
0.266510009765625
0.268218994140625
0.26922607421875
0.269866943359375
0.2713623046875
0.2720947265625
0.27301025390625
0.275543212890625
0.27496337890625
0.27642822265625
0.278594970703125
0.280364990234375
0.2830810546875
0.285736083984375
0.28668212890625
0.289154052734375
0.291046142578125
0.29266357421875
0.297515869140625
0.29931640625
0.3017578125
0.265350341796875
0.266632080078125
0.267303466796875
0.267547607421875
0.267730712890625
0.26837158203125
0.26861572265625
0.26873779296875
0.268951416015625
