0.012598821333333158
0.19241041649999988
0.2118581343333332
0.5008380373333333
0.4547451643333335
0.6436211346666667
0.6771817371666663
0.5099186871666674
0.5646403506666667
0.6784940871666656
0.3827363434999995
0.6160841604999991
0.598212039000001
0.5752262724999989
0.7040058461666684
0.8067742538333342
0.7408046029999984
0.7761136696666663
0.8021100285000007
0.6615294735000011
0.8961455183333364
0.4542817326666674
0.6665526745000012
0.5517066166666684
0.8057156856666694
0.23130716016666497
0.4421725131666676
0.5590647925000003
0.390296217333334
0.49131443933333685
0.3998004338333345
0.4339954053333343
0.38421445333333293
0.4185144300000019
0.720561557000001
0.6998721961666661
0.6360013571666674
1.027825443333332
0.49518382500000746
0.8925154121666687
1.0007417090000008
0.6749937513333368
0.4224159216666597
0.7341736571666692
0.5635830998333328
0.5694243146666716
0.28601148199999216
0.3756270514999945
0.5043813440000046
0.5074196226666647
0.4733564554999911
0.23069248466667128
0.5946690533333291
0.3933299491666654
0.4655866615000074
0.2601724129999923
0.6545809066666664
0.5359834629999984
0.05027200216666945
0.4984874030000033
0.3635125848333302
0.2666934941666739
0.30811010433333763
0.05258798916666289
0.39869301683333447
0.38427367383332955
0.3268821836666689
0.5727161849999997
0.5134967471666698
0.5807399403333305
0.52355284283333
0.5810861188333357
0.34323243749999693
0.6363810493333327
0.5799004804999962
0.6944259548333301
0.4125657571666655
0.39413179816667326
0.31641201033333266
0.36465764316667065
0.47842348916666805
0.5218923960000174
0.524520179166662
0.6748760868333268
0.6990991139999967
0.7555427473333224
0.7504280925000064
0.45374107566667965
0.8723367048333444
0.8163774974999947
0.6854701948333286
0.6902598340000168
1.0089121536666614
0.5012488281666757
0.6805120626666696
0.6551396549999897
0.6717436920000067
0.8120085840000115
0.390330808666666
0.6591230478333424
0.579967589833321
0.5166918523333189
0.57272808383334
0.4046992930000025
0.50278665766668
0.40423525599999266
0.37783817333333514
0.41607188933333344
0.41307068583334206
0.30921294000000893
0.34449853266666725
0.6802374723333362
0.7105336190000079
0.8786237425000156
0.8373941161666683
0.4688195666666577
0.6837102588333247
0.8833604328333422
0.876655112333329
0.8483333298333376
0.6257914644999876
0.4167278698333234
0.446884645833336
0.3490512418333272
0.36527930983334045
0.37781668016666947
0.5218530773333327
0.4992220061666709
0.6628688691666677
0.6257661140000057
0.49462887433332975
0.6524979839999976
0.5720776856666702
0.7029908104999928
0.47919412333334316
0.36583070883333824
0.22022573950001362
0.31767601583332333
0.3802218578333243
0.3733572598333315
0.2938861691666829
0.3248991210000061
0.22325631483334973
0.6192578596666559
0.6179181198333291
0.7040686670000014
0.5518626163333238
0.5600094133333187
0.6566340396666798
0.6470914896666689
0.5823387344999938
0.6569618550000009
0.30091804616667633
0.3399213111666578
0.36102573566665797
0.5027365123333235
0.5240347559999917
0.5691303555000028
0.12404914833333198
0.6269627100000055
0.7273685926666454
0.6892226066666657
0.6120905518333377
0.8784752544999794
0.7065440898333387
0.48959251183335556
0.8293037381666485
0.7113422846666708
0.8287684281666543
0.613718495666679
0.6628459928333541
0.8892461265000215
0.6402025458333279
0.5900226516666482
0.5262925086666428
0.25033032716665576
0.39543293683334463
0.2689038355000169
0.42828689033334894
0.49896270683332955
