0
0.00020161572641393474
0.0002990891610160915
0.00004689549442125881
0.00037879391100702583
0.0000883943965517241
0.0005083795061221698
0.0002811139081183134
0.00047462469191127083
0.00028417435696053393
0.0005418294849023084
0.0006549795464875514
0.0004798121000317705
0.0006793522081729884
0.0006131424087877598
0.0007072966454724839
0.00083441635561588
0.0006040708514605344
0.0007377003591136029
0.00044021895512993535
0.0004776364909006074
0.0005332365814328501
0.0005802419760539281
0.00029109431995831265
0.0006407186999313343
0.0005503686685189151
0.000234776755665247
0.00034992464204973347
0.00012394004446829627
0.00020661914460285235
0.00021764964788732315
0.00023645337880283897
0.00006044446408058168
0.00019665351024521162
0.00041519021739130484
0.00045977496827101294
0.000700172881039155
0.0011466543994647048
0.001218753723068851
0.0008548696427847379
0.0007798578287943574
0.0009962544795961601
0.001488043628808864
0.0019556422844051705
0.0011078406549352238
0.0004877137488255553
0.00023919497473330197
0.00027478816823294107
0.0002939122444291351
0.0002838679735650107
0.00047000471571004797
0.00030861288863034486
0.00038381343056821465
0.0005701794164037897
0.000616566461900403
0.00033380244640273624
0.00025490075644921345
0.0004157084056852579
0.000420065727699535
0.00040295881331861127
0.0002931089039289748
0.0005566211401425213
0.00032215342796738336
0.00011946632971607305
0.0001644088544323141
0.00024936754936754333
0.0005182155857662955
0.00036602830715749655
0.00026883651120128573
0.0005975072094054985
0.0005376120576671053
0.00033347001537672565
0.0003545051139130886
0.0006910570780960199
0.00029980677075281754
0.0004142802780455675
0.0005499950656271597
0.0002807459356072643
0.00017138082748116478
0.0003743283946597205
0.00019179684464132397
0.00021679013162246116
0.00029319649012848274
0.00044229762040304797
0.0004260951947855055
0.00034440676197433536
0.0006367810783217418
0.0006096203268195747
0.0005499154053683307
0.0005548403399954073
0.0008541235557854793
0.0008104966761231334
0.0009395754900688013
0.0007269581327995243
0.0005114632809645605
0.0008246794410027371
0.0006006308571428591
0.0006299714948304203
0.000365675208460446
0.0004093519961313226
0.0005437836821656887
0.0005566560465438464
0.00023928421933864112
0.0003380374203821647
0.00038732913190129154
0.0002925153374233161
0.00022160385626642372
0.0002882880071333025
0.00023034289594296307
0.00041353771531621745
0.0007616259477674908
0.0006983981853895801
0.0010525986892242036
0.0008235597115460794
0.0009685050976538489
0.0009629322739311472
0.0012371661837262138
0.0014859137510754175
0.002291548401090735
0.0015804341438330931
0.00021532127585806784
0.0002995172108793291
0.0003502918832466968
0.0002339325663151185
0.0003071510134170687
0.0004697673615904988
0.00033573740175682075
0.0003570331371941693
0.00007605578884223583
0.00027082667731629935
0.0003640885771803415
0.00021231515151516234
0.00011687055658746085
0.00040817069043322016
0.0003280583785435886
0.0005935088793631298
0.000496841805766322
0.00008533075808785551
0.00003950661241098589
0.00036296092796092464
0.00023320555821753925
0.00038154243966508723
0.0005323853615520045
0.00044301701964647935
0.00047385221994165845
0.0006279707448183154
0.000498322244720858
0.0007440828904217996
0.0005335320913092351
0.00044032966465147133
0.0003574684772065976
0.0002479342327150157
0.00017373989791578655
0.0002879252178802168
0.00036305527297390464
0.00028993543924371113
0.00027986022056937607
0.0004368596362667501
0.00035500382701874825
0.00045750476288553606
0.00042653924566768436
0.0006100492390331198
0.000617464521772941
0.0006772442929835215
0.0005622858451671993
0.0008152972902440033
0.0008719360605304705
0.0006803690768766459
0.0005506775660080466
0.00047079713390057705
0.0007487701612903305
0.0007273763035788072
0.0006664041404140441
0.0005313928895155628
0.0003912334972104147
0.00046533409119616653
0.00030207038638206224
0.000386371793913099
0.0003068489563851254
0.00036480542158655224
