0.11785888671875
0.120758056640625
0.124359130859375
0.1241455078125
0.120147705078125
0.121612548828125
0.12109375
0.125091552734375
0.127777099609375
0.12261962890625
0.12274169921875
0.1275634765625
0.12896728515625
0.122039794921875
0.1204833984375
0.124908447265625
0.12432861328125
0.123199462890625
0.12646484375
0.122528076171875
0.1263427734375
0.12451171875
0.122314453125
0.1248779296875
0.126007080078125
0.129302978515625
0.126678466796875
0.127471923828125
0.12548828125
0.13623046875
0.12298583984375
0.13189697265625
0.129180908203125
0.1226806640625
0.12451171875
0.12493896484375
0.125518798828125
0.1259765625
0.125640869140625
0.125335693359375
0.122528076171875
0.125335693359375
0.12652587890625
0.12725830078125
0.12506103515625
0.122894287109375
0.13348388671875
0.1280517578125
0.125244140625
0.1292724609375
0.126953125
0.12811279296875
0.1263427734375
0.122589111328125
0.12841796875
0.125640869140625
0.126312255859375
0.126708984375
0.12249755859375
0.12335205078125
0.12933349609375
0.13629150390625
0.1297607421875
0.126251220703125
0.12750244140625
0.124908447265625
0.1343994140625
0.129669189453125
0.125701904296875
0.127593994140625
0.12689208984375
0.12841796875
0.12384033203125
0.124237060546875
0.12762451171875
0.12750244140625
0.13006591796875
0.125213623046875
0.122161865234375
0.123138427734375
0.127227783203125
0.128509521484375
0.129425048828125
0.123748779296875
0.127716064453125
0.127471923828125
0.12591552734375
0.126708984375
0.122222900390625
0.12762451171875
0.131011962890625
0.126007080078125
0.126007080078125
0.1260986328125
0.128204345703125
0.12567138671875
0.12646484375
0.128692626953125
0.128936767578125
0.12481689453125
0.127716064453125
0.130279541015625
0.1258544921875
0.13287353515625
0.130767822265625
0.1263427734375
0.127105712890625
0.15020751953125
0.125762939453125
0.130859375
0.124053955078125
0.129486083984375
0.12945556640625
0.126007080078125
0.1259765625
0.129791259765625
0.126953125
0.130950927734375
0.126708984375
0.1292724609375
0.128875732421875
0.1298828125
0.128814697265625
0.125518798828125
0.12939453125
0.126983642578125
0.1300048828125
0.132415771484375
0.143280029296875
0.1318359375
0.130462646484375
0.12835693359375
0.124755859375
0.129150390625
0.130767822265625
0.134124755859375
0.1248779296875
0.1298828125
0.13104248046875
0.1268310546875
0.128387451171875
0.12628173828125
0.13092041015625
0.132781982421875
0.126983642578125
0.129974365234375
0.12982177734375
0.1287841796875
0.131103515625
0.12811279296875
0.125946044921875
0.1270751953125
0.12957763671875
0.127685546875
0.131378173828125
0.128936767578125
0.12646484375
0.12939453125
0.1265869140625
0.13037109375
0.124755859375
0.131500244140625
0.133453369140625
0.1290283203125
0.12725830078125
0.129852294921875
0.12884521484375
0.12994384765625
0.128387451171875
0.130279541015625
0.128753662109375
0.1275634765625
0.13006591796875
0.132171630859375
0.1317138671875
0.1290283203125
0.127777099609375
0.123565673828125
0.128997802734375
0.126190185546875
0.1278076171875
0.125701904296875
0.1275634765625
0.1317138671875
0.128692626953125
0.12884521484375
0.134490966796875
0.130340576171875
0.129119873046875
0.132080078125
0.12939453125
0.13031005859375
0.12933349609375
0.12725830078125
0.132659912109375
0.126678466796875
0.128021240234375
0.133270263671875
0.128204345703125
0.1336669921875
0.128082275390625
0.126129150390625
0.138580322265625
0.126617431640625
0.127838134765625
0.125518798828125
0.125640869140625
0.126007080078125
0.125640869140625
0.12445068359375
0.125732421875
0.12738037109375
0.1251220703125
0.12860107421875
0.1240234375
0.13372802734375
0.130889892578125
0.12774658203125
0.127655029296875
0.127349853515625
0.12677001953125
0.1309814453125
0.13092041015625
0.132598876953125
0.12835693359375
0.131683349609375
0.132232666015625
0.1300048828125
0.124298095703125
0.133056640625
0.133575439453125
0.127838134765625
0.131866455078125
0.128997802734375
0.130279541015625
0.13165283203125
0.128173828125
0.13531494140625
0.143707275390625
0.1328125
0.135040283203125
0.130889892578125
0.128997802734375
0.1341552734375
0.131866455078125
0.131439208984375
0.148193359375
0.1285400390625
0.128570556640625
0.13519287109375
0.12982177734375
0.13177490234375
0.13104248046875
0.12939453125
0.128631591796875
0.129669189453125
0.1285400390625
0.1295166015625
0.129638671875
0.1304931640625
0.148193359375
0.1297607421875
0.131927490234375
0.128509521484375
0.135650634765625
0.130706787109375
0.125030517578125
0.137725830078125
0.133209228515625
0.12939453125
0.130279541015625
0.12774658203125
0.132476806640625
0.12591552734375
0.128082275390625
0.126678466796875
0.132659912109375
0.128936767578125
0.127593994140625
0.12603759765625
0.133697509765625
0.126922607421875
0.126617431640625
0.132080078125
0.13189697265625
0.126373291015625
0.131072998046875
0.130767822265625
0.129150390625
0.132476806640625
0.128509521484375
0.1295166015625
0.1298828125
0.132080078125
0.126953125
0.1295166015625
0.128326416015625
0.133697509765625
0.129547119140625
0.12933349609375
0.127685546875
0.12725830078125
0.125762939453125
0.125579833984375
0.130401611328125
0.1236572265625
0.12799072265625
0.123443603515625
0.124359130859375
0.12799072265625
0.125152587890625
0.12542724609375
0.123809814453125
0.126556396484375
0.127593994140625
0.124847412109375
0.125244140625
0.12847900390625
0.12640380859375
0.1265869140625
0.130767822265625
0.125518798828125
0.128204345703125
0.126556396484375
0.128814697265625
0.128692626953125
0.134552001953125
0.125
0.12921142578125
0.126739501953125
0.12615966796875
0.12750244140625
0.1259765625
0.132720947265625
0.12493896484375
0.12945556640625
0.127593994140625
0.130859375
0.126129150390625
0.1275634765625
0.12811279296875
0.126312255859375
0.128692626953125
0.14581298828125
0.130035400390625
0.13201904296875
0.12646484375
0.130859375
0.12628173828125
0.13446044921875
0.127349853515625
0.131072998046875
0.130218505859375
0.136810302734375
0.126251220703125
0.131500244140625
0.1309814453125
0.127471923828125
0.135498046875
0.132568359375
0.129241943359375
0.13262939453125
0.13592529296875
0.129302978515625
0.13787841796875
0.127655029296875
0.129302978515625
0.131500244140625
0.13470458984375
0.129180908203125
0.12493896484375
0.132049560546875
0.128173828125
0.127227783203125
0.12945556640625
0.1265869140625
0.134063720703125
0.127838134765625
0.129241943359375
0.131591796875
0.1260986328125
0.131317138671875
0.12884521484375
0.1295166015625
0.13031005859375
0.13397216796875
0.129425048828125
0.131927490234375
0.1307373046875
0.131317138671875
0.132781982421875
0.12652587890625
0.129486083984375
0.13116455078125
0.134796142578125
0.12774658203125
0.131195068359375
0.132720947265625
0.13031005859375
0.13702392578125
0.126708984375
0.131927490234375
0.1318359375
0.13360595703125
0
0
0
0
0
0
0
0
0
0
0
0
0.092498779296875
0.1011962890625
0.105682373046875
0.113677978515625
0.11279296875
0.11102294921875
0.11114501953125
0.115875244140625
0.11395263671875
0.116363525390625
0.11865234375
0.1141357421875
0.11767578125
0.116058349609375
0.116455078125
0.116241455078125
0.115570068359375
0.119842529296875
0.116241455078125
0.11578369140625
0.1258544921875
0.12420654296875
0.1270751953125
0.115692138671875
0.117919921875
0.118133544921875
0.120880126953125
0.122314453125
0.116424560546875
0.11932373046875
0.1180419921875
0.124908447265625
0.11895751953125
0.117034912109375
0.118927001953125
0.118499755859375
0.121673583984375
0.122955322265625
0.121246337890625
0.12298583984375
0.1258544921875
0.123046875
0.124786376953125
0.12451171875
0.11962890625
0.1248779296875
0.122955322265625
0.126068115234375
0.120697021484375
0.12066650390625
0.120819091796875
0.1248779296875
0.1251220703125
0.12347412109375
0.1243896484375
0.12554931640625
0.12994384765625
0.12091064453125
0.12457275390625
0.12152099609375
0.119232177734375
0.123077392578125
0.124053955078125
0.119873046875
0.122894287109375
0.123199462890625
0.12652587890625
0.122528076171875
0.120513916015625
0.122283935546875
0.1273193359375
0.12237548828125
0.124664306640625
0.1263427734375
0.122894287109375
0.122222900390625
0.123626708984375
0.12835693359375
0.121734619140625
0.12445068359375
0.1251220703125
0.122344970703125
0.12158203125
0.122589111328125
0.12335205078125
0.12322998046875
0.12091064453125
0.12310791015625
0.121307373046875
0.12078857421875
0.12078857421875
0.12310791015625
0.122039794921875
0.12164306640625
0.12164306640625
0.121368408203125
0.121429443359375
0.1298828125
0.122406005859375
0.12255859375
0.1236572265625
0.122344970703125
0.1253662109375
0.123779296875
0.124359130859375
0.12744140625
0.127716064453125
0.12432861328125
0.12420654296875
0.122467041015625
0.12432861328125
0.121307373046875
0.122344970703125
0.12615966796875
0.121978759765625
0.12921142578125
0.125030517578125
0.12457275390625
0.122833251953125
0.1259765625
0.1224365234375
0.1285400390625
0.125732421875
0.123992919921875
0.128631591796875
0.12261962890625
0.131622314453125
0.124847412109375
0.121368408203125
0.121337890625
0.12591552734375
0.12103271484375
0.125030517578125
0.123321533203125
0.126678466796875
0.125396728515625
0.1236572265625
0.127105712890625
0.12548828125
0.125579833984375
0.123046875
0.12615966796875
0.12872314453125
0.133087158203125
0.12152099609375
0.1241455078125
0.123992919921875
0.12725830078125
0.12640380859375
0.1236572265625
0.122528076171875
0.128326416015625
0.1265869140625
0.12457275390625
0.123046875
0.122222900390625
0.127685546875
0.132171630859375
0.125457763671875
0.126129150390625
0.125244140625
0.125762939453125
0.12786865234375
0.124359130859375
0.1275634765625
0.12518310546875
0.125274658203125
0.124542236328125
0.12933349609375
0.126739501953125
0.12786865234375
0.132080078125
0.13165283203125
0.12847900390625
0.12384033203125
0.126708984375
0.128936767578125
0.1251220703125
0.12371826171875
0.127105712890625
0.124725341796875
0.125579833984375
0.123809814453125
0.122314453125
0.12701416015625
0.12579345703125
0.127410888671875
0.126373291015625
0.127349853515625
0.140045166015625
0.1298828125
0.122833251953125
0.13134765625
0.131195068359375
0.12432861328125
0.12744140625
0.127593994140625
0.124725341796875
0.1273193359375
0.1317138671875
0.129364013671875
0.125457763671875
0.125823974609375
0.1282958984375
0.12884521484375
0.128662109375
0.1270751953125
0.128265380859375
0.13128662109375
0.129302978515625
0.1268310546875
0.130035400390625
0.131103515625
0.123626708984375
0.12310791015625
0.124725341796875
0.126708984375
0.122894287109375
0.12689208984375
0.125885009765625
0.124542236328125
0.126373291015625
0.122894287109375
0.128997802734375
0.12347412109375
0.135223388671875
0.124755859375
0.1297607421875
0.12640380859375
0.13031005859375
0.129364013671875
0.124969482421875
0.12847900390625
0.1239013671875
0.124755859375
0.1251220703125
0.128265380859375
0.127044677734375
0.12652587890625
0.130584716796875
0.126983642578125
0.127960205078125
0.1319580078125
0.125152587890625
0.13134765625
0.124786376953125
0.133209228515625
0.1265869140625
0.1312255859375
0.129058837890625
0.12908935546875
0.129180908203125
0.126861572265625
0.124267578125
0.1304931640625
0.125518798828125
0.128143310546875
0.128936767578125
0.130950927734375
0.1275634765625
0.129974365234375
0.131195068359375
0.134735107421875
0.12939453125
0.132232666015625
0.12701416015625
0.131744384765625
0.13128662109375
0.13153076171875
0.128662109375
0.129913330078125
0.13336181640625
0.125335693359375
0.125579833984375
0.13043212890625
0.13470458984375
0.13134765625
0.131500244140625
0.127471923828125
0.123779296875
0.131805419921875
0.128448486328125
0.129486083984375
0.129241943359375
0.13153076171875
0.124755859375
0.1241455078125
0.126617431640625
0.129974365234375
0.13031005859375
0.128997802734375
0.12921142578125
0.12652587890625
0.128631591796875
0.128448486328125
0.12799072265625
0.128662109375
0.1231689453125
0.129364013671875
0.12835693359375
0.12615966796875
0.1260986328125
0.12957763671875
0.129241943359375
0.1298828125
0.125396728515625
0.124298095703125
0.129791259765625
0.122833251953125
0.123321533203125
0.12261962890625
0.12432861328125
0.12689208984375
0.127685546875
0.125
0.12713623046875
0.12921142578125
0.128997802734375
0.125213623046875
0.12506103515625
0.12835693359375
0.142120361328125
0.12603759765625
0.1302490234375
0.128265380859375
0.125030517578125
0.13031005859375
0.127899169921875
0.12445068359375
0.125640869140625
0.128021240234375
0.126007080078125
0.12646484375
0.124542236328125
0.125335693359375
0.127593994140625
0.128631591796875
0.1302490234375
0.125701904296875
0.129730224609375
0.125091552734375
0.127349853515625
0.12762451171875
0.12939453125
0.135955810546875
0.128753662109375
0.128814697265625
0.127899169921875
0.132080078125
0.130340576171875
0.130279541015625
0.130950927734375
0.127777099609375
0.1336669921875
0.124755859375
0.125030517578125
0.126953125
0.1246337890625
0.126617431640625
0.132781982421875
0.134857177734375
0.125640869140625
0.135284423828125
0.126800537109375
0.127960205078125
0.1279296875
0.126068115234375
0.133270263671875
0.1300048828125
0.1263427734375
0.12945556640625
0.127471923828125
0.13531494140625
0.132476806640625
0.132293701171875
0.1259765625
0.130035400390625
0.12884521484375
0.12652587890625
0.129180908203125
0.131866455078125
0
0
0
0
0
0
0
0
0
0
0.037872314453125
0.098968505859375
0.120574951171875
0.108612060546875
0.108123779296875
0.116363525390625
0.113433837890625
0.113861083984375
0.113128662109375
0.11474609375
0.11383056640625
0.1151123046875
0.123443603515625
0.117767333984375
0.1201171875
0.121063232421875
0.11712646484375
0.11968994140625
0.1181640625
0.12030029296875
0.12554931640625
0.11962890625
0.1217041015625
0.118316650390625
0.116790771484375
0.122344970703125
0.124114990234375
0.118743896484375
0.121002197265625
0.127685546875
0.118865966796875
0.1217041015625
0.12451171875
0.1207275390625
0.123779296875
0.123382568359375
0.123504638671875
0.126312255859375
0.119110107421875
0.11920166015625
0.12359619140625
0.12298583984375
0.120880126953125
0.1219482421875
0.120758056640625
0.121063232421875
0.12237548828125
0.11871337890625
0.117828369140625
0.126312255859375
0.12481689453125
0.12164306640625
0.121368408203125
0.124786376953125
0.132049560546875
0.1236572265625
0.123382568359375
0.118255615234375
0.11907958984375
0.1185302734375
0.119903564453125
0.1202392578125
0.12005615234375
0.1202392578125
0.12054443359375
0.11883544921875
0.120361328125
0.121826171875
0.1220703125
0.1220703125
0.122344970703125
0.125
0.123382568359375
0.12237548828125
0.1212158203125
0.120941162109375
0.1199951171875
0.12469482421875
0.133026123046875
0.124298095703125
0.12322998046875
0.12371826171875
0.1260986328125
0.120025634765625
0.125274658203125
0.129486083984375
0.124359130859375
0.12322998046875
0.1236572265625
0.123016357421875
0.125091552734375
0.12066650390625
0.123077392578125
