0
310.14503185185185
439.2444444444444
525.9333333333332
563.3777777777776
620.5329383067183
641.8888888888888
708.3111111111109
810.1999999999999
900.5555555555554
367.2888888888889
885.111111111111
979.2666666666664
971.1777777777777
1016.311111111111
1017.6666666666666
1042.1777777777775
996.6444444444444
1005.2444444444444
988.0666666666664
953.9999999999999
964.6222222222221
886.8
845.6888888888889
766.111111111111
431.06666666666666
592.0444444444443
590.7111111111109
575.3333333333333
524.0444444444445
458.4888888888889
489.7777777777777
499.1777777777777
542.2666666666665
734.422222222222
922.4888888888887
954.2444444444444
1197.4666666666667
1099.6
1089.3111111111111
1177.822222222222
1170.0222222222221
1288.533333333333
1356.422222222222
1024.0888888888887
708.5777777777777
626.0264832470314
560.8222222222221
579.5111111111111
607.6666666666665
654.9999999999999
679.1111111111111
732.7555555555555
672.6444444444444
677.3111111111111
677.1999999999999
675.4222222222221
692.0754923386548
497.8
548.6666666666665
506.9333333333332
442.08888888888873
426.0444444444444
319.42222222222216
436.11111111111114
487.0888888888888
600.6222222222221
719.0222222222222
794.3333333333334
798.8444444444443
835.4888888888888
779.911111111111
821.3333333333331
850.9999999999999
858.9111111111112
878.5555555555554
451.9555555555555
265.88888888888886
519.7555555555556
548.6444444444444
573.3555555555556
676.5777777777777
705.6222222222221
788.1555555555555
876.911111111111
852.8444444444444
907.5669540485289
913.4666666666666
976.0888888888885
969.8666666666664
1026.9555555555555
1043.7333333333331
1017.2666666666665
1039.888888888889
968.7555555555555
918.9333333333332
974.8222222222221
920.2444444444445
875.0444444444444
818.6444444444444
705.3555555555555
635.9777777777778
634.6444444444444
558.7333333333332
502.95555555555546
467.68888888888887
504.62222222222215
495.311111111111
524.6888888888889
720.911111111111
496.73333333333323
951.9777777777776
1160.422222222222
1113.7333333333331
1085.1777777777775
1178.4444444444443
1134.5111111111112
1233.8666666666666
1444.2222222222217
1179.5555555555554
760
606.5555555555555
558.7333333333332
553.9555555555555
626.8666666666666
647.2222222222221
669.6
718.6888888888886
733.6666666666665
665.0222222222222
679.7111111111111
724.5999999999999
689.111111111111
780.3111111111111
571.111111111111
506.7555555555556
468.2666666666666
459.48888888888877
437.28888888888883
344.4888888888888
465.86666666666656
547.0444444444444
314.35555555555555
806.0666666666666
819.5555555555553
854.3333333333333
760.022222222222
781.8888888888887
865.0888888888887
857.7555555555554
876.622222222222
710.3999999999999
419.4888888888889
474.6666666666667
521.8
574.9777777777776
692.9777777777776
665.7111111111111
256.8444444444445
866.2444444444444
881.2888888888888
884.8666666666666
915.5777777777777
953.3555555555555
968.5777777777778
1026.0666666666664
1066.3777777777777
1028.2444444444443
1020.8222222222222
991.7333333333332
876.2888888888888
964.0444444444443
892.711111111111
879.8888888888888
807.7777777777777
702.8888888888888
648.6222222222221
597.3111111111109
590.5333333333333
531.2888888888889
