0.03852833333330996
0.046685255198487714
0.023742018348580106
0.04767513661203271
0.0473108228980322
0.030240526315779018
0.04652509920630189
0.012452530540981008
0.01292890484740747
0.014910053859974794
0.012286842105284792
0.023030500894422396
0.041042409867161365
0.018366071428571426
0.021285123966942147
0.01789280821918829
0.032713549920760705
0.037063060278225535
0.05365924764894019
0.0710636150234835
0.04335864946888322
0.024456807511746417
0.05091928000001907
0.024333656716435705
0.02174580209897733
0.028815548780487806
0.03098350515465673
0.03679317180613239
0.046326854599424226
0.03328241017960503
0.05929592651757189
0.039901335311572694
0.026405471124638175
0.04056135714288269
0.038111829436054914
0.07600144092219022
0.06979718309859155
0.03542542892157593
0.06589706616730577
0.0376387115839173
0.09177564450471663
0.048130795454538675
0.04906714285713631
0.04690940265486066
0.10909279523291025
0.12768497267759563
0.08250957240038294
0.0764130503144779
0.07032625725337915
0.08227635514017578
0.09289082618025751
0.0622977640342701
0.06655197876447302
0.08304820359279652
0.11386446322065226
0.09186170708955224
0.11839072580643557
0.08634536607970894
0.15391669642858738
0.11629686878728228
0.1779800000000058
0.15572716572504708
0.12712401103956936
0.0883035981308634
0.08451924131625424
0.15499587778855478
0.12357820763956322
0.1369917562724121
0.10174028677150788
0.07047895220587688
0.11377199440819576
0.1132864785992218
0.11873037974684622
0.0970104470802811
0.08500492202727301
0.0963954128440367
0.10370827751196743
0.09948188940091618
0.15409138943249115
0.11330653625954198
0.13250129353235016
0.07407166666665464
0.10195892484343003
0.13536645873319963
0.11762928719008882
0.0933219289340041
0.09910545540797529
0.09738315839692951
0.06232925809824853
0.10978811188811784
0.07624260385003857
0.070915469348659
0.04605024703556723
0.08943953033266937
0.07317789473681928
0.08331208459215102
0.06401649139579349
0.09422081497797358
0
0.059946926829262476
0.10886218446603098
0.1177055730809674
0.09315413064362908
0.05920498602049215
0.11714906033631838
0.16414976258311287
0.15502976958523698
0.1445607851985506
0.09670186873292425
0.12479581850533808
0.13131630920466297
0.18615562671548386
0.13206290893015557
0.19680498652290032
0.219340353982322
0.20522036059807558
0.1476323324630217
0.20416785714284535
0.1953752833478536
0.1906957516339925
0.17415481818182904
0.12074043715846995
0.08489551845342183
0.12915931244561527
0.16664042452832437
0.1845556797020318
0.12204224841341255
0.12864904632152044
0.14459703832753132
0.16898749999999435
0.18361251158480624
0.15558721030042405
0.13314013900956725
0.2529736842105263
0.20087572304994575
0.2108362720403023
0.26471918896321567
0.2214952105697672
0.2710761403508876
0.2468070394207371
0.23533194558945256
0.13398530682800344
0.08341504102097716
0.053578254972859056
0.03174762145749591
0.030056332320186264
0.052388014981251084
0.05434278398510797
0.0753489932885906
0.08786173794359593
0.05868395348837209
0.0849502417794798
0.10592612225406492
0.06843378378378953
0.08236738351254479
0.08643585291115208
0.059329999999994436
0.11441783625729832
0.058811958483733
0.13429237288135593
0.15351412478337256
0.11743174807197433
0.10976353417264581
0.1627814200680171
0.104264749536156
0.13798046387153795
0.06310265410959415
0.0984641592920354
0.12519380993898163
0.15793014440435366
0.15830801971326164
0.1632357206405853
0.1233550377833703
0.17691659681475272
0.11692838541666667
0.15741522522523058
0.19069999999966886
0.18524256938226327
0.1221174868189964
0.14969866666667161
0.18349370008873647
0.22312833190025794
0.19234708781361473
0.1769915332771593
0.17223994006849316
0.29240545454546485
0.2423585448392656
0.1918562713310682
0.13495802631576853
0.10368947128531819
0.0666294755877196
0.07562739090063889
0.06960732394364517
0.09006621093751165
0.0270562930186824
0.05680793201132582
0.06297674731183862
0.08085128571428003
0.07164348230911922
0.04675710710710115
0.03637893081761006
0.04926156501727494
0.05073660998937934
0
0
0
0
0
0
0
0
0
0
0
0.03362653761971176
0.03575921052631579
0.02794122911694509
0.0297491206030151
0.03510791324736227
0.04717803632236092
0.05146067907995616
0.04315421052631585
0.0343614790286975
0.03436092077087793
0.02873123076923084
0.04346025219298246
0.0344358778625955
0.05724189655172381
0.036379967069154674
0.04274632352941176
0.07804870062370074
0.03439796019900493
0.08418700102354142
0.06481692229038873
0.08989159067882473
0
0.06853719618055563
0.062165117328519814
0.08485113960113938
0.054988992869875145
0.0903989010989012
0.08852094717668489
0.06980080500894438
0.10637448979591836
0.08936372968348992
0.08978771186440704
0.04288192982456132
0.0645169082125604
0.06550984930032283
0.05599600985221693
0.06272333333333342
0.05041468253968254
0.04255520072992701
0.03963906826568266
0.07016155378486075
0.09984365168539285
0.07728027079303747
0.06900345849802372
0.06324432355723747
0.040139897959183296
0.04242755102040868
0.06534220977596722
0.08218831578947408
0.04989866666666631
0.05617553763440809
0.056383045148895285
0.07109985207100593
0.08634084778420109
0.04356920465567465
0.0389166472642612
0.01364010989010989
0.007477197149642379
0.00988204845815019
0.008621514423076475
0.01261163793103408
0.009677531645568444
0.019824899193547265
0.01133439922480584
0.009949919354839009
0.01603062605752898
0.010042661290322882
0.01616789383561612
0.012451181683899833
0.014432674772036757
0.029350342465753423
0.01965017035775191
0.02343220338983051
0.019599857549858345
0.016888305847076464
0.01448140283140379
0.013638842975206357
0.01591589673912993
0.013128412256267668
0.015472285714285184
0.009767711370261577
0.013237517433751485
0.014236521739129355
0.025296551724138222
0.029449681528663015
0.01733198127925088
0.014310361613352397
0.01744195561719756
0.022621467025572006
0.019108520475561917
0.013929055851063087
0.029935959885387883
0
0
0
0
0
0
0
0
0
0
0.009057608695660272
0.008978368794327564
0.005874399038461538
0.006971352785146383
0.0076056433408594705
0.005849750000000932
0.0061284841075790065
0.006372008547007751
0.00920087912087994
0.010410758196719785
0.01349057815845944
0.005582439926062158
0.012456177606177248
0.007527148080439778
0.0072689407540391625
0.013997282608695654
0.007048733108109051
0.01066224662162288
0.015520360360361703
0.010589332247557915
0.017041932907348244
0.022431363636363638
0.020848230088495574
0.010790747028862478
0.012045872274143594
0.009546541353383738
0.012026823338735516
0.020550079872203877
0.014238675213676276
0.022818749999999433
0.018818947368421893
0.025070959264126152
0.024049455205811816
0.021684846461949514
0.025572620689655684
0.025181355932202595
0.02161026845637509
0.023938186813186813
0.011903272251308413
0.012917865853657857
0.03289510067114044
0.017482369146005768
0.018195173745174223
0.014442141089108912
0.014529551282051282
0.02557491563554619
0.015085516826923523
0.028821930946291558
0.03163731343283607
0.01951832552693252
0.01947434285714264
0.019371768292683608
0.02546020531401056
0.025985757946209814
0.031312913907282296
0.0361755421686738
0.03310829355608592
0.03806356783919551
0.027371832718328104
0.02558089953271028
0.03624825378346915
0.025616889632108685
0.020933540022548755
0.018486746302616187
0.03266869510665134
0.04377675962815454
0.03574546568627542
0.040013190607733264
0.02194828767123203
0.04543199464524915
0.036335026385225754
0.03725518806744488
0.04160744248985165
0.015727158273382634
0.02287821846553918
0.02638271683673327
0.021421326164874997
0.017729351969504446
0.030823766546330622
0.014812695547532643
0.018166293532337383
0.021913273195875327
0.02627417582417531
0.026442233632862647
0.0385207267833114
0.02483157552083382
0.019157782101165383
0.00507621960705872
0.003113333333333335
0.003188787878787882
0.004688922155688627
0.0031516447368421067
0.003125914634146334
0.003883103448275863
0.003951481481481487
0.0047611111111111265
0.0029963114754098454
0.002755426356589139
0.0027896946564885555
0.006101339285712069
0.006485866983370268
0.005639791183294664
0.006317391304348726
0.004995707070708953
0.008027434679336686
0.007249230769228859
0.007599741602071034
0.004758033240998261
0.006589008042893444
0.0059843406593427075
0.005957386363636364
0.005362621359225711
0.008256089743590938
1.483905140186916
0.005149683544306155
0.005797115384618966
0.004984290030208104
0.007188527397262827
2.728949631449628
0.011003982300882485
0.008961157894734489
0.007582939914163889
0.005953966597079578
0.00585248565965512
0.007380019493175935
0.009634537246053025
0.008041721132898414
0.005681670281995662
0.006112553191490154
0.009683723196881091
0.01027660984848626
0.0173567869415814
0.011172632423754226
0.02082645669291456
0.0159262736535684
0.011066326530612245
0.01910713245997306
0.017892362924282958
0.0117446875
0.02181533816425076
0.015268037602819773
0.020779393564356437
0.02618329268292547
0.014457810650887132
0.030667835909631833
0.02727823529411804
0.019575952121872412
0.038211237980769225
0.027691414141414978
0.027573198689957147
0.04658617300131062
0.020041861761425733
0.02970583524027503
0.024025621301775588
0.037957142857143335
0.03927955069124466
0.052768520710059615
0.054504728950403265
0.04064526515151609
0.03209837443946188
0.06232823458283085
0.018578890041492616
0.06590771365149792
0.03847732558139614
0.023768763440861415
0.042626430976431394
0.0581116834170859
0.05073574537540845
0.09339499999999534
0.038515592105265124
0.0893163655685433
0.07322796278158668
0.02308145728643104
0.022574387527838396
0.029407258064516127
0.013968437900127565
0.007678939828080763
0.010798706240487064
0.00819133435582822
0.008113691507798315
0.00779942528735571
0.007991368421049494
0.007297679324893729
0.007616785714283053
0.015685354691075515
0.0063474747474747475
0.0091675837320592
0.010811989795915517
0.007320132743361183
0.011364018691590524
0.011193435448578495
0.010223734177216762
0.0076147009966789775
0.018490649606299214
0.009475080128203934
0.02103574074074212
0.01514458762886662
0.018144435351882163
0.010493719412724914
0.020416415410384636
0.011689279731993301
0.013521428571427362
0.008548365527489962
0.015940200617283948
0.016540840840839722
0.0143287704918045
0.008397338129496938
0.008555162241888455
0.008493620178043202
0.009095433789953205
0.02141897590361614
0.00841861788617765
0.020787751371115853
0.016596725663717476
0.027872048611112407
0.010545542949756284
0.013655221518986752
0.01658998109640761
0.021607407407421203
0.018099080267558527
0.008321653543307085
0.011045413533833466
0.014035714285714287
0.007355624999999417
0.008517438271603213
0.0122820554649272
0.02079272260274164
0.011228955453150146
0.012591495198901586
0.018045605187317737
0.011555000000000643
0.006258477508651164
0.008448080438756174
0.012504789272030652
0.005939751552795801
0.018421345707660068
0.009588793103445523
0.008926569037657681
0.009603193832594196
0.007048205741627686
0.010693598233998052
0.010506282051280142
0.00891889460154529
0.005651511627907843
0.006185944206009383
0.005877027027027866
0.007431408775983244
0.009720769230768277
0.006009744779584959
0.006539208633092631
0.008467660550455298
0.011074264705879614
0.010392513368980968
0.005147099767982302
0.006378398058253331
0.006977581863978911
0.01016896186440678
0.012112917594653128
0.01736716937354988
0
0.009780332681017613
0.013564689781020538
0.014014177693761816
0.017046655231559613
0.01768697234352419
0.00906568914956121
0.010802114803625378
0.016430720338981995
0.013219299450549962
0.010736021505375844
0.021159732540861814
0.012866512345679013
0.025837596302002507
0.013222727272727924
0.009962990196077824
0.017429173989457147
0.006114421416234888
0.007760117056854318
0.029182135523616256
0.009861657032753863
0.029577777777778657
0.018436923076924714
0.0113953156822803
0.009969791666666665
0.01629861830742402
0.03289185059422877
0.014019874804380682
0.022792613636363635
0.01446977848101325
0.011254113475175192
0.015123791540784375
0.01745995145631068
0.017312343750000583
0.007924999999999429
0.010974062968514624
0.010996651445967648
0.012352768987340595
0.03279721362229102
0.015298582474228243
0.010711813186814722
0.01103758278145572
0.018277900552486872
0.010174859550561797
0.00829069148935873
0.011531267217629829
0.00629906832298368
0.005744150110374453
0.006798837209302326
0.005340070093459684
0.0092593147751598
0.005748681541585173
0.008503221957039684
0.0057218127490069525
0.006487267657993258
0.010337420042643921
0.017566464646461635
0.013686556169430469
0.005893701550384709
0.015321880650994575
0.011531912878787173
0.02322128712871226
0.0077805510534839995
0.015265072202165393
0.009988381410259395
0.00947684458398744
0.013490943113771338
0.01309670608108108
0.008908787878786186
0.01332551622419044
0.01332165932452112
0.009722771587742693
0.022191283783784786
0.019631503267975803
0.019401690507152628
0.015648255033558548
0.029401778385771894
0.024970013123360068
0.014645890410959369
0.011015921409214093
0.01900512649800217
0.027603000000001716
0.015185301204820175
0.017530687830686845
0.022859065934069004
0.019544726562499514
0.018260824108239707
0.028426493011436304
0.01679874429223659
0.018155949367087663
0.010023401534527807
0.0362125498007978
0.020194711538461536
0.03081567741935532
0.026075703324807232
0.03094679738561945
0.02193752873563047
0.019583560090702105
0.04632201834862287
0.018502707182319618
0.017698656542056945
0.044248985115020296
0.01609610609480855
0.017968454440600197
0.014797072330654422
0.024868372379778052
0.013632076566124859
0.028741687817257937
0.03953272383354491
0.01413492433061743
0.028495802469135342
0.04456398692810604
0.020770848056536225
0.015128385093169553
0.02043200808625437
0.042909349593495426
0.03042443750000093
0.01204525277435403
0.01880979166666511
0.02712768324607427
0.01281397590361401
0.013687783375314394
0.020812591240877275
0.01620364963503695
0.015417906683480923
0.03817874074074129
0.030451289009497458
0.018803302509909497
0.025626880984952118
0.01591577017114869
0.022756085043988815
0.028391348973607584
0.018951369863011998
0.008261624649858378
0.010523680351906704
0.011431586608442504
0.012517315716274154
0.015776486486485143
0.012839465408805619
0.010250625000000584
0.010828559602650858
0.014375214408233276
0.008350755033558296
0.007675789473682903
0.008150252100837833
0.02734276190476403
0.008255211726386186
0
0
0
0
0
0
0
0
0
0
0.007931097560971066
0.004894495412844036
0.006445212765960089
0.007147121212123469
0.0068977544910168494
0.008207449856729256
0.006733734939763524
0.009179130434784768
0.00605363128491412
0.004872631578946388
0.005421389645777582
0.0070658038147149126
0.007530108991822568
0.0063068181818181825
0.007176735218508997
0.008289039408870666
0.010474999999997505
0.01564945848375586
0.00806361301369608
0.006549845201240121
0.01023888012618179
0.019794608567207172
0.02140525606469153
0.019040743073045045
0.026519696969694154
0.023798801597867524
0.022438756281407037
0.032143591455269724
0.02982642225031511
0.04288040712468194
0.027780921052630764
0.04235747663551402
0.04121957340025094
0.06675192532088943
0.05150890151515246
0.021376751207728566
0.02495193370165746
0.02132978971962269
0.030970888157893926
0.036056278026909167
0.049898919226396166
0.051145428893902674
0.020503824521933084
0.04013467432950097
0.021193602150538435
0.040438281249999174
0.03048941109852606
0.037778556034482755
0.016298419388833488
0.04497546511628167
0.05844895604395686
0.054617640573317805
0.06627527805864508
0.05634040084388107
0.046427667364014394
0.07725698267074185
0.03216467757459238
0.03439681996086179
0.025576346356917367
0.011923938223941102
0.02032445414846945
0.00906372549019608
0.0064141428571460515
0.01208650075415006
0.007815373961215224
0.0027006024096374323
0.0038455414012738853
0.004598062015503155
0.0031504032258075783
0.003036283185841532
0.0028367647058826955
0.0051793893129770995
0.0055157024793380735
0.004273255813953488
0.004281034482757416
0.008202068965513815
0.007295308924486831
0.006024358974360534
0.009911608961306497
0.011870859538780943
0.014800236406619385
0.009405711422844198
0.011708253358925145
0.008051417769374772
0.006863261296657191
0.012783236994219653
0.00864999999999465
0.00761497227356609
0.015740035587192586
0.018733943089433925
0.01766029126213737
0.008586192810457517
0.016456417112300795
0.008016586921853646
0.017526788990821586
0.008617805755395684
0.01586233108108108
0.011704368932040039
0.00898738738738403
0.00876598746081388
0.010464116719242902
0.012000172711574249
0.017791769911507063
0.019361462450597305
0.009318730407525847
0.018762660256407868
0.0131328125
0.011832231404958676
0.007098805732485262
0.013743060836504735
0.015662128712871287
0.009935959438382184
0.007097745571657417
0.020557571428572494
0.01907810693641726
0.021353612479476994
0.00837211538461799
0.007976271186440677
0.011325657894736843
0.010776885880081693
0.007434472049684812
0.011408234126984126
0.00714505263157581
0.013275232558142998
0.006502370203161953
0.007153189066059226
0.008648578199050365
0.009879239130433162
0.0065819037656950526
0.006450464037119512
0.01082870588235119
0.019175000000024034
0.005582297297295284
0.005541592920355631
0.008040931989924435
0
0
0
0
0
0
0
0
0
0
0
0.00737289719626168
0.02001923076923077
0.00777339449541283
0.012293485086342225
0.008884480122324154
0.008162678288431075
0.012887415540540549
0.015385954198473285
0.009035344827586217
0.023701811023622035
0.0158191869918699
0.008297333333333351
0.012448326055312913
0.009788333333333359
0.014094985029940136
0.020959816384180773
0.015132374631268436
0.01177131728045324
0.01020915080527083
0.008766428571428534
0.012720820189274446
0.012193609550561847
