77.53333333333333
66.6
74.33333333333334
72.46666666666667
75.33333333333333
75
71.93333333333334
74.13333333333333
74.72313160934863
75.33333333333334
72.93333333333334
75.2
75.46666666666667
76.13333333333333
79.06666666666666
78.93333333333334
88.46666666666667
84.26666666666667
88.53333333333333
87.26666666666667
85.53333333333333
83.53333333333333
86.73333333333332
89.46666666666667
86.6
87.80000000000001
90.26666666666667
92.4
89.46666666666667
89.73333333333333
87.66666666666667
91.33333333333334
89.46666666666667
94.53333333333333
93.12537333333334
95.65599111111112
95.99999999999999
105.8677111111111
107.33333333333334
114.13333333333334
106.93333333333334
114.46666666666667
122.99999999999999
119.79976891969959
130.53333333333336
132.80040005334044
130.06666666666666
129.33333333333334
137.66666666666669
141.33333333333334
131.53364448593146
140.54680020258564
137.26666666666668
136.99999999999997
137.73333333333335
144.66666666666666
145.93333333333334
140.26666666666668
144.46701340268055
140.53333333333333
147
141.9333333333333
143.0688008536748
142.66666666666669
142.8
139.19938674843354
134.86728008178866
146.40056896475087
147.3333333333333
144.13333333333335
140.73333333333332
138.13286228502864
147.39794817134103
148.13189371723092
139.4
144.53120085299213
146.0661245167311
146.3333333333333
140.19944007465668
141.13167354546664
136.60000000000002
140.20000000000002
133.8
139.26666666666665
134.06666666666666
129.99977780740346
143.39999999999998
142
133.46461415433828
132.86569790694574
137.06830244032537
140.60000000000002
134.800400080016
137.20067573575176
138.93286228502862
137.20341378850515
126.99999999999999
113.6666666666667
8.53328001421843
139.99999999999997
140.20000000000002
132.19872017064392
138.46835578077074
142.26666666666665
142.4663292325866
139.6
144.06813352891496
146.66569790694575
145.26666666666665
147.13333333333333
150.7989468772912
153.73185817115436
150.8052034689793
154.33626764477046
151.99999999999997
150.33333333333334
151.9347339869717
149.33333333333334
149.79999999999998
148.26560014220328
146.20014244029883
146.86488035726185
156.06666666666666
150.53333333333333
152.06539572501444
149.5333333333333
148.13333333333335
145.39999999999998
154.40070231586435
144.3307917888563
146.6
156.06666666666666
153.06666666666666
148.93472907498779
153.7358676804055
158.13313836317428
156.2
167.06666666666666
151.73426679112768
164.93333333333337
162.26767124505488
154.7333333333333
140.33333333333334
144
128.13333333333333
134.0666666666667
141.53461358938455
145.8713043864915
134.53333333333333
147.46881835156043
144.60000000000002
133.2
145.6
137.53333333333333
148.60092456772014
133.2
143.13333333333335
138.20000000000002
146.86613819166203
150.66666666666666
151.93578708985342
154.26666666666668
149.93172032260213
156.4
144.99999999999997
152.53333333333333
152.59964060531897
154.46666666666664
148.13333333333333
145.7342934613504
150.46732453215984
150.8009512379428
159.86873374674937
158.13248900146644
152.39962700979072
144.79999999999998
0
148.9333333333333
146.79999999999998
163.40000000000003
152.66666666666666
156.2
152.2
156.86666666666667
158.20000000000002
153.93333333333337
155.13130707191894
152.2
150.66666666666666
147.33333333333334
151.0666666666667
140.06584203720138
143.73185362927416
130.93333333333334
137.2666666666667
144.73333333333335
147.79881793538638
139.66666666666666
140.60032893274655
134.13333333333333
126.26666666666664
115.86787571676224
122.73333333333333
0
0
0
0
0
0
0
0
0
0
2.466666666666667
114.06666666666666
115.73333333333333
111.06666666666668
110
112.73333333333335
115.73333333333333
121.39999999999999
125.79999999999998
119.26666666666664
120.93333333333332
130
121.2
120.53333333333333
46.06666666666666
121.80000000000001
129.4
128.20000000000002
136.66357457017193
131.201226993865
132.86666666666665
130.39999999999998
0
152.6
150.46855136240384
142.2666666666667
148.66567157548695
146.46541438898504
146.86666666666667
149.26666666666668
163.2
158.20000000000002
144.46666666666667
150.59999999999997
135.79999999999998
127.13080101292817
136.26666666666668
133.53333333333333
134.26666666666668
145.66666666666666
143.13118279569892
130.73333333333335
120.80000000000001
137.66666666666669
136.53333333333333
142.86763568475794
130.79999999999998
143.93333333333334
133.5333333333333
127.46607122132274
139.9991467804293
145.06369856927037
140.13258676620896
137.40122691204905
139.72964073851895
135.59999999999997
119.73333333333335
67.26666666666665
56.733333333333334
60.66666666666665
56.79999999999999
63.199999999999996
64.26666666666667
67.86713342668534
70.26666666666665
80.93333333333335
80.73333333333335
85.86666666666667
81.53333333333333
94.8
88.2
96.46666666666665
79.80000000000001
88.13333333333333
92.86666666666665
89.26666666666668
101.86666666666666
98.99999999999999
99.86597347197228
97.13333333333334
96.46584016530029
92.46666666666668
93.2
93.13333333333333
84.13333333333333
85.79999999999998
86.86666666666666
95
95.73333333333335
96.86578684263148
101.93333333333334
101.33333333333334
93.73333333333333
0
0
0
0
0
0
0
0
0
0
12
57.4
55.33333333333334
50.20000000000001
60.599999999999994
54.26666666666667
54.93333333333333
65.53333333333332
63.599999999999994
66.6
62.599999999999994
70.33333333333333
69.86666666666666
71.93333333333334
72.8
71.86666666666665
78.33333333333333
77.33333333333333
76.38480607756897
83.4
83.4
77.6
76.8
81.19878690928482
84.93372449659955
88.26666666666665
84.99999999999999
84.53333333333335
93.39999999999998
90.19999999999999
89.8
100.66666666666664
107.53333333333332
100.79565207736547
98.66666666666667
96.79999999999998
101.26666666666668
97.00024009603843
104.93333333333334
105.39999999999999
99.3984004265529
99.66666666666667
104.8
106.19999999999999
101.66666666666666
118.60000000000002
110.26685337067414
103.19999999999999
102.06666666666666
113
114.60000000000001
109.60101353604053
111.66666666666666
109.46666666666665
104
109.26666666666668
110.73333333333333
104.60156031206242
111.73333333333335
116.13333333333331
118.53333333333335
118.26666666666664
121.60000000000001
116.46666666666667
107.33333333333333
103.00146290491118
109.06666666666665
98.53333333333333
115.93333333333334
103.66666666666664
102.99999999999997
103.13333333333331
99.86666666666666
111.19999999999997
104.33333333333331
106.13268013064055
110.53333333333333
105.6
110.46666666666667
110.46666666666665
106.86666666666667
104.8
98.66666666666667
103.99999999999999
99.4
102.13333333333333
105.80000000000001
16.062346666666667
22.2
21.2
21.466506687997153
20.26666666666667
21.599999999999998
19.666666666666668
19.06666666666667
18.866666666666667
16.799999999999997
18.46666666666667
16.933333333333337
47.866666666666674
57.33333333333333
55.400000000000006
56.33333333333333
53.533333333333324
54.39999999999999
55.06637787404199
51.199999999999996
48.6
50.40000000000001
51
45.53333333333333
42.06666666666666
43.4
43.466666666666676
42.399999999999984
41.06666666666667
44.86666666666667
38.60000000000001
53.53333333333334
57.6
64.33333333333333
63.99999999999999
63.26666666666667
67.33333333333334
69.13333333333333
59.53333333333333
61.466666666666654
65.6
62.266666666666666
65.60000000000002
69.86666666666667
76.73102345415778
83.66666666666666
86
92.26592898724614
96.46666666666665
89.46419621434283
102.13333333333333
107.39904019196163
109.73333333333333
114.20000000000002
107.86666666666666
111.2
113
112.73333333333332
123.86666666666666
123.93333333333334
109.93333333333334
119.93333333333334
120.66666666666667
103.66666666666669
118.13333333333335
117.66666666666667
113.79999999999998
106.99999999999999
118.6
113.46666666666667
118.46666666666667
105.33333333333333
119.26618673065813
111.00000000000001
126.135267311326
119.73333333333332
127.86666666666665
124.13172032260213
118.00169805752942
110.46666666666665
126.20000000000002
26.666666666666664
107.73333333333335
124.53260454161668
133.60000000000002
131.66666666666669
119.73333333333332
91.00000000000001
103.20042672356313
94.13333333333333
88.26666666666668
84.66666666666669
77.46747566342178
77.53333333333335
62.599999999999994
64.66666666666667
55.199999999999996
55.06666666666665
64.33333333333333
57.79999999999999
52.93333333333333
61.266666666666666
58.266666666666666
60.46666666666666
62.13333333333333
78.26711117037826
68.26666666666665
82.46745349069815
71.26578678398437
81.20000000000002
81.26666666666667
81.06666666666668
77.2
79.73333333333333
81.86666666666666
89.26666666666667
85.86666666666666
86.93333333333332
79.53333333333333
92.4
88.26666666666668
88.66666666666669
87.2
85.53333333333335
82.46666666666665
74.06666666666666
76.06666666666668
77.06666666666666
80.73333333333333
82.4
63.99999999999999
16.666666666666668
81.06666666666665
87.06666666666669
87.66666666666669
79.46666666666665
83.40000000000002
86.86666666666667
80.46666666666665
76.73333333333332
87.66666666666669
97.9316672220371
92.46666666666664
78.2
76.53296004977116
73.26666666666665
69.66666666666669
65.73333333333333
57.53333333333334
55.06666666666668
60.599999999999994
62.533333333333346
55.93333333333333
60.19999999999999
51.333333333333336
53.26666666666666
58.79999999999999
59.8
59.266880042675204
60.26666666666666
53.333333333333336
54.6
56.79999999999999
57
54.599999999999994
51.066666666666656
57.333333333333336
55.93333333333333
53.86666666666667
62.533333333333324
57.93333333333333
59.00000000000001
0
69.39999999999998
74.86666666666667
72.46666666666667
79.33333333333333
92.20000000000002
90.66666666666666
86.53333333333333
94.06666666666666
96.20000000000002
98.53333333333333
85.93333333333334
86.66666666666667
87.2
78.467200106688
81
75.26666666666667
76.06666666666665
78.99999999999999
67.19999999999999
69.66666666666667
56.20036007201439
61.333333333333336
64.86666666666666
66.86666666666666
79.2
78.66666666666666
86.4
84.4674801626992
87.13333333333333
95.19999999999999
91.86666666666669
84.06666666666666
86.79999999999998
86.46666666666664
90.13333333333334
90.33384010135359
82.6
83.4
102.86666666666666
98.39999999999998
79.66666666666667
73.66666666666666
46.93333333333333
52.4
50.333333333333336
61.46666666666666
60.199999999999996
55.06666666666667
56.46666666666667
61.73333333333332
66.6
56.600000000000016
68.06666666666665
68.4
63.400466884546105
68.2
72.26666666666668
69.99999999999999
75.66666666666667
71.33333333333334
80.06666666666668
81.46666666666668
73.73333333333333
84.13333333333337
86.66745788327331
90.20000000000002
78.66666666666667
86.66666666666667
90.66666666666664
90.39999999999999
94.13333333333333
99.13333333333334
102.66666666666666
102.33333333333334
101.60000000000001
99.2
100.93333333333335
107.33333333333333
97.26666666666667
100.06666666666669
89.13333333333335
110.40094685603789
100.06666666666666
98.26666666666665
100.13333333333334
108.4
105.06748455349604
114.80000000000001
104.9318313113807
105.99999999999999
100.93333333333332
110.2
104.93333333333334
105.8
102.93333333333334
115.06794692271788
113.6653069386123
104.66666666666666
117.33262680797174
114.00154707922114
101.06666666666666
118.9994934346464
115.40219646917643
116.26796461750453
107.46666666666667
115.33333333333331
107.8
104.19999999999997
114
109.39926232057948
104.06666666666666
111.86666666666666
105.59604290187195
100.39999999999998
100.53333333333333
105.26765353070614
108.73333333333332
97.46666666666667
102.73333333333333
109.46666666666667
107
110.06666666666665
109.53304892680974
105
94.73381342935255
101.53521897768115
100.46666666666668
97.19861351819756
108.73333333333335
91.33333333333334
93
88.79810704525761
95.93333333333334
94.0016539949313
92.46666666666665
95.66666666666664
75.80030672801226
86.2
86.86666666666666
79.99999999999999
79.66666666666669
79.99999999999999
77.6
81.06666666666666
71.93333333333332
80.33333333333334
0
0
0
0
0
0
0
0
0
0
11.333333333333334
43.53333333333333
38.266666666666666
45.80000000000001
44.73333333333333
47.53333333333333
44.533333333333324
45.199999999999996
47.46666666666666
50.666666666666664
49.400000000000006
47.6
49.8
51.933333333333344
51.666666666666664
54.533333333333346
62.99999999999999
71.13333333333334
80.33333333333333
86.26666666666667
87.93333333333332
90.20002696535398
97.6
105.93185817115435
104.33333333333334
98.93333333333332
107.26666666666668
99.26666666666667
106.00135147150351
106.93333333333332
120.86666666666667
114.39999999999998
106.93333333333332
113.99999999999999
106.60085344712625
111.40000000000002
120.66666666666667
114.46712895052674
120.53333333333333
117.39999999999999
116.13467573454238
116.33333333333334
119.33333333333334
104.59904901568679
123.33333333333333
119.93333333333332
117.46666666666665
124.86666666666669
125.40000000000002
116.4
121.86666666666666
121.13333333333333
131.2010312486109
126.86666666666666
125.13333333333331
132.26748455349602
137.40189409096973
134.6
122.39816024530063
103.46666666666668
92.26777355471094
91.00000000000001
89.93333333333332
88.33333333333334
48.86666666666666
21.199999999999996
21.86666666666667
16.933333333333334
17
15.733386677335467
18.066666666666666
17.46666666666667
15.26668444681513
17.133333333333333
15.399999999999999
57
58.266666666666666
66.8
67.06666666666666
64.2
58.466666666666654
67.66666666666667
69.13333333333334
72.73333333333332
68.26666666666667
68.93333333333334
71.53333333333333
70.66666666666666
72.73333333333333
66.4
71.19941341154512
80.86666666666667
75.13333333333333
82.46666666666665
72.20000000000002
73.53333333333333
79.6
85.93333333333334
89.33333333333331
85.19999999999999
84.53333333333335
77.73333333333335
75.06666666666666
67.80146696005868
85.39999999999999
83.06666666666666
79.53333333333333
81.53333333333333
81.73333333333335
70.86666666666666
80.80000000000001
83.86666666666666
85.26666666666668
94.19999999999999
91.86666666666667
81.79829469757527
73.19999999999999
76.73333333333333
69.66797385620914
69.23403046045912
62.20008891852839
69
62.46666666666667
59.93333333333333
58.53336889363026
60.53333333333333
58.93333333333333
58.866666666666674
63.800000000000004
58.13333333333333
57.86666666666666
11.266666666666666
46.6
60.06666666666666
55.19999999999999
2.2
0
0
0
0
0
0
0
0
0
1
72.06666666666666
74.46666666666667
74
78.59999999999998
82.06666666666666
80.00000000000001
77.8
84.06666666666666
94.60000000000001
81.06666666666663
82.53333333333333
86.73333333333333
91.73333333333335
90.53333333333333
91.5333333333333
91.79999999999998
91.7333333333333
96.86666666666667
87
84.33333333333334
80.46666666666667
90.46666666666665
