0.096796875
0.096796875
0.09700520833333333
0.096953125
0.09796875
0.09698784722222223
0.09701388888888889
0.09722222222222222
0.09722222222222222
0.09708333333333333
0.09708333333333333
0.09711805555555555
0.09711805555555555
0.09713541666666667
0.09713541666666667
0.09714409722222223
0.09715277777777778
0.0971875
0.09755208333333333
0.09755208333333333
0.09761284722222222
0.09763020833333333
0.09756076388888889
0.09756944444444444
0.09759548611111112
0.09746527777777778
0.09762152777777777
0.09763020833333333
0.09735243055555555
0.09721354166666667
0.10102430555555555
0.09723958333333334
0.102421875
0.097421875
0.09751736111111112
0.09751736111111112
0.09754340277777777
0.09783854166666667
0.09797743055555555
0.09798611111111111
0.09798611111111111
0.09813368055555556
0.09814236111111112
0.09818576388888889
0.09823784722222222
0.09796006944444445
0.098046875
0.098203125
0.09821180555555556
0.09828993055555556
0.09836805555555556
0.09837673611111111
0.09838541666666667
0.09841145833333333
0.0984375
0.09848090277777778
0.09848090277777778
0.09855902777777778
0.09855902777777778
0.09860243055555555
0.09840277777777778
0.09855902777777778
0.09860243055555555
0.09860243055555555
0.09871527777777778
0.09869791666666666
0.09888888888888889
0.09896701388888889
0.09902777777777778
0.09896701388888889
0.09904513888888888
0.09905381944444444
0.09907118055555555
0.09907118055555555
0.09901041666666667
0.09903645833333333
0.09913194444444444
0.09915798611111111
0.09909722222222223
0.09913194444444444
0.0990625
0.09907118055555555
0.09909722222222223
0.09909722222222223
0.099140625
0.099140625
0.09909722222222223
0.09909722222222223
0.09911458333333334
0.09911458333333334
0.09916666666666667
0.09930555555555555
0.099375
0.099375
0.09938368055555556
0.0993923611111111
0.0993923611111111
0.10364583333333334
0.09934027777777778
0.09934027777777778
0.09935763888888889
0.09951388888888889
0.10447916666666666
0.09966145833333333
0.09959201388888889
0.09959201388888889
0.099609375
0.09981770833333334
0.09981770833333334
0.10762152777777778
0.09980034722222222
0.09975694444444444
0.0998263888888889
0.0999045138888889
0.099921875
0.09999131944444445
0.09999131944444445
0.09986111111111111
0.0999045138888889
0.10422743055555556
0.09973090277777778
0.09967881944444444
0.09967881944444444
0.10230034722222223
0.09953993055555556
0.09953993055555556
0.10612847222222223
0.09969618055555556
0.099765625
0.09980902777777778
0.10566840277777778
0.108046875
0.09989583333333334
0.09991319444444445
0.09988715277777778
0.108984375
0.09988715277777778
0.09972222222222223
0.09972222222222223
0.09986111111111111
0.09987847222222222
0.10014756944444445
0.10888888888888888
0.10263888888888889
0.10032986111111111
0.10046875
0.10513888888888889
0.10048611111111111
0.10059027777777778
0.10024305555555556
0.10026041666666667
0.10012152777777777
0.10012152777777777
0.10012152777777777
0.10012152777777777
0.10014756944444445
0.10015625
0.10016493055555556
0.10030381944444444
0.10040798611111111
0.10034722222222223
0.10036458333333333
0.10012152777777777
0.10002604166666666
0.09986979166666667
0.09986979166666667
0.09995659722222222
0.10934027777777777
0.10040798611111111
0.1003125
0.10024305555555556
0.10009548611111112
0.10009548611111112
0.100234375
0.10058159722222222
0.10059027777777778
0.10071180555555556
0.10079861111111112
0.10065972222222222
0.10065972222222222
0.10065972222222222
0.10065972222222222
0.10072916666666666
0.10104166666666667
0.10104166666666667
0.10113715277777778
0.10092881944444444
0.100859375
0.10079861111111112
0.10079861111111112
0.10079861111111112
0.10079861111111112
0.10084201388888889
0.10084201388888889
0.10084201388888889
0.10092013888888889
0.10727430555555556
0.10092881944444444
0.10092881944444444
0.10092881944444444
0.10086805555555556
0.10086805555555556
0.10551215277777778
0.10086805555555556
0
0
0
0
0
0
0
0
0
0
0.0075
0.08807291666666667
0.09019097222222222
0.09120659722222223
0.09151909722222222
0.09180555555555556
0.09216145833333333
0.09219618055555556
0.10046006944444444
0.09229166666666666
0.09247395833333333
0.0925
0.0927170138888889
0.09299479166666667
0.09311631944444444
0.09337673611111111
0.09341145833333334
0.09350694444444445
0.09352430555555556
0.09395833333333334
0.09403645833333334
0.0940625
0.0940625
0.09395833333333334
0.09440972222222223
0.09471354166666666
0.09490451388888889
0.09506076388888889
0.09506944444444444
0.09513020833333333
0.09516493055555555
0.09520833333333334
0.0968142361111111
0.10414930555555556
0.09528645833333334
0.09522569444444444
0.09522569444444444
0.09527777777777778
0.0952951388888889
0.09545138888888889
0.09549479166666666
0.09552083333333333
0.09546875
0.09824652777777777
0.09563368055555556
0.09564236111111112
0.09565104166666667
0.09566840277777777
0.09568576388888889
0.09559895833333333
0.09561631944444444
0.095625
0.09895833333333333
0.095625
0.09577256944444444
0.09578993055555556
0.09579861111111111
0.09581597222222223
0.09574652777777778
0.09575520833333333
0.09575520833333333
0.09589409722222222
0.09603298611111111
0.09603298611111111
0.09604166666666666
0.09604166666666666
0.09615451388888889
0.09615451388888889
0.09615451388888889
0.09616319444444445
0.09622395833333333
0.09629340277777777
0.09623263888888889
0.09630208333333333
0.09650173611111111
0.09650173611111111
0.09638888888888889
0.09642361111111111
0.09643229166666667
0.09657986111111111
0.09661458333333334
0.09661458333333334
0.09661458333333334
0.09647569444444444
0.09626736111111112
0.09626736111111112
0.09626736111111112
0.09633680555555556
0.09635416666666667
0.09639756944444444
0.09639756944444444
0.09653645833333334
0.096484375
0.09651909722222222
0.096484375
0.09776041666666667
0.09783854166666667
0.09651909722222222
0.09682291666666666
0.0965625
0.09671006944444445
0.09671875
0.09671875
0.09671875
0.09671875
0.09671875
0.09675347222222222
0.09675347222222222
0.096796875
0.0968142361111111
0.09712673611111111
0.09730034722222222
0.0972482638888889
0.09725694444444444
0.09684027777777778
0.09670138888888889
0.09670138888888889
0.09670138888888889
0.09677951388888889
0.09678819444444445
0.09671875
0.09671875
0.09676215277777778
0.09680555555555556
0.096875
0.096875
0.09694444444444444
0.09680555555555556
0.0968142361111111
0.0968142361111111
0.09682291666666666
0.09682291666666666
0.09682291666666666
0.09682291666666666
0.09690104166666667
0.09690104166666667
0.09690972222222222
0.09690104166666667
0.09690104166666667
0.09690972222222222
0.09708333333333333
0.09709201388888888
0.09711805555555555
0.09705729166666667
0.09705729166666667
0.09692708333333333
0.096953125
0.09697048611111111
0.09697048611111111
0.09727430555555555
0.09728298611111111
0.09733506944444445
0.09733506944444445
0.09734375
0.09725694444444444
0.09729166666666667
0.09707465277777778
0.09693576388888889
0.09693576388888889
0.09703125
0.09710069444444444
0.09717013888888888
0.09717013888888888
0.09723958333333334
0.09737847222222222
0.09737847222222222
0.09738715277777778
0.09738715277777778
0.09738715277777778
0.09748263888888889
0.09752604166666666
0.09752604166666666
0.09725694444444444
0.09725694444444444
0.09727430555555555
0.09730034722222222
0.09730902777777778
0.09732638888888889
0.09735243055555555
0.0973611111111111
0.0973611111111111
0.09716145833333334
0.09736979166666666
0.09764756944444444
0.09751736111111112
0.09751736111111112
0.09744791666666666
0.09744791666666666
0.09745659722222222
0.09745659722222222
0.09723090277777778
0.09723090277777778
0.09730902777777778
0.09744791666666666
0.09763888888888889
0.09805555555555556
0.097890625
0.09798611111111111
0.09809895833333333
0.09810763888888889
0.09784722222222222
0.09785590277777778
0.0978732638888889
0.09794270833333334
0.0979513888888889
0.09802083333333333
0.09802951388888889
0.097890625
0.09776909722222223
0.09771701388888888
0.09771701388888888
0.09822916666666667
0.09799479166666666
0.09792534722222222
0.09792534722222222
0.09793402777777778
0.09793402777777778
0.09793402777777778
0.09794270833333334
0.09780381944444444
0.09803819444444445
0.09798611111111111
0.09801215277777778
0.09808159722222222
0.0979513888888889
0.09797743055555555
0.09783854166666667
0.09790798611111111
0.098046875
0.0979513888888889
0.0979513888888889
0.09796875
0.09828993055555556
0.09808159722222222
0.09810763888888889
0.1032986111111111
0.09839409722222223
0.09842013888888888
0.09842881944444444
0.09823784722222222
0.09824652777777777
0.09825520833333333
0.09805555555555556
0.0980642361111111
0.0980642361111111
0.09807291666666666
0.09809027777777778
0.09815104166666666
0.09815104166666666
0.09816840277777777
0.09817708333333333
0.09825520833333333
0.09826388888888889
0.09826388888888889
0.098203125
0.098203125
0.098203125
0.09822916666666667
0.09823784722222222
0.09831597222222223
0.09832465277777777
0.09833333333333333
0.09834201388888889
0.09842881944444444
0.09846354166666667
0.098671875
0.09871527777777778
0.09868055555555555
0.0986892361111111
0.09870659722222222
0.09856770833333334
0.09859375
0.09859375
0.09854166666666667
0.0985763888888889
0.0985763888888889
0.0985763888888889
0.09859375
0.09852430555555555
0.09852430555555555
0.09853298611111111
0.09853298611111111
0.09855034722222222
0.098203125
0.09821180555555556
0.09835069444444444
0.09836805555555556
0.09836805555555556
0.09816840277777777
0.09816840277777777
0.09818576388888889
0.09833333333333333
0.09828125
0.09828993055555556
0.09832465277777777
0.09818576388888889
0.098203125
0.09835069444444444
0.0984982638888889
0.0984982638888889
0.09850694444444444
0.09845486111111111
0.09838541666666667
0.09817708333333333
0.09810763888888889
0.09810763888888889
0.09810763888888889
0.09817708333333333
0.09838541666666667
0.09817708333333333
0.09817708333333333
0.09817708333333333
0.09818576388888889
0.09825520833333333
0.09854166666666667
0.09854166666666667
0.09855034722222222
0.09855902777777778
0.09856770833333334
0.09856770833333334
0.09850694444444444
0.09844618055555555
0.09844618055555555
0.09844618055555555
0.09859375
0.10016493055555556
0.09861111111111111
0.09861979166666666
0.09863715277777778
0.09864583333333334
0.09907986111111111
0.09865451388888889
0.09865451388888889
0.09853298611111111
0.09855034722222222
0.09855034722222222
0.09855902777777778
0.09860243055555555
0.09860243055555555
0.09868055555555555
0.09868055555555555
0.09890625
0.09978298611111111
0.09875
0.09875868055555556
0.10553819444444444
0.09869791666666666
0.09870659722222222
0.09878472222222222
0.09885416666666667
0.09892361111111111
0.09892361111111111
0.09870659722222222
0.0986892361111111
0.0984982638888889
0.0984982638888889
0.09856770833333334
0.09870659722222222
0.0984375
0.09845486111111111
0.09846354166666667
0.09846354166666667
0.09847222222222222
0.09848958333333334
0.09850694444444444
0.09858506944444445
0.098671875
0.0986892361111111
0.09871527777777778
0.0987673611111111
0.09883680555555556
0.09892361111111111
0.09907118055555555
0.099140625
0.09893229166666667
0.09893229166666667
0.09897569444444444
0.0990625
0.09907118055555555
0.09907986111111111
0.09894097222222223
0.09895833333333333
0.09895833333333333
0.09897569444444444
0.098984375
0.09899305555555556
0.099140625
0.09914930555555555
0.09907986111111111
0.09901041666666667
0.09901041666666667
0.09901909722222223
0.09907118055555555
0.09891493055555556
0.09891493055555556
0.09877604166666666
0.09855034722222222
0.09855034722222222
0.09861979166666666
0.09861979166666666
0.09863715277777778
0.09856770833333334
0.09856770833333334
0.09856770833333334
0.0985763888888889
0.09865451388888889
0.09881076388888889
0.0987673611111111
0.09887152777777777
0.09888020833333333
0.09890625
0.09887152777777777
0.09889756944444444
0.09891493055555556
0.09892361111111111
0.10325520833333333
0.09901909722222223
0.09888888888888889
0.09888888888888889
0.09888888888888889
0.0990625
0.0990625
0.09907986111111111
0.09921875
0.09921875
0.09902777777777778
0.09895833333333333
0.09895833333333333
0.09899305555555556
0.09905381944444444
0.098984375
0.098984375
0.09891493055555556
0.09884548611111112
0.09880208333333333
0.09880208333333333
0.09873263888888889
0.09873263888888889
0.09875868055555556
0.09879340277777778
0.09901041666666667
0.09921875
0.09919270833333334
0.10376736111111111
0.09915798611111111
0.09915798611111111
0.09915798611111111
0.09918402777777778
0.09918402777777778
0.09922743055555555
0.09925347222222222
0.09928819444444445
0.09928819444444445
0.09930555555555555
0.09930555555555555
0.09930555555555555
0.09923611111111111
0.09923611111111111
0.09923611111111111
0.09923611111111111
0.09923611111111111
0.09930555555555555
0.09930555555555555
0.09934027777777778
0.09938368055555556
0.10735243055555556
0.09938368055555556
0.09940104166666666
0.09938368055555556
0.09934895833333333
0.099375
0.099375
0.10673611111111111
0.09940104166666666
0.09940104166666666
0.09940104166666666
0.09947048611111112
0.09970486111111111
0.09953993055555556
0.09948784722222222
0.09934895833333333
0.09934895833333333
0.100625
0.09934895833333333
0.09936631944444445
0.09936631944444445
0.09936631944444445
0.099375
0.099453125
0.099453125
0.09947048611111112
0.09947916666666666
0.09948784722222222
0.09958333333333333
0.09960069444444444
0.09961805555555556
0.09966145833333333
0.09966145833333333
0.09967013888888888
0.09967881944444444
0.09962673611111111
0.09955729166666667
0.09955729166666667
0.09943576388888889
0.09964409722222223
0.09965277777777778
0.09965277777777778
0.09965277777777778
0.09958333333333333
0.099375
0.099375
0.09951388888888889
0.09951388888888889
0.09965277777777778
0.09960069444444444
0.09978298611111111
0.09946180555555556
0.09946180555555556
0.09960069444444444
0.09973958333333334
0.09980902777777778
0.09987847222222222
0.0998263888888889
0.099765625
0.099765625
0.0999045138888889
0.0999045138888889
0.09991319444444445
0.09984375
0.09984375
0.09977430555555555
0.09964409722222223
0.09970486111111111
0.09963541666666667
0.09963541666666667
0.09970486111111111
0.09984375
0.09984375
0.09991319444444445
0.09991319444444445
0.09991319444444445
0.099921875
0.09965277777777778
0.09965277777777778
0.09965277777777778
0.09965277777777778
0.09973090277777778
0.09952256944444444
0.09952256944444444
0.09960069444444444
0.09964409722222223
0.09964409722222223
0.09993923611111111
0.09960069444444444
0.099609375
0.09964409722222223
0.09965277777777778
0.09979166666666667
0.09986979166666667
0.09986979166666667
0.09987847222222222
0.09987847222222222
0.09994791666666666
0.09994791666666666
0.09996527777777778
0.10003472222222222
0.10018229166666667
0.10231770833333333
0.10033854166666667
0.10020833333333333
0.10024305555555556
0.10024305555555556
0.10028645833333333
0.10029513888888889
0.10043402777777778
0.10046875
0.10019965277777777
0.10019965277777777
0.10019965277777777
0.10019965277777777
0.10019965277777777
0.10013020833333333
0.10026909722222223
0.10024305555555556
0.10038194444444444
0.10069444444444445
0.10040798611111111
0.10040798611111111
0.10043402777777778
0.10024305555555556
0.10025173611111111
0.09993055555555555
0.09993055555555555
0.09993055555555555
0.09993055555555555
0.10025173611111111
0.10010416666666666
0.09996527777777778
0.09996527777777778
0.09996527777777778
0.09996527777777778
0.09996527777777778
0.1
0.10000868055555556
0.1000173611111111
0.10003472222222222
0.09989583333333334
0.09999131944444445
0.10013888888888889
0.10013888888888889
0.10013888888888889
0.10015625
0.10009548611111112
0.10009548611111112
0.10010416666666666
0.10011284722222222
0.10011284722222222
0.10012152777777777
0.10013020833333333
0.10013020833333333
0.09998263888888889
0.10005208333333333
0.10005208333333333
0.10005208333333333
0.10026041666666667
0.10028645833333333
0.10017361111111112
0.10017361111111112
0.10012152777777777
0.10013020833333333
0.10022569444444444
0.10046875
0.10046875
0.10033854166666667
0.10035590277777778
0.10035590277777778
0.10035590277777778
0.10050347222222222
0.10051215277777778
0.10065972222222222
0.10067708333333333
0.10046875
0.10032986111111111
0.10005208333333333
0.10005208333333333
0.09998263888888889
0.09998263888888889
0.09998263888888889
0.09999131944444445
0.10006076388888889
0.10013888888888889
0.10013888888888889
0.10015625
0.10015625
0
0
0
0
0
0
0
0
0
0
0.08555555555555555
0.08768229166666666
0.09001736111111111
0.09049479166666667
0.09096354166666666
0.09125868055555555
0.09126736111111111
0.09135416666666667
0.09144097222222222
0.09144965277777778
0.09168402777777777
0.09174479166666667
0.09185763888888888
0.09188368055555556
0.09217013888888889
0.09217881944444445
0.09231770833333333
0.09247395833333333
0.09259548611111111
0.09261284722222222
0.09256076388888888
0.09379340277777778
