0.024210286833333445
0.13285878216666624
0.2642687394999997
0.26263180200000014
0.4291412516666663
0.2856838276666664
0.3457943976666667
0.3637482446666666
0.5329603068333336
0.36284321700000055
0.36705289616666664
0.5483969585000008
0.5081588760000008
0.2212452294999991
0.3368395258333336
0.6458479566666662
0.6741638053333338
0.535464963999999
0.6174224259999997
0.49888459900000015
0.46270966183333445
0.5486061800000025
0.604956747833332
0.4234359095000002
0.4888391100000007
0.20427515133333427
0.4256422289999998
0.40796548050000087
0.3350503834999993
0.3055815373333341
0.2522789644999979
0.2749390100000018
0.41434029733332994
0.3384069941666657
0.37654970349999906
0.4153004878333348
0.3662176580000012
0.7191691243333338
0.6270403211666699
0.5635474128333299
0.5774826465000018
0.6626848440000023
0.6662386861666647
0.6246820709999998
0.562567826833335
0.508779592333326
0.3831802806666644
0.2860627756666645
0.3032747978333343
0.33289236583333565
0.40316359083333464
0.37336304716666285
0.2991878920000014
0.29710847050000666
0.3122505380000007
0.31436544016666323
0.39675790449999226
0.3239050669999983
0.13128135533332852
0.20280479483333616
0.18849944550000447
0.15140333849999857
0.27734920550000197
0.11214560983333399
0.23843455050000745
0.17406953916666149
0.37638587966666626
0.33082627850000296
0.456592723
0.3497766556666685
0.3648751206666626
0.5144954953333354
0.3851295914999942
0.5688431003333392
0.48963415250000253
0.4224340811666612
0.26591531966666554
0.25672273950000124
0.26254868199999726
0.23562283616666946
0.30480333200000587
0.45435719433333094
0.5688573376666662
0.31249767349999996
0.4858962206666698
0.5564036684999962
0.30706214733333087
0.44039439116666773
0.5891843711666713
0.5209324264999963
0.3265262390000032
0.545552260333333
0.4789332178333343
0.3476668155000008
0.47046422349999756
0.41135009116666765
0.506632612333334
0.286002440499999
0.5405153671666671
0.5186307371666695
0.3320035724999949
0.2779654499999916
0.37145274650000215
0.17960506966666875
0.24305084750000103
0.2524616473333291
0.2905541616666672
0.14283372116667198
0.28692861666667113
0.530215868833333
0.20512089400000377
0.47304651749999493
0.5653647316666668
0.5936036174999989
0.5724557398333255
0.5975530253333355
0.8904016038333301
0.6597910708333263
0.6891491786666583
0.5869254570000066
0.27053212450001257
0.32765038516665373
0.29318846116666464
0.2745354203333363
0.47514747883332115
0.31170279533334144
0.32987770416665774
0.4453226148333253
0.3430592825000076
0.3762238356666595
0.31431918500000694
0.3449813568333297
0.41994212333334713
0.2626635935000081
0.3278512315000057
0.3267748731666605
0.3129329136666759
0.2748895129999861
0.3046037885000032
0.22157649766667947
0.23001755883332936
0.2994453536666697
0.21337995966666765
0.4856075556666799
0.5132635568333322
0.5078371526666577
0.3400540635000008
0.29411712450000016
0.5181075916666675
0.23007760066667512
0.5015593753333292
0.5145502608333459
0.21267405083333793
0.315931108666651
0.17223412649999165
0.3259791838333399
0.5009850948333299
0.39837317800000466
0.18023412500000782
0.6082436288333307
0.5312863398333434
0.4808521886666502
0.5063551361666516
0.304350882333343
0.534956336500007
0.5520436994999992
0.5053418043333219
0.5284926593333239
0.5064053801666546
0.5708060805000059
0.42524656849999093
0.445046767000008
0.5422073081666667
0.5484986818333368
0.24397595966667038
0.4810184648333309
0.37797810050000175
0.36701591883333623
0.33700280600000565
0.30962279383334135
