0.02635160466666638
0.04449430949999981
0.03593559616666712
0.03461269616666662
0.07311043183333332
0.07155915333333358
0.06693556499999964
0.060966241999999816
0.07058134199999995
0.09693138149999983
0.06106070416666635
0.09775483650000004
0.0981448571666667
0.07473733483333332
0.11039032116666664
0.0442935921666668
0.10621237383333337
0.0962017648333333
0.04562099583333356
0.06994823299999926
0.07730784150000028
0.11097487683333303
0.060230446999999764
0.0365362711666665
0.10125790766666753
0.032622902333333315
0.05648566883333335
0.06192442500000084
0.054388215833333454
0.0492119725000002
0.047037412999999376
0.049511750166666715
0.05254192599999996
0.04429733566666745
0.07381216399999957
0.07306806099999955
0.07346106216666706
0.11937071299999974
0.10196180566666631
0.11674865216666673
0.09461021966666767
0.0977376025000005
0.0809730420000001
0.10649408416666617
0.09464067016666769
0.06375580750000036
0.06010152899999946
0.07189216700000026
0.07190328683333291
0.05200619083333299
0.06187530350000022
0.06325595183333377
0.08932878283333304
0.06261977633333397
0.038479225666666395
0.05346759883333262
0.06862095416666728
0.07627407166666582
0.026249268500000273
0.034975948833332396
0.052120203166666094
0.02968890283333299
0.042746280499999983
0.03342625533333413
0.05408357366666649
0.05808877916666688
0.05656746750000015
0.059494460166665895
0.0818590661666647
0.07257434000000036
0.08068304783333247
0.07482069516666456
0.057341174166668424
0.06386911766666732
0.0752443018333319
0.06392392016666548
0.06275880916666665
0.04725198533333241
0.05230880483333303
0.05430948950000195
0.050159072666666304
0.039092102499999726
0.06683260383333334
0.03867877216666452
0.08069438049999887
0.08471019533333173
0.08772065650000134
0.08592850316666537
0.09319068783333269
0.08217025350000047
0.08611133700000076
0.08383003649999902
0.07694370099999996
0.101841044500001
0.08135736949999975
0.07725423549999988
0.04822693716666511
0.08201119866666554
0.08094396799999969
0.09101039500000022
0.078911637166667
0.05651984899999954
0.07262044216666652
0.0734678466666665
0.024144852166666432
0.0489140566666677
0.054736592499999404
0.06548303733333208
0.04338162833333333
0.06198457800000057
0.08078998266666558
0.0909552689999984
0.05863543183333301
0.09467389949999944
0.059295476999999146
0.09736201700000179
0.10113600483333347
0.09465417250000029
0.124401756333332
0.10100715099999984
0.07637510833333512
0.06432861233333396
0.06483486133333352
0.061203099666668
0.06396386066666555
0.0477059939999999
0.08522189033333423
0.06652035033333448
0.045015077833333805
0.041111894666665684
0.0650803436666673
0.03894190916666673
0.08279305150000008
0.04538219349999887
0.052403466166666135
0.0701495208333327
0.04168249466666651
0.027221887500000246
0.058589986500000656
0.05501630483333504
0.05860869999999825
0.05381732100000155
0.03552345883333411
0.08702514116666765
0.07309920450000125
0.07477079150000066
0.038750931166665246
0.085999419833333
0.09358744899999748
0.10335239200000028
0.07059368550000045
0.11134903283333604
0.04640319033333165
0.05302560350000362
0.05646257650000071
0.05124964800000005
0.06455258049999675
0.0262165604999988
0.03768824233333608
0.07117598733333352
0.05977608050000071
0.06585297716667071
0.07180433483333577
0.07422539716666658
0.09389593050000163
0.0936467786666668
0.08078283850000406
0.05503301399999808
0.07732547933333458
0.06933563100000127
0.08125922600000024
0.05018022500000067
0.09014491033333152
0.0661462796666683
0.06259277466666427
0.07031679283333384
0.06374089983333418
0.06049047483333443
0.058597568999999794
0.04275607283333234
