32.86666666666667
23
27.933333333333334
24.93333333333333
31.733333333333334
27.06666666666667
26.8
31.6
26.6
27.4
29.733333333333334
28.333333333333332
28.466666666666665
29.53333333333333
29.400000000000002
27.6
48.12849623559198
40
46.733333333333334
45.86666666666667
42.8
44
48.53333333333333
46.53333333333334
45.06666666666666
48.93333333333334
49.8
49.66666666666667
46.93333333333333
45.53333333333333
48.86666666666667
47.06666666666666
46.46666666666667
54.400000000000006
54.33298666666666
55.18904444444445
50.8
60.39826888888889
62.93333333333332
65.73333333333333
63.266666666666666
67.06666666666666
72.66666666666666
70.93324445629472
80.19999999999999
81.86685335822554
79
77.53333333333335
82.33333333333334
87.93333333333334
81.80013335111349
86.61563566217956
82.19999999999999
85.8
82.26666666666665
88.80000000000001
88.66666666666669
88.66666666666666
88.33348002933919
89.53333333333333
90.73333333333332
88.66666666666666
90.80077364279045
90.46666666666667
90.79562783257799
88.66638226014311
87.73360892563453
96.20026670222698
97.6
96.73333333333332
93.19999999999999
90.19979558281118
100.6657873115271
96.19934239758285
94.39999999999999
98.13248034119687
97.19980447051503
98.66666666666667
95.46637337243922
95.4658855900235
93.33333333333334
95
92.93333333333334
95.46666666666667
91.53333333333333
89.19991112296137
97.13333333333333
97.86666666666665
90.4657337065174
89.93293338665954
89.93391118815843
96.00000000000001
88.80017336800694
95.9335645060905
94.73312002844067
95.4013601813575
86.26666666666667
75.4
7.3999999999999995
87.4
88.99999999999999
83.53283562191707
83.93396452860381
86.66666666666667
83.66655124503497
84.33333333333333
84.40053340445392
86.73296004977114
84.46666666666665
81.33333333333331
87.13292008265013
87.66615124855592
80.80182343784746
83.80111148160499
83.13333333333333
80.60000000000002
82.06725805375841
79.06666666666666
76.66666666666666
79.93294227436341
80.5334489635576
78.73266679997334
78.26666666666667
81.06666666666668
78.53286228502866
78.46666666666667
72.2
72.86666666666666
79.1335466951149
73.86583133386651
76.06666666666666
74
76.86666666666666
72.73383117749032
75.00080032012804
75.9332090998193
78.13333333333334
81.86666666666666
71.66693336889364
84.26666666666667
80.66698670933901
74.86666666666667
71.8
78.4
64.46666666666667
78.20000000000002
84.46710675468427
88.93526312279062
79.13333333333334
89.26743131501732
91.86666666666666
84.46666666666665
92.06666666666666
89.4
100.33368004622837
85.79999999999998
92.26338732253551
92.79999999999998
96.13307572561142
101.13333333333334
104.73416014224759
97.06666666666666
99.19940011997599
102.6
94.8
98.66666666666667
99.6664802506592
97.33333333333334
94.73333333333333
95.53128038277832
99.26691558874516
99.20037338311775
102.40575259357018
101.86633782162377
98.4665690352664
93.39999999999999
0
96.66666666666666
95.73333333333333
108.7333333333333
101.53333333333333
104.46666666666667
104.80000000000001
106.6
107.59999999999998
107.6
104.99920015996801
102.6
100.06666666666668
90.46666666666665
96.65912301745968
86.93314748797027
85.7994267813104
80.59999999999998
81.19999999999999
87.53333333333335
87.0662844954006
80.6
77.53347557452103
80.6
75.73333333333333
72.00053340445392
76.39999999999999
27.799999999999997
28.6
24.46666666666667
29.46666666666667
29.066666666666666
28.46666666666667
27
31.133333333333333
33.400000000000006
31.133333333333333
30.799999999999997
71.53333333333333
73.53333333333332
73.93333333333334
72.73333333333333
74.07673157286388
81.53333333333333
81.86666666666667
83.73333333333335
82.13333333333333
79.46666666666665
82.73333333333332
77.73333333333333
79.20000000000002
32.46666666666666
75.26666666666667
76.93333333333332
81.13333333333334
82.26562708250033
80.86718235974038
76.13333333333333
77.66666666666666
0
93.86666666666667
85.26738676267946
83.73333333333332
86.06629350747428
84.9328626001704
85.19999999999999
87.86666666666665
94.79999999999998
94.33333333333331
84.59999999999998
84.93333333333334
76.26666666666667
72.33237371717979
78.26666666666667
75.26666666666665
76.13333333333333
85.4
75.19902248289345
68.80000000000001
66.73333333333333
72.2
75.46666666666667
78.3336800462284
71.66666666666667
78.8
69.6
66.53312003318139
74.06639114784696
77.39907580200834
76.39975114429187
73.40048009601921
74.66554689062187
73.26666666666665
71.13333333333333
55.53333333333334
46.46666666666667
49.599999999999994
50.13333333333333
53.86666666666667
54.66666666666667
56.73358671734347
55.39999999999999
68.53333333333333
66.8
73.19999999999999
71.13333333333334
77
76.33333333333334
81.86666666666667
70.53333333333333
73.53333333333333
78.59999999999998
76.86666666666666
85.19999999999999
81.86666666666666
79.06632006931949
81.8
79.13294674398455
76.33333333333334
77.66666666666666
78.53333333333336
71.93333333333332
70.66666666666667
72.86666666666667
80
82.41139859518094
82.73292008265014
87.66666666666667
83.39999999999999
77.53333333333333
0
0
0
0
0
0
0
0
0
0
4.4
47.466666666666676
47
41.53333333333333
49.46666666666667
49.53333333333334
48.000000000000014
54.2
52.59999999999999
55.2
52.33333333333333
57.39999999999999
62.266666666666666
59.19999999999999
60.19999999999999
61.39999999999999
67.6
64.99999999999999
62.86666666666667
74.73333333333332
70.6
68.53333333333333
64.26666666666667
70.399400119976
70.93353780504067
72.33333333333334
74.93333333333334
69.06666666666666
77.66666666666667
76.46666666666665
76
82.46666666666667
92.26666666666667
86.464663691071
84.33333333333333
82.13333333333333
82.39999999999999
83.40008003201282
87.73333333333332
90.13333333333333
81.99916466719985
85.60000000000001
88
89.26666666666667
85.33333333333333
98.26666666666668
93.46676001867039
86.73333333333333
87.53333333333333
95.8
94.99999999999999
94.33378675735146
91.06666666666666
92.73333333333333
90
91.46666666666667
93.93333333333335
88.26742681869706
95.46666666666667
100.26666666666665
101.13333333333333
101.46666666666667
101.86666666666666
98.46666666666664
91
86.93398697169789
89.73333333333332
85.66666666666667
96
90.26666666666665
89.53333333333333
86.2
80.53333333333332
91.86666666666665
89.6
87.93305338932214
95.06666666666666
91.60000000000001
93.59999999999997
94.8
90.26666666666667
90.59999999999998
86.53333333333333
87.73333333333332
83.73333333333332
89.39999999999999
89.66666666666666
26.133333333333333
19.198720170643917
18.133333333333333
20.133333333333333
16
16.933333333333334
16.666666666666664
16.133333333333333
15.600000000000001
12.733333333333334
14.8
13.733333333333334
32.46666666666667
47.8
48.33333333333334
46.93333333333334
45.33333333333332
47.199999999999996
46.53322225924691
43.46666666666667
38.73333333333333
41.93333333333333
42.8
37.666666666666664
38
34.53333333333334
37.333333333333336
35.53333333333333
34.86666666666667
36.8
33
43.39999999999999
48
53.93333333333334
53.8
53.8
56.400000000000006
58.33333333333334
49
52.533333333333346
55.06666666666666
51.8
54.800000000000004
60.46666666666667
61.73230277185501
70.60000000000001
70.93333333333334
78.39966226725325
79.19999999999999
75.99877366035723
85
90.06621342398186
93.73333333333333
93.93333333333332
88.39999999999999
93.93333333333334
92
92.66666666666667
105.46666666666667
97.53333333333333
97.53333333333333
97.80000000000001
100.53333333333332
90.13333333333333
99.19999999999999
100.06666666666666
95.06666666666666
90.86666666666667
101.06666666666668
97.06666666666666
98.4
91.79999999999998
104.06644447407012
96.8
106.26757808158276
102.26666666666665
106.73333333333335
107.39920015996799
98.7341690269867
94.93333333333334
109.4
39.06666666666667
69.06666666666668
103.93296004977113
113.19999999999999
109.00000000000001
102.86666666666667
78.33333333333334
87.93356447526335
79.53333333333333
73.46666666666665
71.93333333333334
63.867040049784414
54.06666666666667
38.66666666666667
36.53333333333334
33.266666666666666
33.6
36.53333333333334
33.6
29.73333333333333
34.13333333333333
33.46666666666667
34.86666666666667
38.46666666666666
64.66686224829976
62
70.13373341334935
63.39961782873394
67.73333333333332
69.86666666666669
68.06666666666668
67.26666666666665
67.53333333333332
69.93333333333334
71.66666666666667
73.13333333333333
71.13333333333333
63.26666666666666
73.40000000000002
72.39999999999999
74.46666666666668
73.13333333333333
74.46666666666668
68.4
68.26666666666667
63.6
66.93333333333334
69.53333333333333
77.73333333333332
65.66666666666666
2.8
67.8
73.2
71.66666666666666
72.33333333333331
67.93333333333331
71.06666666666666
70.46666666666667
64.33333333333333
73.26666666666667
78.8658447184272
81.86666666666669
65.13333333333334
61.86650668799715
61.6
59.733333333333334
53.79999999999999
55.066666666666656
47.86666666666667
50.86666666666667
56.199999999999996
46.13333333333332
54.33333333333334
47.13333333333333
45.66666666666667
49.599999999999994
49.39999999999999
49.93345335733813
47.73333333333333
46.53333333333333
43.400000000000006
44.99999999999999
43.33333333333333
45.33333333333332
43.79999999999999
51.133333333333326
51.26666666666667
45.666666666666664
53.8
49.133333333333326
49.4
0.26666666666666666
58.26666666666666
66.46666666666665
62.400000000000006
64.13333333333333
79.99999999999999
77.86666666666665
71.93333333333334
73.66666666666667
81.53333333333335
82.06666666666665
74.40000000000002
77.26666666666665
77.60000000000002
30.066906714676264
0
0
0
0
0
0
0
0
0
0
65.3576
67.13333333333334
72.73333333333332
72.46709341868376
79.4
77.19999999999999
75.13333333333334
75.53333333333333
70.26666666666667
74.39999999999999
75.53333333333335
74.93360005334398
73.66666666666666
70.86666666666666
82.46666666666667
73.86666666666667
72.33333333333331
61.06666666666668
35.53333333333333
40.199999999999996
44.93333333333334
48.666666666666664
47.73333333333333
46.33333333333332
45.73333333333334
53.199999999999996
56.79999999999999
53.86666666666667
57.800000000000004
57.733333333333334
55.533520087151764
56.400000000000006
60.733333333333334
59.73333333333333
63.33333333333334
61.13333333333334
71.73333333333332
67.46666666666667
70.99999999999999
70.73333333333333
71.6004178334889
73.93333333333334
63.733333333333334
73.13333333333333
75.73333333333333
72.80000000000001
75.93333333333332
81.66666666666667
80.53333333333335
84.00000000000001
89.33333333333333
82.33333333333333
81.53333333333333
85.73333333333333
81.99999999999999
84.00000000000001
78.26666666666665
87.73381342935254
81.46666666666665
87.06666666666668
82.33333333333334
86.73333333333335
89.13376005689646
88.53333333333333
90.79926232057947
90.2
92.66666666666667
90.59999999999998
87.39999999999998
87.00000000000001
89.60000000000002
94.93393345335733
93.79940011997599
90.46666666666667
96.39961341065118
96.86744909753712
87.06666666666668
97.06645337599147
96.8678093783111
101.06732453215984
92.33333333333333
95.66666666666667
91.8
93.4
97.33333333333334
88.99964449184553
92.73333333333333
91.80263146197271
91.33157462305422
85.6
85.73333333333333
81.40045342401811
95.46666666666667
82.46666666666667
86.79999999999998
87.99999999999999
90.46666666666667
91.46666666666665
93.19985779673821
87.06666666666668
84.20020004000799
84.46775178635545
81.73333333333332
85.53264898013597
88.93333333333334
72.60000000000001
87.33333333333331
84.06573351996266
79.26666666666665
81.20074696545282
79.13333333333333
79.86666666666667
72.60017336800695
72.13333333333333
76.20000000000003
69.33333333333334
71.13333333333333
69.2
58.6
68.06666666666666
61.13333333333334
65.06666666666668
0
0
0
0
0
0
0
0
0
0
1.4666666666666666
35.933333333333344
34
37.93333333333334
38.33333333333332
40.06666666666666
38.66666666666667
40.06666666666666
42.93333333333334
38.6
41.46666666666666
40.00000000000001
39.93333333333334
43.266666666666666
45.4
44.73333333333332
55.86666666666668
59.53333333333333
70.59999999999998
76.33333333333334
71.6
76.80002235704661
78.06666666666666
89.99932462454457
90.46666666666665
78.53333333333333
88.73333333333333
84.19999999999999
91.53393793900597
91.06666666666666
104.6
95.86666666666667
84.6
99.46666666666664
92.60040005334042
100.66666666666667
100.2
96.73355558518912
96.80000000000001
98.46666666666665
91.80068453571587
97
94.79999999999998
92.1328533973248
99.86666666666669
103.86666666666669
92.26666666666665
106.93333333333332
104.13333333333333
96.46666666666667
101.99999999999999
105.73333333333333
112.66715562074943
113.93333333333334
105.4666666666667
115.20042672356315
115.7343203948246
102.4
99.3324090121317
89.26666666666668
82.20053344002133
76.26666666666667
72.2
71.46666666666667
63.4
14.666666666666666
16.266666666666666
12.666666666666668
11.933333333333334
10.8
14.666666666666666
12.333333333333332
11.466666666666667
11.733333333333333
17.066666666666666
41.8
50.8
55.400000000000006
58.333333333333336
56.99999999999999
45.8
60.73333333333333
60.39592054392748
62.333333333333336
55.86666666666666
56.86666666666667
61.4
62.60000000000001
60.53333333333333
56.133333333333326
63.33309336532906
66.8
64.33333333333333
69.59999999999998
61.133333333333326
61.26666666666668
68.4
77.06666666666666
71.60000000000001
71.53333333333333
68.66666666666666
69.73333333333333
64.86666666666667
61.73402680536109
67.06666666666665
69.19999999999997
68.73333333333332
68.86666666666669
66.46666666666665
65.33333333333331
67.46666666666667
68.73333333333333
70.53333333333333
77.73333333333333
75.33333333333333
74.13253397282175
59.000000000000014
61.73333333333333
59.067280245431505
53.199999999999996
52.60008891852841
58.266666666666666
56.4
55.26666666666666
48.3333511134818
55.400000000000006
52.93333333333333
51.66666666666667
54.8
49.53333333333333
49.53333333333334
25.000000000000004
20.466666666666665
51.800000000000004
40.8
23.199999999999996
15.8
16.466666666666665
20
17.066666666666666
21.933333333333334
16.666666666666664
19.866666666666667
23.466666666666665
23.333333333333332
23.666666666666664
59.06666666666667
62.133333333333326
64.13333333333334
73.26666666666667
73.33333333333333
66.6
67.66666666666666
73.26666666666667
73.86666666666666
65.13333333333334
71.93333333333334
72.66666666666667
77.60000000000001
67.66666666666667
78.99999999999999
75.53333333333333
76.46666666666668
80.06666666666668
70.53333333333332
70.726374725055
69.93333333333331
75.13333333333333
