0.307220458984375
0.304473876953125
0.306182861328125
0.3060302734375
0.306854248046875
0.307861328125
0.30853271484375
0.308502197265625
0.30780029296875
0.306884765625
0.312042236328125
0.30767822265625
0.305450439453125
0.30694580078125
0.310791015625
0.307769775390625
0.307891845703125
0.311920166015625
0.307464599609375
0.30584716796875
0.305816650390625
0.307220458984375
0.30804443359375
0.305999755859375
0.305511474609375
0.3095703125
0.3065185546875
0.3070068359375
0.307220458984375
0.306304931640625
0.3106689453125
0.308135986328125
0.317718505859375
0.30963134765625
0.3065185546875
0.309661865234375
0.30682373046875
0.30535888671875
0.306396484375
0.3095703125
0.3072509765625
0.308502197265625
0.3052978515625
0.305755615234375
0.306427001953125
0.307342529296875
0.3074951171875
0.3082275390625
0.30694580078125
0.306427001953125
0.3099365234375
0.307830810546875
0.313232421875
0.3076171875
0.30804443359375
0.30718994140625
0.30548095703125
0.305877685546875
0.3052978515625
0.3056640625
0.30615234375
0.30682373046875
0.308349609375
0.3043212890625
0.3060302734375
0.304962158203125
0.3057861328125
0.305145263671875
0.3037109375
0.304168701171875
0.30462646484375
0.30694580078125
0.3072509765625
0.3052978515625
0.304168701171875
0.307769775390625
0.303436279296875
0.307525634765625
0.307464599609375
0.308624267578125
0.30865478515625
0.30389404296875
0.3038330078125
0.304351806640625
0.308563232421875
0.30792236328125
0.30401611328125
0.304901123046875
0.303741455078125
0.304290771484375
0.3038330078125
0.303131103515625
0.30438232421875
0.305328369140625
0.30584716796875
0.3072509765625
0.305084228515625
0.30535888671875
0.307525634765625
0.303466796875
0.30517578125
0.30328369140625
0.303131103515625
0.30517578125
0.305267333984375
0.305999755859375
0.3062744140625
0.304901123046875
0.307342529296875
0.3062744140625
0.3057861328125
0.30572509765625
0.30755615234375
0.30621337890625
0.307708740234375
0.306976318359375
0.304595947265625
0.30548095703125
0.307861328125
0.303863525390625
0.32659912109375
0.3045654296875
0.304351806640625
0.306671142578125
0.308837890625
0.303497314453125
0.304107666015625
0.304046630859375
0.305084228515625
0.306243896484375
0.30511474609375
0.30474853515625
0.30731201171875
0.3087158203125
0.30908203125
0.305755615234375
0.309906005859375
0.30462646484375
0.30609130859375
0.3076171875
0.30584716796875
0.30523681640625
0.306976318359375
0.304351806640625
0.30487060546875
0.304962158203125
0.307708740234375
0.308441162109375
0.306365966796875
0.30596923828125
0.306549072265625
0.306304931640625
0.30682373046875
0.307037353515625
0.30706787109375
0.306243896484375
0.3074951171875
0.309539794921875
0.307891845703125
0.30548095703125
0.306396484375
0.30926513671875
0.308380126953125
0.307952880859375
0.30596923828125
0.307708740234375
0.306732177734375
0.308685302734375
0.305572509765625
0.306915283203125
0.3072509765625
0.3074951171875
0.306243896484375
0.3045654296875
0.304412841796875
0.308380126953125
0.304962158203125
0.3072509765625
0.30804443359375
0.30596923828125
0.30535888671875
0.3065185546875
0.307220458984375
0.307373046875
0.306732177734375
0.308349609375
0.309844970703125
0.306182861328125
0.3077392578125
0.305999755859375
0.3074951171875
0.309478759765625
0.30877685546875
0.307464599609375
0.304962158203125
0.3096923828125
0.303955078125
0.303863525390625
0.305633544921875
0.307647705078125
0.30487060546875
0.305450439453125
0.305389404296875
0.304351806640625
0.304351806640625
0.307373046875
0.3045654296875
0.308837890625
0.3104248046875
0.305694580078125
0.30487060546875
0.307098388671875
0.30474853515625
0.306427001953125
0.304443359375
0.30682373046875
0.30401611328125
0.30804443359375
0.306427001953125
0.30902099609375
0.30853271484375
0.307586669921875
0.303680419921875
0.30596923828125
0.30596923828125
0.30706787109375
0.304779052734375
0.305816650390625
0.3096923828125
0.303802490234375
0.307464599609375
0.30303955078125
0.30865478515625
0.306396484375
0.307952880859375
0.30633544921875
0.30548095703125
0.30499267578125
0.30755615234375
0.309112548828125
0.307159423828125
0.304840087890625
0.30718994140625
0.304229736328125
0.3072509765625
0.306121826171875
0.304840087890625
0.3045654296875
0.30401611328125
0.303466796875
0.30682373046875
0.30712890625
0.3045654296875
0.3052978515625
0.317413330078125
0.303497314453125
0.305816650390625
0.307952880859375
0.3038330078125
0.30999755859375
0.3060302734375
0.306121826171875
0.30279541015625
0.305572509765625
0.306396484375
0.30316162109375
0.306121826171875
0.30364990234375
0.306640625
0.306854248046875
0.3062744140625
0.30657958984375
0.3060302734375
0.3067626953125
0.30487060546875
0.306060791015625
0.30780029296875
0.3043212890625
0.307708740234375
0.30731201171875
0.3056640625
0.30450439453125
0.304290771484375
0.30401611328125
0.309478759765625
0.306365966796875
0.303955078125
0.306182861328125
0.303924560546875
0.30633544921875
0.306365966796875
0.30413818359375
0.305694580078125
0.30780029296875
0.30535888671875
0.307098388671875
0.30474853515625
0.30560302734375
0.30853271484375
0.306793212890625
0.307281494140625
0.305572509765625
0.309478759765625
0.306396484375
0.307373046875
0.30419921875
0.3048095703125
0.30828857421875
0.30975341796875
0.315155029296875
0.31024169921875
0.313995361328125
0.308380126953125
0.311187744140625
0.315582275390625
0.309844970703125
0.311798095703125
0.3079833984375
0.30548095703125
0.30584716796875
0.30560302734375
0.3046875
0.307281494140625
0.308685302734375
0.3070068359375
0.303985595703125
0.3062744140625
0.3046875
0.306884765625
0.3050537109375
0.308258056640625
0.309051513671875
0.30535888671875
0.306884765625
0.319183349609375
0.30462646484375
0.311187744140625
0.302886962890625
0.3050537109375
0.309967041015625
0.304962158203125
0.304656982421875
0.30279541015625
0.30645751953125
0.303009033203125
0.307769775390625
0.303070068359375
0.3057861328125
0.306365966796875
0.305023193359375
0.30572509765625
0.30474853515625
0.307891845703125
0.303802490234375
0.30645751953125
0.30364990234375
0.3038330078125
0.303680419921875
0.304779052734375
0.309722900390625
0.307952880859375
0.304229736328125
0.3048095703125
0.3046875
0.3038330078125
0.305267333984375
0.303802490234375
0.303802490234375
0.3070068359375
0.306488037109375
0.3033447265625
0.305084228515625
0.302520751953125
0.3060302734375
0.304656982421875
0.309722900390625
0.30474853515625
0.308380126953125
0.30572509765625
0.308837890625
0.30352783203125
0.3055419921875
0.3045654296875
0.304595947265625
0.305267333984375
0.304443359375
0.306549072265625
0.30743408203125
0.30682373046875
0.309326171875
0.305328369140625
0.30804443359375
0.30474853515625
0.306793212890625
0.3074951171875
0.307098388671875
0.306182861328125
0.305328369140625
0.306671142578125
0.307525634765625
0.305511474609375
0.309600830078125
0.306640625
0.307708740234375
0.30694580078125
0.307037353515625
0.30279541015625
0.304473876953125
0.303619384765625
0.306182861328125
0.3038330078125
0.306640625
0.307403564453125
0.30902099609375
0.303863525390625
0.30743408203125
0.309906005859375
0.304107666015625
0.3072509765625
0.3067626953125
0.305877685546875
0.3101806640625
0.305999755859375
0.310302734375
0.30474853515625
0.305267333984375
0.3057861328125
0.305999755859375
0.307159423828125
0.308380126953125
0.304901123046875
0.305999755859375
0.305572509765625
0.30841064453125
0.30712890625
0.305206298828125
0.305816650390625
0.306884765625
0.304229736328125
0.3076171875
0.304779052734375
0.304901123046875
0.30633544921875
0.304901123046875
0.308807373046875
0.30426025390625
0.306365966796875
0.3055419921875
0.305267333984375
0.304473876953125
0.306732177734375
0.30914306640625
0.30694580078125
0.305877685546875
0.30865478515625
0.306060791015625
0.305694580078125
0.306915283203125
0.3233642578125
0.3057861328125
0.304779052734375
0.306793212890625
0.307281494140625
0.307037353515625
0.307037353515625
0.308990478515625
0.308624267578125
0.308624267578125
0.30792236328125
0.3092041015625
0.307525634765625
0.308349609375
0.306854248046875
0.30517578125
0.30743408203125
0.30938720703125
0.306365966796875
0.306121826171875
0.308013916015625
0.305511474609375
0.30621337890625
0.30987548828125
0.309234619140625
0.306854248046875
0.308349609375
0.31304931640625
0.307647705078125
0.30596923828125
0.309906005859375
0.306915283203125
0.311920166015625
0.308685302734375
0.30877685546875
0.308135986328125
0.307281494140625
0.305938720703125
0.305999755859375
0.307708740234375
0.30877685546875
0.3043212890625
0.3087158203125
0.306427001953125
0.3092041015625
0.305755615234375
0.306884765625
0.30914306640625
0.316741943359375
0.306182861328125
0.3065185546875
0.30560302734375
0.3060302734375
0.30511474609375
0.305389404296875
0.3056640625
0.30523681640625
0.304534912109375
0.30511474609375
0.308929443359375
0.304595947265625
0.304962158203125
0.304046630859375
0.306060791015625
0.305206298828125
0.307159423828125
0.30810546875
0.308013916015625
0.307220458984375
0.306365966796875
0.304473876953125
0.31011962890625
0.306732177734375
0.3077392578125
0.305908203125
0.30877685546875
0.306793212890625
0.305328369140625
0.3074951171875
0.305877685546875
0.306365966796875
0.30828857421875
0.30517578125
0.30413818359375
0.305206298828125
0.307373046875
0.306488037109375
0.30462646484375
0.308929443359375
0.304351806640625
0.306488037109375
0.304351806640625
0.305267333984375
0.308074951171875
0.306884765625
0.30902099609375
0.303436279296875
0.304656982421875
0.30419921875
0.305572509765625
0.3031005859375
0.306915283203125
0.305145263671875
0.30706787109375
0.303924560546875
0.305694580078125
0.30694580078125
0.303955078125
0.306610107421875
0.303955078125
0.30560302734375
0.305511474609375
0.30743408203125
0.304351806640625
0.306640625
0.3067626953125
0.304107666015625
0.30364990234375
0.3052978515625
0.307373046875
0.305938720703125
0.30572509765625
0.306884765625
0.307891845703125
0.30517578125
0.30487060546875
0.30670166015625
0.305419921875
0.303863525390625
0.3043212890625
0.305511474609375
0.304779052734375
0
0
0
0
0
0
0
0
0
0
0.044525146484375
0.095916748046875
0.107391357421875
0.11004638671875
0.11126708984375
0.111846923828125
0.113555908203125
0.114959716796875
0.117523193359375
0.113739013671875
0.114501953125
0.115631103515625
0.11572265625
0.1182861328125
0.121185302734375
0.11627197265625
0.11761474609375
0.118499755859375
0.115997314453125
0.11859130859375
0.12054443359375
0.119873046875
0.12445068359375
0.1212158203125
0.121673583984375
0.11785888671875
0.119720458984375
0.116180419921875
0.12579345703125
0.117401123046875
0.119537353515625
0.117828369140625
0.11993408203125
0.121826171875
0.120513916015625
0.121490478515625
0.12060546875
0.118804931640625
0.11846923828125
0.11981201171875
0.118865966796875
0.119110107421875
0.124481201171875
0.124237060546875
0.1199951171875
0.12158203125
0.119873046875
0.121246337890625
0.120819091796875
0.120025634765625
0.121917724609375
0.12078857421875
0.121490478515625
0.122344970703125
0.12139892578125
0.120849609375
0.1207275390625
0.122344970703125
0.121551513671875
0.125640869140625
0.122314453125
0.12164306640625
0.12255859375
0.1209716796875
0.123992919921875
0.125274658203125
0.1199951171875
0.12188720703125
0.12066650390625
0.12274169921875
0.12420654296875
0.1240234375
0.124298095703125
0.123016357421875
0.12115478515625
0.12518310546875
0.12554931640625
0.126556396484375
0.123809814453125
0.1219482421875
0.12225341796875
0.124847412109375
0.12347412109375
0.12274169921875
0.123321533203125
0.12384033203125
0.12371826171875
0.12371826171875
0.12542724609375
0.124786376953125
0.12451171875
0.125518798828125
0.12750244140625
0.126495361328125
0.12652587890625
0.1263427734375
0.124298095703125
0.122833251953125
0.12481689453125
0.124114990234375
0.1231689453125
0.127044677734375
0.12481689453125
0.12432861328125
0.126983642578125
0.127410888671875
0.12255859375
0.1234130859375
0.125701904296875
0.124053955078125
0.121978759765625
0.123626708984375
0.122833251953125
0.1253662109375
0.1240234375
0.124725341796875
0.126739501953125
0.125579833984375
0.124969482421875
0.13031005859375
0.12518310546875
0.124664306640625
0.123077392578125
0.1282958984375
0.129852294921875
0.1300048828125
0.133880615234375
0.12890625
0.1312255859375
0.129119873046875
0.13031005859375
0.130462646484375
0.129974365234375
0.125823974609375
0.124908447265625
0.13079833984375
0.127166748046875
0.12652587890625
0.125946044921875
0.124176025390625
0.12408447265625
0.125732421875
0.126007080078125
0.126068115234375
0.12811279296875
0.126220703125
0.125732421875
0.127044677734375
0.127777099609375
0.126678466796875
0.12548828125
0.127288818359375
0.124542236328125
0.124908447265625
0.124053955078125
0.12396240234375
0.12701416015625
0.1273193359375
0.125640869140625
0.125213623046875
0.12860107421875
0.12493896484375
0.1287841796875
0.13104248046875
0.126861572265625
0.126007080078125
0.1287841796875
0.12713623046875
0.12750244140625
0.1258544921875
0.12725830078125
0.12567138671875
0.129058837890625
0.1260986328125
0.127410888671875
0.125701904296875
0.126373291015625
0.126953125
0.129791259765625
0.128753662109375
0.12762451171875
0.126678466796875
0.126312255859375
0.128204345703125
0.12689208984375
0.126617431640625
0.12628173828125
0.126800537109375
0.130462646484375
0.12786865234375
0.126922607421875
0.127838134765625
0.127105712890625
0.128662109375
0.12615966796875
0.12548828125
0.126922607421875
0.12548828125
0.130584716796875
0.126129150390625
0.128204345703125
0.126983642578125
0.126434326171875
0.128143310546875
0.1314697265625
0.12786865234375
0.1270751953125
0.127716064453125
0.127410888671875
0.128448486328125
0.12548828125
0.128997802734375
0.129302978515625
0.125335693359375
0.128265380859375
0.1300048828125
0.131011962890625
0.12725830078125
0.147216796875
0.129364013671875
0.1302490234375
0.125213623046875
0.12921142578125
0.125518798828125
0.129180908203125
0.126312255859375
0.126373291015625
0.127471923828125
0.1292724609375
0.1260986328125
0.12664794921875
0.12890625
0.128509521484375
0.127838134765625
0.12835693359375
0.12799072265625
0.127838134765625
0.128082275390625
0.1265869140625
0.127044677734375
0.12860107421875
0.127349853515625
0.12664794921875
0.12847900390625
0.12738037109375
0.12933349609375
0.1280517578125
0.127655029296875
0.12786865234375
0.131744384765625
0.128021240234375
0.126983642578125
0.13006591796875
0.1279296875
0.13201904296875
0.12939453125
0.12933349609375
0.127593994140625
0.128387451171875
0.126434326171875
0.128326416015625
0.128021240234375
0.13262939453125
0.126007080078125
0.130615234375
0.1285400390625
0.131591796875
0.1275634765625
0.130035400390625
0.1302490234375
0.128265380859375
0.127655029296875
0.13006591796875
0.126922607421875
0.1295166015625
0.125396728515625
0.130035400390625
0.12652587890625
0.128631591796875
0.133331298828125
0.128509521484375
0.128387451171875
0.13177490234375
0.1275634765625
0.130340576171875
0.13104248046875
0.128997802734375
0.1273193359375
0.128326416015625
0.129058837890625
0.12860107421875
0.1312255859375
0.131591796875
0.13055419921875
0.1297607421875
0.129180908203125
0.152099609375
0.129058837890625
0.128997802734375
0.134368896484375
