0
0.0000446132366810289
0.00005176348547717843
0.000025798319327731073
0.00002038980509745128
0.000014125560538116587
0.00005694249649368862
0.00002528735632183909
0.0000468574635241302
0.00010053037608486018
0.0000571167883211679
0.00006728586171310632
0.00002876712328767125
0.00004472455648926245
0.000057214611872146074
0.00015593750000000004
0.000040727595385980364
0.00007352670349907913
0.000039796819787985796
0.00007864344637946833
0.000028648383937316246
0.00003962085308056879
0.00007317574511819115
0.00005567338282078449
0.00004072532699167677
0.00004330900243309019
0.000030063795853269398
0.00006613418530351415
0.000004906542056074553
0.000024588665447897705
0.000018666666666666997
0.00001934156378600795
0.00007093023255813979
0.000021989528795811456
0.000033143219264892244
0.000037308085977481844
0.00002948846539618843
0.000041863905325443764
0.00009021186440677989
0.0000635089209855565
0.00005592948717948705
0.00008341365461847418
0.00008516405135520691
0.00014360544217687066
0.00009179964539007097
0.00004874005305039789
0.000027016742770167604
0.000029159802306425492
0.00002734976887519208
0.000038216560509554685
0.000013088642659279682
0.000027111716621252907
0.00004772727272727338
0.00005252454417952272
0.00004639455782312897
0.00008364779874213865
0.000019380403458212993
0.000021887287024901316
0.000027654867256636663
0.000017512690355329412
0.00015818661971831052
0.00009402985074626943
0.00001964656964656927
0.00000993690851735188
0.000027226720647773372
0.00001850393700787397
0.00011010324483775792
0.000023860589812332074
0.000026624129930394485
0.00005425170068027213
0.000038038793103448595
0.00004453883495145623
0.00002728813559322006
0.00010283018867924543
0.00008199174406604822
0.000030743982494529066
0.00003394308943089347
0.000012804878048780858
0.00003232235701906369
0.00003571428571428553
0.000009905660377358597
0.00012375886524822728
0.00005610539845758367
0.000036725146198829727
0.00003793103448275904
0.000021428571428571526
0.00005582573454913849
0.00003861480075901354
0.00003429245283018881
0.00006705827067669142
0.00007580086580086556
0.00005229396771452823
0.00007164634146341504
0.00006440536013400266
0.000036669741697417396
0.00008830347734457391
0.00005970961887477289
0.000050391389432484875
0.000029244306418219936
0.000023569023569023826
0.00001914062499999947
0.00003875739644970387
0.000053674351585014406
0.0000238410596026484
0.000039923224568137236
0.00004769673704414658
0.00003798245614035024
0.00003866432337434175
0.000007317073170733768
0.0000444095477386945
0.00008794466403161965
0.00009958601655933765
0.00006298749080205994
0.00006029900332225868
0.00012074774034511079
0.00005607003891050633
0.00019613526570048264
0.0000745045731707312
0.00010251572327043969
0.00011033562166285233
0.000024264705882351214
0.00002776957163958668
0.00009516129032258057
0.000045431472081216586
0.000033652430044183826
0.00007385386819484299
0.000044645340751044253
0.000035361216730037565
0.000058585247883918384
0.00008563049853372547
0.00009224806201550342
0.000021838407494143975
0.00002003891050583604
0.00002184971098265854
0.00005080906148867329
0.00001584905660377419
0.00010711538461538428
0.000010721649484537115
0.00008298538622129388
0.000025267379679143293
0.00003125000000000091
0.000015300546448087598
0.00005907258064516257
0.000028626373626373824
0.00007103487064116944
0.00005549281314168257
0.00008056962025316467
0.0000573761261261254
0.00003122994652406325
0.000027530364372468754
0.000026443768996959705
0.0001311603650586712
0.00001441647597253942
0.0000699810606060594
0.00012422413793103322
0.000014992025518342178
0.00002852684144818965
0.00003117559523809564
0.000041525423728813043
0.000045600858369099686
0.00005827067669172835
0.000038279569892473514
0.00007782874617736995
0.000051697381183316014
0.000049230028873915995
0.00020115967885816238
0.00005287958115183318
0.00021965734896302967
0.000041511035653650716
0.00004382998171846418
0.00006647489539748877
0.000049755620723362745
0.00006971608832807543
0.000029999999999999167
0.000028993055555556295
0.00008269986893840211
0.00004957983193277451
0.00005328525641025495
0.0000339009287925691
0.000014507772020725546
